lr: 0.03; eff_lr: 0.03; size: 128; alpha: 0.999; mom: 0.9; eps: 1e-06
/home/yangyouucb/.fastai/data/imagenette-160
epoch     train_loss  valid_loss  accuracy  top_k_accuracy  time    
0         1.624959    3.824385    0.304000  0.808000        01:00     
1         1.436016    1.323480    0.658000  0.956000        00:59     
2         1.313072    1.680802    0.544000  0.932000        01:03     
3         1.136271    1.098647    0.760000  0.970000        01:02     
4         0.957830    0.853234    0.864000  0.984000        01:04     
lr: 0.03; eff_lr: 0.03; size: 128; alpha: 0.999; mom: 0.9; eps: 1e-06
/home/yangyouucb/.fastai/data/imagenette-160
epoch     train_loss  valid_loss  accuracy  top_k_accuracy  time    
0         1.640898    3.348129    0.294000  0.776000        01:00     
1         1.420617    1.633574    0.578000  0.930000        01:03     
2         1.321362    2.113348    0.412000  0.892000        01:01     
3         1.138691    0.969694    0.820000  0.984000        00:59     
4         0.984648    0.866163    0.874000  0.986000        01:00     
lr: 0.03; eff_lr: 0.03; size: 128; alpha: 0.999; mom: 0.9; eps: 1e-06
/home/yangyouucb/.fastai/data/imagenette-160
epoch     train_loss  valid_loss  accuracy  top_k_accuracy  time    
0         1.674861    2.836165    0.386000  0.882000        01:00     
1         1.430959    1.683441    0.528000  0.926000        01:02     
2         1.317486    1.632883    0.570000  0.922000        01:01     
3         1.131575    1.043663    0.780000  0.976000        01:00     
4         0.982229    0.877747    0.850000  0.986000        01:00     
lr: 0.03; eff_lr: 0.03; size: 128; alpha: 0.999; mom: 0.9; eps: 1e-06
/home/yangyouucb/.fastai/data/imagenette-160
epoch     train_loss  valid_loss  accuracy  top_k_accuracy  time    
0         1.660262    2.178578    0.410000  0.808000        01:00     
1         1.464172    1.597579    0.562000  0.936000        01:01     
2         1.340039    1.586925    0.556000  0.900000        01:02     
3         1.170926    1.160797    0.728000  0.950000        01:02     
4         0.987502    0.882993    0.858000  0.988000        01:00     
lr: 0.03; eff_lr: 0.03; size: 128; alpha: 0.999; mom: 0.9; eps: 1e-06
/home/yangyouucb/.fastai/data/imagenette-160
epoch     train_loss  valid_loss  accuracy  top_k_accuracy  time    
0         1.645944    4.676064    0.262000  0.768000        00:59     
1         1.454568    3.070157    0.414000  0.840000        01:02     
2         1.337308    1.410477    0.652000  0.958000        01:00     
3         1.140453    1.082313    0.768000  0.968000        01:04     
4         0.985041    0.866579    0.864000  0.988000        01:01     
lr: 0.03; eff_lr: 0.03; size: 128; alpha: 0.999; mom: 0.9; eps: 1e-06
/home/yangyouucb/.fastai/data/imagenette-160
epoch     train_loss  valid_loss  accuracy  top_k_accuracy  time    
0         1.641793    2.957104    0.342000  0.858000        01:01     
1         1.451128    1.339850    0.656000  0.954000        01:01     
2         1.317626    1.274141    0.688000  0.972000        01:01     
3         1.152587    1.066187    0.768000  0.972000        01:04     
4         0.971749    0.865727    0.856000  0.988000        01:02     
lr: 0.03; eff_lr: 0.03; size: 128; alpha: 0.999; mom: 0.9; eps: 1e-06
/home/yangyouucb/.fastai/data/imagenette-160
epoch     train_loss  valid_loss  accuracy  top_k_accuracy  time    
0         1.690954    2.051104    0.454000  0.842000        01:01     
1         1.469676    1.416524    0.602000  0.964000        01:02     
2         1.331602    1.417975    0.636000  0.946000        01:01     
3         1.162812    1.249148    0.692000  0.956000        01:04     
4         0.985539    0.895508    0.840000  0.988000        01:02     
lr: 0.03; eff_lr: 0.03; size: 128; alpha: 0.999; mom: 0.9; eps: 1e-06
/home/yangyouucb/.fastai/data/imagenette-160
epoch     train_loss  valid_loss  accuracy  top_k_accuracy  time    
0         1.673640    2.941161    0.356000  0.768000        01:02     
1         1.419670    2.330647    0.412000  0.914000        01:00     
2         1.312315    1.754719    0.492000  0.900000        01:01     
3         1.139416    1.000537    0.804000  0.982000        01:01     
4         0.972110    0.860838    0.860000  0.982000        01:02     
lr: 0.03; eff_lr: 0.03; size: 128; alpha: 0.999; mom: 0.9; eps: 1e-06
/home/yangyouucb/.fastai/data/imagenette-160
epoch     train_loss  valid_loss  accuracy  top_k_accuracy  time    
0         1.670849    3.268948    0.312000  0.744000        01:02     
1         1.465734    1.780982    0.434000  0.864000        01:03     
2         1.360192    1.631668    0.536000  0.954000        01:01     
3         1.175720    1.064065    0.770000  0.980000        01:00     
4         0.990808    0.865397    0.864000  0.986000        01:02     
lr: 0.03; eff_lr: 0.03; size: 128; alpha: 0.999; mom: 0.9; eps: 1e-06
/home/yangyouucb/.fastai/data/imagenette-160
epoch     train_loss  valid_loss  accuracy  top_k_accuracy  time    
0         1.642332    3.220055    0.266000  0.802000        01:01     
1         1.427789    2.237883    0.414000  0.882000        01:02     
2         1.297029    2.219474    0.452000  0.894000        01:00     
3         1.141367    1.005688    0.806000  0.980000        01:03     
4         0.986155    0.881410    0.852000  0.986000        01:00     
[0.864 0.874 0.85  0.858 0.864 0.856 0.84  0.86  0.864 0.852]
mean = 0.858199954032898, std = 0.008919651620090008, ci-95 = (0.8514741232365053, 0.8649258921176513)
lr: 0.03; eff_lr: 0.03; size: 128; alpha: 0.999; mom: 0.9; eps: 1e-06
/home/yangyouucb/.fastai/data/imagenette-160
epoch     train_loss  valid_loss  accuracy  top_k_accuracy  time    
0         1.669085    2.563052    0.364000  0.844000        01:01     
1         1.460877    2.772382    0.410000  0.768000        01:00     
2         1.319662    1.440372    0.584000  0.948000        01:00     
3         1.142831    1.149379    0.728000  0.968000        01:01     
4         0.987063    0.862520    0.864000  0.984000        01:01     
lr: 0.03; eff_lr: 0.03; size: 128; alpha: 0.999; mom: 0.9; eps: 1e-06
/home/yangyouucb/.fastai/data/imagenette-160
epoch     train_loss  valid_loss  accuracy  top_k_accuracy  time    
0         1.640187    2.989865    0.318000  0.786000        01:01     
1         1.452863    2.198803    0.426000  0.876000        01:01     
2         1.321699    1.309593    0.688000  0.952000        00:59     
3         1.146338    1.281676    0.684000  0.950000        01:02     
4         0.977199    0.870419    0.862000  0.982000        00:59     
lr: 0.03; eff_lr: 0.03; size: 128; alpha: 0.999; mom: 0.9; eps: 1e-06
/home/yangyouucb/.fastai/data/imagenette-160
epoch     train_loss  valid_loss  accuracy  top_k_accuracy  time    
0         1.699217    3.128360    0.190000  0.832000        01:02     
1         1.461880    1.542400    0.544000  0.924000        00:59     
2         1.335537    1.222628    0.710000  0.964000        01:02     
3         1.142747    1.138649    0.754000  0.960000        01:01     
4         0.989216    0.875585    0.848000  0.990000        01:00     
lr: 0.03; eff_lr: 0.03; size: 128; alpha: 0.999; mom: 0.9; eps: 1e-06
/home/yangyouucb/.fastai/data/imagenette-160
epoch     train_loss  valid_loss  accuracy  top_k_accuracy  time    
0         1.649928    2.448466    0.348000  0.812000        00:59     
1         1.451818    1.632283    0.532000  0.932000        01:01     
2         1.336704    1.427191    0.626000  0.908000        01:01     
3         1.156612    1.069301    0.766000  0.982000        01:02     
4         0.994244    0.868059    0.844000  0.984000        01:02     
lr: 0.03; eff_lr: 0.03; size: 128; alpha: 0.999; mom: 0.9; eps: 1e-06
/home/yangyouucb/.fastai/data/imagenette-160
epoch     train_loss  valid_loss  accuracy  top_k_accuracy  time    
0         1.665280    5.570015    0.200000  0.746000        00:59     
1         1.462816    2.522841    0.432000  0.846000        00:59     
2         1.348981    1.422239    0.630000  0.934000        01:02     
3         1.155972    1.053202    0.770000  0.974000        00:59     
4         1.006698    0.875098    0.864000  0.978000        01:01     
lr: 0.03; eff_lr: 0.03; size: 128; alpha: 0.999; mom: 0.9; eps: 1e-06
/home/yangyouucb/.fastai/data/imagenette-160
epoch     train_loss  valid_loss  accuracy  top_k_accuracy  time    
0         1.650512    1.870072    0.486000  0.880000        01:00     
1         1.461637    1.817252    0.472000  0.902000        01:01     
2         1.331926    1.768019    0.504000  0.864000        01:02     
3         1.145976    1.096764    0.760000  0.964000        01:04     
4         0.978485    0.877389    0.856000  0.988000        01:01     
lr: 0.03; eff_lr: 0.03; size: 128; alpha: 0.999; mom: 0.9; eps: 1e-06
/home/yangyouucb/.fastai/data/imagenette-160
epoch     train_loss  valid_loss  accuracy  top_k_accuracy  time    
0         1.663421    1.709394    0.498000  0.884000        01:00     
1         1.443394    1.849732    0.482000  0.902000        01:00     
2         1.335492    1.723958    0.520000  0.954000        01:01     
3         1.150850    1.094395    0.774000  0.982000        01:02     
4         0.973179    0.867215    0.864000  0.984000        01:01     
lr: 0.03; eff_lr: 0.03; size: 128; alpha: 0.999; mom: 0.9; eps: 1e-06
/home/yangyouucb/.fastai/data/imagenette-160
epoch     train_loss  valid_loss  accuracy  top_k_accuracy  time    
0         1.678185    1.582678    0.562000  0.924000        00:59     
1         1.428944    3.134006    0.310000  0.894000        01:03     
2         1.351260    1.258099    0.692000  0.966000        01:01     
3         1.149665    1.149663    0.730000  0.980000        01:01     
4         0.975558    0.868653    0.864000  0.980000        01:02     
lr: 0.03; eff_lr: 0.03; size: 128; alpha: 0.999; mom: 0.9; eps: 1e-06
/home/yangyouucb/.fastai/data/imagenette-160
epoch     train_loss  valid_loss  accuracy  top_k_accuracy  time    
0         1.650816    3.906686    0.270000  0.720000        00:59     
1         1.473109    1.658888    0.566000  0.908000        01:00     
2         1.328034    1.948207    0.444000  0.910000        01:03     
3         1.166647    1.063178    0.780000  0.978000        01:01     
4         0.995520    0.875940    0.856000  0.990000        01:01     
lr: 0.03; eff_lr: 0.03; size: 128; alpha: 0.999; mom: 0.9; eps: 1e-06
/home/yangyouucb/.fastai/data/imagenette-160
epoch     train_loss  valid_loss  accuracy  top_k_accuracy  time    
0         1.669141    2.748345    0.362000  0.786000        01:00     
1         1.448243    1.960823    0.496000  0.886000        01:00     
2         1.325838    2.139056    0.410000  0.842000        01:01     
3         1.150399    1.013805    0.806000  0.972000        01:03     
4         0.977898    0.858277    0.866000  0.984000        01:01     
[0.864 0.862 0.848 0.844 0.864 0.856 0.864 0.864 0.856 0.866]
mean = 0.8588000535964966, std = 0.007222198415547609, ci-95 = (0.8533540899767698, 0.8642459218487917)
lr: 0.03; eff_lr: 0.03; size: 128; alpha: 0.999; mom: 0.9; eps: 1e-06
/home/yangyouucb/.fastai/data/imagenette-160
epoch     train_loss  valid_loss  accuracy  top_k_accuracy  time    
0         1.648206    3.635774    0.226000  0.788000        00:59     
1         1.442826    2.396156    0.316000  0.862000        01:03     
2         1.336150    1.582351    0.542000  0.912000        01:03     
3         1.149780    1.150457    0.720000  0.968000        01:02     
4         0.996548    0.873347    0.842000  0.984000        01:02     
lr: 0.03; eff_lr: 0.03; size: 128; alpha: 0.999; mom: 0.9; eps: 1e-06
/home/yangyouucb/.fastai/data/imagenette-160
epoch     train_loss  valid_loss  accuracy  top_k_accuracy  time    
0         1.660002    3.054324    0.312000  0.766000        00:59     
1         1.465232    2.175481    0.428000  0.846000        01:02     
2         1.305466    1.272901    0.680000  0.948000        01:03     
3         1.148470    1.070910    0.770000  0.976000        01:03     
4         0.989465    0.884092    0.856000  0.986000        01:01     
lr: 0.03; eff_lr: 0.03; size: 128; alpha: 0.999; mom: 0.9; eps: 1e-06
/home/yangyouucb/.fastai/data/imagenette-160
epoch     train_loss  valid_loss  accuracy  top_k_accuracy  time    
0         1.658065    1.869488    0.496000  0.900000        01:00     
1         1.450054    2.151495    0.446000  0.866000        01:00     
2         1.329286    1.412271    0.664000  0.950000        01:02     
3         1.165136    1.084979    0.758000  0.976000        01:03     
4         0.980943    0.885785    0.866000  0.990000        01:00     
lr: 0.03; eff_lr: 0.03; size: 128; alpha: 0.999; mom: 0.9; eps: 1e-06
/home/yangyouucb/.fastai/data/imagenette-160
epoch     train_loss  valid_loss  accuracy  top_k_accuracy  time    
0         1.659125    4.153023    0.288000  0.740000        00:59     
1         1.436393    1.644837    0.536000  0.924000        01:00     
2         1.306219    1.474875    0.590000  0.928000        01:02     
3         1.123373    1.016617    0.806000  0.976000        01:02     
4         0.968121    0.854365    0.866000  0.990000        01:00     
lr: 0.03; eff_lr: 0.03; size: 128; alpha: 0.999; mom: 0.9; eps: 1e-06
/home/yangyouucb/.fastai/data/imagenette-160
epoch     train_loss  valid_loss  accuracy  top_k_accuracy  time    
0         1.623929    1.970894    0.522000  0.922000        00:59     
1         1.445779    2.497844    0.324000  0.798000        01:01     
2         1.341581    1.527077    0.586000  0.916000        01:03     
3         1.161863    0.988205    0.814000  0.986000        01:03     
4         0.972723    0.861754    0.872000  0.992000        01:02     
lr: 0.03; eff_lr: 0.03; size: 128; alpha: 0.999; mom: 0.9; eps: 1e-06
/home/yangyouucb/.fastai/data/imagenette-160
epoch     train_loss  valid_loss  accuracy  top_k_accuracy  time    
0         1.665201    3.629052    0.246000  0.794000        01:01     
1         1.446743    1.739995    0.482000  0.890000        01:02     
2         1.295437    1.506897    0.622000  0.932000        01:01     
3         1.132117    1.032265    0.782000  0.980000        01:00     
4         0.989177    0.869013    0.858000  0.984000        01:02     
lr: 0.03; eff_lr: 0.03; size: 128; alpha: 0.999; mom: 0.9; eps: 1e-06
/home/yangyouucb/.fastai/data/imagenette-160
epoch     train_loss  valid_loss  accuracy  top_k_accuracy  time    
0         1.688450    2.416479    0.408000  0.862000        01:00     
1         1.423825    1.491114    0.618000  0.938000        00:59     
2         1.330230    1.527067    0.558000  0.942000        01:03     
3         1.129083    1.062084    0.782000  0.970000        01:02     
4         0.975206    0.858336    0.872000  0.988000        01:03     
lr: 0.03; eff_lr: 0.03; size: 128; alpha: 0.999; mom: 0.9; eps: 1e-06
/home/yangyouucb/.fastai/data/imagenette-160
epoch     train_loss  valid_loss  accuracy  top_k_accuracy  time    
0         1.660189    3.035725    0.294000  0.786000        01:02     
1         1.454460    2.182824    0.410000  0.866000        01:01     
2         1.358490    1.327414    0.658000  0.954000        01:01     
3         1.168618    1.046522    0.794000  0.978000        01:02     
4         0.999850    0.869787    0.864000  0.986000        01:01     
lr: 0.03; eff_lr: 0.03; size: 128; alpha: 0.999; mom: 0.9; eps: 1e-06
/home/yangyouucb/.fastai/data/imagenette-160
epoch     train_loss  valid_loss  accuracy  top_k_accuracy  time    
0         1.650414    3.267913    0.292000  0.814000        01:01     
1         1.458508    2.017307    0.468000  0.884000        01:00     
2         1.329028    1.285280    0.676000  0.960000        01:02     
3         1.136012    0.976998    0.818000  0.982000        01:02     
4         0.984219    0.856141    0.872000  0.986000        01:02     
lr: 0.03; eff_lr: 0.03; size: 128; alpha: 0.999; mom: 0.9; eps: 1e-06
/home/yangyouucb/.fastai/data/imagenette-160
epoch     train_loss  valid_loss  accuracy  top_k_accuracy  time    
0         1.634882    2.290798    0.412000  0.852000        01:01     
1         1.468838    1.766472    0.498000  0.856000        01:02     
2         1.333468    1.949225    0.410000  0.932000        01:01     
3         1.158497    1.076305    0.772000  0.974000        01:02     
4         0.975509    0.883987    0.852000  0.984000        01:03     
[0.842 0.856 0.866 0.866 0.872 0.858 0.872 0.864 0.872 0.852]
mean = 0.8619999885559082, std = 0.00942336767911911, ci-95 = (0.8548942816160876, 0.8691057074166577)
lr: 0.03; eff_lr: 0.03; size: 128; alpha: 0.999; mom: 0.9; eps: 1e-06
/home/yangyouucb/.fastai/data/imagenette-160
epoch     train_loss  valid_loss  accuracy  top_k_accuracy  time    
0         1.691539    2.518538    0.322000  0.874000        01:02     
1         1.435150    2.382161    0.368000  0.762000        00:58     
2         1.327664    1.467007    0.612000  0.936000        01:00     
3         1.153022    1.005852    0.786000  0.984000        01:01     
4         0.985390    0.856205    0.868000  0.988000        01:01     
lr: 0.03; eff_lr: 0.03; size: 128; alpha: 0.999; mom: 0.9; eps: 1e-06
/home/yangyouucb/.fastai/data/imagenette-160
epoch     train_loss  valid_loss  accuracy  top_k_accuracy  time    
0         1.655231    3.182182    0.332000  0.844000        01:02     
1         1.453743    1.704896    0.506000  0.906000        01:01     
2         1.342292    1.708107    0.508000  0.902000        01:01     
3         1.160980    1.140980    0.742000  0.964000        01:02     
4         0.966083    0.870602    0.854000  0.988000        01:02     
lr: 0.03; eff_lr: 0.03; size: 128; alpha: 0.999; mom: 0.9; eps: 1e-06
/home/yangyouucb/.fastai/data/imagenette-160
epoch     train_loss  valid_loss  accuracy  top_k_accuracy  time    
0         1.645032    2.418996    0.328000  0.886000        01:02     
1         1.455613    1.398285    0.606000  0.940000        00:59     
2         1.322964    1.482991    0.596000  0.934000        01:02     
3         1.130374    1.036290    0.784000  0.974000        01:02     
4         0.970091    0.853777    0.862000  0.988000        01:03     
lr: 0.03; eff_lr: 0.03; size: 128; alpha: 0.999; mom: 0.9; eps: 1e-06
/home/yangyouucb/.fastai/data/imagenette-160
epoch     train_loss  valid_loss  accuracy  top_k_accuracy  time    
0         1.652354    2.988895    0.316000  0.704000        01:01     
1         1.473902    1.681561    0.518000  0.938000        01:02     
2         1.338425    2.387227    0.372000  0.854000        01:00     
3         1.157674    1.065778    0.792000  0.978000        01:03     
4         0.984929    0.876438    0.858000  0.986000        01:02     
lr: 0.03; eff_lr: 0.03; size: 128; alpha: 0.999; mom: 0.9; eps: 1e-06
/home/yangyouucb/.fastai/data/imagenette-160
epoch     train_loss  valid_loss  accuracy  top_k_accuracy  time    
0         1.653866    2.703209    0.408000  0.830000        01:00     
1         1.470658    1.664473    0.526000  0.892000        01:00     
2         1.309451    1.574769    0.588000  0.958000        01:01     
3         1.147946    1.104209    0.782000  0.968000        01:02     
4         0.976421    0.868679    0.858000  0.984000        01:02     
lr: 0.03; eff_lr: 0.03; size: 128; alpha: 0.999; mom: 0.9; eps: 1e-06
/home/yangyouucb/.fastai/data/imagenette-160
epoch     train_loss  valid_loss  accuracy  top_k_accuracy  time    
0         1.656933    2.790519    0.388000  0.750000        01:01     
1         1.443209    1.928522    0.480000  0.868000        01:00     
2         1.311346    1.332816    0.632000  0.966000        01:02     
3         1.151735    1.171933    0.730000  0.970000        01:03     
4         0.976820    0.863198    0.860000  0.988000        01:02     
lr: 0.03; eff_lr: 0.03; size: 128; alpha: 0.999; mom: 0.9; eps: 1e-06
/home/yangyouucb/.fastai/data/imagenette-160
epoch     train_loss  valid_loss  accuracy  top_k_accuracy  time    
0         1.659563    2.190283    0.360000  0.830000        00:59     
1         1.442141    1.779366    0.534000  0.884000        01:01     
2         1.313433    2.169107    0.424000  0.872000        01:00     
3         1.147719    1.063212    0.784000  0.980000        01:02     
4         0.981909    0.866600    0.864000  0.986000        01:02     
lr: 0.03; eff_lr: 0.03; size: 128; alpha: 0.999; mom: 0.9; eps: 1e-06
/home/yangyouucb/.fastai/data/imagenette-160
epoch     train_loss  valid_loss  accuracy  top_k_accuracy  time    
0         1.683688    2.477747    0.382000  0.720000        01:00     
1         1.469478    2.024164    0.444000  0.814000        01:00     
2         1.309480    1.933485    0.454000  0.876000        01:01     
3         1.135950    0.995794    0.822000  0.976000        01:01     
4         0.986659    0.873403    0.868000  0.984000        01:03     
lr: 0.03; eff_lr: 0.03; size: 128; alpha: 0.999; mom: 0.9; eps: 1e-06
/home/yangyouucb/.fastai/data/imagenette-160
epoch     train_loss  valid_loss  accuracy  top_k_accuracy  time    
0         1.651717    2.121429    0.422000  0.780000        00:59     
1         1.448615    1.761345    0.514000  0.890000        01:02     
2         1.323062    1.304841    0.676000  0.944000        01:01     
3         1.146247    1.080083    0.760000  0.972000        01:02     
4         0.970249    0.862830    0.852000  0.984000        01:03     
lr: 0.03; eff_lr: 0.03; size: 128; alpha: 0.999; mom: 0.9; eps: 1e-06
/home/yangyouucb/.fastai/data/imagenette-160
epoch     train_loss  valid_loss  accuracy  top_k_accuracy  time    
0         1.674143    3.609030    0.254000  0.710000        01:00     
1         1.457824    1.858817    0.482000  0.902000        01:01     
2         1.336249    1.473223    0.628000  0.936000        01:02     
3         1.158567    1.058716    0.772000  0.978000        01:00     
4         0.991633    0.868279    0.848000  0.984000        01:01     
[0.868 0.854 0.862 0.858 0.858 0.86  0.864 0.868 0.852 0.848]
mean = 0.8591998815536499, std = 0.006273753009736538, ci-95 = (0.8544692503288893, 0.8639307273551318)
lr: 0.03; eff_lr: 0.03; size: 128; alpha: 0.999; mom: 0.9; eps: 1e-06
/home/yangyouucb/.fastai/data/imagenette-160
epoch     train_loss  valid_loss  accuracy  top_k_accuracy  time    
0         1.675558    1.972851    0.468000  0.938000        01:04     
1         1.458173    1.948999    0.406000  0.826000        01:00     
2         1.313082    1.341099    0.632000  0.940000        01:01     
3         1.150075    1.094634    0.772000  0.968000        01:02     
4         0.990887    0.871720    0.856000  0.988000        01:03     
lr: 0.03; eff_lr: 0.03; size: 128; alpha: 0.999; mom: 0.9; eps: 1e-06
/home/yangyouucb/.fastai/data/imagenette-160
epoch     train_loss  valid_loss  accuracy  top_k_accuracy  time    
0         1.634165    1.840829    0.500000  0.916000        01:01     
1         1.444017    1.691322    0.522000  0.896000        01:03     
2         1.312343    1.543889    0.586000  0.930000        01:02     
3         1.139551    1.094349    0.758000  0.972000        01:03     
4         0.969894    0.844347    0.872000  0.992000        01:02     
lr: 0.03; eff_lr: 0.03; size: 128; alpha: 0.999; mom: 0.9; eps: 1e-06
/home/yangyouucb/.fastai/data/imagenette-160
epoch     train_loss  valid_loss  accuracy  top_k_accuracy  time    
0         1.629560    4.061605    0.272000  0.760000        01:00     
1         1.454495    1.651773    0.548000  0.940000        01:01     
2         1.318394    1.391475    0.594000  0.966000        01:02     
3         1.150326    1.248732    0.698000  0.958000        01:05     
4         0.964227    0.858342    0.862000  0.986000        01:04     
lr: 0.03; eff_lr: 0.03; size: 128; alpha: 0.999; mom: 0.9; eps: 1e-06
/home/yangyouucb/.fastai/data/imagenette-160
epoch     train_loss  valid_loss  accuracy  top_k_accuracy  time    
0         1.640664    2.990594    0.278000  0.786000        01:01     
1         1.466389    1.885978    0.456000  0.886000        01:01     
2         1.345021    1.833733    0.480000  0.912000        01:03     
3         1.156196    1.134001    0.732000  0.954000        01:03     
4         0.988574    0.868076    0.850000  0.986000        01:02     
lr: 0.03; eff_lr: 0.03; size: 128; alpha: 0.999; mom: 0.9; eps: 1e-06
/home/yangyouucb/.fastai/data/imagenette-160
epoch     train_loss  valid_loss  accuracy  top_k_accuracy  time    
0         1.663750    4.408723    0.252000  0.728000        01:00     
1         1.467618    1.411132    0.604000  0.950000        01:02     
2         1.345396    1.731368    0.560000  0.894000        01:02     
3         1.176018    1.119313    0.740000  0.972000        01:04     
4         0.983318    0.870897    0.858000  0.984000        01:02     
lr: 0.03; eff_lr: 0.03; size: 128; alpha: 0.999; mom: 0.9; eps: 1e-06
/home/yangyouucb/.fastai/data/imagenette-160
epoch     train_loss  valid_loss  accuracy  top_k_accuracy  time    
0         1.661914    1.964191    0.444000  0.864000        01:03     
1         1.456659    1.890417    0.454000  0.928000        01:03     
2         1.335142    1.574814    0.592000  0.928000        01:01     
3         1.177460    1.098703    0.756000  0.974000        01:02     
4         0.988468    0.887660    0.840000  0.984000        01:03     
lr: 0.03; eff_lr: 0.03; size: 128; alpha: 0.999; mom: 0.9; eps: 1e-06
/home/yangyouucb/.fastai/data/imagenette-160
epoch     train_loss  valid_loss  accuracy  top_k_accuracy  time    
0         1.661606    4.863013    0.232000  0.670000        01:01     
1         1.460063    1.579306    0.572000  0.924000        01:00     
2         1.320322    1.619928    0.496000  0.892000        01:02     
3         1.149789    1.329385    0.668000  0.954000        01:02     
4         0.991280    0.863878    0.870000  0.988000        01:03     
lr: 0.03; eff_lr: 0.03; size: 128; alpha: 0.999; mom: 0.9; eps: 1e-06
/home/yangyouucb/.fastai/data/imagenette-160
epoch     train_loss  valid_loss  accuracy  top_k_accuracy  time    
0         1.626746    2.316869    0.412000  0.840000        01:01     
1         1.447243    1.586904    0.538000  0.930000        01:03     
2         1.317302    1.449072    0.636000  0.910000        01:04     
3         1.134854    1.062765    0.766000  0.976000        01:00     
4         0.973121    0.870415    0.856000  0.986000        01:04     
lr: 0.03; eff_lr: 0.03; size: 128; alpha: 0.999; mom: 0.9; eps: 1e-06
/home/yangyouucb/.fastai/data/imagenette-160
epoch     train_loss  valid_loss  accuracy  top_k_accuracy  time    
0         1.683196    2.129194    0.460000  0.850000        00:59     
1         1.470247    1.927201    0.408000  0.820000        01:03     
2         1.323568    1.427377    0.618000  0.948000        01:03     
3         1.148314    1.293972    0.682000  0.956000        01:02     
4         0.990036    0.861412    0.860000  0.980000        01:03     
lr: 0.03; eff_lr: 0.03; size: 128; alpha: 0.999; mom: 0.9; eps: 1e-06
/home/yangyouucb/.fastai/data/imagenette-160
epoch     train_loss  valid_loss  accuracy  top_k_accuracy  time    
0         1.690386    2.460768    0.374000  0.802000        01:02     
1         1.470517    1.426383    0.614000  0.944000        01:02     
2         1.338907    1.429014    0.634000  0.954000        01:02     
3         1.158034    1.028741    0.794000  0.984000        01:02     
4         0.998389    0.888729    0.852000  0.988000        01:01     
[0.856 0.872 0.862 0.85  0.858 0.84  0.87  0.856 0.86  0.852]
mean = 0.8576000332832336, std = 0.008890444412827492, ci-95 = (0.8508961367815229, 0.8643038582593707)
lr: 0.03; eff_lr: 0.03; size: 128; alpha: 0.999; mom: 0.9; eps: 1e-06
/home/yangyouucb/.fastai/data/imagenette-160
epoch     train_loss  valid_loss  accuracy  top_k_accuracy  time    
0         1.667018    2.197900    0.442000  0.856000        01:04     
1         1.438180    2.138165    0.414000  0.846000        00:59     
2         1.319892    1.544044    0.548000  0.948000        00:58     
3         1.149043    1.018874    0.810000  0.976000        01:01     
4         0.989776    0.873689    0.864000  0.984000        01:00     
lr: 0.03; eff_lr: 0.03; size: 128; alpha: 0.999; mom: 0.9; eps: 1e-06
/home/yangyouucb/.fastai/data/imagenette-160
epoch     train_loss  valid_loss  accuracy  top_k_accuracy  time    
0         1.655180    2.878402    0.370000  0.750000        01:01     
1         1.467469    1.629604    0.494000  0.926000        01:01     
2         1.319315    1.428786    0.614000  0.938000        01:02     
3         1.144490    1.193627    0.710000  0.954000        01:02     
4         0.983549    0.876415    0.852000  0.988000        01:00     
lr: 0.03; eff_lr: 0.03; size: 128; alpha: 0.999; mom: 0.9; eps: 1e-06
/home/yangyouucb/.fastai/data/imagenette-160
epoch     train_loss  valid_loss  accuracy  top_k_accuracy  time    
0         1.631575    2.669713    0.446000  0.844000        01:01     
1         1.442095    1.922988    0.452000  0.880000        00:59     
2         1.332126    1.850867    0.554000  0.910000        01:01     
3         1.165058    1.046991    0.786000  0.970000        01:01     
4         0.994776    0.879119    0.858000  0.982000        01:03     
lr: 0.03; eff_lr: 0.03; size: 128; alpha: 0.999; mom: 0.9; eps: 1e-06
/home/yangyouucb/.fastai/data/imagenette-160
epoch     train_loss  valid_loss  accuracy  top_k_accuracy  time    
0         1.649795    2.332122    0.338000  0.816000        01:02     
1         1.429174    1.790010    0.532000  0.872000        01:00     
2         1.337462    1.519818    0.628000  0.932000        01:00     
3         1.155598    1.076329    0.768000  0.976000        01:04     
4         0.976739    0.875955    0.848000  0.984000        01:02     
lr: 0.03; eff_lr: 0.03; size: 128; alpha: 0.999; mom: 0.9; eps: 1e-06
/home/yangyouucb/.fastai/data/imagenette-160
epoch     train_loss  valid_loss  accuracy  top_k_accuracy  time    
0         1.693742    2.125299    0.398000  0.782000        00:59     
1         1.461584    3.050785    0.294000  0.788000        01:02     
2         1.322802    1.275614    0.682000  0.950000        00:59     
3         1.151245    1.112592    0.754000  0.974000        01:04     
4         0.983242    0.878227    0.840000  0.988000        01:03     
lr: 0.03; eff_lr: 0.03; size: 128; alpha: 0.999; mom: 0.9; eps: 1e-06
/home/yangyouucb/.fastai/data/imagenette-160
epoch     train_loss  valid_loss  accuracy  top_k_accuracy  time    
0         1.657135    2.473110    0.372000  0.806000        01:00     
1         1.466698    2.842947    0.374000  0.886000        00:59     
2         1.317242    1.852990    0.482000  0.872000        01:02     
3         1.147791    1.060452    0.786000  0.966000        01:03     
4         0.983105    0.875908    0.848000  0.984000        01:01     
lr: 0.03; eff_lr: 0.03; size: 128; alpha: 0.999; mom: 0.9; eps: 1e-06
/home/yangyouucb/.fastai/data/imagenette-160
epoch     train_loss  valid_loss  accuracy  top_k_accuracy  time    
0         1.651235    2.090048    0.408000  0.798000        01:00     
1         1.433325    1.814091    0.514000  0.856000        01:02     
2         1.289791    1.338004    0.652000  0.952000        01:00     
3         1.144355    1.041774    0.780000  0.976000        01:03     
4         0.986100    0.870995    0.858000  0.982000        01:02     
lr: 0.03; eff_lr: 0.03; size: 128; alpha: 0.999; mom: 0.9; eps: 1e-06
/home/yangyouucb/.fastai/data/imagenette-160
epoch     train_loss  valid_loss  accuracy  top_k_accuracy  time    
0         1.673377    2.180375    0.386000  0.840000        01:00     
1         1.441173    1.955895    0.468000  0.854000        01:02     
2         1.310084    1.941389    0.528000  0.904000        01:02     
3         1.130809    1.036300    0.772000  0.980000        01:01     
4         0.977593    0.851078    0.866000  0.988000        01:03     
lr: 0.03; eff_lr: 0.03; size: 128; alpha: 0.999; mom: 0.9; eps: 1e-06
/home/yangyouucb/.fastai/data/imagenette-160
epoch     train_loss  valid_loss  accuracy  top_k_accuracy  time    
0         1.653952    1.850588    0.444000  0.926000        01:00     
1         1.458857    1.793333    0.472000  0.888000        01:01     
2         1.337490    1.478365    0.594000  0.942000        01:01     
3         1.158933    1.035851    0.778000  0.968000        01:00     
4         0.989810    0.892091    0.844000  0.978000        01:01     
lr: 0.03; eff_lr: 0.03; size: 128; alpha: 0.999; mom: 0.9; eps: 1e-06
/home/yangyouucb/.fastai/data/imagenette-160
epoch     train_loss  valid_loss  accuracy  top_k_accuracy  time    
0         1.697854    2.105487    0.342000  0.784000        00:58     
1         1.467349    1.823768    0.458000  0.874000        01:02     
2         1.327197    1.487290    0.582000  0.932000        01:01     
3         1.153523    0.997926    0.800000  0.978000        01:02     
4         0.995533    0.881724    0.852000  0.984000        01:00     
[0.864 0.852 0.858 0.848 0.84  0.848 0.858 0.866 0.844 0.852]
mean = 0.8529999852180481, std = 0.008012497797608376, ci-95 = (0.8469581479990715, 0.8590418343579536)
lr: 0.03; eff_lr: 0.03; size: 128; alpha: 0.999; mom: 0.9; eps: 1e-06
/home/yangyouucb/.fastai/data/imagenette-160
epoch     train_loss  valid_loss  accuracy  top_k_accuracy  time    
0         1.665882    2.009127    0.480000  0.846000        01:05     
1         1.443952    1.755652    0.484000  0.926000        00:59     
2         1.325902    1.304873    0.664000  0.966000        01:00     
3         1.165694    1.026808    0.788000  0.982000        00:59     
4         0.980035    0.863996    0.858000  0.980000        01:00     
lr: 0.03; eff_lr: 0.03; size: 128; alpha: 0.999; mom: 0.9; eps: 1e-06
/home/yangyouucb/.fastai/data/imagenette-160
epoch     train_loss  valid_loss  accuracy  top_k_accuracy  time    
0         1.691907    2.435903    0.300000  0.770000        01:03     
1         1.447793    1.880310    0.514000  0.902000        01:01     
2         1.329945    2.392616    0.388000  0.888000        01:02     
3         1.160682    1.162986    0.720000  0.954000        01:02     
4         0.991575    0.866183    0.862000  0.982000        01:02     
lr: 0.03; eff_lr: 0.03; size: 128; alpha: 0.999; mom: 0.9; eps: 1e-06
/home/yangyouucb/.fastai/data/imagenette-160
epoch     train_loss  valid_loss  accuracy  top_k_accuracy  time    
0         1.632540    1.772835    0.518000  0.910000        01:00     
1         1.433110    1.427897    0.592000  0.936000        00:59     
2         1.337413    1.771187    0.498000  0.902000        01:02     
3         1.153862    1.115860    0.746000  0.964000        01:03     
4         0.990522    0.876466    0.860000  0.984000        01:02     
lr: 0.03; eff_lr: 0.03; size: 128; alpha: 0.999; mom: 0.9; eps: 1e-06
/home/yangyouucb/.fastai/data/imagenette-160
epoch     train_loss  valid_loss  accuracy  top_k_accuracy  time    
0         1.680901    2.700712    0.372000  0.814000        00:58     
1         1.458856    2.605866    0.380000  0.834000        00:59     
2         1.330939    1.884892    0.486000  0.938000        01:02     
3         1.166426    1.008698    0.796000  0.988000        01:00     
4         1.000826    0.889722    0.856000  0.986000        01:01     
lr: 0.03; eff_lr: 0.03; size: 128; alpha: 0.999; mom: 0.9; eps: 1e-06
/home/yangyouucb/.fastai/data/imagenette-160
epoch     train_loss  valid_loss  accuracy  top_k_accuracy  time    
0         1.661528    2.255413    0.376000  0.818000        01:00     
1         1.459904    2.712943    0.410000  0.874000        01:01     
2         1.315731    1.252461    0.680000  0.962000        01:03     
3         1.136943    1.116022    0.760000  0.970000        01:02     
4         0.984723    0.867235    0.856000  0.984000        01:00     
lr: 0.03; eff_lr: 0.03; size: 128; alpha: 0.999; mom: 0.9; eps: 1e-06
/home/yangyouucb/.fastai/data/imagenette-160
epoch     train_loss  valid_loss  accuracy  top_k_accuracy  time    
0         1.652489    6.432275    0.212000  0.664000        01:02     
1         1.469066    1.974357    0.490000  0.936000        00:59     
2         1.345080    2.086480    0.414000  0.924000        01:01     
3         1.146197    1.055592    0.782000  0.966000        01:01     
4         0.971878    0.874375    0.856000  0.984000        01:01     
lr: 0.03; eff_lr: 0.03; size: 128; alpha: 0.999; mom: 0.9; eps: 1e-06
/home/yangyouucb/.fastai/data/imagenette-160
epoch     train_loss  valid_loss  accuracy  top_k_accuracy  time    
0         1.634656    1.940794    0.476000  0.882000        01:00     
1         1.468166    2.589782    0.280000  0.852000        01:03     
2         1.322649    1.607438    0.560000  0.888000        01:02     
3         1.157775    1.046201    0.812000  0.976000        01:03     
4         1.000330    0.895297    0.846000  0.980000        01:00     
lr: 0.03; eff_lr: 0.03; size: 128; alpha: 0.999; mom: 0.9; eps: 1e-06
/home/yangyouucb/.fastai/data/imagenette-160
epoch     train_loss  valid_loss  accuracy  top_k_accuracy  time    
0         1.630553    2.746982    0.332000  0.804000        01:02     
1         1.438824    1.773228    0.492000  0.878000        01:00     
2         1.335863    1.684999    0.476000  0.938000        01:00     
3         1.143597    1.062945    0.786000  0.970000        01:02     
4         0.987588    0.874631    0.856000  0.986000        01:03     
lr: 0.03; eff_lr: 0.03; size: 128; alpha: 0.999; mom: 0.9; eps: 1e-06
/home/yangyouucb/.fastai/data/imagenette-160
epoch     train_loss  valid_loss  accuracy  top_k_accuracy  time    
0         1.620752    2.456680    0.426000  0.860000        01:00     
1         1.460613    1.484066    0.586000  0.940000        01:01     
2         1.355683    1.558046    0.556000  0.932000        01:03     
3         1.153289    1.371768    0.658000  0.934000        01:04     
4         0.998079    0.882362    0.854000  0.992000        01:02     
lr: 0.03; eff_lr: 0.03; size: 128; alpha: 0.999; mom: 0.9; eps: 1e-06
/home/yangyouucb/.fastai/data/imagenette-160
epoch     train_loss  valid_loss  accuracy  top_k_accuracy  time    
0         1.671327    2.306368    0.388000  0.840000        01:00     
1         1.456454    1.727834    0.488000  0.882000        01:00     
2         1.324273    1.748356    0.522000  0.904000        01:00     
3         1.151137    1.221582    0.712000  0.970000        01:02     
4         0.984829    0.878041    0.848000  0.986000        01:01     
[0.858 0.862 0.86  0.856 0.856 0.856 0.846 0.856 0.854 0.848]
mean = 0.8551999926567078, std = 0.004664760082960129, ci-95 = (0.8516825254025967, 0.8587174718317477)
lr: 0.03; eff_lr: 0.03; size: 128; alpha: 0.999; mom: 0.9; eps: 1e-06
/home/yangyouucb/.fastai/data/imagenette-160
epoch     train_loss  valid_loss  accuracy  top_k_accuracy  time    
0         1.678330    1.918794    0.484000  0.882000        01:04     
1         1.473221    1.476433    0.594000  0.964000        01:02     
2         1.311691    1.301021    0.694000  0.956000        01:00     
3         1.131210    1.064843    0.770000  0.978000        00:59     
4         0.973546    0.880906    0.858000  0.982000        00:59     
lr: 0.03; eff_lr: 0.03; size: 128; alpha: 0.999; mom: 0.9; eps: 1e-06
/home/yangyouucb/.fastai/data/imagenette-160
epoch     train_loss  valid_loss  accuracy  top_k_accuracy  time    
0         1.625419    1.980068    0.508000  0.852000        00:58     
1         1.430303    1.814056    0.488000  0.900000        01:00     
2         1.308076    1.570917    0.564000  0.898000        01:01     
3         1.143867    1.044397    0.778000  0.966000        01:02     
4         0.990949    0.863852    0.856000  0.988000        01:00     
lr: 0.03; eff_lr: 0.03; size: 128; alpha: 0.999; mom: 0.9; eps: 1e-06
/home/yangyouucb/.fastai/data/imagenette-160
epoch     train_loss  valid_loss  accuracy  top_k_accuracy  time    
0         1.649910    1.660410    0.520000  0.930000        01:01     
1         1.411868    1.794164    0.468000  0.888000        01:01     
2         1.338879    1.514950    0.554000  0.924000        01:00     
3         1.156924    1.354210    0.654000  0.944000        01:05     
4         0.986743    0.867378    0.862000  0.986000        01:01     
lr: 0.03; eff_lr: 0.03; size: 128; alpha: 0.999; mom: 0.9; eps: 1e-06
/home/yangyouucb/.fastai/data/imagenette-160
epoch     train_loss  valid_loss  accuracy  top_k_accuracy  time    
0         1.667377    2.374006    0.402000  0.856000        00:59     
1         1.436954    1.542595    0.582000  0.902000        01:03     
2         1.332113    1.448439    0.602000  0.932000        01:03     
3         1.141424    1.050907    0.784000  0.966000        01:01     
4         0.974325    0.879008    0.860000  0.982000        01:03     
lr: 0.03; eff_lr: 0.03; size: 128; alpha: 0.999; mom: 0.9; eps: 1e-06
/home/yangyouucb/.fastai/data/imagenette-160
epoch     train_loss  valid_loss  accuracy  top_k_accuracy  time    
0         1.648322    2.496706    0.342000  0.774000        00:59     
1         1.449534    2.125962    0.412000  0.888000        01:01     
2         1.319511    1.705966    0.532000  0.884000        01:01     
3         1.157214    1.119525    0.742000  0.970000        01:02     
4         0.980062    0.873052    0.852000  0.986000        01:01     
lr: 0.03; eff_lr: 0.03; size: 128; alpha: 0.999; mom: 0.9; eps: 1e-06
/home/yangyouucb/.fastai/data/imagenette-160
epoch     train_loss  valid_loss  accuracy  top_k_accuracy  time    
0         1.685539    2.487946    0.310000  0.828000        01:01     
1         1.450433    1.660953    0.542000  0.906000        01:02     
2         1.342926    1.392085    0.638000  0.948000        01:02     
3         1.155046    1.039368    0.782000  0.974000        01:03     
4         0.983416    0.880046    0.862000  0.988000        01:03     
lr: 0.03; eff_lr: 0.03; size: 128; alpha: 0.999; mom: 0.9; eps: 1e-06
/home/yangyouucb/.fastai/data/imagenette-160
epoch     train_loss  valid_loss  accuracy  top_k_accuracy  time    
0         1.656582    2.542768    0.340000  0.840000        01:02     
1         1.466114    1.892923    0.496000  0.870000        01:01     
2         1.336374    1.458872    0.570000  0.960000        01:04     
3         1.141586    1.042750    0.792000  0.970000        01:01     
4         0.980112    0.853206    0.862000  0.988000        01:02     
lr: 0.03; eff_lr: 0.03; size: 128; alpha: 0.999; mom: 0.9; eps: 1e-06
/home/yangyouucb/.fastai/data/imagenette-160
epoch     train_loss  valid_loss  accuracy  top_k_accuracy  time    
0         1.634321    4.251010    0.272000  0.664000        01:02     
1         1.457907    1.661797    0.568000  0.912000        01:02     
2         1.330795    1.414090    0.620000  0.944000        01:03     
3         1.157230    1.063695    0.772000  0.974000        01:03     
4         0.985876    0.874314    0.856000  0.980000        01:03     
lr: 0.03; eff_lr: 0.03; size: 128; alpha: 0.999; mom: 0.9; eps: 1e-06
/home/yangyouucb/.fastai/data/imagenette-160
epoch     train_loss  valid_loss  accuracy  top_k_accuracy  time    
0         1.650382    2.744963    0.336000  0.882000        01:03     
1         1.457536    1.754101    0.494000  0.878000        01:02     
2         1.335159    1.803961    0.466000  0.886000        01:03     
3         1.134781    1.160899    0.738000  0.950000        01:05     
4         0.993577    0.875016    0.854000  0.982000        01:00     
lr: 0.03; eff_lr: 0.03; size: 128; alpha: 0.999; mom: 0.9; eps: 1e-06
/home/yangyouucb/.fastai/data/imagenette-160
epoch     train_loss  valid_loss  accuracy  top_k_accuracy  time    
0         1.674713    1.976457    0.418000  0.916000        01:04     
1         1.436252    3.211700    0.330000  0.810000        01:02     
2         1.319081    1.691532    0.502000  0.934000        01:02     
3         1.123042    1.033100    0.796000  0.970000        01:02     
4         0.988168    0.884778    0.856000  0.984000        00:59     
[0.858 0.856 0.862 0.86  0.852 0.862 0.862 0.856 0.854 0.856]
mean = 0.8578000068664551, std = 0.0033999988809227943, ci-95 = (0.8552362175748109, 0.8603637723162414)
lr: 0.03; eff_lr: 0.03; size: 128; alpha: 0.999; mom: 0.9; eps: 1e-06
/home/yangyouucb/.fastai/data/imagenette-160
epoch     train_loss  valid_loss  accuracy  top_k_accuracy  time    
0         1.662433    2.461186    0.396000  0.842000        01:06     
1         1.486066    1.868157    0.472000  0.850000        01:01     
2         1.343014    1.358253    0.624000  0.964000        01:04     
3         1.173818    1.055360    0.778000  0.974000        01:03     
4         0.995488    0.876349    0.852000  0.986000        01:00     
lr: 0.03; eff_lr: 0.03; size: 128; alpha: 0.999; mom: 0.9; eps: 1e-06
/home/yangyouucb/.fastai/data/imagenette-160
epoch     train_loss  valid_loss  accuracy  top_k_accuracy  time    
0         1.648482    4.711820    0.290000  0.746000        01:03     
1         1.468068    1.761286    0.462000  0.896000        01:00     
2         1.334843    1.238081    0.700000  0.958000        01:01     
3         1.164663    1.116497    0.746000  0.968000        01:03     
4         0.991219    0.870692    0.854000  0.980000        01:02     
lr: 0.03; eff_lr: 0.03; size: 128; alpha: 0.999; mom: 0.9; eps: 1e-06
/home/yangyouucb/.fastai/data/imagenette-160
epoch     train_loss  valid_loss  accuracy  top_k_accuracy  time    
0         1.692682    2.715899    0.354000  0.726000        01:04     
1         1.460797    1.524472    0.574000  0.936000        01:02     
2         1.318072    1.590864    0.510000  0.920000        01:03     
3         1.157171    1.129175    0.728000  0.976000        01:01     
4         0.989169    0.872898    0.850000  0.984000        01:02     
lr: 0.03; eff_lr: 0.03; size: 128; alpha: 0.999; mom: 0.9; eps: 1e-06
/home/yangyouucb/.fastai/data/imagenette-160
epoch     train_loss  valid_loss  accuracy  top_k_accuracy  time    
0         1.672896    3.377713    0.274000  0.754000        01:02     
1         1.455908    1.888974    0.528000  0.908000        01:00     
2         1.329265    2.029702    0.476000  0.856000        01:01     
3         1.169994    0.980912    0.806000  0.978000        01:02     
4         0.992785    0.869525    0.866000  0.988000        01:02     
lr: 0.03; eff_lr: 0.03; size: 128; alpha: 0.999; mom: 0.9; eps: 1e-06
/home/yangyouucb/.fastai/data/imagenette-160
epoch     train_loss  valid_loss  accuracy  top_k_accuracy  time    
0         1.653703    2.443012    0.402000  0.784000        01:02     
1         1.460767    1.715326    0.494000  0.878000        01:02     
2         1.327918    1.979896    0.490000  0.818000        01:01     
3         1.158926    1.170367    0.730000  0.974000        01:02     
4         0.998841    0.880513    0.850000  0.984000        01:04     
lr: 0.03; eff_lr: 0.03; size: 128; alpha: 0.999; mom: 0.9; eps: 1e-06
/home/yangyouucb/.fastai/data/imagenette-160
epoch     train_loss  valid_loss  accuracy  top_k_accuracy  time    
0         1.670262    4.845540    0.248000  0.742000        01:02     
1         1.439789    1.500044    0.598000  0.930000        01:01     
2         1.313387    1.385654    0.634000  0.944000        01:01     
3         1.144527    1.007209    0.804000  0.974000        01:04     
4         0.982374    0.870846    0.864000  0.984000        01:03     
lr: 0.03; eff_lr: 0.03; size: 128; alpha: 0.999; mom: 0.9; eps: 1e-06
/home/yangyouucb/.fastai/data/imagenette-160
epoch     train_loss  valid_loss  accuracy  top_k_accuracy  time    
0         1.668251    2.259598    0.350000  0.852000        01:01     
1         1.458906    2.986929    0.336000  0.790000        01:01     
2         1.356709    1.767493    0.536000  0.912000        01:01     
3         1.155270    1.186781    0.718000  0.958000        01:02     
4         1.002423    0.869688    0.854000  0.982000        01:03     
lr: 0.03; eff_lr: 0.03; size: 128; alpha: 0.999; mom: 0.9; eps: 1e-06
/home/yangyouucb/.fastai/data/imagenette-160
epoch     train_loss  valid_loss  accuracy  top_k_accuracy  time    
0         1.655847    2.825601    0.344000  0.802000        01:01     
1         1.447348    1.695977    0.526000  0.926000        01:02     
2         1.335928    1.457278    0.584000  0.950000        01:02     
3         1.142975    1.175079    0.724000  0.946000        01:03     
4         0.983723    0.879318    0.850000  0.982000        01:02     
lr: 0.03; eff_lr: 0.03; size: 128; alpha: 0.999; mom: 0.9; eps: 1e-06
/home/yangyouucb/.fastai/data/imagenette-160
epoch     train_loss  valid_loss  accuracy  top_k_accuracy  time    
0         1.651396    2.811364    0.358000  0.726000        01:02     
1         1.424256    1.653291    0.534000  0.894000        01:00     
2         1.320758    1.720677    0.514000  0.926000        01:02     
3         1.150536    1.136821    0.744000  0.970000        01:02     
4         0.976263    0.860366    0.868000  0.988000        01:03     
lr: 0.03; eff_lr: 0.03; size: 128; alpha: 0.999; mom: 0.9; eps: 1e-06
/home/yangyouucb/.fastai/data/imagenette-160
epoch     train_loss  valid_loss  accuracy  top_k_accuracy  time    
0         1.653747    2.059337    0.442000  0.834000        01:02     
Terminated
lr: 0.03; eff_lr: 0.03; size: 128; alpha: 0.999; mom: 0.9; eps: 1e-06
/home/yangyouucb/.fastai/data/imagenette-160
epoch     train_loss  valid_loss  accuracy  top_k_accuracy  time    
0         1.673713    2.619811    0.334000  0.888000        01:05     
1         1.443584    2.487946    0.316000  0.820000        00:59     
2         1.316148    1.363242    0.638000  0.954000        01:01     
3         1.145630    0.989458    0.820000  0.986000        00:59     
4         0.983349    0.872328    0.860000  0.984000        01:02     
lr: 0.03; eff_lr: 0.03; size: 128; alpha: 0.999; mom: 0.9; eps: 1e-06
/home/yangyouucb/.fastai/data/imagenette-160
epoch     train_loss  valid_loss  accuracy  top_k_accuracy  time    
0         1.662038    4.314442    0.258000  0.628000        01:02     
1         1.491139    1.610325    0.532000  0.922000        01:00     
2         1.345105    1.605896    0.542000  0.890000        01:01     
3         1.169946    0.985224    0.816000  0.988000        01:00     
4         0.999374    0.875355    0.860000  0.982000        01:00     
lr: 0.03; eff_lr: 0.03; size: 128; alpha: 0.999; mom: 0.9; eps: 1e-06
/home/yangyouucb/.fastai/data/imagenette-160
epoch     train_loss  valid_loss  accuracy  top_k_accuracy  time    
0         1.675685    1.913190    0.466000  0.840000        01:01     
1         1.441944    1.477877    0.576000  0.930000        01:01     
2         1.358176    1.451328    0.614000  0.920000        01:02     
3         1.146172    1.108647    0.746000  0.982000        01:01     
4         0.988650    0.878571    0.848000  0.984000        01:04     
lr: 0.03; eff_lr: 0.03; size: 128; alpha: 0.999; mom: 0.9; eps: 1e-06
/home/yangyouucb/.fastai/data/imagenette-160
epoch     train_loss  valid_loss  accuracy  top_k_accuracy  time    
0         1.669471    2.361848    0.420000  0.922000        01:01     
1         1.440367    1.772002    0.502000  0.864000        01:03     
2         1.325574    1.542483    0.552000  0.932000        01:02     
3         1.145287    0.997183    0.788000  0.972000        01:00     
4         0.974873    0.867520    0.854000  0.986000        01:03     
lr: 0.03; eff_lr: 0.03; size: 128; alpha: 0.999; mom: 0.9; eps: 1e-06
/home/yangyouucb/.fastai/data/imagenette-160
epoch     train_loss  valid_loss  accuracy  top_k_accuracy  time    
0         1.637249    1.937469    0.482000  0.860000        01:03     
1         1.439759    1.672971    0.514000  0.900000        01:01     
2         1.311208    1.657043    0.530000  0.950000        01:03     
3         1.133652    1.044899    0.764000  0.980000        01:03     
4         0.980319    0.872836    0.864000  0.978000        01:04     
lr: 0.03; eff_lr: 0.03; size: 128; alpha: 0.999; mom: 0.9; eps: 1e-06
/home/yangyouucb/.fastai/data/imagenette-160
epoch     train_loss  valid_loss  accuracy  top_k_accuracy  time    
0         1.689672    2.912626    0.306000  0.748000        01:02     
1         1.452141    1.578943    0.562000  0.918000        01:02     
2         1.314088    2.240567    0.386000  0.876000        01:01     
3         1.135469    1.221551    0.706000  0.976000        01:01     
4         0.977664    0.874420    0.864000  0.984000        01:04     
lr: 0.03; eff_lr: 0.03; size: 128; alpha: 0.999; mom: 0.9; eps: 1e-06
/home/yangyouucb/.fastai/data/imagenette-160
epoch     train_loss  valid_loss  accuracy  top_k_accuracy  time    
0         1.675185    2.741670    0.378000  0.890000        01:01     
1         1.439450    1.865136    0.438000  0.880000        01:03     
2         1.310589    1.720888    0.538000  0.928000        01:02     
3         1.167415    1.067712    0.770000  0.980000        01:04     
4         0.996032    0.862787    0.858000  0.988000        01:02     
lr: 0.03; eff_lr: 0.03; size: 128; alpha: 0.999; mom: 0.9; eps: 1e-06
/home/yangyouucb/.fastai/data/imagenette-160
epoch     train_loss  valid_loss  accuracy  top_k_accuracy  time    
0         1.665008    2.639298    0.408000  0.854000        01:01     
1         1.457224    1.891885    0.450000  0.872000        01:00     
2         1.345773    1.608594    0.594000  0.930000        01:00     
3         1.161607    0.973601    0.814000  0.980000        01:02     
4         0.990293    0.873026    0.862000  0.988000        01:02     
lr: 0.03; eff_lr: 0.03; size: 128; alpha: 0.999; mom: 0.9; eps: 1e-06
/home/yangyouucb/.fastai/data/imagenette-160
epoch     train_loss  valid_loss  accuracy  top_k_accuracy  time    
0         1.654909    2.061221    0.438000  0.884000        01:03     
1         1.441629    1.618101    0.538000  0.910000        01:03     
2         1.331949    1.334104    0.664000  0.928000        01:02     
3         1.167227    0.975966    0.820000  0.978000        01:03     
4         0.990342    0.859222    0.860000  0.980000        01:04     
lr: 0.03; eff_lr: 0.03; size: 128; alpha: 0.999; mom: 0.9; eps: 1e-06
/home/yangyouucb/.fastai/data/imagenette-160
epoch     train_loss  valid_loss  accuracy  top_k_accuracy  time    
0         1.659061    2.448498    0.356000  0.798000        01:02     
1         1.480930    1.698299    0.522000  0.868000        01:04     
2         1.345183    1.338922    0.632000  0.946000        01:02     
3         1.149511    1.078010    0.770000  0.968000        01:01     
4         0.991168    0.880776    0.852000  0.984000        01:03     
[0.86  0.86  0.848 0.854 0.864 0.864 0.858 0.862 0.86  0.852]
mean = 0.858199954032898, std = 0.005015985108911991, ci-95 = (0.8544176862372352, 0.8619823171959924)
lr: 0.03; eff_lr: 0.03; size: 128; alpha: 0.999; mom: 0.9; eps: 1e-06
/home/yangyouucb/.fastai/data/imagenette-160
epoch     train_loss  valid_loss  accuracy  top_k_accuracy  time    
0         1.649191    4.722723    0.256000  0.694000        01:06     
1         1.474455    2.248017    0.358000  0.850000        01:01     
2         1.343702    1.260286    0.692000  0.964000        01:02     
3         1.145989    1.014452    0.802000  0.976000        00:58     
4         0.977208    0.866407    0.856000  0.990000        01:02     
lr: 0.03; eff_lr: 0.03; size: 128; alpha: 0.999; mom: 0.9; eps: 1e-06
/home/yangyouucb/.fastai/data/imagenette-160
epoch     train_loss  valid_loss  accuracy  top_k_accuracy  time    
0         1.644751    4.639840    0.286000  0.744000        01:02     
1         1.425902    2.247004    0.434000  0.914000        01:03     
2         1.311735    1.458038    0.610000  0.942000        01:01     
3         1.142435    1.037344    0.794000  0.976000        01:00     
4         0.995542    0.860008    0.862000  0.990000        01:03     
lr: 0.03; eff_lr: 0.03; size: 128; alpha: 0.999; mom: 0.9; eps: 1e-06
/home/yangyouucb/.fastai/data/imagenette-160
epoch     train_loss  valid_loss  accuracy  top_k_accuracy  time    
0         1.666026    2.813506    0.368000  0.832000        01:02     
1         1.470557    1.946632    0.434000  0.902000        01:01     
2         1.331222    1.509897    0.594000  0.912000        01:01     
3         1.164394    1.059595    0.776000  0.978000        01:03     
4         0.996838    0.883143    0.854000  0.984000        01:03     
lr: 0.03; eff_lr: 0.03; size: 128; alpha: 0.999; mom: 0.9; eps: 1e-06
/home/yangyouucb/.fastai/data/imagenette-160
epoch     train_loss  valid_loss  accuracy  top_k_accuracy  time    
0         1.676128    2.590897    0.302000  0.852000        01:03     
1         1.466708    2.195001    0.388000  0.848000        01:02     
2         1.322681    1.890971    0.544000  0.858000        01:02     
3         1.150330    1.064174    0.780000  0.980000        01:02     
4         0.993758    0.857179    0.860000  0.984000        01:03     
lr: 0.03; eff_lr: 0.03; size: 128; alpha: 0.999; mom: 0.9; eps: 1e-06
/home/yangyouucb/.fastai/data/imagenette-160
epoch     train_loss  valid_loss  accuracy  top_k_accuracy  time    
0         1.680740    4.080069    0.220000  0.660000        01:02     
1         1.466862    1.564607    0.578000  0.930000        01:01     
2         1.324028    2.446887    0.376000  0.886000        01:01     
3         1.151667    1.025499    0.800000  0.984000        01:02     
4         0.986807    0.872637    0.850000  0.990000        01:02     
lr: 0.03; eff_lr: 0.03; size: 128; alpha: 0.999; mom: 0.9; eps: 1e-06
/home/yangyouucb/.fastai/data/imagenette-160
epoch     train_loss  valid_loss  accuracy  top_k_accuracy  time    
0         1.665890    1.665909    0.526000  0.920000        01:03     
1         1.442534    2.224862    0.452000  0.904000        01:01     
2         1.329697    2.290051    0.380000  0.868000        01:01     
3         1.157846    0.999114    0.814000  0.976000        01:04     
4         0.990455    0.878474    0.858000  0.980000        01:01     
lr: 0.03; eff_lr: 0.03; size: 128; alpha: 0.999; mom: 0.9; eps: 1e-06
/home/yangyouucb/.fastai/data/imagenette-160
epoch     train_loss  valid_loss  accuracy  top_k_accuracy  time    
0         1.651111    1.867356    0.470000  0.868000        01:02     
1         1.459280    2.010570    0.494000  0.916000        01:01     
2         1.314386    1.724146    0.512000  0.910000        01:03     
3         1.133759    1.019717    0.788000  0.972000        01:01     
4         0.958952    0.869908    0.850000  0.986000        01:01     
lr: 0.03; eff_lr: 0.03; size: 128; alpha: 0.999; mom: 0.9; eps: 1e-06
/home/yangyouucb/.fastai/data/imagenette-160
epoch     train_loss  valid_loss  accuracy  top_k_accuracy  time    
0         1.671674    1.774665    0.462000  0.880000        01:02     
1         1.439856    2.330633    0.374000  0.814000        01:02     
2         1.310545    1.303830    0.662000  0.970000        01:01     
3         1.143735    1.184893    0.712000  0.976000        01:05     
4         0.984037    0.850180    0.856000  0.988000        01:04     
lr: 0.03; eff_lr: 0.03; size: 128; alpha: 0.999; mom: 0.9; eps: 1e-06
/home/yangyouucb/.fastai/data/imagenette-160
epoch     train_loss  valid_loss  accuracy  top_k_accuracy  time    
0         1.682615    3.161738    0.364000  0.768000        01:00     
1         1.482735    1.770008    0.486000  0.888000        01:04     
2         1.333033    2.221994    0.402000  0.920000        01:01     
3         1.134037    1.003648    0.808000  0.968000        01:03     
4         0.990414    0.862676    0.856000  0.990000        01:01     
lr: 0.03; eff_lr: 0.03; size: 128; alpha: 0.999; mom: 0.9; eps: 1e-06
/home/yangyouucb/.fastai/data/imagenette-160
epoch     train_loss  valid_loss  accuracy  top_k_accuracy  time    
0         1.696029    2.058973    0.454000  0.852000        01:02     
1         1.429734    1.624959    0.566000  0.946000        01:03     
2         1.317809    3.040644    0.278000  0.776000        01:01     
3         1.138459    1.001192    0.820000  0.982000        01:04     
4         0.988058    0.861993    0.864000  0.984000        01:03     
[0.856 0.862 0.854 0.86  0.85  0.858 0.85  0.856 0.856 0.864]
mean = 0.8565999865531921, std = 0.004386339336633682, ci-95 = (0.8532924746842458, 0.8599075341849254)
lr: 0.03; eff_lr: 0.03; size: 128; alpha: 0.999; mom: 0.9; eps: 1e-06
/home/yangyouucb/.fastai/data/imagenette-160
epoch     train_loss  valid_loss  accuracy  top_k_accuracy  time    
0         1.691788    3.758862    0.276000  0.796000        01:05     
1         1.461782    1.541465    0.580000  0.916000        01:02     
2         1.320461    1.268061    0.708000  0.956000        01:02     
3         1.161629    0.982746    0.814000  0.978000        01:01     
4         0.984232    0.873968    0.844000  0.982000        01:05     
lr: 0.03; eff_lr: 0.03; size: 128; alpha: 0.999; mom: 0.9; eps: 1e-06
/home/yangyouucb/.fastai/data/imagenette-160
epoch     train_loss  valid_loss  accuracy  top_k_accuracy  time    
0         1.638510    3.090108    0.310000  0.770000        01:03     
1         1.456389    1.536831    0.594000  0.932000        01:02     
2         1.328036    1.722675    0.490000  0.946000        01:01     
3         1.143653    0.986751    0.822000  0.976000        01:00     
4         0.984692    0.872579    0.858000  0.988000        01:05     
lr: 0.03; eff_lr: 0.03; size: 128; alpha: 0.999; mom: 0.9; eps: 1e-06
/home/yangyouucb/.fastai/data/imagenette-160
epoch     train_loss  valid_loss  accuracy  top_k_accuracy  time    
0         1.652546    3.310354    0.338000  0.744000        01:01     
1         1.475515    2.454105    0.390000  0.764000        01:03     
2         1.334194    1.486779    0.594000  0.930000        01:05     
3         1.150146    1.018960    0.800000  0.978000        01:03     
4         0.988617    0.887581    0.852000  0.982000        01:04     
lr: 0.03; eff_lr: 0.03; size: 128; alpha: 0.999; mom: 0.9; eps: 1e-06
/home/yangyouucb/.fastai/data/imagenette-160
epoch     train_loss  valid_loss  accuracy  top_k_accuracy  time    
0         1.650321    3.947953    0.234000  0.706000        01:03     
1         1.451464    1.667780    0.512000  0.932000        01:01     
2         1.319348    1.455582    0.602000  0.954000        01:02     
3         1.141071    1.106227    0.740000  0.976000        01:02     
4         0.984102    0.864741    0.866000  0.984000        01:01     
lr: 0.03; eff_lr: 0.03; size: 128; alpha: 0.999; mom: 0.9; eps: 1e-06
/home/yangyouucb/.fastai/data/imagenette-160
epoch     train_loss  valid_loss  accuracy  top_k_accuracy  time    
0         1.664420    2.203699    0.388000  0.774000        01:01     
1         1.445942    1.873947    0.476000  0.876000        01:02     
2         1.318764    1.660820    0.546000  0.910000        01:00     
3         1.136514    1.013554    0.816000  0.978000        01:04     
4         0.962970    0.851493    0.868000  0.988000        01:07     
lr: 0.03; eff_lr: 0.03; size: 128; alpha: 0.999; mom: 0.9; eps: 1e-06
/home/yangyouucb/.fastai/data/imagenette-160
epoch     train_loss  valid_loss  accuracy  top_k_accuracy  time    
0         1.702910    2.125465    0.418000  0.832000        01:02     
1         1.469102    1.938170    0.464000  0.878000        01:03     
2         1.353794    1.442950    0.608000  0.924000        01:02     
3         1.158200    1.059187    0.780000  0.974000        01:01     
4         0.999086    0.869213    0.864000  0.986000        01:04     
lr: 0.03; eff_lr: 0.03; size: 128; alpha: 0.999; mom: 0.9; eps: 1e-06
/home/yangyouucb/.fastai/data/imagenette-160
epoch     train_loss  valid_loss  accuracy  top_k_accuracy  time    
0         1.664516    1.710680    0.512000  0.934000        01:03     
1         1.467073    1.508683    0.572000  0.936000        01:03     
2         1.332910    1.365792    0.640000  0.946000        01:03     
3         1.159292    1.057889    0.774000  0.980000        01:02     
4         0.985685    0.885571    0.852000  0.990000        01:03     
lr: 0.03; eff_lr: 0.03; size: 128; alpha: 0.999; mom: 0.9; eps: 1e-06
/home/yangyouucb/.fastai/data/imagenette-160
epoch     train_loss  valid_loss  accuracy  top_k_accuracy  time    
0         1.673121    1.975631    0.454000  0.854000        01:01     
1         1.456920    4.535058    0.268000  0.814000        01:01     
2         1.334719    1.626928    0.560000  0.908000        01:03     
3         1.155166    1.224792    0.700000  0.936000        01:03     
4         0.988936    0.870813    0.852000  0.990000        01:02     
lr: 0.03; eff_lr: 0.03; size: 128; alpha: 0.999; mom: 0.9; eps: 1e-06
/home/yangyouucb/.fastai/data/imagenette-160
epoch     train_loss  valid_loss  accuracy  top_k_accuracy  time    
0         1.641472    2.289320    0.364000  0.844000        00:59     
1         1.440696    1.676615    0.544000  0.910000        01:01     
2         1.312443    1.204257    0.704000  0.968000        01:03     
3         1.122413    1.036591    0.784000  0.968000        01:03     
4         0.980332    0.851007    0.870000  0.988000        01:01     
lr: 0.03; eff_lr: 0.03; size: 128; alpha: 0.999; mom: 0.9; eps: 1e-06
/home/yangyouucb/.fastai/data/imagenette-160
epoch     train_loss  valid_loss  accuracy  top_k_accuracy  time    
0         1.665546    2.246327    0.444000  0.846000        01:02     
1         1.456424    1.705060    0.520000  0.916000        01:02     
2         1.326768    1.546232    0.596000  0.908000        01:04     
3         1.161390    1.016222    0.800000  0.986000        01:02     
4         0.986732    0.878721    0.858000  0.988000        01:01     
[0.844 0.858 0.852 0.866 0.868 0.864 0.852 0.852 0.87  0.858]
mean = 0.8583999872207642, std = 0.00803990289568901, ci-95 = (0.852337485226756, 0.8644625011357012)
lr: 0.03; eff_lr: 0.03; size: 128; alpha: 0.999; mom: 0.9; eps: 1e-06
/home/yangyouucb/.fastai/data/imagenette-160
epoch     train_loss  valid_loss  accuracy  top_k_accuracy  time    
0         1.670070    2.774746    0.378000  0.750000        01:04     
1         1.459835    1.708184    0.558000  0.914000        01:02     
2         1.335149    2.252820    0.454000  0.918000        01:00     
3         1.168030    1.017498    0.794000  0.984000        00:59     
4         0.989231    0.880295    0.860000  0.982000        01:03     
lr: 0.03; eff_lr: 0.03; size: 128; alpha: 0.999; mom: 0.9; eps: 1e-06
/home/yangyouucb/.fastai/data/imagenette-160
epoch     train_loss  valid_loss  accuracy  top_k_accuracy  time    
0         1.666838    1.980080    0.428000  0.886000        01:03     
1         1.456704    2.407866    0.448000  0.922000        01:03     
2         1.328322    1.892264    0.478000  0.866000        01:02     
3         1.137774    1.034756    0.762000  0.972000        01:02     
4         0.972999    0.868869    0.860000  0.986000        01:05     
lr: 0.03; eff_lr: 0.03; size: 128; alpha: 0.999; mom: 0.9; eps: 1e-06
/home/yangyouucb/.fastai/data/imagenette-160
epoch     train_loss  valid_loss  accuracy  top_k_accuracy  time    
0         1.663455    2.006376    0.442000  0.880000        00:59     
1         1.465285    1.498590    0.586000  0.934000        01:04     
2         1.328348    1.608015    0.594000  0.906000        01:03     
3         1.132354    1.093387    0.768000  0.952000        01:02     
4         0.979134    0.868465    0.864000  0.984000        01:05     
lr: 0.03; eff_lr: 0.03; size: 128; alpha: 0.999; mom: 0.9; eps: 1e-06
/home/yangyouucb/.fastai/data/imagenette-160
epoch     train_loss  valid_loss  accuracy  top_k_accuracy  time    
0         1.665015    1.987436    0.468000  0.834000        01:01     
1         1.462275    1.592805    0.508000  0.920000        01:03     
2         1.329598    1.498808    0.590000  0.940000        01:04     
3         1.159970    1.022126    0.798000  0.978000        01:00     
4         0.985125    0.865582    0.856000  0.990000        01:02     
lr: 0.03; eff_lr: 0.03; size: 128; alpha: 0.999; mom: 0.9; eps: 1e-06
/home/yangyouucb/.fastai/data/imagenette-160
epoch     train_loss  valid_loss  accuracy  top_k_accuracy  time    
0         1.663423    2.228292    0.416000  0.848000        01:03     
1         1.454517    1.706599    0.496000  0.910000        01:02     
2         1.325792    1.367631    0.648000  0.950000        01:03     
3         1.160642    1.090094    0.768000  0.976000        01:02     
4         0.997200    0.888750    0.852000  0.980000        01:04     
lr: 0.03; eff_lr: 0.03; size: 128; alpha: 0.999; mom: 0.9; eps: 1e-06
/home/yangyouucb/.fastai/data/imagenette-160
epoch     train_loss  valid_loss  accuracy  top_k_accuracy  time    
0         1.649948    2.462870    0.416000  0.812000        01:02     
1         1.457248    1.454839    0.612000  0.932000        01:05     
2         1.317705    1.511728    0.580000  0.920000        01:05     
3         1.162725    1.056043    0.780000  0.974000        01:03     
4         0.977297    0.857715    0.864000  0.990000        01:04     
lr: 0.03; eff_lr: 0.03; size: 128; alpha: 0.999; mom: 0.9; eps: 1e-06
/home/yangyouucb/.fastai/data/imagenette-160
epoch     train_loss  valid_loss  accuracy  top_k_accuracy  time    
0         1.654091    1.853510    0.502000  0.898000        01:04     
1         1.450763    1.514097    0.624000  0.940000        01:02     
2         1.294968    1.512096    0.590000  0.940000        01:03     
3         1.144198    1.028046    0.808000  0.980000        01:03     
4         0.997439    0.856666    0.874000  0.986000        01:02     
lr: 0.03; eff_lr: 0.03; size: 128; alpha: 0.999; mom: 0.9; eps: 1e-06
/home/yangyouucb/.fastai/data/imagenette-160
epoch     train_loss  valid_loss  accuracy  top_k_accuracy  time    
0         1.680147    2.728893    0.316000  0.800000        01:01     
1         1.438884    1.625678    0.580000  0.904000        01:01     
2         1.303159    1.291122    0.698000  0.964000        01:03     
3         1.161434    1.029651    0.778000  0.986000        01:04     
4         0.971239    0.871459    0.852000  0.988000        01:03     
lr: 0.03; eff_lr: 0.03; size: 128; alpha: 0.999; mom: 0.9; eps: 1e-06
/home/yangyouucb/.fastai/data/imagenette-160
epoch     train_loss  valid_loss  accuracy  top_k_accuracy  time    
0         1.667286    2.649597    0.370000  0.844000        01:02     
1         1.437637    1.614343    0.540000  0.914000        01:04     
2         1.332120    1.517736    0.580000  0.964000        01:02     
3         1.136568    1.082017    0.768000  0.974000        01:01     
4         0.976435    0.877436    0.854000  0.984000        01:03     
lr: 0.03; eff_lr: 0.03; size: 128; alpha: 0.999; mom: 0.9; eps: 1e-06
/home/yangyouucb/.fastai/data/imagenette-160
epoch     train_loss  valid_loss  accuracy  top_k_accuracy  time    
0         1.649239    2.089412    0.466000  0.856000        01:03     
1         1.468039    2.458807    0.406000  0.788000        01:02     
2         1.332083    1.310794    0.682000  0.944000        01:02     
3         1.136150    1.057820    0.774000  0.966000        01:03     
4         0.980972    0.877443    0.856000  0.988000        01:05     
[0.86  0.86  0.864 0.856 0.852 0.864 0.874 0.852 0.854 0.856]
mean = 0.8592000007629395, std = 0.006462207064032555, ci-95 = (0.8543271645257213, 0.8640728489210865)
lr: 0.03; eff_lr: 0.03; size: 128; alpha: 0.999; mom: 0.9; eps: 1e-06
/home/yangyouucb/.fastai/data/imagenette-160
epoch     train_loss  valid_loss  accuracy  top_k_accuracy  time    
0         1.673233    2.224567    0.384000  0.782000        01:06     
1         1.470256    1.814318    0.486000  0.932000        01:03     
2         1.345261    2.078546    0.476000  0.886000        01:00     
3         1.157440    1.027207    0.800000  0.982000        00:59     
4         0.991370    0.889271    0.854000  0.984000        01:03     
lr: 0.03; eff_lr: 0.03; size: 128; alpha: 0.999; mom: 0.9; eps: 1e-06
/home/yangyouucb/.fastai/data/imagenette-160
epoch     train_loss  valid_loss  accuracy  top_k_accuracy  time    
0         1.679168    2.124679    0.434000  0.796000        01:02     
1         1.447533    1.859302    0.434000  0.920000        01:03     
2         1.307752    1.320908    0.668000  0.970000        01:02     
3         1.155693    1.158606    0.752000  0.970000        01:00     
4         0.971874    0.873523    0.852000  0.984000        01:01     
lr: 0.03; eff_lr: 0.03; size: 128; alpha: 0.999; mom: 0.9; eps: 1e-06
/home/yangyouucb/.fastai/data/imagenette-160
epoch     train_loss  valid_loss  accuracy  top_k_accuracy  time    
0         1.659241    1.827570    0.468000  0.888000        01:00     
1         1.440740    3.334808    0.336000  0.748000        01:02     
2         1.319984    2.114214    0.462000  0.920000        01:01     
3         1.145018    0.999731    0.798000  0.984000        01:01     
4         0.986007    0.874395    0.842000  0.988000        01:03     
lr: 0.03; eff_lr: 0.03; size: 128; alpha: 0.999; mom: 0.9; eps: 1e-06
/home/yangyouucb/.fastai/data/imagenette-160
epoch     train_loss  valid_loss  accuracy  top_k_accuracy  time    
0         1.642355    2.536752    0.348000  0.756000        01:00     
1         1.432136    1.569292    0.562000  0.926000        01:01     
2         1.314263    3.532145    0.292000  0.752000        01:03     
3         1.137793    1.027324    0.802000  0.966000        01:01     
4         0.969395    0.861316    0.868000  0.984000        01:04     
lr: 0.03; eff_lr: 0.03; size: 128; alpha: 0.999; mom: 0.9; eps: 1e-06
/home/yangyouucb/.fastai/data/imagenette-160
epoch     train_loss  valid_loss  accuracy  top_k_accuracy  time    
0         1.653965    2.251315    0.418000  0.878000        01:03     
1         1.442623    1.394899    0.634000  0.940000        01:04     
2         1.327394    1.573571    0.560000  0.918000        01:03     
3         1.154940    1.060387    0.772000  0.978000        01:03     
4         0.974001    0.858759    0.872000  0.982000        01:03     
lr: 0.03; eff_lr: 0.03; size: 128; alpha: 0.999; mom: 0.9; eps: 1e-06
/home/yangyouucb/.fastai/data/imagenette-160
epoch     train_loss  valid_loss  accuracy  top_k_accuracy  time    
0         1.664612    4.402328    0.286000  0.740000        01:03     
1         1.459134    2.082307    0.436000  0.840000        01:02     
2         1.330391    1.888782    0.562000  0.872000        01:01     
3         1.147478    1.209774    0.732000  0.958000        01:02     
4         0.966936    0.865747    0.878000  0.988000        01:02     
lr: 0.03; eff_lr: 0.03; size: 128; alpha: 0.999; mom: 0.9; eps: 1e-06
/home/yangyouucb/.fastai/data/imagenette-160
epoch     train_loss  valid_loss  accuracy  top_k_accuracy  time    
0         1.672165    3.930260    0.264000  0.688000        01:02     
1         1.445596    1.689184    0.514000  0.886000        01:00     
2         1.319306    1.554733    0.570000  0.922000        01:00     
3         1.146381    1.086356    0.772000  0.962000        01:02     
4         0.984437    0.862043    0.870000  0.986000        01:03     
lr: 0.03; eff_lr: 0.03; size: 128; alpha: 0.999; mom: 0.9; eps: 1e-06
/home/yangyouucb/.fastai/data/imagenette-160
epoch     train_loss  valid_loss  accuracy  top_k_accuracy  time    
0         1.650640    2.606812    0.376000  0.892000        01:02     
1         1.452700    1.336382    0.662000  0.948000        01:01     
2         1.319420    1.276311    0.672000  0.962000        01:04     
3         1.145361    1.142117    0.740000  0.958000        01:05     
4         0.989287    0.860844    0.856000  0.986000        01:03     
lr: 0.03; eff_lr: 0.03; size: 128; alpha: 0.999; mom: 0.9; eps: 1e-06
/home/yangyouucb/.fastai/data/imagenette-160
epoch     train_loss  valid_loss  accuracy  top_k_accuracy  time    
0         1.661970    2.782377    0.368000  0.856000        01:02     
1         1.472787    1.610196    0.546000  0.868000        01:01     
2         1.375533    2.675206    0.400000  0.814000        01:02     
3         1.160624    1.062558    0.772000  0.984000        01:01     
4         1.006842    0.892586    0.842000  0.986000        01:04     
lr: 0.03; eff_lr: 0.03; size: 128; alpha: 0.999; mom: 0.9; eps: 1e-06
/home/yangyouucb/.fastai/data/imagenette-160
epoch     train_loss  valid_loss  accuracy  top_k_accuracy  time    
0         1.675663    1.708621    0.528000  0.902000        01:01     
1         1.446868    2.350273    0.374000  0.902000        01:02     
2         1.342520    1.332068    0.666000  0.952000        01:01     
3         1.146044    0.985129    0.808000  0.988000        01:06     
4         0.980547    0.869377    0.846000  0.984000        01:03     
[0.854 0.852 0.842 0.868 0.872 0.878 0.87  0.856 0.842 0.846]
mean = 0.8579999804496765, std = 0.012457925826311111, ci-95 = (0.8486060697111684, 0.8673939269509716)
lr: 0.03; eff_lr: 0.03; size: 128; alpha: 0.999; mom: 0.9; eps: 1e-06
/home/yangyouucb/.fastai/data/imagenette-160
epoch     train_loss  valid_loss  accuracy  top_k_accuracy  time    
0         1.668827    2.315997    0.358000  0.826000        01:07     
1         1.446241    1.379367    0.654000  0.934000        00:59     
2         1.311640    1.240915    0.688000  0.972000        01:02     
3         1.146566    1.067688    0.762000  0.978000        01:03     
4         0.970234    0.870517    0.858000  0.986000        01:02     
lr: 0.03; eff_lr: 0.03; size: 128; alpha: 0.999; mom: 0.9; eps: 1e-06
/home/yangyouucb/.fastai/data/imagenette-160
epoch     train_loss  valid_loss  accuracy  top_k_accuracy  time    
0         1.681512    2.262046    0.344000  0.890000        01:01     
1         1.445930    1.561923    0.542000  0.946000        01:03     
2         1.313311    1.650263    0.562000  0.914000        01:03     
3         1.156963    1.107276    0.746000  0.974000        01:01     
4         0.994516    0.859722    0.866000  0.986000        01:00     
lr: 0.03; eff_lr: 0.03; size: 128; alpha: 0.999; mom: 0.9; eps: 1e-06
/home/yangyouucb/.fastai/data/imagenette-160
epoch     train_loss  valid_loss  accuracy  top_k_accuracy  time    
0         1.636842    3.350196    0.350000  0.798000        01:03     
1         1.460234    1.882930    0.418000  0.848000        01:02     
2         1.328376    1.928295    0.450000  0.824000        01:00     
3         1.147701    1.037953    0.780000  0.962000        01:03     
4         0.987737    0.865369    0.858000  0.986000        01:03     
lr: 0.03; eff_lr: 0.03; size: 128; alpha: 0.999; mom: 0.9; eps: 1e-06
/home/yangyouucb/.fastai/data/imagenette-160
epoch     train_loss  valid_loss  accuracy  top_k_accuracy  time    
0         1.635994    4.751268    0.276000  0.682000        01:02     
1         1.439125    1.851705    0.508000  0.858000        01:01     
2         1.342134    1.479177    0.606000  0.910000        01:01     
3         1.131845    1.079154    0.768000  0.976000        01:03     
4         0.981667    0.858540    0.866000  0.990000        01:03     
lr: 0.03; eff_lr: 0.03; size: 128; alpha: 0.999; mom: 0.9; eps: 1e-06
/home/yangyouucb/.fastai/data/imagenette-160
epoch     train_loss  valid_loss  accuracy  top_k_accuracy  time    
0         1.662156    2.719262    0.368000  0.836000        01:02     
1         1.448794    2.086422    0.494000  0.938000        01:01     
2         1.326231    1.643575    0.560000  0.910000        01:03     
3         1.149751    0.981963    0.810000  0.982000        01:04     
4         0.979341    0.865152    0.868000  0.982000        01:03     
lr: 0.03; eff_lr: 0.03; size: 128; alpha: 0.999; mom: 0.9; eps: 1e-06
/home/yangyouucb/.fastai/data/imagenette-160
epoch     train_loss  valid_loss  accuracy  top_k_accuracy  time    
0         1.667696    2.069637    0.378000  0.886000        01:02     
1         1.454610    1.582674    0.592000  0.926000        01:01     
2         1.328109    1.360359    0.648000  0.944000        01:01     
3         1.147136    1.033968    0.772000  0.986000        01:02     
4         0.988553    0.871509    0.860000  0.986000        01:03     
lr: 0.03; eff_lr: 0.03; size: 128; alpha: 0.999; mom: 0.9; eps: 1e-06
/home/yangyouucb/.fastai/data/imagenette-160
epoch     train_loss  valid_loss  accuracy  top_k_accuracy  time    
0         1.640095    2.443216    0.372000  0.794000        01:01     
1         1.438976    2.140566    0.418000  0.866000        01:01     
2         1.322035    1.400450    0.638000  0.956000        01:03     
3         1.139612    1.139604    0.726000  0.960000        01:03     
4         0.983482    0.860195    0.854000  0.992000        01:04     
lr: 0.03; eff_lr: 0.03; size: 128; alpha: 0.999; mom: 0.9; eps: 1e-06
/home/yangyouucb/.fastai/data/imagenette-160
epoch     train_loss  valid_loss  accuracy  top_k_accuracy  time    
0         1.695698    2.100174    0.440000  0.872000        01:01     
1         1.474490    1.977039    0.450000  0.888000        01:01     
2         1.335023    1.886351    0.444000  0.912000        01:03     
3         1.147699    1.155216    0.738000  0.970000        01:01     
4         1.000351    0.875081    0.856000  0.986000        01:04     
lr: 0.03; eff_lr: 0.03; size: 128; alpha: 0.999; mom: 0.9; eps: 1e-06
/home/yangyouucb/.fastai/data/imagenette-160
epoch     train_loss  valid_loss  accuracy  top_k_accuracy  time    
0         1.680086    2.609959    0.334000  0.830000        01:02     
1         1.453906    2.297635    0.392000  0.900000        01:03     
2         1.352896    1.426607    0.616000  0.920000        01:02     
3         1.132375    1.159422    0.740000  0.982000        01:03     
4         0.988919    0.876709    0.840000  0.982000        01:03     
lr: 0.03; eff_lr: 0.03; size: 128; alpha: 0.999; mom: 0.9; eps: 1e-06
/home/yangyouucb/.fastai/data/imagenette-160
epoch     train_loss  valid_loss  accuracy  top_k_accuracy  time    
0         1.675809    2.303574    0.424000  0.808000        01:02     
1         1.453106    1.607451    0.494000  0.948000        01:01     
2         1.344113    1.237405    0.684000  0.970000        01:03     
3         1.146727    1.030487    0.782000  0.980000        01:02     
4         0.987645    0.867335    0.858000  0.984000        01:03     
[0.858 0.866 0.858 0.866 0.868 0.86  0.854 0.856 0.84  0.858]
mean = 0.8583999872207642, std = 0.0075789219699800014, ci-95 = (0.8526850828772429, 0.8641148915642854)
lr: 0.03; eff_lr: 0.03; size: 128; alpha: 0.999; mom: 0.9; eps: 1e-06
/home/yangyouucb/.fastai/data/imagenette-160
epoch     train_loss  valid_loss  accuracy  top_k_accuracy  time    
0         1.670164    1.626622    0.546000  0.916000        01:04     
1         1.452032    1.615164    0.586000  0.912000        00:58     
2         1.330824    1.306244    0.678000  0.960000        01:02     
3         1.146929    0.979013    0.820000  0.972000        01:01     
4         0.985074    0.859345    0.856000  0.984000        01:03     
lr: 0.03; eff_lr: 0.03; size: 128; alpha: 0.999; mom: 0.9; eps: 1e-06
/home/yangyouucb/.fastai/data/imagenette-160
epoch     train_loss  valid_loss  accuracy  top_k_accuracy  time    
0         1.655917    2.824532    0.342000  0.884000        01:01     
1         1.453688    1.546433    0.566000  0.936000        01:02     
2         1.322582    1.476882    0.596000  0.936000        01:03     
3         1.147578    0.999835    0.788000  0.972000        00:59     
4         0.972809    0.865199    0.870000  0.984000        01:03     
lr: 0.03; eff_lr: 0.03; size: 128; alpha: 0.999; mom: 0.9; eps: 1e-06
/home/yangyouucb/.fastai/data/imagenette-160
epoch     train_loss  valid_loss  accuracy  top_k_accuracy  time    
0         1.659806    2.577547    0.374000  0.742000        00:59     
1         1.425473    2.169728    0.474000  0.844000        01:01     
2         1.336357    1.658518    0.528000  0.950000        01:00     
3         1.138736    1.070081    0.792000  0.972000        01:01     
4         1.004116    0.881831    0.850000  0.984000        01:03     
lr: 0.03; eff_lr: 0.03; size: 128; alpha: 0.999; mom: 0.9; eps: 1e-06
/home/yangyouucb/.fastai/data/imagenette-160
epoch     train_loss  valid_loss  accuracy  top_k_accuracy  time    
0         1.688165    2.280578    0.368000  0.782000        00:59     
1         1.465925    2.438127    0.374000  0.818000        01:01     
2         1.345670    1.500960    0.556000  0.942000        01:00     
3         1.174417    0.988823    0.796000  0.986000        01:01     
4         0.994881    0.880930    0.856000  0.986000        01:00     
lr: 0.03; eff_lr: 0.03; size: 128; alpha: 0.999; mom: 0.9; eps: 1e-06
/home/yangyouucb/.fastai/data/imagenette-160
epoch     train_loss  valid_loss  accuracy  top_k_accuracy  time    
0         1.657838    4.122403    0.278000  0.762000        01:00     
1         1.461876    1.725941    0.546000  0.856000        01:01     
2         1.308231    1.939989    0.502000  0.880000        01:01     
3         1.135127    1.017247    0.786000  0.982000        01:02     
4         0.982389    0.853109    0.866000  0.990000        01:03     
lr: 0.03; eff_lr: 0.03; size: 128; alpha: 0.999; mom: 0.9; eps: 1e-06
/home/yangyouucb/.fastai/data/imagenette-160
epoch     train_loss  valid_loss  accuracy  top_k_accuracy  time    
0         1.647153    2.098752    0.352000  0.866000        01:00     
1         1.466982    1.846516    0.474000  0.898000        01:00     
2         1.335525    1.397924    0.614000  0.950000        01:03     
3         1.142208    1.002281    0.784000  0.982000        01:03     
4         0.986017    0.858481    0.862000  0.992000        01:03     
lr: 0.03; eff_lr: 0.03; size: 128; alpha: 0.999; mom: 0.9; eps: 1e-06
/home/yangyouucb/.fastai/data/imagenette-160
epoch     train_loss  valid_loss  accuracy  top_k_accuracy  time    
0         1.673958    3.205095    0.236000  0.816000        01:01     
1         1.455013    1.795773    0.502000  0.846000        01:00     
2         1.347087    1.571753    0.590000  0.954000        01:04     
3         1.163641    1.099169    0.756000  0.970000        01:02     
4         0.993438    0.885395    0.840000  0.982000        01:01     
lr: 0.03; eff_lr: 0.03; size: 128; alpha: 0.999; mom: 0.9; eps: 1e-06
/home/yangyouucb/.fastai/data/imagenette-160
epoch     train_loss  valid_loss  accuracy  top_k_accuracy  time    
0         1.672400    1.996576    0.398000  0.878000        01:00     
1         1.458280    1.931975    0.416000  0.892000        01:01     
2         1.333668    1.697155    0.554000  0.864000        01:01     
3         1.151390    1.121727    0.770000  0.960000        01:03     
4         0.980002    0.867816    0.868000  0.984000        01:01     
lr: 0.03; eff_lr: 0.03; size: 128; alpha: 0.999; mom: 0.9; eps: 1e-06
/home/yangyouucb/.fastai/data/imagenette-160
epoch     train_loss  valid_loss  accuracy  top_k_accuracy  time    
0         1.683369    4.658149    0.226000  0.634000        00:59     
1         1.449615    2.003932    0.412000  0.836000        01:00     
2         1.336824    1.442750    0.596000  0.930000        01:01     
3         1.148190    1.008884    0.808000  0.972000        01:02     
4         0.989051    0.867572    0.864000  0.984000        01:01     
lr: 0.03; eff_lr: 0.03; size: 128; alpha: 0.999; mom: 0.9; eps: 1e-06
/home/yangyouucb/.fastai/data/imagenette-160
epoch     train_loss  valid_loss  accuracy  top_k_accuracy  time    
0         1.665596    3.327556    0.326000  0.800000        01:02     
1         1.447156    2.253565    0.372000  0.872000        01:02     
2         1.310232    1.465876    0.618000  0.922000        01:02     
3         1.133948    1.110317    0.750000  0.958000        01:01     
4         0.993025    0.853674    0.860000  0.982000        01:04     
[0.856 0.87  0.85  0.856 0.866 0.862 0.84  0.868 0.864 0.86 ]
mean = 0.8592000007629395, std = 0.00863481406122446, ci-95 = (0.8526888982580433, 0.8657111032678356)
lr: 0.03; eff_lr: 0.03; size: 128; alpha: 0.999; mom: 0.9; eps: 1e-06
/home/yangyouucb/.fastai/data/imagenette-160
epoch     train_loss  valid_loss  accuracy  top_k_accuracy  time    
0         1.679754    4.008518    0.264000  0.790000        01:05     
1         1.450893    1.348870    0.668000  0.936000        01:00     
2         1.320583    1.685182    0.516000  0.894000        01:03     
3         1.147676    1.030184    0.808000  0.972000        01:02     
4         0.977703    0.859522    0.874000  0.984000        01:02     
lr: 0.03; eff_lr: 0.03; size: 128; alpha: 0.999; mom: 0.9; eps: 1e-06
/home/yangyouucb/.fastai/data/imagenette-160
epoch     train_loss  valid_loss  accuracy  top_k_accuracy  time    
0         1.636866    2.279553    0.438000  0.846000        01:01     
1         1.439263    1.876429    0.424000  0.864000        01:00     
2         1.321685    1.407993    0.666000  0.950000        01:03     
3         1.131894    1.106285    0.758000  0.982000        01:04     
4         0.974951    0.854212    0.866000  0.988000        01:01     
lr: 0.03; eff_lr: 0.03; size: 128; alpha: 0.999; mom: 0.9; eps: 1e-06
/home/yangyouucb/.fastai/data/imagenette-160
epoch     train_loss  valid_loss  accuracy  top_k_accuracy  time    
0         1.662958    3.371390    0.344000  0.742000        00:59     
1         1.466303    1.832639    0.440000  0.922000        01:00     
2         1.332938    1.834127    0.552000  0.910000        01:04     
3         1.174057    0.990197    0.808000  0.972000        01:04     
4         1.004410    0.895243    0.858000  0.980000        01:01     
lr: 0.03; eff_lr: 0.03; size: 128; alpha: 0.999; mom: 0.9; eps: 1e-06
/home/yangyouucb/.fastai/data/imagenette-160
epoch     train_loss  valid_loss  accuracy  top_k_accuracy  time    
0         1.675200    1.785359    0.500000  0.878000        01:00     
1         1.456089    1.591336    0.538000  0.910000        01:00     
2         1.350600    1.752100    0.500000  0.896000        01:01     
3         1.129721    1.160690    0.722000  0.964000        01:01     
4         1.000106    0.867137    0.864000  0.988000        01:03     
lr: 0.03; eff_lr: 0.03; size: 128; alpha: 0.999; mom: 0.9; eps: 1e-06
/home/yangyouucb/.fastai/data/imagenette-160
epoch     train_loss  valid_loss  accuracy  top_k_accuracy  time    
0         1.665101    2.867575    0.358000  0.892000        00:59     
1         1.424016    2.242781    0.440000  0.810000        01:02     
2         1.310713    1.290532    0.686000  0.950000        01:03     
3         1.135694    1.016769    0.804000  0.976000        01:03     
4         0.979485    0.853432    0.858000  0.984000        01:02     
lr: 0.03; eff_lr: 0.03; size: 128; alpha: 0.999; mom: 0.9; eps: 1e-06
/home/yangyouucb/.fastai/data/imagenette-160
epoch     train_loss  valid_loss  accuracy  top_k_accuracy  time    
0         1.666477    2.044552    0.450000  0.890000        01:01     
1         1.436580    1.868406    0.514000  0.914000        01:02     
2         1.316617    2.265964    0.366000  0.824000        01:03     
3         1.123144    1.183196    0.732000  0.958000        01:01     
4         0.974633    0.862111    0.850000  0.984000        01:03     
lr: 0.03; eff_lr: 0.03; size: 128; alpha: 0.999; mom: 0.9; eps: 1e-06
/home/yangyouucb/.fastai/data/imagenette-160
epoch     train_loss  valid_loss  accuracy  top_k_accuracy  time    
0         1.715033    2.110866    0.442000  0.818000        01:01     
1         1.462527    2.165489    0.448000  0.810000        01:02     
2         1.337032    1.829056    0.478000  0.900000        01:03     
3         1.151206    1.179222    0.728000  0.974000        01:03     
4         0.993821    0.885089    0.852000  0.988000        01:01     
lr: 0.03; eff_lr: 0.03; size: 128; alpha: 0.999; mom: 0.9; eps: 1e-06
/home/yangyouucb/.fastai/data/imagenette-160
epoch     train_loss  valid_loss  accuracy  top_k_accuracy  time    
0         1.626460    2.718578    0.348000  0.824000        01:01     
1         1.455715    2.169497    0.332000  0.844000        01:02     
2         1.338653    1.583849    0.558000  0.910000        01:02     
3         1.138537    0.985991    0.810000  0.976000        01:00     
4         0.982207    0.857890    0.868000  0.980000        01:02     
lr: 0.03; eff_lr: 0.03; size: 128; alpha: 0.999; mom: 0.9; eps: 1e-06
/home/yangyouucb/.fastai/data/imagenette-160
epoch     train_loss  valid_loss  accuracy  top_k_accuracy  time    
0         1.669450    3.505845    0.302000  0.784000        01:02     
1         1.458457    2.931055    0.306000  0.776000        01:00     
2         1.317409    1.344402    0.636000  0.964000        01:01     
3         1.140222    1.123058    0.736000  0.964000        01:04     
4         0.979214    0.872127    0.856000  0.982000        01:03     
lr: 0.03; eff_lr: 0.03; size: 128; alpha: 0.999; mom: 0.9; eps: 1e-06
/home/yangyouucb/.fastai/data/imagenette-160
epoch     train_loss  valid_loss  accuracy  top_k_accuracy  time    
0         1.686093    1.997456    0.454000  0.872000        01:02     
1         1.480386    1.609572    0.518000  0.912000        01:00     
2         1.323928    1.692271    0.556000  0.908000        01:02     
3         1.154477    1.122241    0.742000  0.966000        01:04     
4         0.993224    0.865094    0.864000  0.986000        01:02     
[0.874 0.866 0.858 0.864 0.858 0.85  0.852 0.868 0.856 0.864]
mean = 0.8609999418258667, std = 0.007113366853445768, ci-95 = (0.8556361503619357, 0.8663638524990872)
