/home/yangyouucb/.fastai/data/imagenette-160
epoch     train_loss  valid_loss  accuracy  top_k_accuracy  time    
0         1.622099    2.156260    0.436000  0.848000        00:58     
1         1.446069    2.311920    0.482000  0.890000        01:01     
2         1.310174    1.303672    0.682000  0.954000        01:02     
3         1.137317    1.252658    0.672000  0.974000        01:01     
4         0.992364    0.867546    0.874000  0.988000        01:00     
/home/yangyouucb/.fastai/data/imagenette-160
epoch     train_loss  valid_loss  accuracy  top_k_accuracy  time    
0         1.634273    2.153530    0.410000  0.854000        01:01     
1         1.447772    1.668050    0.528000  0.914000        01:00     
2         1.313381    1.215851    0.706000  0.968000        01:01     
3         1.108508    1.016979    0.814000  0.972000        01:00     
4         0.963152    0.869175    0.872000  0.984000        01:00     
/home/yangyouucb/.fastai/data/imagenette-160
epoch     train_loss  valid_loss  accuracy  top_k_accuracy  time    
0         1.614046    2.303163    0.380000  0.854000        01:00     
1         1.446734    1.734975    0.518000  0.892000        01:01     
2         1.316196    1.519101    0.578000  0.922000        01:00     
3         1.134822    1.047833    0.778000  0.982000        01:01     
4         0.977766    0.884676    0.864000  0.984000        01:01     
/home/yangyouucb/.fastai/data/imagenette-160
epoch     train_loss  valid_loss  accuracy  top_k_accuracy  time    
0         1.584386    2.289402    0.388000  0.858000        01:00     
1         1.416633    1.515080    0.574000  0.932000        01:01     
2         1.303390    1.564022    0.568000  0.920000        01:01     
3         1.112581    1.061659    0.768000  0.974000        01:02     
4         0.971918    0.864451    0.866000  0.990000        01:03     
/home/yangyouucb/.fastai/data/imagenette-160
epoch     train_loss  valid_loss  accuracy  top_k_accuracy  time    
0         1.616094    2.520730    0.356000  0.838000        01:00     
1         1.442104    1.677988    0.520000  0.908000        01:00     
2         1.309265    1.466796    0.604000  0.950000        01:00     
3         1.132484    1.003569    0.804000  0.982000        01:01     
4         0.988646    0.869010    0.850000  0.992000        01:01     
/home/yangyouucb/.fastai/data/imagenette-160
epoch     train_loss  valid_loss  accuracy  top_k_accuracy  time    
0         1.592092    1.567680    0.554000  0.952000        01:00     
1         1.426110    1.865268    0.516000  0.926000        01:02     
2         1.293624    1.565546    0.628000  0.950000        01:01     
3         1.122580    1.001352    0.798000  0.978000        01:02     
4         0.967801    0.861555    0.860000  0.988000        01:01     
/home/yangyouucb/.fastai/data/imagenette-160
epoch     train_loss  valid_loss  accuracy  top_k_accuracy  time    
0         1.647583    1.869850    0.486000  0.892000        01:01     
1         1.472793    2.089066    0.458000  0.884000        01:01     
2         1.315220    1.696720    0.532000  0.900000        01:01     
3         1.135601    1.073968    0.774000  0.972000        01:02     
4         0.980206    0.871645    0.874000  0.986000        01:01     
/home/yangyouucb/.fastai/data/imagenette-160
epoch     train_loss  valid_loss  accuracy  top_k_accuracy  time    
0         1.609805    2.584359    0.368000  0.816000        01:00     
1         1.458453    1.617046    0.520000  0.922000        01:02     
2         1.304448    1.214173    0.732000  0.950000        01:02     
3         1.119459    1.137289    0.748000  0.968000        01:01     
4         0.987774    0.863826    0.870000  0.990000        01:03     
/home/yangyouucb/.fastai/data/imagenette-160
epoch     train_loss  valid_loss  accuracy  top_k_accuracy  time    
0         1.618184    1.989035    0.520000  0.866000        01:02     
1         1.434156    1.629035    0.562000  0.922000        01:00     
2         1.299247    1.736281    0.538000  0.922000        01:03     
3         1.133942    1.129713    0.754000  0.964000        01:01     
4         0.969816    0.866602    0.852000  0.992000        01:02     
/home/yangyouucb/.fastai/data/imagenette-160
epoch     train_loss  valid_loss  accuracy  top_k_accuracy  time    
0         1.624135    2.358965    0.316000  0.826000        01:02     
1         1.440814    1.718042    0.544000  0.882000        01:01     
2         1.338956    1.258154    0.654000  0.956000        01:01     
3         1.124813    1.024729    0.794000  0.972000        01:02     
4         0.969659    0.887129    0.844000  0.982000        01:02     
[0.874 0.872 0.864 0.866 0.85  0.86  0.874 0.87  0.852 0.844]
mean = 0.8626000285148621, std = 0.01020000223070383, ci-95 = (0.8549086690070312, 0.870291340338977)
/home/yangyouucb/.fastai/data/imagenette-160
epoch     train_loss  valid_loss  accuracy  top_k_accuracy  time    
0         1.635222    3.891160    0.228000  0.714000        00:59     
1         1.427893    2.414850    0.360000  0.898000        01:01     
2         1.309444    1.245581    0.676000  0.972000        01:04     
3         1.132649    1.178655    0.706000  0.976000        01:01     
4         0.983200    0.871662    0.864000  0.984000        01:03     
/home/yangyouucb/.fastai/data/imagenette-160
epoch     train_loss  valid_loss  accuracy  top_k_accuracy  time    
0         1.645693    1.857749    0.460000  0.876000        01:00     
1         1.446166    2.485748    0.456000  0.892000        01:03     
2         1.315594    1.415236    0.630000  0.954000        01:02     
3         1.135793    0.995484    0.804000  0.976000        01:03     
4         0.988260    0.883539    0.860000  0.990000        01:05     
/home/yangyouucb/.fastai/data/imagenette-160
epoch     train_loss  valid_loss  accuracy  top_k_accuracy  time    
0         1.618600    3.207742    0.324000  0.792000        00:59     
1         1.442934    2.027996    0.428000  0.882000        01:00     
2         1.309652    1.493551    0.578000  0.926000        01:02     
3         1.126777    0.965784    0.808000  0.982000        01:00     
4         0.976249    0.862733    0.858000  0.994000        01:03     
/home/yangyouucb/.fastai/data/imagenette-160
epoch     train_loss  valid_loss  accuracy  top_k_accuracy  time    
0         1.627510    2.030776    0.442000  0.876000        01:01     
1         1.453067    1.663452    0.554000  0.890000        01:00     
2         1.308873    1.427393    0.610000  0.944000        01:02     
3         1.118002    0.948358    0.820000  0.984000        01:02     
4         0.983404    0.868573    0.864000  0.990000        01:00     
/home/yangyouucb/.fastai/data/imagenette-160
epoch     train_loss  valid_loss  accuracy  top_k_accuracy  time    
0         1.621157    1.912981    0.538000  0.902000        01:01     
1         1.432462    3.808850    0.282000  0.698000        01:01     
2         1.304622    1.254115    0.696000  0.954000        01:01     
3         1.137563    1.039125    0.782000  0.976000        01:02     
4         0.990279    0.856537    0.864000  0.986000        01:04     
/home/yangyouucb/.fastai/data/imagenette-160
epoch     train_loss  valid_loss  accuracy  top_k_accuracy  time    
0         1.630792    2.164951    0.452000  0.828000        00:59     
1         1.465884    1.781001    0.474000  0.868000        01:00     
2         1.316256    1.291305    0.652000  0.966000        01:00     
3         1.132928    1.003414    0.798000  0.970000        01:00     
4         0.978223    0.873856    0.864000  0.988000        01:02     
/home/yangyouucb/.fastai/data/imagenette-160
epoch     train_loss  valid_loss  accuracy  top_k_accuracy  time    
0         1.623752    2.269299    0.390000  0.834000        01:00     
1         1.415555    1.753746    0.520000  0.910000        00:59     
2         1.312794    1.592993    0.590000  0.900000        01:01     
3         1.123377    0.994129    0.812000  0.980000        01:03     
4         0.990796    0.855044    0.872000  0.990000        01:03     
/home/yangyouucb/.fastai/data/imagenette-160
epoch     train_loss  valid_loss  accuracy  top_k_accuracy  time    
0         1.626680    2.015433    0.484000  0.882000        00:59     
1         1.464505    1.771018    0.516000  0.908000        01:00     
2         1.303484    1.551254    0.546000  0.950000        01:01     
3         1.112609    0.996731    0.812000  0.978000        01:03     
4         0.973139    0.863299    0.862000  0.986000        01:03     
/home/yangyouucb/.fastai/data/imagenette-160
epoch     train_loss  valid_loss  accuracy  top_k_accuracy  time    
0         1.622888    1.759399    0.504000  0.850000        00:59     
1         1.440570    1.696191    0.554000  0.900000        01:01     
2         1.296566    1.864960    0.518000  0.888000        01:02     
3         1.113927    1.039203    0.792000  0.980000        01:01     
4         0.978339    0.858846    0.866000  0.986000        01:00     
/home/yangyouucb/.fastai/data/imagenette-160
epoch     train_loss  valid_loss  accuracy  top_k_accuracy  time    
0         1.629140    1.750605    0.540000  0.878000        01:01     
1         1.457122    1.702568    0.524000  0.890000        01:02     
2         1.306224    2.042571    0.506000  0.898000        01:01     
3         1.136896    0.992067    0.808000  0.980000        01:02     
4         0.981785    0.886271    0.850000  0.986000        00:59     
[0.864 0.86  0.858 0.864 0.864 0.864 0.872 0.862 0.866 0.85 ]
mean = 0.8624000549316406, std = 0.005425858311355114, ci-95 = (0.8583086258605568, 0.8664913886352927)
/home/yangyouucb/.fastai/data/imagenette-160
epoch     train_loss  valid_loss  accuracy  top_k_accuracy  time    
0         1.618127    1.906219    0.502000  0.896000        00:59     
1         1.451069    1.814744    0.528000  0.890000        01:01     
2         1.295150    1.754272    0.528000  0.848000        01:00     
3         1.123352    1.079031    0.766000  0.972000        01:01     
4         0.991135    0.873727    0.868000  0.988000        01:02     
/home/yangyouucb/.fastai/data/imagenette-160
epoch     train_loss  valid_loss  accuracy  top_k_accuracy  time    
0         1.624113    2.017669    0.444000  0.890000        01:01     
1         1.472341    1.707134    0.594000  0.930000        01:01     
2         1.327867    1.406018    0.616000  0.958000        01:00     
3         1.147118    1.027264    0.796000  0.978000        01:01     
4         0.981590    0.875545    0.852000  0.988000        01:02     
/home/yangyouucb/.fastai/data/imagenette-160
epoch     train_loss  valid_loss  accuracy  top_k_accuracy  time    
0         1.618883    1.946797    0.472000  0.898000        01:01     
1         1.457900    2.391103    0.360000  0.804000        01:00     
2         1.305923    1.155071    0.716000  0.974000        01:00     
3         1.147437    1.056773    0.786000  0.972000        01:03     
4         0.986445    0.885309    0.878000  0.986000        01:01     
/home/yangyouucb/.fastai/data/imagenette-160
epoch     train_loss  valid_loss  accuracy  top_k_accuracy  time    
0         1.640841    2.015607    0.444000  0.878000        01:00     
1         1.445956    1.568117    0.576000  0.896000        01:00     
2         1.312640    1.429351    0.630000  0.936000        01:02     
3         1.109210    0.974235    0.842000  0.972000        01:01     
4         0.984763    0.876801    0.876000  0.982000        01:01     
/home/yangyouucb/.fastai/data/imagenette-160
epoch     train_loss  valid_loss  accuracy  top_k_accuracy  time    
0         1.637111    3.203944    0.316000  0.836000        00:59     
1         1.432621    1.820963    0.446000  0.892000        00:59     
2         1.308101    1.398692    0.656000  0.960000        01:01     
3         1.141935    1.128132    0.746000  0.984000        01:03     
4         0.987363    0.871817    0.862000  0.990000        01:00     
/home/yangyouucb/.fastai/data/imagenette-160
epoch     train_loss  valid_loss  accuracy  top_k_accuracy  time    
0         1.593413    2.612300    0.400000  0.808000        01:00     
1         1.439839    2.130642    0.434000  0.850000        01:01     
2         1.305047    1.606161    0.582000  0.934000        01:01     
3         1.121021    0.962476    0.824000  0.978000        01:04     
4         0.984668    0.859837    0.870000  0.990000        01:03     
/home/yangyouucb/.fastai/data/imagenette-160
epoch     train_loss  valid_loss  accuracy  top_k_accuracy  time    
0         1.658837    2.253955    0.414000  0.778000        01:01     
1         1.433301    1.866010    0.506000  0.914000        01:02     
2         1.303688    1.698574    0.584000  0.934000        01:02     
3         1.136668    1.000844    0.788000  0.984000        01:01     
4         0.975854    0.865328    0.858000  0.986000        01:03     
/home/yangyouucb/.fastai/data/imagenette-160
epoch     train_loss  valid_loss  accuracy  top_k_accuracy  time    
0         1.614891    2.608142    0.294000  0.794000        01:02     
1         1.440400    1.451746    0.616000  0.930000        01:01     
2         1.296690    2.101793    0.446000  0.854000        01:01     
3         1.133591    1.054343    0.796000  0.978000        01:01     
4         0.982623    0.876444    0.858000  0.988000        01:02     
/home/yangyouucb/.fastai/data/imagenette-160
epoch     train_loss  valid_loss  accuracy  top_k_accuracy  time    
0         1.624270    2.834317    0.340000  0.850000        01:00     
1         1.453996    1.721573    0.522000  0.900000        01:02     
2         1.313145    1.747900    0.522000  0.896000        01:00     
3         1.132418    0.973575    0.818000  0.988000        01:02     
4         0.984080    0.884761    0.858000  0.990000        01:01     
/home/yangyouucb/.fastai/data/imagenette-160
epoch     train_loss  valid_loss  accuracy  top_k_accuracy  time    
0         1.629778    2.281859    0.456000  0.820000        01:01     
1         1.431975    2.208723    0.426000  0.852000        01:01     
2         1.321707    1.577268    0.570000  0.924000        01:02     
3         1.139942    1.030095    0.788000  0.972000        01:02     
4         0.983931    0.869347    0.862000  0.986000        01:01     
[0.868 0.852 0.878 0.876 0.862 0.87  0.858 0.858 0.858 0.862]
mean = 0.8641999959945679, std = 0.008072180673480034, ci-95 = (0.8581131429847974, 0.8702868370834095)
/home/yangyouucb/.fastai/data/imagenette-160
epoch     train_loss  valid_loss  accuracy  top_k_accuracy  time    
0         1.614021    2.386129    0.340000  0.816000        01:03     
1         1.448022    1.936633    0.450000  0.844000        00:57     
2         1.294644    1.471427    0.618000  0.948000        01:03     
3         1.133385    1.028210    0.794000  0.974000        01:03     
4         0.979136    0.879804    0.856000  0.984000        01:03     
/home/yangyouucb/.fastai/data/imagenette-160
epoch     train_loss  valid_loss  accuracy  top_k_accuracy  time    
0         1.587359    2.530221    0.302000  0.816000        01:01     
1         1.433012    1.951175    0.458000  0.868000        00:59     
2         1.309964    1.422591    0.616000  0.940000        00:59     
3         1.127092    1.022374    0.782000  0.980000        01:02     
4         0.989673    0.872352    0.860000  0.994000        01:02     
/home/yangyouucb/.fastai/data/imagenette-160
epoch     train_loss  valid_loss  accuracy  top_k_accuracy  time    
0         1.612645    2.105497    0.432000  0.892000        00:59     
1         1.426655    1.992856    0.456000  0.846000        01:01     
2         1.314207    1.556207    0.576000  0.944000        01:03     
3         1.146957    1.018625    0.790000  0.978000        01:02     
4         0.985610    0.872383    0.858000  0.988000        01:00     
/home/yangyouucb/.fastai/data/imagenette-160
epoch     train_loss  valid_loss  accuracy  top_k_accuracy  time    
0         1.665954    1.750220    0.484000  0.888000        01:01     
1         1.446964    1.615992    0.540000  0.914000        01:00     
2         1.306126    1.792596    0.486000  0.898000        01:02     
3         1.135494    1.024117    0.788000  0.978000        01:03     
4         0.980355    0.881073    0.866000  0.986000        01:04     
/home/yangyouucb/.fastai/data/imagenette-160
epoch     train_loss  valid_loss  accuracy  top_k_accuracy  time    
0         1.639201    2.387825    0.414000  0.794000        01:02     
1         1.446201    1.772877    0.548000  0.874000        00:58     
2         1.310781    1.528157    0.610000  0.930000        01:01     
3         1.121288    0.988004    0.796000  0.982000        01:01     
4         0.984983    0.875843    0.866000  0.988000        01:03     
/home/yangyouucb/.fastai/data/imagenette-160
epoch     train_loss  valid_loss  accuracy  top_k_accuracy  time    
0         1.607741    2.643355    0.298000  0.822000        01:00     
1         1.418229    1.918374    0.496000  0.886000        00:58     
2         1.299644    1.472340    0.620000  0.914000        01:02     
3         1.116687    1.080946    0.762000  0.974000        01:02     
4         0.970841    0.867572    0.866000  0.986000        01:02     
/home/yangyouucb/.fastai/data/imagenette-160
epoch     train_loss  valid_loss  accuracy  top_k_accuracy  time    
0         1.614689    2.297038    0.390000  0.886000        01:02     
1         1.444098    1.549008    0.588000  0.922000        01:02     
2         1.300457    1.590552    0.526000  0.934000        01:02     
3         1.106196    1.071704    0.774000  0.976000        01:02     
4         0.972977    0.863348    0.864000  0.988000        01:01     
/home/yangyouucb/.fastai/data/imagenette-160
epoch     train_loss  valid_loss  accuracy  top_k_accuracy  time    
0         1.607933    1.776701    0.470000  0.934000        01:01     
1         1.457077    2.031798    0.416000  0.838000        01:01     
2         1.322777    2.175764    0.412000  0.822000        01:02     
3         1.133370    0.971455    0.824000  0.982000        01:02     
4         0.983189    0.875753    0.864000  0.984000        01:01     
/home/yangyouucb/.fastai/data/imagenette-160
epoch     train_loss  valid_loss  accuracy  top_k_accuracy  time    
0         1.606655    2.172966    0.406000  0.826000        01:01     
1         1.444413    2.068111    0.462000  0.876000        00:59     
2         1.332856    1.757846    0.514000  0.890000        01:02     
3         1.125009    1.062765    0.786000  0.966000        01:02     
4         0.968023    0.881281    0.852000  0.988000        01:01     
/home/yangyouucb/.fastai/data/imagenette-160
epoch     train_loss  valid_loss  accuracy  top_k_accuracy  time    
0         1.620572    1.725761    0.544000  0.918000        01:01     
1         1.442754    2.172225    0.412000  0.886000        01:00     
2         1.308865    1.499471    0.600000  0.932000        00:59     
3         1.132315    0.971174    0.818000  0.982000        01:04     
4         0.982458    0.885721    0.848000  0.988000        01:02     
[0.856 0.86  0.858 0.866 0.866 0.866 0.864 0.864 0.852 0.848]
mean = 0.85999995470047, std = 0.0060663046315312386, ci-95 = (0.8554256907571929, 0.8645743140111788)
/home/yangyouucb/.fastai/data/imagenette-160
epoch     train_loss  valid_loss  accuracy  top_k_accuracy  time    
0         1.633470    2.110599    0.402000  0.890000        01:05     
1         1.450889    1.569469    0.568000  0.924000        00:58     
2         1.292869    1.490013    0.588000  0.948000        00:58     
3         1.117189    0.985593    0.820000  0.980000        01:03     
4         0.977439    0.876320    0.868000  0.984000        01:01     
/home/yangyouucb/.fastai/data/imagenette-160
epoch     train_loss  valid_loss  accuracy  top_k_accuracy  time    
0         1.607903    2.154002    0.420000  0.836000        01:02     
1         1.437331    1.812489    0.476000  0.880000        01:00     
2         1.303236    1.417240    0.606000  0.948000        01:03     
3         1.135368    1.059612    0.774000  0.980000        01:02     
4         0.990945    0.870852    0.860000  0.992000        01:00     
/home/yangyouucb/.fastai/data/imagenette-160
epoch     train_loss  valid_loss  accuracy  top_k_accuracy  time    
0         1.615082    2.916831    0.292000  0.726000        01:01     
1         1.430635    1.361428    0.642000  0.942000        01:00     
2         1.307556    1.498149    0.570000  0.934000        01:01     
3         1.132978    1.049454    0.774000  0.972000        01:02     
4         0.988367    0.871734    0.846000  0.980000        01:02     
/home/yangyouucb/.fastai/data/imagenette-160
epoch     train_loss  valid_loss  accuracy  top_k_accuracy  time    
0         1.647896    2.063602    0.454000  0.806000        01:01     
1         1.472955    2.144131    0.444000  0.832000        01:02     
2         1.305477    1.635795    0.544000  0.930000        01:02     
3         1.133045    0.991939    0.828000  0.982000        01:02     
4         0.984587    0.884994    0.866000  0.980000        01:02     
/home/yangyouucb/.fastai/data/imagenette-160
epoch     train_loss  valid_loss  accuracy  top_k_accuracy  time    
0         1.611065    1.632729    0.548000  0.912000        01:01     
1         1.431669    2.049271    0.428000  0.894000        01:02     
2         1.310224    1.645096    0.556000  0.920000        01:01     
3         1.149916    0.969312    0.816000  0.974000        01:01     
4         0.996466    0.874834    0.866000  0.982000        01:04     
/home/yangyouucb/.fastai/data/imagenette-160
epoch     train_loss  valid_loss  accuracy  top_k_accuracy  time    
0         1.634948    1.785999    0.468000  0.866000        01:00     
1         1.454811    1.839605    0.438000  0.898000        01:01     
2         1.313152    1.139819    0.754000  0.966000        01:00     
3         1.142925    1.012734    0.798000  0.978000        01:03     
4         0.980041    0.880878    0.854000  0.986000        01:02     
/home/yangyouucb/.fastai/data/imagenette-160
epoch     train_loss  valid_loss  accuracy  top_k_accuracy  time    
0         1.614801    1.909260    0.480000  0.896000        01:01     
1         1.461119    1.940705    0.512000  0.914000        01:01     
2         1.315559    1.871113    0.548000  0.870000        01:01     
3         1.159241    1.065332    0.778000  0.958000        01:02     
4         0.982190    0.896940    0.854000  0.982000        01:03     
/home/yangyouucb/.fastai/data/imagenette-160
epoch     train_loss  valid_loss  accuracy  top_k_accuracy  time    
0         1.634088    3.526110    0.342000  0.760000        01:00     
1         1.459356    2.036327    0.470000  0.864000        01:02     
2         1.309525    1.436170    0.630000  0.936000        01:00     
3         1.130673    1.062174    0.778000  0.978000        01:03     
4         0.996596    0.882861    0.854000  0.986000        01:03     
/home/yangyouucb/.fastai/data/imagenette-160
epoch     train_loss  valid_loss  accuracy  top_k_accuracy  time    
0         1.628247    2.135805    0.428000  0.896000        01:00     
1         1.457373    1.816849    0.494000  0.910000        01:01     
2         1.341486    1.850465    0.470000  0.848000        01:02     
3         1.134999    1.057104    0.782000  0.978000        01:05     
4         1.008387    0.884275    0.852000  0.990000        01:02     
/home/yangyouucb/.fastai/data/imagenette-160
epoch     train_loss  valid_loss  accuracy  top_k_accuracy  time    
0         1.617746    1.755489    0.512000  0.876000        01:03     
1         1.449095    2.274362    0.424000  0.864000        01:01     
2         1.300365    1.394511    0.638000  0.954000        01:00     
3         1.128961    1.088643    0.758000  0.960000        01:01     
4         0.986235    0.880755    0.858000  0.982000        01:00     
[0.868 0.86  0.846 0.866 0.866 0.854 0.854 0.854 0.852 0.858]
mean = 0.8578000068664551, std = 0.006779377814382315, ci-95 = (0.8526879829477405, 0.8629119950223827)
/home/yangyouucb/.fastai/data/imagenette-160
epoch     train_loss  valid_loss  accuracy  top_k_accuracy  time    
0         1.598446    3.202091    0.336000  0.774000        01:02     
1         1.455070    1.444184    0.606000  0.952000        01:00     
2         1.320976    1.799035    0.546000  0.866000        00:57     
3         1.138109    1.008394    0.812000  0.980000        01:01     
4         0.977982    0.875150    0.850000  0.990000        01:00     
/home/yangyouucb/.fastai/data/imagenette-160
epoch     train_loss  valid_loss  accuracy  top_k_accuracy  time    
0         1.614150    1.915453    0.504000  0.920000        01:01     
1         1.443611    1.847655    0.506000  0.860000        01:01     
2         1.322365    1.621816    0.548000  0.942000        00:59     
3         1.155666    0.996418    0.814000  0.982000        01:01     
4         0.990230    0.882469    0.852000  0.988000        00:59     
/home/yangyouucb/.fastai/data/imagenette-160
epoch     train_loss  valid_loss  accuracy  top_k_accuracy  time    
0         1.641788    1.765284    0.534000  0.892000        01:00     
1         1.461495    1.973204    0.454000  0.862000        01:02     
2         1.314856    1.365299    0.604000  0.968000        00:59     
3         1.135606    1.067549    0.780000  0.966000        01:01     
4         0.969878    0.866863    0.864000  0.992000        01:01     
/home/yangyouucb/.fastai/data/imagenette-160
epoch     train_loss  valid_loss  accuracy  top_k_accuracy  time    
0         1.619795    1.846764    0.490000  0.922000        01:02     
1         1.457222    2.422366    0.436000  0.888000        01:02     
2         1.303637    1.381733    0.682000  0.940000        01:02     
3         1.135341    0.999544    0.818000  0.988000        01:02     
4         0.988030    0.870555    0.860000  0.988000        01:01     
/home/yangyouucb/.fastai/data/imagenette-160
epoch     train_loss  valid_loss  accuracy  top_k_accuracy  time    
0         1.621127    2.477560    0.440000  0.832000        01:01     
1         1.413970    1.570501    0.608000  0.934000        00:59     
2         1.304922    1.808990    0.518000  0.890000        01:01     
3         1.135755    1.045374    0.786000  0.980000        00:59     
4         0.977687    0.884471    0.854000  0.988000        00:59     
/home/yangyouucb/.fastai/data/imagenette-160
epoch     train_loss  valid_loss  accuracy  top_k_accuracy  time    
0         1.634500    1.996431    0.482000  0.894000        00:59     
1         1.462143    2.765049    0.418000  0.904000        01:02     
2         1.306670    1.606329    0.586000  0.930000        00:58     
3         1.125891    1.021320    0.806000  0.970000        00:58     
4         0.976787    0.878940    0.868000  0.992000        01:00     
/home/yangyouucb/.fastai/data/imagenette-160
epoch     train_loss  valid_loss  accuracy  top_k_accuracy  time    
0         1.588164    2.419885    0.426000  0.902000        01:02     
1         1.425280    1.958195    0.492000  0.892000        01:02     
2         1.305764    1.801285    0.484000  0.928000        01:02     
3         1.127114    1.146527    0.748000  0.980000        00:59     
4         0.973425    0.861128    0.866000  0.982000        01:02     
/home/yangyouucb/.fastai/data/imagenette-160
epoch     train_loss  valid_loss  accuracy  top_k_accuracy  time    
0         1.608327    2.852484    0.284000  0.780000        01:00     
1         1.458703    2.446424    0.470000  0.800000        01:00     
2         1.305414    2.154410    0.390000  0.856000        01:01     
3         1.137419    1.039471    0.790000  0.982000        01:01     
4         0.979281    0.882345    0.844000  0.990000        01:01     
/home/yangyouucb/.fastai/data/imagenette-160
epoch     train_loss  valid_loss  accuracy  top_k_accuracy  time    
0         1.611673    1.821605    0.464000  0.878000        00:58     
1         1.420916    2.100411    0.464000  0.808000        00:59     
2         1.324149    1.548390    0.550000  0.908000        01:01     
3         1.112240    1.022279    0.796000  0.980000        01:02     
4         0.993931    0.873820    0.870000  0.984000        01:01     
/home/yangyouucb/.fastai/data/imagenette-160
epoch     train_loss  valid_loss  accuracy  top_k_accuracy  time    
0         1.654896    2.768432    0.332000  0.746000        01:02     
1         1.455990    1.824892    0.578000  0.888000        01:02     
2         1.332667    1.623424    0.516000  0.924000        01:01     
3         1.144925    1.185649    0.724000  0.970000        01:01     
4         1.001076    0.890542    0.848000  0.986000        01:00     
[0.85  0.852 0.864 0.86  0.854 0.868 0.866 0.844 0.87  0.848]
mean = 0.8575999140739441, std = 0.008708618581295013, ci-95 = (0.8510332429550539, 0.8641667520858397)
/home/yangyouucb/.fastai/data/imagenette-160
epoch     train_loss  valid_loss  accuracy  top_k_accuracy  time    
0         1.623686    1.883129    0.488000  0.880000        01:01     
1         1.441142    1.694088    0.548000  0.944000        01:01     
2         1.318118    1.382147    0.636000  0.938000        01:02     
3         1.124806    1.065403    0.786000  0.980000        01:00     
4         0.975770    0.862901    0.866000  0.990000        01:01     
/home/yangyouucb/.fastai/data/imagenette-160
epoch     train_loss  valid_loss  accuracy  top_k_accuracy  time    
0         1.618643    1.702266    0.532000  0.900000        00:59     
1         1.456282    1.650770    0.574000  0.920000        01:02     
2         1.313987    1.322307    0.676000  0.950000        01:02     
3         1.143366    1.022045    0.782000  0.976000        01:00     
4         0.986370    0.886528    0.854000  0.988000        01:02     
/home/yangyouucb/.fastai/data/imagenette-160
epoch     train_loss  valid_loss  accuracy  top_k_accuracy  time    
0         1.617587    2.622078    0.420000  0.828000        01:01     
1         1.430406    1.980403    0.452000  0.896000        01:02     
2         1.310661    1.463213    0.598000  0.932000        01:02     
3         1.138590    1.058400    0.774000  0.974000        01:01     
4         0.980080    0.885038    0.856000  0.986000        01:05     
/home/yangyouucb/.fastai/data/imagenette-160
epoch     train_loss  valid_loss  accuracy  top_k_accuracy  time    
0         1.644181    1.687554    0.526000  0.916000        01:02     
1         1.456425    1.470052    0.642000  0.918000        01:00     
2         1.338073    1.156763    0.770000  0.966000        01:04     
3         1.110365    1.137739    0.736000  0.970000        01:03     
4         0.974708    0.872438    0.860000  0.984000        01:04     
/home/yangyouucb/.fastai/data/imagenette-160
epoch     train_loss  valid_loss  accuracy  top_k_accuracy  time    
0         1.623509    1.809116    0.490000  0.896000        01:00     
1         1.443346    2.800995    0.354000  0.788000        01:02     
2         1.303315    1.471016    0.578000  0.950000        01:03     
3         1.124655    1.132931    0.732000  0.976000        01:02     
4         0.983050    0.883771    0.860000  0.984000        01:02     
/home/yangyouucb/.fastai/data/imagenette-160
epoch     train_loss  valid_loss  accuracy  top_k_accuracy  time    
0         1.605114    1.715062    0.516000  0.884000        01:01     
1         1.445023    1.354408    0.658000  0.942000        01:02     
2         1.294327    1.405293    0.662000  0.944000        01:02     
3         1.131387    0.992172    0.788000  0.988000        01:03     
4         0.977681    0.866400    0.862000  0.990000        01:01     
/home/yangyouucb/.fastai/data/imagenette-160
epoch     train_loss  valid_loss  accuracy  top_k_accuracy  time    
0         1.602345    1.696278    0.512000  0.904000        01:03     
1         1.429746    2.134413    0.470000  0.880000        01:01     
2         1.300853    1.696242    0.524000  0.922000        01:05     
3         1.133237    1.075828    0.786000  0.982000        01:03     
4         0.970623    0.870465    0.854000  0.986000        01:02     
/home/yangyouucb/.fastai/data/imagenette-160
epoch     train_loss  valid_loss  accuracy  top_k_accuracy  time    
0         1.603246    2.706536    0.370000  0.842000        01:04     
1         1.437151    2.576551    0.348000  0.874000        01:02     
2         1.327510    1.671057    0.476000  0.940000        01:00     
3         1.107728    0.978903    0.818000  0.976000        01:03     
4         0.973186    0.850192    0.870000  0.990000        01:02     
/home/yangyouucb/.fastai/data/imagenette-160
epoch     train_loss  valid_loss  accuracy  top_k_accuracy  time    
0         1.593651    3.038390    0.348000  0.872000        01:02     
1         1.442086    1.727463    0.518000  0.916000        01:02     
2         1.301384    1.275778    0.688000  0.966000        01:02     
3         1.142313    1.034454    0.768000  0.976000        01:01     
4         0.968179    0.853458    0.864000  0.988000        01:05     
/home/yangyouucb/.fastai/data/imagenette-160
epoch     train_loss  valid_loss  accuracy  top_k_accuracy  time    
0         1.629783    2.247970    0.454000  0.870000        01:02     
1         1.428654    1.923298    0.458000  0.876000        01:04     
2         1.304707    2.119750    0.356000  0.876000        01:04     
3         1.139376    0.983586    0.814000  0.986000        01:04     
4         0.987818    0.886281    0.854000  0.984000        01:03     
[0.866 0.854 0.856 0.86  0.86  0.862 0.854 0.87  0.864 0.854]
mean = 0.85999995470047, std = 0.005291513632982969, ci-95 = (0.8560099181650136, 0.8639900746824289)
/home/yangyouucb/.fastai/data/imagenette-160
epoch     train_loss  valid_loss  accuracy  top_k_accuracy  time    
0         1.650193    2.096939    0.438000  0.894000        01:05     
1         1.436054    1.947801    0.468000  0.876000        01:02     
2         1.315956    1.376441    0.636000  0.946000        01:01     
3         1.148264    1.026609    0.784000  0.982000        01:01     
4         0.985785    0.873478    0.860000  0.982000        01:00     
/home/yangyouucb/.fastai/data/imagenette-160
epoch     train_loss  valid_loss  accuracy  top_k_accuracy  time    
0         1.624182    2.526885    0.312000  0.798000        00:56     
1         1.431681    1.615021    0.532000  0.912000        01:00     
2         1.319845    1.320110    0.644000  0.970000        00:59     
3         1.117125    1.011209    0.794000  0.984000        01:02     
4         0.982662    0.862702    0.858000  0.986000        01:03     
/home/yangyouucb/.fastai/data/imagenette-160
epoch     train_loss  valid_loss  accuracy  top_k_accuracy  time    
0         1.605747    1.785733    0.482000  0.898000        01:02     
1         1.457319    2.443161    0.358000  0.870000        01:01     
2         1.321115    1.433226    0.642000  0.934000        01:03     
3         1.139825    0.980073    0.826000  0.986000        01:01     
4         0.986674    0.867048    0.852000  0.990000        01:03     
/home/yangyouucb/.fastai/data/imagenette-160
epoch     train_loss  valid_loss  accuracy  top_k_accuracy  time    
0         1.613430    3.678757    0.328000  0.766000        01:01     
1         1.466371    2.836389    0.272000  0.838000        01:02     
2         1.313006    1.408500    0.580000  0.948000        01:01     
3         1.121590    1.042835    0.782000  0.976000        01:00     
4         0.996512    0.878572    0.868000  0.988000        01:01     
/home/yangyouucb/.fastai/data/imagenette-160
epoch     train_loss  valid_loss  accuracy  top_k_accuracy  time    
0         1.620382    2.476135    0.412000  0.916000        01:00     
1         1.451234    1.963842    0.470000  0.904000        01:02     
2         1.301129    1.749217    0.494000  0.892000        01:02     
3         1.125878    0.988728    0.814000  0.984000        01:01     
4         0.964624    0.866866    0.850000  0.984000        01:02     
/home/yangyouucb/.fastai/data/imagenette-160
epoch     train_loss  valid_loss  accuracy  top_k_accuracy  time    
0         1.612709    1.974341    0.428000  0.866000        01:01     
1         1.444668    1.967407    0.470000  0.828000        01:01     
2         1.326443    1.406264    0.588000  0.944000        01:01     
3         1.122992    1.068859    0.780000  0.972000        01:02     
4         0.990060    0.885032    0.856000  0.986000        01:00     
/home/yangyouucb/.fastai/data/imagenette-160
epoch     train_loss  valid_loss  accuracy  top_k_accuracy  time    
0         1.630913    2.382963    0.400000  0.822000        01:02     
1         1.456625    1.653609    0.562000  0.934000        01:01     
2         1.285040    1.456127    0.656000  0.910000        01:01     
3         1.124910    1.053607    0.770000  0.982000        01:01     
4         0.970864    0.872701    0.860000  0.992000        01:01     
/home/yangyouucb/.fastai/data/imagenette-160
epoch     train_loss  valid_loss  accuracy  top_k_accuracy  time    
0         1.654487    1.900262    0.526000  0.900000        01:00     
1         1.453397    1.683891    0.532000  0.898000        01:00     
2         1.317784    2.202132    0.426000  0.858000        01:03     
3         1.137243    1.079511    0.768000  0.970000        01:02     
4         0.995416    0.887799    0.858000  0.988000        01:03     
/home/yangyouucb/.fastai/data/imagenette-160
epoch     train_loss  valid_loss  accuracy  top_k_accuracy  time    
0         1.616336    3.281039    0.332000  0.866000        01:01     
1         1.443942    2.114992    0.482000  0.896000        01:01     
2         1.309752    1.338860    0.670000  0.954000        01:03     
3         1.130693    1.018808    0.802000  0.976000        01:03     
4         0.985858    0.875298    0.858000  0.990000        01:02     
/home/yangyouucb/.fastai/data/imagenette-160
epoch     train_loss  valid_loss  accuracy  top_k_accuracy  time    
0         1.618486    2.921652    0.326000  0.718000        01:03     
1         1.441363    1.767518    0.516000  0.950000        01:01     
2         1.296140    2.029889    0.466000  0.830000        01:02     
3         1.132810    1.020517    0.804000  0.982000        01:02     
4         0.970325    0.871316    0.868000  0.990000        01:02     
[0.86  0.858 0.852 0.868 0.85  0.856 0.86  0.858 0.858 0.868]
mean = 0.858799934387207, std = 0.005528097972273827, ci-95 = (0.8546315185586315, 0.8629684694250721)
/home/yangyouucb/.fastai/data/imagenette-160
epoch     train_loss  valid_loss  accuracy  top_k_accuracy  time    
0         1.607314    1.710260    0.522000  0.934000        01:04     
1         1.420012    1.564526    0.556000  0.930000        01:03     
2         1.301010    1.564922    0.562000  0.914000        01:00     
3         1.119138    0.967358    0.806000  0.980000        01:03     
4         0.980483    0.873380    0.860000  0.984000        01:01     
/home/yangyouucb/.fastai/data/imagenette-160
epoch     train_loss  valid_loss  accuracy  top_k_accuracy  time    
0         1.616422    2.091682    0.458000  0.786000        01:02     
1         1.448942    2.107636    0.460000  0.818000        00:59     
2         1.304769    1.433117    0.606000  0.942000        01:03     
3         1.136628    1.007128    0.802000  0.976000        01:03     
4         0.967284    0.859816    0.846000  0.994000        01:03     
/home/yangyouucb/.fastai/data/imagenette-160
epoch     train_loss  valid_loss  accuracy  top_k_accuracy  time    
0         1.619251    2.314797    0.358000  0.762000        01:00     
1         1.435075    1.665007    0.558000  0.924000        01:01     
2         1.302389    1.637107    0.572000  0.934000        01:02     
3         1.124282    1.242570    0.692000  0.960000        01:03     
4         0.967411    0.873235    0.858000  0.990000        01:02     
/home/yangyouucb/.fastai/data/imagenette-160
epoch     train_loss  valid_loss  accuracy  top_k_accuracy  time    
0         1.623518    2.152554    0.496000  0.904000        01:02     
1         1.433322    2.081574    0.452000  0.808000        01:02     
2         1.303669    1.770990    0.550000  0.944000        01:04     
3         1.119076    1.043440    0.774000  0.976000        01:03     
4         0.978663    0.877282    0.860000  0.986000        01:04     
/home/yangyouucb/.fastai/data/imagenette-160
epoch     train_loss  valid_loss  accuracy  top_k_accuracy  time    
0         1.617521    1.876984    0.494000  0.878000        01:01     
1         1.446686    2.097621    0.460000  0.872000        01:02     
2         1.305465    1.146632    0.760000  0.972000        01:01     
3         1.135545    1.004963    0.806000  0.972000        01:02     
4         0.983526    0.871193    0.856000  0.986000        01:03     
/home/yangyouucb/.fastai/data/imagenette-160
epoch     train_loss  valid_loss  accuracy  top_k_accuracy  time    
0         1.624009    2.470567    0.430000  0.794000        01:04     
1         1.448548    2.112629    0.450000  0.918000        01:02     
2         1.289217    1.552854    0.580000  0.936000        01:04     
3         1.121089    0.978932    0.826000  0.986000        01:02     
4         0.972939    0.859741    0.872000  0.986000        01:00     
/home/yangyouucb/.fastai/data/imagenette-160
epoch     train_loss  valid_loss  accuracy  top_k_accuracy  time    
0         1.595279    2.075989    0.468000  0.876000        01:03     
1         1.470921    1.938525    0.442000  0.918000        01:03     
2         1.301835    1.934383    0.472000  0.926000        01:03     
3         1.121499    1.103166    0.760000  0.970000        01:05     
4         0.974586    0.876636    0.862000  0.988000        01:03     
/home/yangyouucb/.fastai/data/imagenette-160
epoch     train_loss  valid_loss  accuracy  top_k_accuracy  time    
0         1.631266    2.566385    0.376000  0.758000        01:01     
1         1.442698    1.930730    0.456000  0.834000        01:03     
2         1.321843    1.166482    0.760000  0.964000        01:04     
3         1.126962    1.122674    0.744000  0.964000        01:03     
4         0.985302    0.886486    0.854000  0.986000        01:03     
/home/yangyouucb/.fastai/data/imagenette-160
epoch     train_loss  valid_loss  accuracy  top_k_accuracy  time    
0         1.623202    2.227324    0.510000  0.850000        01:03     
1         1.450388    2.418900    0.432000  0.866000        01:03     
2         1.309655    1.581035    0.562000  0.914000        01:03     
3         1.138659    1.012132    0.796000  0.970000        01:03     
4         0.978144    0.878397    0.856000  0.986000        01:03     
/home/yangyouucb/.fastai/data/imagenette-160
epoch     train_loss  valid_loss  accuracy  top_k_accuracy  time    
0         1.626498    2.023219    0.484000  0.894000        01:03     
1         1.460681    2.197158    0.474000  0.882000        01:01     
2         1.288508    1.547409    0.558000  0.916000        01:02     
3         1.113289    1.181127    0.734000  0.958000        01:03     
4         0.983794    0.879705    0.856000  0.986000        01:02     
[0.86  0.846 0.858 0.86  0.856 0.872 0.862 0.854 0.856 0.856]
mean = 0.8579999804496765, std = 0.006260983645915985, ci-95 = (0.853278888408805, 0.862721108253335)
/home/yangyouucb/.fastai/data/imagenette-160
epoch     train_loss  valid_loss  accuracy  top_k_accuracy  time    
0         1.646290    1.829966    0.484000  0.882000        01:05     
1         1.450065    1.464819    0.624000  0.930000        01:01     
2         1.327132    1.594796    0.558000  0.878000        01:02     
3         1.120853    1.126094    0.744000  0.962000        01:05     
4         0.979719    0.877403    0.858000  0.988000        01:01     
/home/yangyouucb/.fastai/data/imagenette-160
epoch     train_loss  valid_loss  accuracy  top_k_accuracy  time    
0         1.638989    3.454107    0.344000  0.818000        01:01     
1         1.447145    1.680199    0.562000  0.936000        01:01     
2         1.313953    1.302314    0.670000  0.958000        01:01     
3         1.115559    1.064163    0.766000  0.970000        01:02     
4         0.986881    0.859478    0.852000  0.992000        01:02     
/home/yangyouucb/.fastai/data/imagenette-160
epoch     train_loss  valid_loss  accuracy  top_k_accuracy  time    
0         1.607006    1.844692    0.428000  0.866000        01:01     
1         1.449868    1.601454    0.540000  0.918000        01:03     
2         1.333972    1.283572    0.644000  0.966000        01:02     
3         1.122078    1.051591    0.784000  0.982000        01:03     
4         0.976315    0.870521    0.862000  0.992000        01:02     
/home/yangyouucb/.fastai/data/imagenette-160
epoch     train_loss  valid_loss  accuracy  top_k_accuracy  time    
0         1.653324    2.765229    0.420000  0.724000        01:01     
1         1.449348    1.780437    0.552000  0.864000        01:01     
2         1.319361    1.408087    0.668000  0.918000        01:03     
3         1.129824    1.008801    0.796000  0.982000        01:04     
4         0.976648    0.887018    0.850000  0.986000        01:01     
/home/yangyouucb/.fastai/data/imagenette-160
epoch     train_loss  valid_loss  accuracy  top_k_accuracy  time    
0         1.624606    2.195168    0.426000  0.838000        01:01     
1         1.459042    2.144686    0.376000  0.776000        01:00     
2         1.317013    1.388667    0.636000  0.942000        01:02     
3         1.131847    1.136233    0.744000  0.968000        01:02     
4         0.985242    0.886631    0.858000  0.990000        01:03     
/home/yangyouucb/.fastai/data/imagenette-160
epoch     train_loss  valid_loss  accuracy  top_k_accuracy  time    
0         1.632519    2.217859    0.416000  0.788000        01:02     
1         1.450476    1.982495    0.436000  0.902000        01:01     
2         1.296748    1.401316    0.608000  0.934000        01:01     
3         1.117988    1.261570    0.698000  0.964000        01:02     
4         0.993385    0.873651    0.852000  0.992000        01:02     
/home/yangyouucb/.fastai/data/imagenette-160
epoch     train_loss  valid_loss  accuracy  top_k_accuracy  time    
0         1.641221    1.935475    0.426000  0.842000        01:04     
1         1.440627    2.930164    0.384000  0.884000        01:00     
2         1.286794    1.345829    0.656000  0.962000        01:04     
3         1.112727    1.059099    0.784000  0.958000        01:03     
4         0.981941    0.876623    0.854000  0.990000        01:03     
/home/yangyouucb/.fastai/data/imagenette-160
epoch     train_loss  valid_loss  accuracy  top_k_accuracy  time    
0         1.640244    3.444471    0.284000  0.842000        01:01     
1         1.424500    1.697271    0.516000  0.938000        01:00     
2         1.306816    1.423102    0.634000  0.938000        01:03     
3         1.136541    1.035492    0.784000  0.970000        01:03     
4         0.971133    0.882213    0.852000  0.988000        01:02     
/home/yangyouucb/.fastai/data/imagenette-160
epoch     train_loss  valid_loss  accuracy  top_k_accuracy  time    
0         1.621795    2.562368    0.406000  0.760000        01:02     
1         1.423459    1.879218    0.468000  0.914000        01:01     
2         1.289168    1.406112    0.630000  0.932000        01:02     
3         1.118934    1.020709    0.804000  0.972000        01:04     
4         0.970686    0.868920    0.864000  0.988000        01:03     
/home/yangyouucb/.fastai/data/imagenette-160
epoch     train_loss  valid_loss  accuracy  top_k_accuracy  time    
0         1.613430    2.774981    0.324000  0.832000        01:02     
1         1.455726    1.887561    0.492000  0.848000        00:59     
2         1.304538    1.404558    0.592000  0.926000        01:03     
3         1.141137    1.079169    0.764000  0.976000        01:03     
4         0.985644    0.883648    0.868000  0.984000        01:00     
[0.858 0.852 0.862 0.85  0.858 0.852 0.854 0.852 0.864 0.868]
mean = 0.8569999933242798, std = 0.005744557362049818, ci-95 = (0.8526682962722425, 0.8613316903763171)
/home/yangyouucb/.fastai/data/imagenette-160
epoch     train_loss  valid_loss  accuracy  top_k_accuracy  time    
0         1.610534    2.018476    0.450000  0.932000        01:05     
1         1.433104    1.716720    0.558000  0.890000        01:01     
2         1.312432    1.461916    0.578000  0.938000        01:02     
3         1.125269    1.034310    0.788000  0.978000        01:02     
4         0.980073    0.879951    0.848000  0.988000        00:59     
/home/yangyouucb/.fastai/data/imagenette-160
epoch     train_loss  valid_loss  accuracy  top_k_accuracy  time    
0         1.625736    2.347273    0.408000  0.840000        01:00     
1         1.445316    1.545613    0.592000  0.924000        00:58     
2         1.290545    1.323320    0.652000  0.966000        01:02     
3         1.134669    1.155029    0.726000  0.946000        01:02     
4         0.983053    0.876187    0.870000  0.990000        01:04     
/home/yangyouucb/.fastai/data/imagenette-160
epoch     train_loss  valid_loss  accuracy  top_k_accuracy  time    
0         1.639427    1.708846    0.536000  0.892000        01:02     
1         1.468004    1.585755    0.542000  0.912000        01:01     
2         1.311538    1.476963    0.606000  0.964000        01:02     
3         1.140279    0.973477    0.810000  0.976000        01:04     
4         0.997173    0.885113    0.856000  0.984000        01:03     
/home/yangyouucb/.fastai/data/imagenette-160
epoch     train_loss  valid_loss  accuracy  top_k_accuracy  time    
0         1.637319    1.956865    0.478000  0.894000        01:00     
1         1.453811    1.899201    0.520000  0.896000        01:02     
2         1.305947    1.256549    0.680000  0.956000        01:03     
3         1.118510    0.949282    0.832000  0.980000        01:02     
4         0.981707    0.866854    0.860000  0.988000        01:01     
/home/yangyouucb/.fastai/data/imagenette-160
epoch     train_loss  valid_loss  accuracy  top_k_accuracy  time    
0         1.616463    2.069500    0.394000  0.880000        01:03     
1         1.435369    1.518391    0.606000  0.946000        01:02     
2         1.309538    1.393311    0.612000  0.930000        01:01     
3         1.128329    1.017591    0.798000  0.982000        01:03     
4         0.965986    0.872551    0.858000  0.992000        01:00     
/home/yangyouucb/.fastai/data/imagenette-160
epoch     train_loss  valid_loss  accuracy  top_k_accuracy  time    
0         1.621501    2.182598    0.430000  0.828000        01:01     
1         1.442104    2.209138    0.356000  0.860000        00:59     
2         1.303817    1.255087    0.728000  0.956000        01:01     
3         1.119032    1.033886    0.816000  0.960000        01:01     
4         0.987450    0.874632    0.864000  0.990000        01:02     
/home/yangyouucb/.fastai/data/imagenette-160
epoch     train_loss  valid_loss  accuracy  top_k_accuracy  time    
0         1.610762    2.178837    0.426000  0.840000        01:01     
1         1.433371    1.806202    0.478000  0.912000        01:01     
2         1.308464    1.687090    0.562000  0.910000        01:03     
3         1.129648    1.014906    0.816000  0.980000        01:04     
4         0.978939    0.880274    0.856000  0.994000        01:02     
/home/yangyouucb/.fastai/data/imagenette-160
epoch     train_loss  valid_loss  accuracy  top_k_accuracy  time    
0         1.603498    2.252147    0.352000  0.884000        01:01     
1         1.450970    1.425703    0.614000  0.950000        01:01     
2         1.299336    1.673435    0.546000  0.870000        01:03     
3         1.123980    1.003587    0.808000  0.972000        01:04     
4         0.983624    0.876274    0.848000  0.988000        01:00     
/home/yangyouucb/.fastai/data/imagenette-160
epoch     train_loss  valid_loss  accuracy  top_k_accuracy  time    
0         1.624990    2.143042    0.400000  0.890000        01:01     
1         1.421804    2.103532    0.490000  0.890000        01:02     
2         1.310340    1.312257    0.658000  0.968000        01:03     
3         1.132932    1.119053    0.752000  0.970000        01:03     
4         0.976196    0.880787    0.858000  0.990000        01:03     
/home/yangyouucb/.fastai/data/imagenette-160
epoch     train_loss  valid_loss  accuracy  top_k_accuracy  time    
0         1.627362    2.347885    0.388000  0.814000        01:00     
1         1.437332    1.852957    0.500000  0.900000        00:59     
2         1.307244    1.221738    0.696000  0.960000        01:02     
3         1.116203    0.982426    0.818000  0.980000        01:04     
4         0.992674    0.873961    0.854000  0.988000        01:02     
[0.848 0.87  0.856 0.86  0.858 0.864 0.856 0.848 0.858 0.854]
mean = 0.8571999669075012, std = 0.006337199825793505, ci-95 = (0.8524214164052767, 0.8619785770143705)
/home/yangyouucb/.fastai/data/imagenette-160
epoch     train_loss  valid_loss  accuracy  top_k_accuracy  time    
0         1.601505    2.085164    0.476000  0.866000        01:05     
1         1.461933    1.482810    0.600000  0.926000        01:02     
2         1.315959    1.243740    0.688000  0.968000        01:02     
3         1.155927    1.071644    0.770000  0.980000        01:02     
4         0.987407    0.885852    0.854000  0.990000        01:02     
/home/yangyouucb/.fastai/data/imagenette-160
epoch     train_loss  valid_loss  accuracy  top_k_accuracy  time    
0         1.618986    1.785884    0.516000  0.908000        01:02     
1         1.462275    1.983037    0.478000  0.874000        01:01     
2         1.315021    1.391779    0.646000  0.952000        01:02     
3         1.131858    1.005518    0.810000  0.980000        01:01     
4         0.989435    0.871182    0.858000  0.988000        01:03     
/home/yangyouucb/.fastai/data/imagenette-160
epoch     train_loss  valid_loss  accuracy  top_k_accuracy  time    
0         1.622916    2.065590    0.422000  0.848000        01:02     
1         1.458860    2.403594    0.382000  0.838000        01:02     
2         1.308984    1.847356    0.440000  0.880000        01:03     
3         1.133484    1.171478    0.722000  0.960000        01:05     
4         0.983028    0.886385    0.852000  0.988000        01:03     
/home/yangyouucb/.fastai/data/imagenette-160
epoch     train_loss  valid_loss  accuracy  top_k_accuracy  time    
0         1.622182    2.188649    0.420000  0.816000        01:03     
1         1.427413    1.679675    0.540000  0.890000        01:04     
2         1.300896    1.709939    0.540000  0.894000        01:02     
3         1.130315    1.002497    0.796000  0.982000        01:03     
4         0.980694    0.870055    0.842000  0.990000        01:03     
/home/yangyouucb/.fastai/data/imagenette-160
epoch     train_loss  valid_loss  accuracy  top_k_accuracy  time    
0         1.625574    1.773274    0.518000  0.916000        01:01     
1         1.469677    1.732683    0.496000  0.894000        01:01     
2         1.302420    1.444967    0.654000  0.928000        01:03     
3         1.147418    1.016353    0.788000  0.980000        01:03     
4         0.992648    0.881771    0.858000  0.992000        01:05     
/home/yangyouucb/.fastai/data/imagenette-160
epoch     train_loss  valid_loss  accuracy  top_k_accuracy  time    
0         1.624578    5.397632    0.182000  0.728000        01:04     
1         1.442042    1.716562    0.518000  0.902000        01:03     
2         1.317536    1.283187    0.682000  0.954000        01:03     
3         1.120272    1.107544    0.758000  0.976000        01:04     
4         0.976975    0.884148    0.846000  0.988000        01:04     
/home/yangyouucb/.fastai/data/imagenette-160
epoch     train_loss  valid_loss  accuracy  top_k_accuracy  time    
0         1.630472    1.950892    0.452000  0.848000        01:03     
1         1.451955    1.581227    0.558000  0.944000        01:01     
2         1.303007    1.499115    0.580000  0.922000        01:04     
3         1.149424    1.011623    0.810000  0.974000        01:04     
4         0.993066    0.879027    0.858000  0.986000        01:01     
/home/yangyouucb/.fastai/data/imagenette-160
epoch     train_loss  valid_loss  accuracy  top_k_accuracy  time    
0         1.612636    1.906423    0.420000  0.858000        01:04     
1         1.433598    1.907990    0.530000  0.896000        01:01     
2         1.289930    1.637316    0.610000  0.878000        01:03     
3         1.129719    0.954064    0.816000  0.980000        01:03     
4         0.974418    0.864003    0.866000  0.986000        01:02     
/home/yangyouucb/.fastai/data/imagenette-160
epoch     train_loss  valid_loss  accuracy  top_k_accuracy  time    
0         1.637871    2.053405    0.428000  0.898000        01:01     
1         1.438502    1.446569    0.626000  0.938000        01:01     
2         1.282885    1.655420    0.544000  0.928000        01:02     
3         1.115236    1.157428    0.724000  0.968000        01:04     
4         0.977692    0.876368    0.856000  0.988000        01:04     
/home/yangyouucb/.fastai/data/imagenette-160
epoch     train_loss  valid_loss  accuracy  top_k_accuracy  time    
0         1.610440    2.323635    0.394000  0.856000        01:03     
1         1.432520    1.659454    0.550000  0.902000        01:00     
2         1.317137    1.412182    0.602000  0.962000        01:02     
3         1.126984    1.124225    0.744000  0.976000        01:03     
4         0.996507    0.868491    0.864000  0.986000        01:02     
[0.854 0.858 0.852 0.842 0.858 0.846 0.858 0.866 0.856 0.864]
mean = 0.8553999662399292, std = 0.0069885593838989735, ci-95 = (0.8501302562471308, 0.8606697358373724)
/home/yangyouucb/.fastai/data/imagenette-160
epoch     train_loss  valid_loss  accuracy  top_k_accuracy  time    
0         1.625120    1.807217    0.470000  0.910000        01:05     
1         1.445176    1.759489    0.476000  0.902000        01:01     
2         1.309815    2.225322    0.378000  0.862000        01:01     
3         1.144313    1.098747    0.762000  0.976000        01:02     
4         0.980625    0.881088    0.844000  0.992000        00:59     
/home/yangyouucb/.fastai/data/imagenette-160
epoch     train_loss  valid_loss  accuracy  top_k_accuracy  time    
0         1.621615    2.402328    0.418000  0.820000        01:01     
1         1.458169    2.667304    0.368000  0.810000        00:58     
2         1.300267    1.433666    0.618000  0.942000        01:01     
3         1.135705    1.076172    0.754000  0.980000        01:05     
4         0.986640    0.873828    0.862000  0.992000        01:02     
/home/yangyouucb/.fastai/data/imagenette-160
epoch     train_loss  valid_loss  accuracy  top_k_accuracy  time    
0         1.622883    1.527408    0.588000  0.936000        00:59     
1         1.443563    2.111592    0.416000  0.862000        01:01     
2         1.300382    1.475870    0.616000  0.932000        01:02     
3         1.134636    1.047244    0.780000  0.984000        01:01     
4         0.973052    0.863433    0.876000  0.988000        01:02     
/home/yangyouucb/.fastai/data/imagenette-160
epoch     train_loss  valid_loss  accuracy  top_k_accuracy  time    
0         1.642148    2.632448    0.396000  0.834000        01:02     
1         1.435633    2.477008    0.430000  0.890000        01:01     
2         1.308239    1.411563    0.636000  0.940000        01:01     
3         1.137048    1.097414    0.760000  0.976000        01:03     
4         0.998010    0.886382    0.858000  0.988000        01:01     
/home/yangyouucb/.fastai/data/imagenette-160
epoch     train_loss  valid_loss  accuracy  top_k_accuracy  time    
0         1.629971    2.135764    0.448000  0.896000        01:02     
1         1.445883    1.871908    0.514000  0.878000        01:01     
2         1.293348    1.460472    0.628000  0.950000        01:00     
3         1.132832    0.983883    0.846000  0.974000        01:03     
4         0.990942    0.888537    0.870000  0.982000        01:03     
/home/yangyouucb/.fastai/data/imagenette-160
epoch     train_loss  valid_loss  accuracy  top_k_accuracy  time    
0         1.585257    2.002756    0.362000  0.894000        01:01     
1         1.429621    2.085294    0.428000  0.868000        01:00     
2         1.309548    1.671983    0.542000  0.904000        01:02     
3         1.136575    1.003066    0.824000  0.976000        01:02     
4         0.995773    0.887799    0.856000  0.990000        01:01     
/home/yangyouucb/.fastai/data/imagenette-160
epoch     train_loss  valid_loss  accuracy  top_k_accuracy  time    
0         1.621143    2.629453    0.424000  0.802000        01:01     
1         1.466040    2.026551    0.516000  0.846000        00:59     
2         1.309285    1.622336    0.546000  0.948000        01:03     
3         1.134397    1.148825    0.742000  0.956000        01:01     
4         0.976383    0.868343    0.862000  0.990000        01:02     
/home/yangyouucb/.fastai/data/imagenette-160
epoch     train_loss  valid_loss  accuracy  top_k_accuracy  time    
0         1.620751    2.162002    0.432000  0.830000        01:01     
1         1.437222    1.610297    0.568000  0.898000        01:00     
2         1.306818    1.543136    0.558000  0.908000        01:01     
3         1.141784    1.171466    0.722000  0.962000        01:00     
4         0.987783    0.876961    0.860000  0.994000        01:02     
/home/yangyouucb/.fastai/data/imagenette-160
epoch     train_loss  valid_loss  accuracy  top_k_accuracy  time    
0         1.588745    2.207968    0.450000  0.814000        00:59     
1         1.436336    1.702677    0.506000  0.918000        01:01     
2         1.322667    1.314525    0.668000  0.960000        00:58     
3         1.119727    1.105342    0.740000  0.976000        01:02     
4         0.967001    0.859097    0.858000  0.984000        01:02     
/home/yangyouucb/.fastai/data/imagenette-160
epoch     train_loss  valid_loss  accuracy  top_k_accuracy  time    
0         1.623792    2.602582    0.362000  0.872000        00:59     
1         1.451369    1.847808    0.510000  0.842000        01:01     
2         1.310737    1.545771    0.576000  0.906000        00:59     
3         1.122985    1.065207    0.766000  0.980000        01:04     
4         0.965761    0.870719    0.870000  0.988000        01:01     
[0.844 0.862 0.876 0.858 0.87  0.856 0.862 0.86  0.858 0.87 ]
mean = 0.8616000413894653, std = 0.008475851267576218, ci-95 = (0.8552087577480906, 0.8679912296634084)
/home/yangyouucb/.fastai/data/imagenette-160
epoch     train_loss  valid_loss  accuracy  top_k_accuracy  time    
0         1.614288    2.018137    0.430000  0.914000        01:04     
1         1.444404    1.983535    0.404000  0.894000        01:01     
2         1.309642    1.658509    0.590000  0.940000        01:01     
3         1.132988    1.105531    0.746000  0.970000        01:03     
4         0.974183    0.884437    0.852000  0.982000        01:02     
/home/yangyouucb/.fastai/data/imagenette-160
epoch     train_loss  valid_loss  accuracy  top_k_accuracy  time    
0         1.578662    3.919481    0.270000  0.796000        00:58     
1         1.402986    2.006416    0.428000  0.884000        01:01     
2         1.298875    1.487490    0.586000  0.940000        00:55     
3         1.122356    1.113653    0.736000  0.970000        01:03     
4         0.984555    0.877901    0.854000  0.984000        01:02     
/home/yangyouucb/.fastai/data/imagenette-160
epoch     train_loss  valid_loss  accuracy  top_k_accuracy  time    
0         1.598615    3.468575    0.296000  0.788000        01:01     
1         1.429829    2.597508    0.400000  0.786000        01:01     
2         1.296418    1.839222    0.468000  0.850000        01:01     
3         1.140563    1.032060    0.774000  0.984000        01:03     
4         0.966795    0.874723    0.840000  0.982000        01:01     
/home/yangyouucb/.fastai/data/imagenette-160
epoch     train_loss  valid_loss  accuracy  top_k_accuracy  time    
0         1.593048    2.115940    0.408000  0.876000        01:02     
1         1.443745    1.820356    0.514000  0.898000        01:00     
2         1.294389    1.234220    0.684000  0.964000        01:00     
3         1.135427    1.036166    0.784000  0.968000        01:00     
4         0.989534    0.875025    0.852000  0.992000        01:03     
/home/yangyouucb/.fastai/data/imagenette-160
epoch     train_loss  valid_loss  accuracy  top_k_accuracy  time    
0         1.620246    2.221740    0.406000  0.882000        01:01     
1         1.438761    1.577910    0.570000  0.944000        01:01     
2         1.303076    1.312346    0.672000  0.968000        01:01     
3         1.131902    1.090046    0.780000  0.966000        01:04     
4         0.973798    0.876000    0.848000  0.984000        01:04     
/home/yangyouucb/.fastai/data/imagenette-160
epoch     train_loss  valid_loss  accuracy  top_k_accuracy  time    
0         1.636520    1.638499    0.556000  0.906000        01:02     
1         1.432744    1.528363    0.598000  0.956000        01:00     
2         1.298191    1.634718    0.516000  0.926000        01:02     
3         1.139837    1.019710    0.802000  0.976000        01:02     
4         0.984061    0.879283    0.862000  0.980000        01:03     
/home/yangyouucb/.fastai/data/imagenette-160
epoch     train_loss  valid_loss  accuracy  top_k_accuracy  time    
0         1.640888    2.315338    0.400000  0.876000        01:01     
1         1.422820    2.046971    0.480000  0.916000        01:00     
2         1.312153    1.369187    0.640000  0.936000        01:04     
3         1.134780    1.022851    0.788000  0.976000        01:02     
4         0.968465    0.886709    0.852000  0.982000        01:02     
/home/yangyouucb/.fastai/data/imagenette-160
epoch     train_loss  valid_loss  accuracy  top_k_accuracy  time    
0         1.640042    2.645916    0.406000  0.778000        01:01     
1         1.447548    1.788369    0.488000  0.916000        00:59     
2         1.328813    1.366503    0.654000  0.956000        01:01     
3         1.143460    1.000445    0.790000  0.978000        01:03     
4         1.010400    0.880421    0.858000  0.986000        01:02     
/home/yangyouucb/.fastai/data/imagenette-160
epoch     train_loss  valid_loss  accuracy  top_k_accuracy  time    
0         1.587324    2.569064    0.386000  0.828000        01:01     
1         1.450735    1.639072    0.536000  0.914000        01:03     
2         1.326738    1.857122    0.510000  0.884000        01:02     
3         1.129155    1.003002    0.794000  0.988000        01:03     
4         0.982772    0.878514    0.848000  0.990000        01:03     
/home/yangyouucb/.fastai/data/imagenette-160
epoch     train_loss  valid_loss  accuracy  top_k_accuracy  time    
0         1.586922    2.458014    0.406000  0.850000        01:02     
1         1.421985    3.606206    0.350000  0.758000        00:59     
2         1.298977    1.820898    0.550000  0.840000        01:00     
3         1.130616    1.050559    0.778000  0.968000        01:01     
4         0.987252    0.876739    0.852000  0.984000        01:01     
[0.852 0.854 0.84  0.852 0.848 0.862 0.852 0.858 0.848 0.852]
mean = 0.8517999649047852, std = 0.005617829971015453, ci-95 = (0.8475638503651881, 0.8560361271280981)
/home/yangyouucb/.fastai/data/imagenette-160
epoch     train_loss  valid_loss  accuracy  top_k_accuracy  time    
0         1.621294    2.312348    0.450000  0.822000        01:03     
1         1.435815    1.907298    0.482000  0.854000        01:01     
2         1.310573    1.622293    0.546000  0.920000        01:03     
3         1.153926    1.065778    0.782000  0.970000        01:02     
4         0.975105    0.882613    0.856000  0.984000        01:02     
/home/yangyouucb/.fastai/data/imagenette-160
epoch     train_loss  valid_loss  accuracy  top_k_accuracy  time    
0         1.601979    3.288791    0.358000  0.720000        01:01     
1         1.443973    1.656306    0.538000  0.890000        00:59     
2         1.309950    1.406547    0.622000  0.944000        01:01     
3         1.119236    1.010808    0.802000  0.976000        01:02     
4         0.992973    0.869932    0.856000  0.996000        01:02     
/home/yangyouucb/.fastai/data/imagenette-160
epoch     train_loss  valid_loss  accuracy  top_k_accuracy  time    
0         1.618714    3.437010    0.316000  0.784000        01:02     
1         1.456298    1.537965    0.594000  0.936000        01:01     
2         1.310758    1.547504    0.598000  0.918000        01:03     
3         1.132481    0.984076    0.818000  0.982000        01:04     
4         0.990131    0.892626    0.854000  0.990000        01:03     
/home/yangyouucb/.fastai/data/imagenette-160
epoch     train_loss  valid_loss  accuracy  top_k_accuracy  time    
0         1.616982    1.961108    0.448000  0.854000        01:02     
1         1.444985    2.083621    0.432000  0.888000        01:01     
2         1.311184    1.680806    0.536000  0.926000        01:02     
3         1.136867    1.004842    0.812000  0.972000        01:02     
4         0.981805    0.892669    0.838000  0.988000        01:02     
/home/yangyouucb/.fastai/data/imagenette-160
epoch     train_loss  valid_loss  accuracy  top_k_accuracy  time    
0         1.615146    2.119125    0.436000  0.836000        01:00     
1         1.460845    1.749235    0.496000  0.924000        01:01     
2         1.302517    1.772830    0.518000  0.888000        01:01     
3         1.130870    1.074461    0.778000  0.970000        01:01     
4         0.976776    0.885090    0.856000  0.988000        01:03     
/home/yangyouucb/.fastai/data/imagenette-160
epoch     train_loss  valid_loss  accuracy  top_k_accuracy  time    
0         1.638249    1.756385    0.454000  0.898000        01:01     
1         1.429646    1.555008    0.582000  0.922000        01:01     
2         1.318206    1.279451    0.672000  0.968000        01:02     
3         1.126243    1.127927    0.748000  0.974000        01:02     
4         0.971181    0.861501    0.858000  0.990000        01:03     
/home/yangyouucb/.fastai/data/imagenette-160
epoch     train_loss  valid_loss  accuracy  top_k_accuracy  time    
0         1.629340    1.691095    0.524000  0.920000        01:01     
1         1.460068    2.309401    0.390000  0.806000        01:03     
2         1.312190    1.934588    0.492000  0.892000        01:03     
3         1.142951    1.103957    0.746000  0.972000        01:02     
4         0.977255    0.870412    0.858000  0.990000        01:02     
/home/yangyouucb/.fastai/data/imagenette-160
epoch     train_loss  valid_loss  accuracy  top_k_accuracy  time    
0         1.626520    1.530255    0.568000  0.952000        01:03     
1         1.433901    1.664253    0.562000  0.932000        01:02     
2         1.309348    1.246116    0.686000  0.962000        01:01     
3         1.115726    1.062034    0.768000  0.976000        01:02     
4         0.974040    0.881035    0.840000  0.986000        01:01     
/home/yangyouucb/.fastai/data/imagenette-160
epoch     train_loss  valid_loss  accuracy  top_k_accuracy  time    
0         1.635529    1.652630    0.540000  0.926000        01:02     
1         1.463292    1.591201    0.570000  0.940000        01:03     
2         1.305609    1.604979    0.612000  0.924000        01:02     
3         1.116168    0.999379    0.814000  0.982000        01:02     
4         0.984489    0.877315    0.840000  0.988000        01:02     
/home/yangyouucb/.fastai/data/imagenette-160
epoch     train_loss  valid_loss  accuracy  top_k_accuracy  time    
0         1.623676    3.214124    0.354000  0.810000        01:03     
1         1.443555    2.450420    0.426000  0.922000        01:01     
2         1.332572    1.363934    0.642000  0.952000        01:00     
3         1.102912    0.981903    0.818000  0.974000        01:03     
4         0.970622    0.859415    0.864000  0.990000        01:03     
[0.856 0.856 0.854 0.838 0.856 0.858 0.858 0.84  0.84  0.864]
mean = 0.8520000576972961, std = 0.008671801537275314, ci-95 = (0.8454609995923242, 0.8585389846720496)
/home/yangyouucb/.fastai/data/imagenette-160
epoch     train_loss  valid_loss  accuracy  top_k_accuracy  time    
0         1.624983    2.356054    0.368000  0.854000        01:04     
1         1.463697    2.425500    0.344000  0.740000        01:02     
2         1.314795    1.764602    0.490000  0.936000        01:02     
3         1.126892    1.064743    0.786000  0.980000        01:01     
4         0.991185    0.864879    0.858000  0.992000        00:59     
/home/yangyouucb/.fastai/data/imagenette-160
epoch     train_loss  valid_loss  accuracy  top_k_accuracy  time    
0         1.643086    2.423126    0.350000  0.818000        01:03     
1         1.435830    2.028869    0.452000  0.894000        01:00     
2         1.298907    1.676053    0.560000  0.884000        01:02     
3         1.140847    0.986080    0.814000  0.986000        01:00     
4         0.988391    0.878062    0.860000  0.982000        01:01     
/home/yangyouucb/.fastai/data/imagenette-160
epoch     train_loss  valid_loss  accuracy  top_k_accuracy  time    
0         1.638163    2.138369    0.332000  0.864000        01:03     
1         1.457486    1.776891    0.550000  0.886000        01:02     
2         1.307727    1.501763    0.586000  0.940000        01:03     
3         1.128421    1.096848    0.766000  0.976000        01:01     
4         0.977794    0.871442    0.866000  0.982000        01:03     
/home/yangyouucb/.fastai/data/imagenette-160
epoch     train_loss  valid_loss  accuracy  top_k_accuracy  time    
0         1.625947    1.838568    0.536000  0.888000        01:01     
1         1.425648    2.630033    0.372000  0.716000        01:01     
2         1.299821    2.117072    0.408000  0.866000        01:03     
3         1.119173    0.992905    0.796000  0.974000        01:01     
4         0.976468    0.872455    0.870000  0.984000        01:02     
/home/yangyouucb/.fastai/data/imagenette-160
epoch     train_loss  valid_loss  accuracy  top_k_accuracy  time    
0         1.649572    2.084872    0.440000  0.908000        01:02     
1         1.440888    1.991647    0.472000  0.886000        01:01     
2         1.292112    1.199120    0.714000  0.966000        01:03     
3         1.119476    1.100173    0.750000  0.968000        01:01     
4         0.975690    0.870921    0.866000  0.992000        01:03     
/home/yangyouucb/.fastai/data/imagenette-160
epoch     train_loss  valid_loss  accuracy  top_k_accuracy  time    
0         1.629713    2.243994    0.410000  0.812000        01:01     
1         1.462267    1.571420    0.552000  0.934000        01:01     
2         1.329726    1.644248    0.552000  0.884000        01:01     
3         1.125594    1.064144    0.778000  0.976000        01:03     
4         0.997839    0.879308    0.866000  0.992000        01:04     
/home/yangyouucb/.fastai/data/imagenette-160
epoch     train_loss  valid_loss  accuracy  top_k_accuracy  time    
0         1.620936    2.416883    0.358000  0.790000        01:00     
1         1.451071    1.802097    0.494000  0.932000        01:01     
2         1.300098    1.499371    0.620000  0.942000        01:02     
3         1.118769    1.026765    0.782000  0.982000        01:02     
4         0.968601    0.898170    0.858000  0.986000        01:03     
/home/yangyouucb/.fastai/data/imagenette-160
epoch     train_loss  valid_loss  accuracy  top_k_accuracy  time    
0         1.614511    2.132981    0.474000  0.854000        01:01     
1         1.431799    1.680592    0.540000  0.910000        01:03     
2         1.318962    1.203570    0.694000  0.964000        01:01     
3         1.130174    1.203383    0.728000  0.964000        01:03     
4         0.974785    0.884039    0.862000  0.984000        01:04     
/home/yangyouucb/.fastai/data/imagenette-160
epoch     train_loss  valid_loss  accuracy  top_k_accuracy  time    
0         1.619040    2.628788    0.384000  0.794000        01:02     
1         1.415682    1.226671    0.702000  0.968000        01:03     
2         1.308567    1.391305    0.678000  0.922000        01:00     
3         1.116627    1.034723    0.786000  0.970000        01:01     
4         0.984445    0.873137    0.870000  0.982000        01:02     
/home/yangyouucb/.fastai/data/imagenette-160
epoch     train_loss  valid_loss  accuracy  top_k_accuracy  time    
0         1.622098    2.493514    0.384000  0.822000        01:01     
1         1.456489    1.906960    0.458000  0.894000        01:00     
2         1.310085    1.288312    0.684000  0.962000        01:02     
3         1.124661    1.017407    0.784000  0.982000        01:03     
4         0.976513    0.873210    0.848000  0.988000        01:01     
[0.858 0.86  0.866 0.87  0.866 0.866 0.858 0.862 0.87  0.848]
mean = 0.8623999357223511, std = 0.0063749561086297035, ci-95 = (0.8575929445313801, 0.8672070461226116)
/home/yangyouucb/.fastai/data/imagenette-160
epoch     train_loss  valid_loss  accuracy  top_k_accuracy  time    
0         1.636583    2.446430    0.402000  0.788000        01:05     
1         1.438107    1.706807    0.498000  0.912000        01:00     
2         1.313895    1.635058    0.562000  0.882000        01:02     
3         1.135921    1.075035    0.762000  0.978000        01:01     
4         0.983345    0.870409    0.852000  0.992000        01:02     
/home/yangyouucb/.fastai/data/imagenette-160
epoch     train_loss  valid_loss  accuracy  top_k_accuracy  time    
0         1.599652    2.572592    0.314000  0.794000        01:03     
1         1.446456    1.507969    0.582000  0.934000        01:01     
2         1.319054    2.330820    0.386000  0.864000        01:01     
3         1.127599    1.079778    0.776000  0.980000        00:59     
4         0.985605    0.873419    0.858000  0.986000        01:02     
/home/yangyouucb/.fastai/data/imagenette-160
epoch     train_loss  valid_loss  accuracy  top_k_accuracy  time    
0         1.618265    2.391787    0.456000  0.810000        01:02     
1         1.400679    1.949259    0.432000  0.860000        01:01     
2         1.301115    1.845139    0.486000  0.940000        01:04     
3         1.116940    0.968422    0.832000  0.988000        01:00     
4         0.965203    0.849615    0.866000  0.988000        01:02     
/home/yangyouucb/.fastai/data/imagenette-160
epoch     train_loss  valid_loss  accuracy  top_k_accuracy  time    
0         1.603674    2.193961    0.458000  0.844000        01:02     
1         1.428710    2.168257    0.442000  0.820000        01:04     
2         1.313751    1.510812    0.550000  0.938000        01:04     
3         1.132408    1.084956    0.744000  0.988000        01:02     
4         0.990735    0.883891    0.858000  0.992000        01:03     
/home/yangyouucb/.fastai/data/imagenette-160
epoch     train_loss  valid_loss  accuracy  top_k_accuracy  time    
0         1.629929    1.976768    0.436000  0.870000        01:02     
1         1.454069    2.482766    0.428000  0.890000        01:02     
2         1.312293    1.847368    0.498000  0.910000        01:01     
3         1.121711    1.179592    0.708000  0.976000        01:03     
4         0.976848    0.874334    0.852000  0.982000        01:05     
/home/yangyouucb/.fastai/data/imagenette-160
epoch     train_loss  valid_loss  accuracy  top_k_accuracy  time    
0         1.625714    1.586060    0.570000  0.918000        01:02     
1         1.446108    1.868327    0.504000  0.924000        01:00     
2         1.313215    1.420030    0.632000  0.956000        01:02     
3         1.128122    1.011665    0.780000  0.980000        01:03     
4         0.973425    0.865267    0.860000  0.984000        01:02     
/home/yangyouucb/.fastai/data/imagenette-160
epoch     train_loss  valid_loss  accuracy  top_k_accuracy  time    
0         1.659682    2.225460    0.396000  0.826000        01:01     
1         1.456122    1.981740    0.432000  0.886000        01:02     
2         1.310323    1.798736    0.484000  0.876000        01:00     
3         1.113986    1.111841    0.764000  0.974000        01:00     
4         0.992839    0.880191    0.842000  0.988000        01:03     
/home/yangyouucb/.fastai/data/imagenette-160
epoch     train_loss  valid_loss  accuracy  top_k_accuracy  time    
0         1.662591    2.224474    0.388000  0.798000        01:02     
1         1.445393    1.699896    0.522000  0.892000        01:02     
2         1.295426    2.271530    0.436000  0.810000        01:01     
3         1.139009    1.006532    0.806000  0.976000        01:03     
4         0.964174    0.866968    0.854000  0.994000        01:02     
/home/yangyouucb/.fastai/data/imagenette-160
epoch     train_loss  valid_loss  accuracy  top_k_accuracy  time    
0         1.619743    1.911411    0.442000  0.864000        01:01     
1         1.450907    1.715010    0.514000  0.882000        01:00     
2         1.296675    1.695582    0.550000  0.928000        01:01     
3         1.131322    1.017004    0.776000  0.984000        01:04     
4         0.985170    0.873312    0.848000  0.986000        01:05     
/home/yangyouucb/.fastai/data/imagenette-160
epoch     train_loss  valid_loss  accuracy  top_k_accuracy  time    
0         1.622803    5.742822    0.230000  0.704000        01:01     
1         1.435782    2.107402    0.422000  0.940000        01:02     
2         1.290410    1.434605    0.614000  0.930000        01:02     
3         1.132042    1.140543    0.748000  0.964000        00:56     
4         0.970183    0.861251    0.868000  0.986000        00:54     
[0.852 0.858 0.866 0.858 0.852 0.86  0.842 0.854 0.848 0.868]
mean = 0.8557999730110168, std = 0.007507324684411287, ci-95 = (0.8501390748337523, 0.8614609069510684)
