/home/yangyouucb/.fastai/data/imagenette-160
epoch     train_loss  valid_loss  accuracy  top_k_accuracy  time    
0         1.693735    2.668061    0.220000  0.852000        01:04     
1         1.471636    1.661689    0.522000  0.914000        01:00     
2         1.376966    1.727463    0.500000  0.924000        01:00     
3         1.204864    1.066803    0.760000  0.962000        01:01     
4         1.002519    0.872492    0.862000  0.988000        01:00     
/home/yangyouucb/.fastai/data/imagenette-160
epoch     train_loss  valid_loss  accuracy  top_k_accuracy  time    
0         1.693933    2.009589    0.422000  0.880000        01:00     
1         1.510027    1.749750    0.526000  0.906000        01:02     
2         1.400750    2.461226    0.376000  0.848000        01:04     
3         1.210531    1.175041    0.744000  0.964000        01:03     
4         1.025559    0.903106    0.842000  0.982000        01:01     
/home/yangyouucb/.fastai/data/imagenette-160
epoch     train_loss  valid_loss  accuracy  top_k_accuracy  time    
0         1.696324    2.768666    0.432000  0.784000        01:02     
1         1.492730    1.721121    0.480000  0.884000        01:01     
2         1.388686    1.855501    0.474000  0.908000        01:01     
3         1.203411    1.039601    0.792000  0.980000        01:03     
4         1.016106    0.903698    0.858000  0.986000        01:01     
/home/yangyouucb/.fastai/data/imagenette-160
epoch     train_loss  valid_loss  accuracy  top_k_accuracy  time    
0         1.666346    3.052434    0.330000  0.694000        01:01     
1         1.460773    1.654627    0.538000  0.898000        01:01     
2         1.395911    1.753823    0.518000  0.892000        01:01     
3         1.179508    1.706129    0.546000  0.968000        01:01     
4         1.009684    0.894995    0.844000  0.992000        01:01     
/home/yangyouucb/.fastai/data/imagenette-160
epoch     train_loss  valid_loss  accuracy  top_k_accuracy  time    
0         1.703986    2.249756    0.384000  0.834000        01:00     
1         1.467583    2.495751    0.396000  0.840000        01:00     
2         1.380729    1.365617    0.668000  0.946000        00:59     
3         1.201362    1.317595    0.654000  0.962000        01:02     
4         1.007561    0.883497    0.856000  0.986000        01:04     
/home/yangyouucb/.fastai/data/imagenette-160
epoch     train_loss  valid_loss  accuracy  top_k_accuracy  time    
0         1.682135    3.581095    0.284000  0.762000        01:01     
1         1.441348    1.553049    0.538000  0.946000        01:02     
2         1.352014    1.871494    0.500000  0.886000        01:02     
3         1.196755    1.030967    0.798000  0.980000        00:59     
4         1.011075    0.897852    0.846000  0.988000        01:02     
/home/yangyouucb/.fastai/data/imagenette-160
epoch     train_loss  valid_loss  accuracy  top_k_accuracy  time    
0         1.686881    3.596535    0.298000  0.810000        01:02     
1         1.463385    1.943929    0.382000  0.842000        00:59     
2         1.374271    1.954261    0.454000  0.890000        01:02     
3         1.184460    1.047434    0.786000  0.974000        01:03     
4         0.996719    0.890307    0.850000  0.982000        01:01     
/home/yangyouucb/.fastai/data/imagenette-160
epoch     train_loss  valid_loss  accuracy  top_k_accuracy  time    
0         1.680223    4.499780    0.290000  0.758000        01:03     
1         1.468108    2.177645    0.414000  0.902000        01:02     
2         1.374078    1.900955    0.444000  0.852000        01:02     
3         1.189491    1.033856    0.778000  0.974000        01:01     
4         1.002300    0.887675    0.856000  0.982000        01:01     
/home/yangyouucb/.fastai/data/imagenette-160
epoch     train_loss  valid_loss  accuracy  top_k_accuracy  time    
0         1.646153    3.726973    0.280000  0.794000        00:59     
1         1.473494    1.730786    0.500000  0.886000        00:59     
2         1.378091    2.116072    0.420000  0.844000        01:01     
3         1.183665    1.078288    0.766000  0.978000        01:02     
4         0.992844    0.876106    0.850000  0.988000        01:02     
/home/yangyouucb/.fastai/data/imagenette-160
epoch     train_loss  valid_loss  accuracy  top_k_accuracy  time    
0         1.691539    3.245893    0.254000  0.720000        01:01     
1         1.498067    1.725271    0.496000  0.878000        01:02     
2         1.363493    1.674970    0.564000  0.940000        01:01     
3         1.196889    1.176200    0.738000  0.968000        01:01     
4         1.010388    0.887345    0.852000  0.984000        00:57     
[0.862 0.842 0.858 0.844 0.856 0.846 0.85  0.856 0.85  0.852]
mean = 0.8515999913215637, std = 0.0061188191175460815, ci-95 = (0.8469860934179554, 0.8562139130670299)
/home/yangyouucb/.fastai/data/imagenette-160
epoch     train_loss  valid_loss  accuracy  top_k_accuracy  time    
0         1.698887    2.061363    0.454000  0.902000        01:02     
1         1.485673    2.270649    0.364000  0.820000        01:01     
2         1.382851    1.414979    0.628000  0.938000        00:59     
3         1.201864    1.278656    0.692000  0.954000        01:02     
4         1.014259    0.890253    0.852000  0.980000        01:03     
/home/yangyouucb/.fastai/data/imagenette-160
epoch     train_loss  valid_loss  accuracy  top_k_accuracy  time    
0         1.699284    3.173506    0.316000  0.762000        00:59     
1         1.481869    2.189788    0.410000  0.920000        01:01     
2         1.405736    1.663189    0.570000  0.880000        01:02     
3         1.196333    1.138030    0.744000  0.966000        01:03     
4         1.012265    0.934795    0.832000  0.982000        01:02     
/home/yangyouucb/.fastai/data/imagenette-160
epoch     train_loss  valid_loss  accuracy  top_k_accuracy  time    
0         1.712104    2.101087    0.416000  0.842000        01:01     
1         1.480254    1.831666    0.460000  0.808000        01:00     
2         1.368562    1.443301    0.596000  0.938000        01:02     
3         1.200563    1.134894    0.750000  0.970000        01:01     
4         1.001959    0.901688    0.848000  0.982000        01:03     
/home/yangyouucb/.fastai/data/imagenette-160
epoch     train_loss  valid_loss  accuracy  top_k_accuracy  time    
0         1.667541    5.655835    0.206000  0.692000        01:00     
1         1.467144    4.078331    0.286000  0.766000        01:01     
2         1.379334    1.913607    0.446000  0.906000        01:01     
3         1.218436    1.070654    0.762000  0.974000        01:00     
4         1.007504    0.887379    0.854000  0.980000        01:04     
/home/yangyouucb/.fastai/data/imagenette-160
epoch     train_loss  valid_loss  accuracy  top_k_accuracy  time    
0         1.693216    2.239604    0.368000  0.820000        01:00     
1         1.500336    3.009737    0.336000  0.676000        00:59     
2         1.398878    1.898510    0.472000  0.854000        01:00     
3         1.199909    1.029705    0.800000  0.974000        01:02     
4         1.023665    0.899126    0.838000  0.982000        01:02     
/home/yangyouucb/.fastai/data/imagenette-160
epoch     train_loss  valid_loss  accuracy  top_k_accuracy  time    
0         1.687461    1.823592    0.444000  0.906000        01:02     
1         1.479128    2.439148    0.340000  0.812000        01:02     
2         1.370493    1.404547    0.650000  0.944000        01:01     
3         1.188557    1.111001    0.754000  0.972000        01:01     
4         1.012682    0.893145    0.842000  0.984000        01:00     
/home/yangyouucb/.fastai/data/imagenette-160
epoch     train_loss  valid_loss  accuracy  top_k_accuracy  time    
0         1.659779    2.149097    0.446000  0.804000        01:02     
1         1.466515    1.817908    0.506000  0.918000        01:00     
2         1.388872    1.500762    0.570000  0.940000        01:01     
3         1.190892    1.080753    0.764000  0.972000        01:03     
4         1.008775    0.893749    0.842000  0.984000        01:02     
/home/yangyouucb/.fastai/data/imagenette-160
epoch     train_loss  valid_loss  accuracy  top_k_accuracy  time    
0         1.684269    2.533841    0.400000  0.846000        01:01     
1         1.486326    1.777800    0.490000  0.880000        01:01     
2         1.368288    2.437841    0.360000  0.798000        01:00     
3         1.198540    1.016853    0.788000  0.982000        01:01     
4         1.021552    0.905698    0.828000  0.984000        01:03     
/home/yangyouucb/.fastai/data/imagenette-160
epoch     train_loss  valid_loss  accuracy  top_k_accuracy  time    
0         1.706157    1.966286    0.466000  0.822000        00:59     
1         1.479070    1.744091    0.546000  0.878000        01:02     
2         1.382414    1.791741    0.504000  0.906000        01:01     
3         1.215441    1.023635    0.790000  0.978000        01:02     
4         1.009184    0.895855    0.838000  0.984000        01:01     
/home/yangyouucb/.fastai/data/imagenette-160
epoch     train_loss  valid_loss  accuracy  top_k_accuracy  time    
0         1.696608    2.350717    0.376000  0.780000        01:01     
1         1.483685    3.191321    0.326000  0.730000        01:00     
2         1.379115    3.466864    0.278000  0.788000        01:00     
3         1.210500    1.256594    0.702000  0.956000        01:03     
4         1.028465    0.906353    0.842000  0.982000        00:54     
[0.852 0.832 0.848 0.854 0.838 0.842 0.842 0.828 0.838 0.842]
mean = 0.8416000604629517, std = 0.007787160109728575, ci-95 = (0.8357280743552319, 0.8474719273613819)
/home/yangyouucb/.fastai/data/imagenette-160
epoch     train_loss  valid_loss  accuracy  top_k_accuracy  time    
0         1.708076    3.861175    0.190000  0.584000        01:00     
1         1.492893    1.837897    0.424000  0.896000        01:03     
2         1.395074    1.889291    0.496000  0.908000        01:02     
3         1.211749    1.220847    0.714000  0.960000        01:01     
4         1.015388    0.910756    0.840000  0.980000        01:02     
/home/yangyouucb/.fastai/data/imagenette-160
epoch     train_loss  valid_loss  accuracy  top_k_accuracy  time    
0         1.696350    3.325247    0.184000  0.614000        01:03     
1         1.495159    1.595632    0.562000  0.920000        01:03     
2         1.376965    1.389302    0.626000  0.940000        01:02     
3         1.205580    1.066605    0.764000  0.982000        01:03     
4         1.012208    0.896963    0.856000  0.982000        01:03     
/home/yangyouucb/.fastai/data/imagenette-160
epoch     train_loss  valid_loss  accuracy  top_k_accuracy  time    
0         1.702327    5.441007    0.194000  0.570000        01:02     
1         1.505059    1.615141    0.566000  0.934000        01:02     
2         1.385089    1.268790    0.718000  0.946000        01:03     
3         1.196272    1.098669    0.766000  0.968000        01:04     
4         1.001183    0.897023    0.850000  0.986000        01:02     
/home/yangyouucb/.fastai/data/imagenette-160
epoch     train_loss  valid_loss  accuracy  top_k_accuracy  time    
0         1.709324    3.339858    0.278000  0.726000        01:02     
1         1.486308    1.795461    0.464000  0.888000        01:03     
2         1.388575    1.390616    0.618000  0.954000        01:05     
3         1.172443    1.213500    0.718000  0.966000        01:03     
4         1.019767    0.891378    0.858000  0.980000        01:03     
/home/yangyouucb/.fastai/data/imagenette-160
epoch     train_loss  valid_loss  accuracy  top_k_accuracy  time    
0         1.665654    2.079696    0.434000  0.818000        01:03     
1         1.493760    2.264825    0.444000  0.784000        01:04     
2         1.348672    1.942504    0.490000  0.902000        01:02     
3         1.184276    1.032605    0.810000  0.982000        01:03     
4         1.000030    0.874791    0.852000  0.986000        01:04     
/home/yangyouucb/.fastai/data/imagenette-160
epoch     train_loss  valid_loss  accuracy  top_k_accuracy  time    
0         1.697270    4.486611    0.244000  0.614000        01:00     
1         1.480520    1.657956    0.538000  0.890000        01:02     
2         1.364165    1.552360    0.580000  0.932000        01:04     
3         1.207804    1.414810    0.636000  0.958000        01:01     
4         1.025181    0.899044    0.854000  0.980000        01:03     
/home/yangyouucb/.fastai/data/imagenette-160
epoch     train_loss  valid_loss  accuracy  top_k_accuracy  time    
0         1.716458    2.911609    0.344000  0.736000        01:05     
1         1.486994    1.974130    0.418000  0.776000        01:03     
2         1.379268    1.798233    0.512000  0.812000        01:02     
3         1.195227    1.119301    0.746000  0.978000        01:02     
4         1.006700    0.878207    0.860000  0.982000        00:59     
/home/yangyouucb/.fastai/data/imagenette-160
epoch     train_loss  valid_loss  accuracy  top_k_accuracy  time    
0         1.662903    2.976532    0.374000  0.810000        01:02     
1         1.443831    1.509105    0.570000  0.932000        01:03     
2         1.382549    1.433274    0.652000  0.934000        01:02     
3         1.178819    1.064065    0.766000  0.970000        01:01     
4         1.016142    0.905282    0.852000  0.980000        01:02     
/home/yangyouucb/.fastai/data/imagenette-160
epoch     train_loss  valid_loss  accuracy  top_k_accuracy  time    
0         1.705186    2.781673    0.330000  0.810000        01:02     
1         1.479340    1.445852    0.592000  0.946000        01:03     
2         1.383480    1.490903    0.580000  0.908000        01:05     
3         1.201488    1.120218    0.768000  0.966000        01:02     
4         1.025282    0.893858    0.858000  0.982000        01:03     
/home/yangyouucb/.fastai/data/imagenette-160
epoch     train_loss  valid_loss  accuracy  top_k_accuracy  time    
0         1.717913    2.335896    0.418000  0.812000        01:02     
1         1.478350    1.557230    0.528000  0.928000        01:02     
2         1.383129    1.860495    0.466000  0.920000        01:02     
3         1.209170    1.072031    0.780000  0.980000        00:55     
4         1.041606    0.903694    0.840000  0.984000        01:01     
[0.84  0.856 0.85  0.858 0.852 0.854 0.86  0.852 0.858 0.84 ]
mean = 0.8519999384880066, std = 0.006693286821246147, ci-95 = (0.8469529033109472, 0.8570470809534266)
/home/yangyouucb/.fastai/data/imagenette-160
epoch     train_loss  valid_loss  accuracy  top_k_accuracy  time    
0         1.677239    2.020322    0.374000  0.874000        01:05     
1         1.492345    1.640908    0.532000  0.938000        01:03     
2         1.381771    1.434091    0.624000  0.926000        01:03     
3         1.193745    1.190688    0.702000  0.972000        01:04     
4         1.002771    0.916978    0.842000  0.984000        01:03     
/home/yangyouucb/.fastai/data/imagenette-160
epoch     train_loss  valid_loss  accuracy  top_k_accuracy  time    
0         1.748213    2.955570    0.326000  0.818000        01:04     
1         1.489165    1.549511    0.562000  0.922000        01:02     
2         1.391225    1.756204    0.488000  0.878000        01:03     
3         1.217197    1.119819    0.760000  0.964000        01:03     
4         1.018858    0.901138    0.846000  0.978000        01:04     
/home/yangyouucb/.fastai/data/imagenette-160
epoch     train_loss  valid_loss  accuracy  top_k_accuracy  time    
0         1.693502    2.586008    0.344000  0.806000        01:02     
1         1.459785    1.956983    0.412000  0.852000        01:03     
2         1.353830    1.667723    0.552000  0.928000        01:02     
3         1.180939    0.995792    0.812000  0.978000        01:01     
4         1.012587    0.863800    0.862000  0.984000        01:02     
/home/yangyouucb/.fastai/data/imagenette-160
epoch     train_loss  valid_loss  accuracy  top_k_accuracy  time    
0         1.691603    2.323957    0.362000  0.786000        01:03     
1         1.472315    1.598488    0.538000  0.918000        01:01     
2         1.353274    1.746152    0.594000  0.918000        01:01     
3         1.203985    1.102959    0.784000  0.962000        01:02     
4         1.013360    0.897198    0.850000  0.976000        01:04     
/home/yangyouucb/.fastai/data/imagenette-160
epoch     train_loss  valid_loss  accuracy  top_k_accuracy  time    
0         1.651418    2.910156    0.342000  0.788000        01:03     
1         1.459338    1.496306    0.582000  0.928000        01:04     
2         1.369985    1.668059    0.524000  0.912000        01:02     
3         1.188177    1.070436    0.804000  0.970000        01:04     
4         1.007760    0.889661    0.852000  0.986000        01:04     
/home/yangyouucb/.fastai/data/imagenette-160
epoch     train_loss  valid_loss  accuracy  top_k_accuracy  time    
0         1.669010    1.747886    0.508000  0.918000        01:04     
1         1.447758    1.444608    0.596000  0.954000        01:03     
2         1.368251    2.161858    0.386000  0.920000        01:03     
3         1.180036    1.076999    0.770000  0.978000        01:04     
4         0.991126    0.874989    0.858000  0.980000        01:02     
/home/yangyouucb/.fastai/data/imagenette-160
epoch     train_loss  valid_loss  accuracy  top_k_accuracy  time    
0         1.701165    2.137980    0.370000  0.842000        01:04     
1         1.474500    2.995960    0.252000  0.776000        01:02     
2         1.371701    1.309919    0.662000  0.974000        01:02     
3         1.196378    1.050385    0.774000  0.966000        01:03     
4         1.004837    0.892878    0.838000  0.982000        01:02     
/home/yangyouucb/.fastai/data/imagenette-160
epoch     train_loss  valid_loss  accuracy  top_k_accuracy  time    
0         1.677393    3.603922    0.260000  0.656000        01:03     
1         1.464193    2.647832    0.292000  0.774000        01:03     
2         1.378366    1.786168    0.520000  0.908000        01:02     
3         1.197219    1.127789    0.754000  0.968000        01:04     
4         1.017565    0.890003    0.858000  0.978000        01:03     
/home/yangyouucb/.fastai/data/imagenette-160
epoch     train_loss  valid_loss  accuracy  top_k_accuracy  time    
0         1.731642    5.203197    0.206000  0.620000        01:00     
1         1.481060    2.755412    0.438000  0.916000        01:03     
2         1.385538    1.379514    0.648000  0.946000        01:04     
3         1.200263    1.192326    0.726000  0.948000        01:05     
4         0.995444    0.915670    0.840000  0.988000        01:03     
/home/yangyouucb/.fastai/data/imagenette-160
epoch     train_loss  valid_loss  accuracy  top_k_accuracy  time    
0         1.686385    2.771958    0.308000  0.678000        01:04     
1         1.482641    3.285812    0.276000  0.758000        01:02     
2         1.372172    1.828751    0.506000  0.842000        00:56     
3         1.206877    1.221700    0.700000  0.970000        01:02     
4         1.003441    0.881333    0.864000  0.988000        01:00     
[0.842 0.846 0.862 0.85  0.852 0.858 0.838 0.858 0.84  0.864]
mean = 0.8510000109672546, std = 0.008865663781762123, ci-95 = (0.8443148237480345, 0.857685174344617)
/home/yangyouucb/.fastai/data/imagenette-160
epoch     train_loss  valid_loss  accuracy  top_k_accuracy  time    
0         1.690760    3.535274    0.322000  0.680000        01:03     
1         1.455156    2.362627    0.388000  0.814000        01:00     
2         1.372015    2.204098    0.416000  0.820000        01:00     
3         1.192469    1.100049    0.770000  0.966000        01:01     
4         0.999973    0.882658    0.858000  0.986000        01:01     
/home/yangyouucb/.fastai/data/imagenette-160
epoch     train_loss  valid_loss  accuracy  top_k_accuracy  time    
0         1.687139    3.253972    0.318000  0.742000        01:02     
1         1.499027    1.754642    0.414000  0.922000        01:00     
2         1.381889    1.524312    0.592000  0.952000        01:02     
3         1.203993    1.147537    0.720000  0.976000        01:01     
4         1.035014    0.920189    0.836000  0.982000        01:01     
/home/yangyouucb/.fastai/data/imagenette-160
epoch     train_loss  valid_loss  accuracy  top_k_accuracy  time    
0         1.708491    3.546578    0.270000  0.748000        01:00     
1         1.476668    1.644375    0.516000  0.908000        01:01     
2         1.368826    1.842612    0.530000  0.868000        01:01     
3         1.213089    1.047545    0.786000  0.978000        01:02     
4         1.020252    0.888037    0.860000  0.984000        01:02     
/home/yangyouucb/.fastai/data/imagenette-160
epoch     train_loss  valid_loss  accuracy  top_k_accuracy  time    
0         1.671760    4.879358    0.238000  0.808000        01:00     
1         1.445582    2.003248    0.434000  0.872000        01:01     
2         1.369867    1.247050    0.698000  0.962000        01:00     
3         1.178057    1.143324    0.730000  0.970000        01:02     
4         1.007033    0.885154    0.848000  0.986000        01:00     
/home/yangyouucb/.fastai/data/imagenette-160
epoch     train_loss  valid_loss  accuracy  top_k_accuracy  time    
0         1.697237    2.461205    0.368000  0.824000        01:03     
1         1.480155    2.254429    0.450000  0.816000        00:59     
2         1.377558    1.339951    0.636000  0.962000        01:00     
3         1.173876    1.167678    0.728000  0.954000        01:03     
4         1.002518    0.893784    0.860000  0.982000        01:02     
/home/yangyouucb/.fastai/data/imagenette-160
epoch     train_loss  valid_loss  accuracy  top_k_accuracy  time    
0         1.697463    3.415760    0.308000  0.726000        01:02     
1         1.481155    1.970067    0.400000  0.896000        01:01     
2         1.390945    2.063978    0.476000  0.910000        01:00     
3         1.193815    1.011528    0.796000  0.972000        01:01     
4         1.018521    0.889277    0.844000  0.980000        01:02     
/home/yangyouucb/.fastai/data/imagenette-160
epoch     train_loss  valid_loss  accuracy  top_k_accuracy  time    
0         1.707246    2.519753    0.342000  0.776000        00:59     
1         1.463295    1.601359    0.566000  0.914000        01:01     
2         1.372662    1.799042    0.508000  0.908000        01:00     
3         1.219657    1.111837    0.752000  0.972000        01:04     
4         1.018430    0.891100    0.840000  0.982000        01:03     
/home/yangyouucb/.fastai/data/imagenette-160
epoch     train_loss  valid_loss  accuracy  top_k_accuracy  time    
0         1.670260    2.276621    0.378000  0.812000        01:02     
1         1.449741    1.759261    0.528000  0.832000        01:01     
2         1.367034    1.922968    0.476000  0.854000        01:02     
3         1.209897    1.252186    0.738000  0.950000        01:04     
4         1.003107    0.883270    0.852000  0.980000        01:01     
/home/yangyouucb/.fastai/data/imagenette-160
epoch     train_loss  valid_loss  accuracy  top_k_accuracy  time    
0         1.701233    2.372042    0.284000  0.794000        01:00     
1         1.468138    2.274925    0.406000  0.836000        01:01     
2         1.352603    1.872465    0.476000  0.904000        01:03     
3         1.190844    1.122080    0.748000  0.978000        01:02     
4         1.000666    0.893555    0.844000  0.980000        01:01     
/home/yangyouucb/.fastai/data/imagenette-160
epoch     train_loss  valid_loss  accuracy  top_k_accuracy  time    
0         1.710563    2.739891    0.344000  0.810000        01:03     
1         1.478177    1.849132    0.456000  0.890000        01:01     
2         1.410966    1.553816    0.566000  0.948000        00:59     
3         1.205547    1.155252    0.720000  0.968000        01:01     
4         1.022920    0.895827    0.846000  0.982000        01:01     
[0.858 0.836 0.86  0.848 0.86  0.844 0.84  0.852 0.844 0.846]
mean = 0.848800003528595, std = 0.008009996265172958, ci-95 = (0.8427600408873702, 0.8548399542488908)
/home/yangyouucb/.fastai/data/imagenette-160
epoch     train_loss  valid_loss  accuracy  top_k_accuracy  time    
0         1.727844    3.681342    0.282000  0.694000        01:04     
1         1.510139    1.774726    0.512000  0.882000        01:03     
2         1.394204    1.611986    0.526000  0.926000        01:03     
3         1.208555    1.155609    0.734000  0.972000        01:04     
4         1.022087    0.904190    0.844000  0.984000        01:03     
/home/yangyouucb/.fastai/data/imagenette-160
epoch     train_loss  valid_loss  accuracy  top_k_accuracy  time    
0         1.689579    2.473456    0.390000  0.828000        01:04     
1         1.488808    1.851287    0.506000  0.848000        01:02     
2         1.378895    1.588405    0.574000  0.924000        01:03     
3         1.173953    1.409998    0.630000  0.978000        01:04     
4         1.010290    0.884780    0.852000  0.986000        01:02     
/home/yangyouucb/.fastai/data/imagenette-160
epoch     train_loss  valid_loss  accuracy  top_k_accuracy  time    
0         1.723878    2.570360    0.298000  0.734000        01:01     
1         1.496706    1.439365    0.610000  0.954000        01:02     
2         1.393331    1.999834    0.448000  0.804000        01:02     
3         1.207394    1.133690    0.756000  0.974000        01:03     
4         1.013445    0.892434    0.840000  0.980000        01:04     
/home/yangyouucb/.fastai/data/imagenette-160
epoch     train_loss  valid_loss  accuracy  top_k_accuracy  time    
0         1.682472    2.322003    0.396000  0.836000        01:02     
1         1.482771    1.743632    0.504000  0.900000        01:02     
2         1.367807    1.703036    0.546000  0.926000        01:04     
3         1.188775    1.072916    0.768000  0.980000        01:04     
4         0.996780    0.880322    0.856000  0.986000        01:04     
/home/yangyouucb/.fastai/data/imagenette-160
epoch     train_loss  valid_loss  accuracy  top_k_accuracy  time    
0         1.705785    2.268563    0.342000  0.836000        01:02     
1         1.469705    1.780386    0.500000  0.854000        01:01     
2         1.386056    1.648019    0.540000  0.868000        01:02     
3         1.191524    1.105531    0.768000  0.972000        01:03     
4         1.017559    0.914155    0.840000  0.982000        01:05     
/home/yangyouucb/.fastai/data/imagenette-160
epoch     train_loss  valid_loss  accuracy  top_k_accuracy  time    
0         1.674638    2.370903    0.370000  0.868000        01:03     
1         1.458738    1.743134    0.460000  0.886000        01:01     
2         1.362203    1.488140    0.596000  0.938000        01:00     
3         1.175042    1.303386    0.680000  0.950000        01:04     
4         0.989601    0.886015    0.844000  0.982000        01:04     
/home/yangyouucb/.fastai/data/imagenette-160
epoch     train_loss  valid_loss  accuracy  top_k_accuracy  time    
0         1.668439    2.093543    0.464000  0.872000        01:02     
1         1.472376    1.821733    0.492000  0.928000        01:03     
2         1.373170    2.136873    0.504000  0.892000        01:04     
3         1.161485    1.365963    0.674000  0.956000        01:01     
4         0.999309    0.882757    0.848000  0.984000        01:03     
/home/yangyouucb/.fastai/data/imagenette-160
epoch     train_loss  valid_loss  accuracy  top_k_accuracy  time    
0         1.686551    2.405174    0.358000  0.774000        01:01     
1         1.464449    1.708060    0.532000  0.884000        01:02     
2         1.377251    1.381850    0.624000  0.946000        01:03     
3         1.187930    1.103723    0.752000  0.976000        01:05     
4         1.015640    0.887875    0.872000  0.988000        01:05     
/home/yangyouucb/.fastai/data/imagenette-160
epoch     train_loss  valid_loss  accuracy  top_k_accuracy  time    
0         1.669909    2.376338    0.340000  0.848000        01:01     
1         1.465238    2.304617    0.300000  0.744000        01:03     
2         1.353310    1.610501    0.554000  0.858000        01:04     
3         1.197875    1.259336    0.676000  0.966000        01:04     
4         1.028515    0.891664    0.852000  0.978000        01:01     
/home/yangyouucb/.fastai/data/imagenette-160
epoch     train_loss  valid_loss  accuracy  top_k_accuracy  time    
0         1.674755    3.468042    0.278000  0.682000        01:00     
1         1.474625    1.625075    0.562000  0.916000        00:59     
2         1.331795    1.809424    0.604000  0.926000        01:01     
3         1.176038    1.089722    0.740000  0.980000        01:02     
4         0.988709    0.885546    0.862000  0.990000        01:02     
[0.844 0.852 0.84  0.856 0.84  0.844 0.848 0.872 0.852 0.862]
mean = 0.8510000109672546, std = 0.00968504324555397, ci-95 = (0.8436969570153344, 0.858303017235459)
/home/yangyouucb/.fastai/data/imagenette-160
epoch     train_loss  valid_loss  accuracy  top_k_accuracy  time    
0         1.708857    2.760394    0.274000  0.772000        01:02     
1         1.496389    1.927313    0.468000  0.830000        01:04     
2         1.388801    1.846644    0.520000  0.934000        01:03     
3         1.215110    1.229309    0.708000  0.962000        01:02     
4         1.021551    0.908951    0.842000  0.984000        01:02     
/home/yangyouucb/.fastai/data/imagenette-160
epoch     train_loss  valid_loss  accuracy  top_k_accuracy  time    
0         1.692616    2.148460    0.390000  0.826000        01:01     
1         1.476468    1.920792    0.460000  0.906000        01:01     
2         1.380206    1.631177    0.534000  0.876000        01:02     
3         1.183653    1.253324    0.698000  0.954000        01:03     
4         1.003835    0.895109    0.848000  0.984000        01:03     
/home/yangyouucb/.fastai/data/imagenette-160
epoch     train_loss  valid_loss  accuracy  top_k_accuracy  time    
0         1.703743    3.568169    0.344000  0.752000        01:03     
1         1.479444    3.696850    0.272000  0.810000        01:03     
2         1.376971    1.526007    0.544000  0.924000        01:03     
3         1.195861    1.029937    0.786000  0.972000        01:03     
4         1.012544    0.900907    0.838000  0.986000        01:04     
/home/yangyouucb/.fastai/data/imagenette-160
epoch     train_loss  valid_loss  accuracy  top_k_accuracy  time    
0         1.673416    3.258120    0.316000  0.678000        01:01     
1         1.470753    2.047701    0.426000  0.836000        01:03     
2         1.363982    1.522072    0.580000  0.928000        01:03     
3         1.184102    1.054903    0.802000  0.980000        01:05     
4         0.991280    0.901934    0.854000  0.982000        01:03     
/home/yangyouucb/.fastai/data/imagenette-160
epoch     train_loss  valid_loss  accuracy  top_k_accuracy  time    
0         1.687452    1.977346    0.466000  0.880000        01:03     
1         1.455478    2.688034    0.290000  0.798000        01:03     
2         1.354486    1.469484    0.636000  0.920000        01:03     
3         1.189259    1.064956    0.774000  0.972000        01:02     
4         0.991744    0.888267    0.846000  0.978000        01:05     
/home/yangyouucb/.fastai/data/imagenette-160
epoch     train_loss  valid_loss  accuracy  top_k_accuracy  time    
0         1.702239    3.443637    0.338000  0.776000        01:02     
1         1.484972    1.463002    0.598000  0.944000        01:03     
2         1.400499    1.401065    0.618000  0.934000        01:05     
3         1.221148    1.122689    0.734000  0.974000        01:02     
4         1.022076    0.895887    0.846000  0.986000        01:02     
/home/yangyouucb/.fastai/data/imagenette-160
epoch     train_loss  valid_loss  accuracy  top_k_accuracy  time    
0         1.712667    2.303832    0.356000  0.824000        01:01     
1         1.458258    2.092165    0.458000  0.822000        01:00     
2         1.369336    1.832393    0.484000  0.890000        01:06     
3         1.221918    1.346913    0.650000  0.956000        01:02     
4         1.012886    0.883385    0.854000  0.984000        01:03     
/home/yangyouucb/.fastai/data/imagenette-160
epoch     train_loss  valid_loss  accuracy  top_k_accuracy  time    
0         1.706285    2.609521    0.334000  0.826000        01:01     
1         1.479596    2.149369    0.430000  0.878000        01:06     
2         1.391030    1.392304    0.640000  0.928000        01:05     
3         1.186210    1.342617    0.670000  0.956000        01:04     
4         1.001024    0.875533    0.860000  0.984000        01:02     
/home/yangyouucb/.fastai/data/imagenette-160
epoch     train_loss  valid_loss  accuracy  top_k_accuracy  time    
0         1.678635    3.716508    0.280000  0.726000        01:01     
1         1.464100    1.514294    0.602000  0.948000        01:02     
2         1.359067    1.479159    0.600000  0.944000        01:02     
3         1.189788    1.007321    0.796000  0.984000        01:03     
4         0.997133    0.882021    0.860000  0.980000        01:00     
/home/yangyouucb/.fastai/data/imagenette-160
epoch     train_loss  valid_loss  accuracy  top_k_accuracy  time    
0         1.673542    3.416748    0.224000  0.698000        00:55     
1         1.471268    3.143924    0.332000  0.834000        01:05     
2         1.374131    1.936410    0.452000  0.898000        01:02     
3         1.203840    1.182367    0.724000  0.976000        01:04     
4         1.016137    0.916315    0.848000  0.982000        01:05     
[0.842 0.848 0.838 0.854 0.846 0.846 0.854 0.86  0.86  0.848]
mean = 0.8496000170707703, std = 0.00691664544865489, ci-95 = (0.8443844862029873, 0.8548155121757662)
/home/yangyouucb/.fastai/data/imagenette-160
epoch     train_loss  valid_loss  accuracy  top_k_accuracy  time    
0         1.699277    2.314362    0.412000  0.852000        01:04     
1         1.481544    3.539268    0.272000  0.862000        00:59     
2         1.372211    1.417192    0.620000  0.944000        01:02     
3         1.200096    1.050815    0.780000  0.970000        01:03     
4         1.014240    0.895901    0.860000  0.978000        01:02     
/home/yangyouucb/.fastai/data/imagenette-160
epoch     train_loss  valid_loss  accuracy  top_k_accuracy  time    
0         1.724182    1.791916    0.510000  0.904000        01:02     
1         1.506514    2.109040    0.340000  0.784000        01:02     
2         1.399414    1.575776    0.574000  0.922000        01:02     
3         1.232615    1.359614    0.650000  0.954000        01:03     
4         1.028886    0.913174    0.834000  0.980000        01:03     
/home/yangyouucb/.fastai/data/imagenette-160
epoch     train_loss  valid_loss  accuracy  top_k_accuracy  time    
0         1.714533    2.760195    0.358000  0.838000        01:05     
1         1.498632    2.008473    0.428000  0.774000        01:01     
2         1.365545    4.685397    0.252000  0.736000        01:02     
3         1.212274    1.001659    0.808000  0.978000        01:03     
4         1.010164    0.878200    0.848000  0.984000        01:05     
/home/yangyouucb/.fastai/data/imagenette-160
epoch     train_loss  valid_loss  accuracy  top_k_accuracy  time    
0         1.681799    2.251604    0.338000  0.806000        01:01     
1         1.498363    1.709843    0.494000  0.920000        01:03     
2         1.375767    1.651144    0.522000  0.896000        01:02     
3         1.177502    1.076938    0.770000  0.968000        01:03     
4         1.011204    0.878940    0.866000  0.980000        01:03     
/home/yangyouucb/.fastai/data/imagenette-160
epoch     train_loss  valid_loss  accuracy  top_k_accuracy  time    
0         1.673564    2.067516    0.464000  0.892000        01:03     
1         1.465965    1.688594    0.520000  0.874000        01:03     
2         1.385008    1.537433    0.580000  0.896000        01:01     
3         1.182033    1.126113    0.758000  0.966000        01:06     
4         1.014879    0.892140    0.852000  0.984000        01:04     
/home/yangyouucb/.fastai/data/imagenette-160
epoch     train_loss  valid_loss  accuracy  top_k_accuracy  time    
0         1.724203    1.829916    0.502000  0.880000        01:04     
1         1.482263    1.889700    0.432000  0.846000        01:04     
2         1.365541    2.135445    0.400000  0.858000        01:03     
3         1.191393    1.158255    0.724000  0.968000        01:04     
4         1.015635    0.871463    0.856000  0.982000        01:01     
/home/yangyouucb/.fastai/data/imagenette-160
epoch     train_loss  valid_loss  accuracy  top_k_accuracy  time    
0         1.669274    3.789518    0.248000  0.704000        01:03     
1         1.434094    1.701410    0.496000  0.878000        01:01     
2         1.348037    2.100733    0.452000  0.792000        01:01     
3         1.180132    1.039941    0.782000  0.972000        01:02     
4         1.002137    0.878092    0.854000  0.980000        01:03     
/home/yangyouucb/.fastai/data/imagenette-160
epoch     train_loss  valid_loss  accuracy  top_k_accuracy  time    
0         1.701768    2.181083    0.382000  0.826000        01:02     
1         1.487125    1.496657    0.574000  0.930000        01:03     
2         1.378571    1.946263    0.452000  0.882000        01:03     
3         1.197757    1.236268    0.680000  0.972000        01:04     
4         1.015401    0.892876    0.850000  0.984000        01:01     
/home/yangyouucb/.fastai/data/imagenette-160
epoch     train_loss  valid_loss  accuracy  top_k_accuracy  time    
0         1.701358    2.977746    0.296000  0.720000        01:03     
1         1.507578    2.784589    0.294000  0.820000        01:02     
2         1.380265    1.544881    0.570000  0.932000        01:02     
3         1.196159    1.232299    0.708000  0.960000        01:05     
4         1.014611    0.890474    0.850000  0.978000        00:59     
/home/yangyouucb/.fastai/data/imagenette-160
epoch     train_loss  valid_loss  accuracy  top_k_accuracy  time    
0         1.694600    2.208877    0.406000  0.830000        01:01     
1         1.471087    1.682104    0.522000  0.886000        01:02     
2         1.373938    1.369080    0.626000  0.946000        01:03     
3         1.176116    1.323069    0.664000  0.950000        01:02     
4         1.001983    0.898139    0.842000  0.982000        01:03     
[0.86  0.834 0.848 0.866 0.852 0.856 0.854 0.85  0.85  0.842]
mean = 0.8511999249458313, std = 0.008494704961776733, ci-95 = (0.8447945496659914, 0.8576054551977477)
/home/yangyouucb/.fastai/data/imagenette-160
epoch     train_loss  valid_loss  accuracy  top_k_accuracy  time    
0         1.714172    1.908981    0.410000  0.856000        01:02     
1         1.495391    2.334870    0.312000  0.786000        00:59     
2         1.401628    2.257664    0.412000  0.848000        01:03     
3         1.202951    1.168984    0.728000  0.970000        01:00     
4         1.011536    0.912710    0.846000  0.980000        01:02     
/home/yangyouucb/.fastai/data/imagenette-160
epoch     train_loss  valid_loss  accuracy  top_k_accuracy  time    
0         1.735414    2.168066    0.326000  0.834000        01:01     
1         1.458842    1.616322    0.520000  0.900000        01:01     
2         1.371430    2.463898    0.362000  0.806000        01:02     
3         1.175083    1.257731    0.668000  0.966000        01:01     
4         1.001713    0.889505    0.846000  0.984000        01:03     
/home/yangyouucb/.fastai/data/imagenette-160
epoch     train_loss  valid_loss  accuracy  top_k_accuracy  time    
0         1.694615    2.374333    0.394000  0.846000        01:02     
1         1.465348    1.900774    0.454000  0.876000        01:02     
2         1.382653    1.454178    0.610000  0.948000        01:02     
3         1.198862    1.141436    0.754000  0.974000        01:03     
4         1.019403    0.878924    0.848000  0.986000        01:03     
/home/yangyouucb/.fastai/data/imagenette-160
epoch     train_loss  valid_loss  accuracy  top_k_accuracy  time    
0         1.704864    6.642290    0.252000  0.652000        01:01     
1         1.500139    1.828653    0.516000  0.916000        01:01     
2         1.406933    1.960483    0.444000  0.956000        01:00     
3         1.197179    1.156285    0.730000  0.972000        01:03     
4         1.019490    0.891723    0.850000  0.988000        01:02     
/home/yangyouucb/.fastai/data/imagenette-160
epoch     train_loss  valid_loss  accuracy  top_k_accuracy  time    
0         1.698047    2.459264    0.386000  0.756000        01:02     
1         1.489261    1.965315    0.456000  0.880000        01:01     
2         1.391514    1.760602    0.504000  0.870000        01:01     
3         1.201134    1.144955    0.754000  0.966000        01:02     
4         1.010305    0.901721    0.854000  0.982000        01:03     
/home/yangyouucb/.fastai/data/imagenette-160
epoch     train_loss  valid_loss  accuracy  top_k_accuracy  time    
0         1.710944    2.166577    0.416000  0.874000        01:01     
1         1.470763    1.766262    0.484000  0.924000        01:00     
2         1.365114    1.326636    0.660000  0.950000        01:04     
3         1.194284    1.074346    0.778000  0.978000        01:01     
4         0.984797    0.882908    0.856000  0.992000        01:01     
/home/yangyouucb/.fastai/data/imagenette-160
epoch     train_loss  valid_loss  accuracy  top_k_accuracy  time    
0         1.705631    2.973199    0.370000  0.722000        01:00     
1         1.471797    1.405704    0.630000  0.934000        01:01     
2         1.362909    1.248261    0.684000  0.954000        01:02     
3         1.183310    1.092175    0.780000  0.954000        01:01     
4         0.998614    0.877792    0.858000  0.984000        01:02     
/home/yangyouucb/.fastai/data/imagenette-160
epoch     train_loss  valid_loss  accuracy  top_k_accuracy  time    
0         1.721447    2.657543    0.354000  0.776000        01:02     
1         1.463626    1.503977    0.566000  0.934000        01:03     
2         1.377493    3.491610    0.310000  0.810000        01:02     
3         1.190852    1.084937    0.766000  0.974000        01:02     
4         1.012999    0.879737    0.840000  0.986000        01:00     
/home/yangyouucb/.fastai/data/imagenette-160
epoch     train_loss  valid_loss  accuracy  top_k_accuracy  time    
0         1.691827    3.275201    0.284000  0.590000        01:00     
1         1.474962    1.644148    0.528000  0.880000        00:57     
2         1.375791    1.314735    0.682000  0.946000        01:03     
3         1.197165    1.189843    0.714000  0.962000        01:04     
4         1.004881    0.875451    0.860000  0.986000        01:02     
/home/yangyouucb/.fastai/data/imagenette-160
epoch     train_loss  valid_loss  accuracy  top_k_accuracy  time    
0         1.701804    2.268690    0.408000  0.888000        01:00     
1         1.489108    2.726796    0.330000  0.700000        00:59     
2         1.394982    2.065280    0.388000  0.786000        01:00     
3         1.183631    1.063034    0.754000  0.974000        01:03     
4         1.005681    0.900353    0.848000  0.986000        01:02     
[0.846 0.846 0.848 0.85  0.854 0.856 0.858 0.84  0.86  0.848]
mean = 0.8505999445915222, std = 0.005936330650001764, ci-95 = (0.8461236940437386, 0.8550763024276665)
/home/yangyouucb/.fastai/data/imagenette-160
epoch     train_loss  valid_loss  accuracy  top_k_accuracy  time    
0         1.715276    1.983243    0.440000  0.860000        01:05     
1         1.486042    1.657932    0.512000  0.924000        00:59     
2         1.390048    1.611005    0.520000  0.904000        01:01     
3         1.186736    1.194172    0.742000  0.956000        01:03     
4         1.007099    0.891289    0.866000  0.976000        01:00     
/home/yangyouucb/.fastai/data/imagenette-160
epoch     train_loss  valid_loss  accuracy  top_k_accuracy  time    
0         1.668758    3.196698    0.374000  0.798000        01:02     
1         1.451769    1.999955    0.502000  0.926000        01:00     
2         1.364690    1.299015    0.666000  0.952000        01:02     
3         1.176378    1.093058    0.774000  0.972000        01:01     
4         1.005998    0.893805    0.850000  0.980000        01:04     
/home/yangyouucb/.fastai/data/imagenette-160
epoch     train_loss  valid_loss  accuracy  top_k_accuracy  time    
0         1.692432    3.324623    0.294000  0.750000        01:00     
1         1.481269    2.625894    0.440000  0.876000        01:02     
2         1.385459    1.842949    0.546000  0.926000        01:02     
3         1.207137    1.243295    0.708000  0.978000        01:04     
4         1.017202    0.915631    0.836000  0.984000        01:02     
/home/yangyouucb/.fastai/data/imagenette-160
epoch     train_loss  valid_loss  accuracy  top_k_accuracy  time    
0         1.693247    3.374163    0.302000  0.730000        01:01     
1         1.469091    1.788285    0.474000  0.930000        01:03     
2         1.367984    1.795493    0.528000  0.854000        01:02     
3         1.183477    1.077889    0.802000  0.968000        01:02     
4         1.015920    0.901779    0.846000  0.984000        01:01     
/home/yangyouucb/.fastai/data/imagenette-160
epoch     train_loss  valid_loss  accuracy  top_k_accuracy  time    
0         1.683755    3.271860    0.332000  0.696000        01:01     
1         1.485522    4.906551    0.270000  0.830000        01:01     
2         1.379022    1.469253    0.612000  0.932000        01:03     
3         1.200211    1.252841    0.708000  0.954000        01:02     
4         1.014971    0.891446    0.856000  0.986000        01:01     
/home/yangyouucb/.fastai/data/imagenette-160
epoch     train_loss  valid_loss  accuracy  top_k_accuracy  time    
0         1.686386    7.386520    0.196000  0.606000        01:02     
1         1.475590    1.844136    0.460000  0.906000        01:02     
2         1.372005    1.613734    0.512000  0.908000        01:03     
3         1.189196    1.155375    0.744000  0.964000        01:01     
4         1.019388    0.904892    0.838000  0.982000        01:03     
/home/yangyouucb/.fastai/data/imagenette-160
epoch     train_loss  valid_loss  accuracy  top_k_accuracy  time    
0         1.707561    3.087936    0.350000  0.778000        01:02     
1         1.466452    1.814852    0.454000  0.892000        01:00     
2         1.384798    2.088052    0.430000  0.892000        01:03     
3         1.198089    1.056375    0.778000  0.978000        01:03     
4         1.003550    0.891942    0.844000  0.984000        01:02     
/home/yangyouucb/.fastai/data/imagenette-160
epoch     train_loss  valid_loss  accuracy  top_k_accuracy  time    
0         1.740906    2.010136    0.454000  0.906000        01:02     
1         1.492540    3.684286    0.302000  0.740000        00:59     
2         1.381448    2.168518    0.438000  0.860000        01:03     
3         1.205777    1.169078    0.712000  0.970000        01:02     
4         1.019337    0.883141    0.850000  0.986000        01:02     
/home/yangyouucb/.fastai/data/imagenette-160
epoch     train_loss  valid_loss  accuracy  top_k_accuracy  time    
0         1.697033    2.614920    0.324000  0.800000        01:03     
1         1.480838    1.754402    0.504000  0.940000        01:00     
2         1.367043    1.356729    0.658000  0.942000        01:02     
3         1.180007    1.085685    0.774000  0.974000        01:01     
4         1.010407    0.868021    0.846000  0.988000        01:03     
/home/yangyouucb/.fastai/data/imagenette-160
epoch     train_loss  valid_loss  accuracy  top_k_accuracy  time    
0         1.672882    2.151990    0.352000  0.878000        00:58     
1         1.472711    1.548550    0.552000  0.926000        01:01     
2         1.359965    1.475500    0.600000  0.938000        01:02     
3         1.179964    1.053892    0.782000  0.984000        01:02     
4         1.007071    0.886797    0.848000  0.984000        01:03     
[0.866 0.85  0.836 0.846 0.856 0.838 0.844 0.85  0.846 0.848]
mean = 0.8480000495910645, std = 0.00814861711114645, ci-95 = (0.8418555238400017, 0.8541444918956246)
/home/yangyouucb/.fastai/data/imagenette-160
epoch     train_loss  valid_loss  accuracy  top_k_accuracy  time    
0         1.699228    2.789642    0.338000  0.842000        01:05     
1         1.472774    1.732056    0.480000  0.868000        00:57     
2         1.394868    2.396946    0.398000  0.900000        01:04     
3         1.225685    1.050612    0.802000  0.974000        01:04     
4         1.004867    0.896065    0.838000  0.986000        01:02     
/home/yangyouucb/.fastai/data/imagenette-160
epoch     train_loss  valid_loss  accuracy  top_k_accuracy  time    
0         1.719408    2.300045    0.340000  0.838000        01:03     
1         1.487073    1.957783    0.386000  0.838000        00:58     
2         1.380653    2.698943    0.378000  0.770000        01:03     
3         1.203491    1.147521    0.742000  0.964000        01:03     
4         1.039400    0.897308    0.850000  0.986000        01:01     
/home/yangyouucb/.fastai/data/imagenette-160
epoch     train_loss  valid_loss  accuracy  top_k_accuracy  time    
0         1.706473    2.347525    0.396000  0.774000        01:00     
1         1.474045    1.368080    0.676000  0.942000        01:00     
2         1.398488    2.219585    0.394000  0.834000        01:02     
3         1.197002    1.033373    0.810000  0.970000        01:04     
4         1.025493    0.864302    0.872000  0.978000        01:02     
/home/yangyouucb/.fastai/data/imagenette-160
epoch     train_loss  valid_loss  accuracy  top_k_accuracy  time    
0         1.706187    2.488286    0.356000  0.786000        01:02     
1         1.464316    1.397622    0.646000  0.954000        01:02     
2         1.354487    1.477277    0.602000  0.956000        01:03     
3         1.179830    1.221986    0.718000  0.954000        01:04     
4         1.016931    0.864276    0.870000  0.986000        01:02     
/home/yangyouucb/.fastai/data/imagenette-160
epoch     train_loss  valid_loss  accuracy  top_k_accuracy  time    
0         1.692246    4.164223    0.314000  0.682000        01:02     
1         1.475513    2.093140    0.416000  0.870000        01:02     
2         1.345119    1.436796    0.634000  0.938000        01:01     
3         1.179135    1.233695    0.684000  0.970000        01:03     
4         0.993085    0.875727    0.850000  0.982000        01:04     
/home/yangyouucb/.fastai/data/imagenette-160
epoch     train_loss  valid_loss  accuracy  top_k_accuracy  time    
0         1.662902    2.825592    0.372000  0.744000        01:01     
1         1.467144    2.002526    0.430000  0.890000        01:00     
2         1.358642    1.594705    0.550000  0.882000        01:02     
3         1.186095    1.077474    0.770000  0.966000        01:03     
4         1.000309    0.886775    0.852000  0.978000        01:03     
/home/yangyouucb/.fastai/data/imagenette-160
epoch     train_loss  valid_loss  accuracy  top_k_accuracy  time    
0         1.681352    2.783070    0.308000  0.702000        01:01     
1         1.482859    1.897394    0.450000  0.854000        01:02     
2         1.372503    1.363574    0.624000  0.924000        01:03     
3         1.202407    1.076050    0.780000  0.974000        01:02     
4         0.986609    0.879674    0.864000  0.980000        01:02     
/home/yangyouucb/.fastai/data/imagenette-160
epoch     train_loss  valid_loss  accuracy  top_k_accuracy  time    
0         1.691402    2.500751    0.332000  0.716000        01:02     
1         1.469861    1.919689    0.470000  0.866000        01:02     
2         1.367518    1.610745    0.552000  0.922000        01:01     
3         1.187486    1.210229    0.722000  0.952000        01:02     
4         1.009958    0.882131    0.846000  0.982000        01:02     
/home/yangyouucb/.fastai/data/imagenette-160
epoch     train_loss  valid_loss  accuracy  top_k_accuracy  time    
0         1.688874    2.064109    0.430000  0.818000        01:01     
1         1.465773    3.238822    0.296000  0.812000        00:59     
2         1.368094    1.432098    0.654000  0.928000        01:02     
3         1.179387    1.248551    0.708000  0.958000        01:03     
4         1.006726    0.895903    0.846000  0.988000        01:05     
/home/yangyouucb/.fastai/data/imagenette-160
epoch     train_loss  valid_loss  accuracy  top_k_accuracy  time    
0         1.683540    1.674769    0.542000  0.918000        00:58     
1         1.471433    1.664819    0.552000  0.908000        01:02     
2         1.371662    2.904210    0.356000  0.904000        01:03     
3         1.188421    1.108175    0.762000  0.972000        01:03     
4         0.999825    0.872091    0.856000  0.992000        01:02     
[0.838 0.85  0.872 0.87  0.85  0.852 0.864 0.846 0.846 0.856]
mean = 0.8544000387191772, std = 0.010499518364667892, ci-95 = (0.8464828218003746, 0.8623171960333351)
/home/yangyouucb/.fastai/data/imagenette-160
epoch     train_loss  valid_loss  accuracy  top_k_accuracy  time    
0         1.714231    1.858945    0.414000  0.926000        01:07     
1         1.457546    1.991376    0.518000  0.926000        01:02     
2         1.364062    1.423218    0.600000  0.938000        01:02     
3         1.186165    1.148287    0.744000  0.962000        01:02     
4         1.002034    0.865870    0.864000  0.982000        01:01     
/home/yangyouucb/.fastai/data/imagenette-160
epoch     train_loss  valid_loss  accuracy  top_k_accuracy  time    
0         1.694113    2.825046    0.358000  0.852000        01:04     
1         1.466725    2.261816    0.374000  0.840000        01:01     
2         1.372185    1.555821    0.560000  0.934000        01:02     
3         1.198344    1.063540    0.776000  0.978000        01:03     
4         0.985494    0.884985    0.840000  0.986000        01:04     
/home/yangyouucb/.fastai/data/imagenette-160
epoch     train_loss  valid_loss  accuracy  top_k_accuracy  time    
0         1.711382    3.479280    0.266000  0.706000        01:01     
1         1.472245    1.516207    0.582000  0.932000        01:02     
2         1.378925    1.336027    0.648000  0.952000        01:04     
3         1.186904    1.036003    0.798000  0.976000        01:04     
4         0.998391    0.905605    0.838000  0.986000        01:06     
/home/yangyouucb/.fastai/data/imagenette-160
epoch     train_loss  valid_loss  accuracy  top_k_accuracy  time    
0         1.680737    1.968616    0.408000  0.878000        01:01     
1         1.491209    1.739415    0.482000  0.876000        01:04     
2         1.414905    1.485304    0.602000  0.908000        01:02     
3         1.197313    1.354568    0.660000  0.944000        01:02     
4         1.002314    0.894961    0.846000  0.982000        01:03     
/home/yangyouucb/.fastai/data/imagenette-160
epoch     train_loss  valid_loss  accuracy  top_k_accuracy  time    
0         1.690466    3.205802    0.318000  0.652000        01:01     
1         1.451326    2.133106    0.464000  0.880000        01:01     
2         1.359563    1.631237    0.526000  0.912000        01:01     
3         1.176993    1.095176    0.764000  0.980000        01:03     
4         1.010070    0.872886    0.858000  0.984000        01:02     
/home/yangyouucb/.fastai/data/imagenette-160
epoch     train_loss  valid_loss  accuracy  top_k_accuracy  time    
0         1.664025    1.866129    0.468000  0.864000        01:04     
1         1.489874    1.884261    0.474000  0.890000        01:01     
2         1.351264    1.959260    0.462000  0.900000        01:03     
3         1.211991    1.174976    0.738000  0.976000        01:05     
4         1.011666    0.895415    0.840000  0.982000        01:02     
/home/yangyouucb/.fastai/data/imagenette-160
epoch     train_loss  valid_loss  accuracy  top_k_accuracy  time    
0         1.698503    2.057026    0.424000  0.836000        01:03     
1         1.501981    1.627822    0.554000  0.926000        01:02     
2         1.359231    1.887105    0.430000  0.878000        01:03     
3         1.197690    1.102090    0.742000  0.968000        01:02     
4         1.004232    0.870774    0.872000  0.984000        01:04     
/home/yangyouucb/.fastai/data/imagenette-160
epoch     train_loss  valid_loss  accuracy  top_k_accuracy  time    
0         1.703027    2.217394    0.352000  0.842000        01:02     
1         1.472261    1.644194    0.530000  0.908000        01:01     
2         1.378284    1.740316    0.508000  0.902000        01:01     
3         1.183687    1.440162    0.626000  0.960000        01:03     
4         0.997637    0.873348    0.868000  0.986000        01:00     
/home/yangyouucb/.fastai/data/imagenette-160
epoch     train_loss  valid_loss  accuracy  top_k_accuracy  time    
0         1.661775    1.996490    0.450000  0.840000        01:01     
1         1.484629    1.971499    0.436000  0.848000        00:59     
2         1.358235    1.923607    0.558000  0.928000        01:01     
3         1.186033    1.014101    0.788000  0.976000        01:02     
4         0.995684    0.883384    0.848000  0.984000        01:03     
/home/yangyouucb/.fastai/data/imagenette-160
epoch     train_loss  valid_loss  accuracy  top_k_accuracy  time    
0         1.679912    3.272850    0.296000  0.590000        00:59     
1         1.457187    2.022352    0.392000  0.886000        01:04     
2         1.364332    1.591568    0.578000  0.946000        01:02     
3         1.189848    1.116132    0.744000  0.968000        01:06     
4         1.020171    0.900622    0.852000  0.988000        01:02     
[0.864 0.84  0.838 0.846 0.858 0.84  0.872 0.868 0.848 0.852]
mean = 0.8525999784469604, std = 0.01169786136597395, ci-95 = (0.8437791894518113, 0.8614207912839674)
/home/yangyouucb/.fastai/data/imagenette-160
epoch     train_loss  valid_loss  accuracy  top_k_accuracy  time    
0         1.696053    2.233131    0.394000  0.880000        01:05     
1         1.441889    2.233121    0.396000  0.802000        01:03     
2         1.356561    1.223855    0.710000  0.956000        01:00     
3         1.172396    1.108716    0.756000  0.964000        01:02     
4         0.979430    0.877237    0.852000  0.980000        01:03     
/home/yangyouucb/.fastai/data/imagenette-160
epoch     train_loss  valid_loss  accuracy  top_k_accuracy  time    
0         1.730683    4.436226    0.246000  0.830000        01:00     
1         1.473446    1.808377    0.530000  0.918000        01:03     
2         1.362663    1.697370    0.500000  0.922000        01:02     
3         1.200716    1.049316    0.780000  0.982000        01:03     
4         1.024302    0.886027    0.846000  0.982000        01:05     
/home/yangyouucb/.fastai/data/imagenette-160
epoch     train_loss  valid_loss  accuracy  top_k_accuracy  time    
0         1.692553    2.396739    0.342000  0.776000        01:03     
1         1.472992    1.588650    0.556000  0.912000        01:03     
2         1.365801    2.396371    0.336000  0.846000        01:03     
3         1.181345    1.090340    0.760000  0.964000        01:03     
4         0.989077    0.871890    0.856000  0.986000        01:03     
/home/yangyouucb/.fastai/data/imagenette-160
epoch     train_loss  valid_loss  accuracy  top_k_accuracy  time    
0         1.730921    3.622646    0.272000  0.736000        01:03     
1         1.477586    1.609237    0.536000  0.938000        01:02     
2         1.390156    2.341366    0.398000  0.914000        01:05     
3         1.192828    1.045780    0.786000  0.978000        01:05     
4         1.005794    0.908789    0.836000  0.982000        01:02     
/home/yangyouucb/.fastai/data/imagenette-160
epoch     train_loss  valid_loss  accuracy  top_k_accuracy  time    
0         1.682893    3.359587    0.364000  0.800000        01:01     
1         1.479337    1.903776    0.436000  0.858000        01:00     
2         1.350114    1.492216    0.578000  0.912000        01:03     
3         1.183784    1.060306    0.768000  0.970000        01:03     
4         1.001307    0.904452    0.832000  0.984000        01:04     
/home/yangyouucb/.fastai/data/imagenette-160
epoch     train_loss  valid_loss  accuracy  top_k_accuracy  time    
0         1.682924    4.363588    0.240000  0.734000        01:03     
1         1.462374    1.543588    0.578000  0.944000        01:01     
2         1.362159    1.449415    0.600000  0.916000        01:04     
3         1.183705    1.142546    0.746000  0.978000        01:03     
4         1.005858    0.894214    0.852000  0.982000        01:03     
/home/yangyouucb/.fastai/data/imagenette-160
epoch     train_loss  valid_loss  accuracy  top_k_accuracy  time    
0         1.716070    1.938351    0.462000  0.916000        01:02     
1         1.501667    1.575939    0.520000  0.920000        01:00     
2         1.377613    2.093217    0.378000  0.880000        01:04     
3         1.208157    1.030703    0.800000  0.974000        01:04     
4         1.012750    0.883282    0.856000  0.984000        01:03     
/home/yangyouucb/.fastai/data/imagenette-160
epoch     train_loss  valid_loss  accuracy  top_k_accuracy  time    
0         1.690187    3.172583    0.266000  0.706000        01:04     
1         1.449132    1.911804    0.462000  0.914000        01:01     
2         1.355671    2.007862    0.458000  0.924000        01:02     
3         1.171746    1.189877    0.714000  0.946000        01:05     
4         0.993822    0.895102    0.852000  0.982000        01:02     
/home/yangyouucb/.fastai/data/imagenette-160
epoch     train_loss  valid_loss  accuracy  top_k_accuracy  time    
0         1.671594    2.426846    0.392000  0.790000        01:03     
1         1.437649    2.880762    0.250000  0.786000        01:00     
2         1.352533    1.803832    0.488000  0.836000        01:03     
3         1.197785    1.087655    0.760000  0.966000        01:04     
4         0.998604    0.858227    0.870000  0.988000        01:02     
/home/yangyouucb/.fastai/data/imagenette-160
epoch     train_loss  valid_loss  accuracy  top_k_accuracy  time    
0         1.675826    4.538023    0.244000  0.702000        01:04     
1         1.471178    1.519837    0.586000  0.932000        01:04     
2         1.385078    1.751756    0.518000  0.880000        01:05     
3         1.188049    1.104792    0.762000  0.972000        01:03     
4         1.008906    0.877490    0.852000  0.984000        01:04     
[0.852 0.846 0.856 0.836 0.832 0.852 0.856 0.852 0.87  0.852]
mean = 0.8503999710083008, std = 0.010111373849213123, ci-95 = (0.8427755012533955, 0.8580245122887797)
/home/yangyouucb/.fastai/data/imagenette-160
epoch     train_loss  valid_loss  accuracy  top_k_accuracy  time    
0         1.698406    1.644894    0.540000  0.898000        01:05     
1         1.456426    2.455711    0.388000  0.898000        00:59     
2         1.388373    1.326810    0.656000  0.950000        01:00     
3         1.194497    1.105350    0.740000  0.982000        01:02     
4         1.011222    0.883745    0.850000  0.988000        01:02     
/home/yangyouucb/.fastai/data/imagenette-160
epoch     train_loss  valid_loss  accuracy  top_k_accuracy  time    
0         1.699377    5.621478    0.236000  0.808000        01:02     
1         1.486497    1.609467    0.538000  0.906000        01:02     
2         1.372105    1.342469    0.640000  0.968000        01:06     
3         1.172087    1.060417    0.776000  0.972000        01:02     
4         1.012272    0.888484    0.844000  0.988000        01:05     
/home/yangyouucb/.fastai/data/imagenette-160
epoch     train_loss  valid_loss  accuracy  top_k_accuracy  time    
0         1.707726    2.111637    0.432000  0.842000        01:02     
1         1.481888    1.668811    0.484000  0.954000        01:01     
2         1.375887    1.480776    0.624000  0.966000        01:04     
3         1.204517    1.324182    0.668000  0.952000        01:01     
4         1.012677    0.891181    0.854000  0.988000        01:02     
/home/yangyouucb/.fastai/data/imagenette-160
epoch     train_loss  valid_loss  accuracy  top_k_accuracy  time    
0         1.693582    2.241782    0.380000  0.872000        01:02     
1         1.466979    1.935596    0.458000  0.838000        01:03     
2         1.385927    2.346385    0.344000  0.726000        01:01     
3         1.188416    1.243780    0.702000  0.968000        01:03     
4         1.003738    0.898411    0.844000  0.986000        01:03     
/home/yangyouucb/.fastai/data/imagenette-160
epoch     train_loss  valid_loss  accuracy  top_k_accuracy  time    
0         1.701432    3.562916    0.334000  0.624000        01:01     
1         1.482741    1.835463    0.464000  0.870000        01:02     
2         1.394202    1.629215    0.560000  0.922000        01:02     
3         1.201240    1.099952    0.738000  0.984000        01:02     
4         1.017811    0.899607    0.846000  0.988000        01:03     
/home/yangyouucb/.fastai/data/imagenette-160
epoch     train_loss  valid_loss  accuracy  top_k_accuracy  time    
0         1.720853    2.365127    0.382000  0.780000        01:02     
1         1.475164    1.925295    0.500000  0.844000        01:01     
2         1.387094    1.758975    0.510000  0.910000        01:02     
3         1.176826    1.061214    0.764000  0.982000        01:04     
4         0.999441    0.883104    0.846000  0.988000        01:01     
/home/yangyouucb/.fastai/data/imagenette-160
epoch     train_loss  valid_loss  accuracy  top_k_accuracy  time    
0         1.675210    3.507357    0.292000  0.798000        01:01     
1         1.499398    1.733026    0.482000  0.884000        01:01     
2         1.390804    1.620911    0.540000  0.908000        01:03     
3         1.193896    1.188512    0.694000  0.964000        01:04     
4         1.013842    0.902531    0.840000  0.984000        01:01     
/home/yangyouucb/.fastai/data/imagenette-160
epoch     train_loss  valid_loss  accuracy  top_k_accuracy  time    
0         1.726944    3.024095    0.314000  0.804000        01:02     
1         1.482252    1.546880    0.574000  0.920000        01:00     
2         1.389271    1.430162    0.606000  0.940000        01:01     
3         1.212692    1.139284    0.744000  0.964000        01:04     
4         1.010454    0.890429    0.856000  0.984000        01:02     
/home/yangyouucb/.fastai/data/imagenette-160
epoch     train_loss  valid_loss  accuracy  top_k_accuracy  time    
0         1.693506    2.498637    0.308000  0.806000        01:03     
1         1.450994    2.474637    0.428000  0.912000        00:59     
2         1.376790    1.281664    0.682000  0.972000        01:02     
3         1.177007    1.128934    0.724000  0.972000        01:00     
4         1.000012    0.884966    0.858000  0.980000        01:01     
/home/yangyouucb/.fastai/data/imagenette-160
epoch     train_loss  valid_loss  accuracy  top_k_accuracy  time    
0         1.699869    2.364439    0.372000  0.866000        01:01     
1         1.462351    1.838629    0.506000  0.828000        01:03     
2         1.382834    2.529477    0.368000  0.770000        01:03     
3         1.193011    1.187704    0.710000  0.964000        01:05     
4         1.023130    0.884569    0.862000  0.986000        01:02     
[0.85  0.844 0.854 0.844 0.846 0.846 0.84  0.856 0.858 0.862]
mean = 0.8500000238418579, std = 0.006811754312366247, ci-95 = (0.8448635744278056, 0.8551364136512655)
/home/yangyouucb/.fastai/data/imagenette-160
epoch     train_loss  valid_loss  accuracy  top_k_accuracy  time    
0         1.677419    2.423980    0.434000  0.850000        01:05     
1         1.471546    1.865190    0.454000  0.912000        00:57     
2         1.377159    1.329580    0.676000  0.952000        01:02     
3         1.189337    1.058237    0.780000  0.976000        01:03     
4         1.004417    0.894207    0.842000  0.982000        01:02     
/home/yangyouucb/.fastai/data/imagenette-160
epoch     train_loss  valid_loss  accuracy  top_k_accuracy  time    
0         1.687498    2.807052    0.332000  0.772000        01:01     
1         1.466820    2.249709    0.354000  0.868000        01:01     
2         1.370807    1.300511    0.660000  0.960000        01:01     
3         1.177269    1.122128    0.750000  0.970000        01:03     
4         1.001069    0.871922    0.862000  0.984000        01:02     
/home/yangyouucb/.fastai/data/imagenette-160
epoch     train_loss  valid_loss  accuracy  top_k_accuracy  time    
0         1.715366    4.013111    0.284000  0.708000        01:03     
1         1.476712    1.719371    0.498000  0.904000        01:02     
2         1.377031    1.411900    0.604000  0.942000        01:02     
3         1.190530    1.023524    0.794000  0.974000        01:01     
4         1.004757    0.894808    0.856000  0.978000        01:03     
/home/yangyouucb/.fastai/data/imagenette-160
epoch     train_loss  valid_loss  accuracy  top_k_accuracy  time    
0         1.693426    2.394243    0.336000  0.774000        01:01     
1         1.460007    2.094747    0.476000  0.860000        01:01     
2         1.371246    1.930996    0.434000  0.866000        01:01     
3         1.208655    1.199598    0.728000  0.952000        01:04     
4         1.039590    0.895647    0.842000  0.988000        01:02     
/home/yangyouucb/.fastai/data/imagenette-160
epoch     train_loss  valid_loss  accuracy  top_k_accuracy  time    
0         1.716205    1.919652    0.516000  0.864000        01:03     
1         1.489406    2.129494    0.384000  0.870000        01:00     
2         1.402132    1.669293    0.542000  0.900000        01:04     
3         1.207470    1.147362    0.730000  0.970000        01:05     
4         1.016647    0.903784    0.850000  0.988000        01:02     
/home/yangyouucb/.fastai/data/imagenette-160
epoch     train_loss  valid_loss  accuracy  top_k_accuracy  time    
0         1.681225    3.586936    0.256000  0.730000        01:02     
1         1.479600    1.965006    0.440000  0.924000        01:00     
2         1.388282    1.545356    0.612000  0.930000        01:01     
3         1.164839    1.050167    0.772000  0.972000        01:04     
4         1.001397    0.885079    0.848000  0.980000        01:03     
/home/yangyouucb/.fastai/data/imagenette-160
epoch     train_loss  valid_loss  accuracy  top_k_accuracy  time    
0         1.728677    1.993440    0.370000  0.902000        01:02     
1         1.501351    1.943019    0.360000  0.866000        01:03     
2         1.376183    1.342493    0.660000  0.964000        01:04     
3         1.201379    1.263389    0.680000  0.958000        01:03     
4         1.009065    0.881083    0.844000  0.988000        01:04     
/home/yangyouucb/.fastai/data/imagenette-160
epoch     train_loss  valid_loss  accuracy  top_k_accuracy  time    
0         1.716826    2.149923    0.410000  0.870000        01:03     
1         1.488403    2.288141    0.380000  0.766000        01:02     
2         1.375632    1.944595    0.418000  0.850000        01:04     
3         1.196146    1.167525    0.742000  0.958000        01:03     
4         1.014588    0.926048    0.824000  0.972000        01:03     
/home/yangyouucb/.fastai/data/imagenette-160
epoch     train_loss  valid_loss  accuracy  top_k_accuracy  time    
0         1.755549    3.143458    0.262000  0.740000        01:02     
1         1.518535    1.900570    0.428000  0.874000        01:00     
2         1.370183    1.464126    0.622000  0.932000        01:02     
3         1.216550    1.085926    0.770000  0.956000        01:00     
4         1.026833    0.902932    0.844000  0.982000        01:03     
/home/yangyouucb/.fastai/data/imagenette-160
epoch     train_loss  valid_loss  accuracy  top_k_accuracy  time    
0         1.723292    2.618926    0.382000  0.766000        01:01     
1         1.485900    2.035105    0.388000  0.822000        01:03     
2         1.393800    1.591532    0.538000  0.926000        01:04     
3         1.183030    1.005913    0.802000  0.978000        01:02     
4         0.997348    0.871057    0.866000  0.984000        01:04     
[0.842 0.862 0.856 0.842 0.85  0.848 0.844 0.824 0.844 0.866]
mean = 0.8477999567985535, std = 0.011258773505687714, ci-95 = (0.8393102934283336, 0.8562897036152759)
/home/yangyouucb/.fastai/data/imagenette-160
epoch     train_loss  valid_loss  accuracy  top_k_accuracy  time    
0         1.673632    2.629399    0.308000  0.736000        01:07     
1         1.455314    1.679953    0.562000  0.900000        01:01     
2         1.372412    1.717253    0.474000  0.890000        01:03     
3         1.195326    1.095798    0.766000  0.970000        01:03     
4         1.008050    0.872218    0.858000  0.994000        01:02     
/home/yangyouucb/.fastai/data/imagenette-160
epoch     train_loss  valid_loss  accuracy  top_k_accuracy  time    
0         1.695595    6.340537    0.212000  0.644000        01:00     
1         1.497123    2.730802    0.328000  0.812000        01:02     
2         1.381357    1.579332    0.570000  0.912000        01:03     
3         1.215672    1.137936    0.748000  0.966000        01:05     
4         1.020879    0.896887    0.838000  0.986000        01:03     
/home/yangyouucb/.fastai/data/imagenette-160
epoch     train_loss  valid_loss  accuracy  top_k_accuracy  time    
0         1.685262    2.308028    0.370000  0.872000        01:03     
1         1.496793    1.761875    0.446000  0.896000        01:02     
2         1.378776    1.751876    0.526000  0.914000        01:04     
3         1.183999    1.091403    0.754000  0.972000        01:03     
4         1.023267    0.899030    0.840000  0.980000        01:03     
/home/yangyouucb/.fastai/data/imagenette-160
epoch     train_loss  valid_loss  accuracy  top_k_accuracy  time    
0         1.685191    2.380878    0.358000  0.832000        01:00     
1         1.465779    1.835977    0.488000  0.932000        01:02     
2         1.361321    1.511162    0.572000  0.960000        01:02     
3         1.206583    1.224695    0.726000  0.970000        01:03     
4         1.018037    0.897717    0.858000  0.984000        01:05     
/home/yangyouucb/.fastai/data/imagenette-160
epoch     train_loss  valid_loss  accuracy  top_k_accuracy  time    
0         1.754095    5.258466    0.160000  0.630000        01:04     
1         1.490417    2.052617    0.402000  0.886000        01:03     
2         1.364344    2.091378    0.412000  0.838000        01:05     
3         1.188704    1.145934    0.748000  0.962000        01:04     
4         1.011896    0.878105    0.860000  0.984000        01:06     
/home/yangyouucb/.fastai/data/imagenette-160
epoch     train_loss  valid_loss  accuracy  top_k_accuracy  time    
0         1.686714    1.795688    0.448000  0.898000        01:03     
1         1.479379    1.589737    0.552000  0.912000        01:00     
2         1.382249    1.495723    0.594000  0.920000        01:02     
3         1.167654    1.169257    0.730000  0.962000        01:03     
4         0.990259    0.886893    0.852000  0.982000        01:04     
/home/yangyouucb/.fastai/data/imagenette-160
epoch     train_loss  valid_loss  accuracy  top_k_accuracy  time    
0         1.680134    3.697056    0.318000  0.696000        01:02     
1         1.451355    1.623809    0.544000  0.936000        01:04     
2         1.361211    1.532488    0.552000  0.926000        01:04     
3         1.186848    1.006432    0.800000  0.974000        01:01     
4         1.000264    0.882475    0.846000  0.982000        01:02     
/home/yangyouucb/.fastai/data/imagenette-160
epoch     train_loss  valid_loss  accuracy  top_k_accuracy  time    
0         1.710893    2.638671    0.354000  0.722000        01:03     
1         1.498338    2.049765    0.436000  0.874000        01:04     
2         1.388181    2.145127    0.410000  0.810000        01:05     
3         1.206100    1.339944    0.644000  0.950000        01:04     
4         1.008363    0.901076    0.838000  0.976000        01:01     
/home/yangyouucb/.fastai/data/imagenette-160
epoch     train_loss  valid_loss  accuracy  top_k_accuracy  time    
0         1.692768    2.080272    0.444000  0.890000        01:00     
1         1.457180    2.077837    0.448000  0.882000        01:04     
2         1.368980    1.391584    0.616000  0.954000        01:01     
3         1.197261    1.073608    0.762000  0.976000        01:04     
4         1.021124    0.866825    0.864000  0.984000        01:04     
/home/yangyouucb/.fastai/data/imagenette-160
epoch     train_loss  valid_loss  accuracy  top_k_accuracy  time    
0         1.677526    3.742619    0.320000  0.698000        01:04     
1         1.464102    2.581545    0.274000  0.680000        01:03     
2         1.366905    1.429163    0.640000  0.964000        01:03     
3         1.171653    1.020150    0.808000  0.978000        01:04     
4         0.987017    0.873337    0.870000  0.986000        01:05     
[0.858 0.838 0.84  0.858 0.86  0.852 0.846 0.838 0.864 0.87 ]
mean = 0.852400004863739, std = 0.010836977511644363, ci-95 = (0.8442283497343457, 0.8605716480722034)
/home/yangyouucb/.fastai/data/imagenette-160
epoch     train_loss  valid_loss  accuracy  top_k_accuracy  time    
0         1.734645    2.007203    0.454000  0.876000        01:03     
1         1.484526    1.820575    0.504000  0.920000        01:00     
2         1.374746    1.587700    0.584000  0.876000        01:02     
3         1.189297    1.237533    0.704000  0.948000        01:03     
4         1.017940    0.908797    0.862000  0.980000        01:02     
/home/yangyouucb/.fastai/data/imagenette-160
epoch     train_loss  valid_loss  accuracy  top_k_accuracy  time    
0         1.702124    2.358453    0.372000  0.816000        01:01     
1         1.486886    2.060743    0.472000  0.922000        01:01     
2         1.362015    2.118353    0.474000  0.950000        01:03     
3         1.200511    1.047104    0.796000  0.974000        01:01     
4         1.013412    0.880640    0.860000  0.982000        01:02     
/home/yangyouucb/.fastai/data/imagenette-160
epoch     train_loss  valid_loss  accuracy  top_k_accuracy  time    
0         1.711885    2.022207    0.396000  0.794000        01:01     
1         1.483805    2.462467    0.416000  0.864000        01:01     
2         1.377114    1.839750    0.460000  0.876000        01:03     
3         1.179941    1.127071    0.736000  0.974000        01:01     
4         0.998143    0.890558    0.856000  0.980000        01:03     
/home/yangyouucb/.fastai/data/imagenette-160
epoch     train_loss  valid_loss  accuracy  top_k_accuracy  time    
0         1.723469    2.020935    0.426000  0.898000        01:01     
1         1.471256    2.865865    0.276000  0.732000        01:01     
2         1.357181    1.674241    0.552000  0.914000        01:01     
3         1.204053    0.994251    0.812000  0.988000        01:01     
4         0.989284    0.897468    0.844000  0.984000        01:03     
/home/yangyouucb/.fastai/data/imagenette-160
epoch     train_loss  valid_loss  accuracy  top_k_accuracy  time    
0         1.708360    2.353885    0.390000  0.754000        01:00     
1         1.485887    2.420569    0.424000  0.794000        01:02     
2         1.386389    1.514201    0.606000  0.926000        01:02     
3         1.205937    1.092991    0.762000  0.970000        01:04     
4         1.010915    0.894305    0.842000  0.976000        01:01     
/home/yangyouucb/.fastai/data/imagenette-160
epoch     train_loss  valid_loss  accuracy  top_k_accuracy  time    
0         1.714391    2.112501    0.426000  0.896000        01:02     
1         1.483112    2.105284    0.364000  0.790000        01:01     
2         1.367031    1.524761    0.618000  0.932000        01:01     
3         1.188717    1.127396    0.746000  0.966000        01:02     
4         1.011000    0.887914    0.838000  0.982000        01:01     
/home/yangyouucb/.fastai/data/imagenette-160
epoch     train_loss  valid_loss  accuracy  top_k_accuracy  time    
0         1.676103    2.856162    0.266000  0.712000        01:02     
1         1.478338    1.938334    0.462000  0.910000        00:59     
2         1.386592    1.465298    0.592000  0.936000        01:02     
3         1.192293    1.084416    0.774000  0.966000        01:03     
4         1.012798    0.916361    0.834000  0.986000        01:03     
/home/yangyouucb/.fastai/data/imagenette-160
epoch     train_loss  valid_loss  accuracy  top_k_accuracy  time    
0         1.739957    2.212023    0.358000  0.826000        01:00     
1         1.484403    2.935445    0.360000  0.748000        01:01     
2         1.388078    3.366078    0.190000  0.774000        01:03     
3         1.219448    1.058563    0.776000  0.982000        01:03     
4         1.034567    0.894837    0.844000  0.980000        01:02     
/home/yangyouucb/.fastai/data/imagenette-160
epoch     train_loss  valid_loss  accuracy  top_k_accuracy  time    
0         1.707206    2.369734    0.298000  0.850000        00:55     
1         1.472294    1.699779    0.486000  0.902000        00:55     
2         1.366715    1.925509    0.530000  0.928000        00:45     
3         1.204563    1.160570    0.738000  0.976000        00:44     
4         1.022061    0.902383    0.850000  0.982000        00:44     
/home/yangyouucb/.fastai/data/imagenette-160
epoch     train_loss  valid_loss  accuracy  top_k_accuracy  time    
0         1.697569    1.746220    0.488000  0.878000        00:43     
1         1.474065    2.056367    0.442000  0.852000        00:44     
2         1.374177    1.392229    0.654000  0.952000        00:45     
3         1.182240    1.124142    0.734000  0.960000        00:45     
4         1.017288    0.901231    0.838000  0.982000        00:44     
[0.862 0.86  0.856 0.844 0.842 0.838 0.834 0.844 0.85  0.838]
mean = 0.8467999696731567, std = 0.009260673075914383, ci-95 = (0.8398169668307552, 0.853783032120203)
