/home/yangyouucb/.fastai/data/imagenette-160
epoch     train_loss  valid_loss  accuracy  top_k_accuracy  time    
0         1.687560    2.719134    0.378000  0.778000        01:05     
1         1.464527    2.243071    0.442000  0.858000        01:00     
2         1.430300    1.714148    0.486000  0.874000        01:00     
3         1.233406    1.186809    0.712000  0.978000        01:02     
4         1.043386    0.932162    0.842000  0.978000        01:03     
/home/yangyouucb/.fastai/data/imagenette-160
epoch     train_loss  valid_loss  accuracy  top_k_accuracy  time    
0         1.701113    1.691332    0.544000  0.894000        01:01     
1         1.522630    1.562969    0.546000  0.924000        01:00     
2         1.416776    1.898583    0.490000  0.916000        01:02     
3         1.231873    1.064536    0.766000  0.978000        01:02     
4         1.024177    0.920334    0.840000  0.982000        01:03     
/home/yangyouucb/.fastai/data/imagenette-160
epoch     train_loss  valid_loss  accuracy  top_k_accuracy  time    
0         1.703201    2.203139    0.420000  0.758000        01:01     
1         1.540186    1.574471    0.546000  0.940000        01:02     
2         1.420560    1.541884    0.618000  0.864000        01:02     
3         1.253227    1.164648    0.746000  0.964000        01:01     
4         1.055375    0.918118    0.828000  0.984000        01:02     
/home/yangyouucb/.fastai/data/imagenette-160
epoch     train_loss  valid_loss  accuracy  top_k_accuracy  time    
0         1.717773    2.547946    0.282000  0.780000        01:02     
1         1.522653    1.782978    0.510000  0.904000        01:00     
2         1.448795    1.946814    0.510000  0.872000        01:01     
3         1.241280    1.245711    0.696000  0.954000        01:01     
4         1.059667    0.930686    0.846000  0.976000        01:01     
/home/yangyouucb/.fastai/data/imagenette-160
epoch     train_loss  valid_loss  accuracy  top_k_accuracy  time    
0         1.741277    2.443747    0.348000  0.872000        01:01     
1         1.535203    2.233701    0.382000  0.856000        01:03     
2         1.461899    2.640230    0.396000  0.882000        01:01     
3         1.275077    1.098958    0.760000  0.980000        01:03     
4         1.072055    0.948101    0.820000  0.982000        01:01     
/home/yangyouucb/.fastai/data/imagenette-160
epoch     train_loss  valid_loss  accuracy  top_k_accuracy  time    
0         1.702513    2.534729    0.332000  0.818000        01:00     
1         1.504995    2.188613    0.392000  0.836000        01:00     
2         1.406390    1.559084    0.580000  0.932000        01:01     
3         1.254839    1.312919    0.652000  0.938000        01:01     
4         1.059458    0.929094    0.852000  0.980000        01:01     
/home/yangyouucb/.fastai/data/imagenette-160
epoch     train_loss  valid_loss  accuracy  top_k_accuracy  time    
0         1.685965    2.502373    0.336000  0.808000        01:01     
1         1.485574    1.657640    0.526000  0.914000        01:02     
2         1.432512    1.477697    0.638000  0.952000        01:00     
3         1.238645    1.155759    0.732000  0.966000        01:03     
4         1.053826    0.929771    0.820000  0.984000        01:02     
/home/yangyouucb/.fastai/data/imagenette-160
epoch     train_loss  valid_loss  accuracy  top_k_accuracy  time    
0         1.692917    3.209035    0.266000  0.768000        01:01     
1         1.507281    1.770135    0.452000  0.924000        01:01     
2         1.436168    1.795911    0.474000  0.928000        01:02     
3         1.249773    1.306718    0.664000  0.960000        01:03     
4         1.055315    0.926638    0.824000  0.982000        01:03     
/home/yangyouucb/.fastai/data/imagenette-160
epoch     train_loss  valid_loss  accuracy  top_k_accuracy  time    
0         1.712592    1.780839    0.508000  0.916000        01:03     
1         1.471149    1.694182    0.508000  0.938000        01:03     
2         1.415427    1.601285    0.548000  0.906000        01:02     
3         1.227719    1.116630    0.772000  0.966000        01:03     
4         1.033621    0.908592    0.844000  0.986000        01:02     
/home/yangyouucb/.fastai/data/imagenette-160
epoch     train_loss  valid_loss  accuracy  top_k_accuracy  time    
0         1.694529    1.946031    0.430000  0.866000        01:02     
1         1.499897    2.601776    0.234000  0.780000        01:03     
2         1.447825    1.599776    0.548000  0.932000        01:00     
3         1.239239    1.208733    0.704000  0.958000        01:00     
4         1.056684    0.916879    0.848000  0.976000        00:55     
[0.842 0.84  0.828 0.846 0.82  0.852 0.82  0.824 0.844 0.848]
mean = 0.8363999128341675, std = 0.011551623232662678, ci-95 = (0.8276894674614238, 0.8451105250999166)
/home/yangyouucb/.fastai/data/imagenette-160
epoch     train_loss  valid_loss  accuracy  top_k_accuracy  time    
0         1.731791    3.004177    0.304000  0.828000        01:04     
1         1.511720    3.168191    0.228000  0.686000        01:00     
2         1.430599    1.544217    0.600000  0.912000        01:00     
3         1.252312    1.180608    0.708000  0.968000        01:01     
4         1.044446    0.917864    0.846000  0.982000        01:01     
/home/yangyouucb/.fastai/data/imagenette-160
epoch     train_loss  valid_loss  accuracy  top_k_accuracy  time    
0         1.707934    2.515469    0.366000  0.768000        01:00     
1         1.492316    1.826107    0.498000  0.896000        01:03     
2         1.447581    1.681364    0.536000  0.932000        00:58     
3         1.269253    1.163717    0.728000  0.966000        01:04     
4         1.062220    0.938766    0.846000  0.980000        01:00     
/home/yangyouucb/.fastai/data/imagenette-160
epoch     train_loss  valid_loss  accuracy  top_k_accuracy  time    
0         1.719335    1.951747    0.454000  0.850000        01:00     
1         1.504762    3.744881    0.278000  0.788000        01:00     
2         1.432935    1.820168    0.526000  0.910000        01:02     
3         1.273073    1.166195    0.734000  0.972000        01:01     
4         1.065646    0.921675    0.840000  0.984000        00:59     
/home/yangyouucb/.fastai/data/imagenette-160
epoch     train_loss  valid_loss  accuracy  top_k_accuracy  time    
0         1.713730    5.730950    0.198000  0.652000        01:01     
1         1.502836    1.412498    0.600000  0.948000        01:01     
2         1.427196    1.540997    0.558000  0.922000        01:02     
3         1.238750    1.151497    0.760000  0.958000        01:03     
4         1.042200    0.911524    0.842000  0.984000        01:02     
/home/yangyouucb/.fastai/data/imagenette-160
epoch     train_loss  valid_loss  accuracy  top_k_accuracy  time    
0         1.687056    2.140862    0.378000  0.892000        01:02     
1         1.508247    2.287857    0.384000  0.768000        01:02     
2         1.447994    1.777235    0.506000  0.906000        01:03     
3         1.264021    1.291119    0.672000  0.956000        01:01     
4         1.057688    0.947036    0.834000  0.986000        01:03     
/home/yangyouucb/.fastai/data/imagenette-160
epoch     train_loss  valid_loss  accuracy  top_k_accuracy  time    
0         1.716217    1.794050    0.522000  0.870000        00:59     
1         1.515898    1.774856    0.538000  0.832000        01:02     
2         1.428462    2.047487    0.456000  0.902000        01:01     
3         1.259735    1.119371    0.760000  0.964000        01:01     
4         1.036192    0.910197    0.846000  0.986000        01:02     
/home/yangyouucb/.fastai/data/imagenette-160
epoch     train_loss  valid_loss  accuracy  top_k_accuracy  time    
0         1.751117    2.834380    0.320000  0.806000        01:04     
1         1.508997    1.736481    0.496000  0.876000        00:58     
2         1.426395    2.306535    0.410000  0.838000        01:01     
3         1.240540    1.160427    0.746000  0.966000        01:01     
4         1.048114    0.892170    0.844000  0.990000        01:01     
/home/yangyouucb/.fastai/data/imagenette-160
epoch     train_loss  valid_loss  accuracy  top_k_accuracy  time    
0         1.680167    2.200066    0.390000  0.890000        01:01     
1         1.511257    2.231991    0.342000  0.888000        01:01     
2         1.462208    1.440232    0.614000  0.942000        01:01     
3         1.260159    1.338897    0.684000  0.968000        01:00     
4         1.057174    0.919338    0.834000  0.982000        01:03     
/home/yangyouucb/.fastai/data/imagenette-160
epoch     train_loss  valid_loss  accuracy  top_k_accuracy  time    
0         1.682111    2.885115    0.240000  0.796000        01:03     
1         1.472607    1.472020    0.616000  0.912000        01:00     
2         1.412510    1.445150    0.620000  0.920000        01:02     
3         1.239606    1.259932    0.656000  0.940000        01:03     
4         1.039801    0.901670    0.848000  0.986000        01:02     
/home/yangyouucb/.fastai/data/imagenette-160
epoch     train_loss  valid_loss  accuracy  top_k_accuracy  time    
0         1.696575    2.087708    0.408000  0.806000        01:02     
1         1.486973    2.079391    0.360000  0.874000        01:00     
2         1.428717    1.465897    0.632000  0.914000        01:03     
3         1.266383    1.166724    0.708000  0.976000        01:01     
4         1.061678    0.908771    0.844000  0.984000        00:55     
[0.846 0.846 0.84  0.842 0.834 0.846 0.844 0.834 0.848 0.844]
mean = 0.842400074005127, std = 0.004715935792773962, ci-95 = (0.8388439337103689, 0.8459560593278085)
/home/yangyouucb/.fastai/data/imagenette-160
epoch     train_loss  valid_loss  accuracy  top_k_accuracy  time    
0         1.725771    2.634521    0.306000  0.708000        01:04     
1         1.543070    3.536217    0.262000  0.734000        01:00     
2         1.445223    1.719510    0.490000  0.836000        01:02     
3         1.246502    1.184876    0.732000  0.978000        01:03     
4         1.056208    0.925671    0.830000  0.988000        01:02     
/home/yangyouucb/.fastai/data/imagenette-160
epoch     train_loss  valid_loss  accuracy  top_k_accuracy  time    
0         1.734173    6.213839    0.260000  0.584000        01:02     
1         1.506842    1.448266    0.602000  0.928000        01:00     
2         1.449204    1.447691    0.612000  0.932000        01:01     
3         1.256377    1.128350    0.758000  0.970000        01:02     
4         1.062500    0.924220    0.836000  0.984000        01:01     
/home/yangyouucb/.fastai/data/imagenette-160
epoch     train_loss  valid_loss  accuracy  top_k_accuracy  time    
0         1.730433    2.034739    0.404000  0.852000        01:03     
1         1.523371    2.052734    0.426000  0.910000        01:01     
2         1.440291    1.896930    0.520000  0.882000        01:02     
3         1.244755    1.127443    0.768000  0.976000        01:03     
4         1.056184    0.915732    0.840000  0.982000        01:03     
/home/yangyouucb/.fastai/data/imagenette-160
epoch     train_loss  valid_loss  accuracy  top_k_accuracy  time    
0         1.717525    3.256388    0.298000  0.620000        01:03     
1         1.521485    2.228173    0.420000  0.780000        01:00     
2         1.438614    1.846675    0.444000  0.888000        01:00     
3         1.268368    1.286336    0.672000  0.948000        01:01     
4         1.066721    0.938613    0.826000  0.984000        01:00     
/home/yangyouucb/.fastai/data/imagenette-160
epoch     train_loss  valid_loss  accuracy  top_k_accuracy  time    
0         1.738936    2.222783    0.342000  0.804000        01:01     
1         1.530063    1.934954    0.484000  0.834000        01:00     
2         1.434348    1.724711    0.510000  0.864000        01:03     
3         1.259012    1.093087    0.762000  0.974000        01:03     
4         1.059651    0.923903    0.852000  0.982000        01:03     
/home/yangyouucb/.fastai/data/imagenette-160
epoch     train_loss  valid_loss  accuracy  top_k_accuracy  time    
0         1.719163    2.296603    0.356000  0.752000        01:01     
1         1.511211    1.870671    0.514000  0.864000        01:02     
2         1.426232    1.788640    0.532000  0.864000        01:01     
3         1.235710    1.060728    0.782000  0.978000        01:00     
4         1.041057    0.930613    0.842000  0.988000        01:03     
/home/yangyouucb/.fastai/data/imagenette-160
epoch     train_loss  valid_loss  accuracy  top_k_accuracy  time    
0         1.713382    2.254828    0.316000  0.790000        01:00     
1         1.500520    1.666916    0.550000  0.902000        01:01     
2         1.454969    1.626135    0.546000  0.934000        01:02     
3         1.250638    1.128059    0.758000  0.964000        01:01     
4         1.050525    0.924148    0.824000  0.982000        01:01     
/home/yangyouucb/.fastai/data/imagenette-160
epoch     train_loss  valid_loss  accuracy  top_k_accuracy  time    
0         1.700134    1.820695    0.470000  0.864000        01:01     
1         1.507186    2.710762    0.332000  0.734000        01:02     
2         1.440519    2.130357    0.408000  0.808000        01:02     
3         1.242898    1.159936    0.750000  0.952000        01:01     
4         1.027246    0.917055    0.840000  0.980000        01:03     
/home/yangyouucb/.fastai/data/imagenette-160
epoch     train_loss  valid_loss  accuracy  top_k_accuracy  time    
0         1.703395    7.035682    0.216000  0.638000        01:01     
1         1.502702    1.413895    0.632000  0.930000        01:03     
2         1.447859    1.930586    0.482000  0.844000        01:00     
3         1.260211    1.107321    0.772000  0.962000        01:04     
4         1.036010    0.919405    0.838000  0.980000        01:03     
/home/yangyouucb/.fastai/data/imagenette-160
epoch     train_loss  valid_loss  accuracy  top_k_accuracy  time    
0         1.695532    2.535517    0.410000  0.844000        00:58     
1         1.496234    1.758657    0.494000  0.934000        01:00     
2         1.429508    2.499125    0.380000  0.834000        01:01     
3         1.252304    1.265077    0.726000  0.960000        01:00     
4         1.044000    0.910524    0.842000  0.982000        01:01     
[0.83  0.836 0.84  0.826 0.852 0.842 0.824 0.84  0.838 0.842]
mean = 0.8369998931884766, std = 0.007962414994835854, ci-95 = (0.8309959166640208, 0.8430040723687244)
/home/yangyouucb/.fastai/data/imagenette-160
epoch     train_loss  valid_loss  accuracy  top_k_accuracy  time    
0         1.732094    2.534299    0.366000  0.786000        01:05     
1         1.515336    1.507924    0.588000  0.928000        01:01     
2         1.434040    2.457977    0.334000  0.736000        01:03     
3         1.252267    1.128854    0.740000  0.968000        01:04     
4         1.021987    0.933747    0.830000  0.978000        01:03     
/home/yangyouucb/.fastai/data/imagenette-160
epoch     train_loss  valid_loss  accuracy  top_k_accuracy  time    
0         1.719237    2.130311    0.410000  0.882000        01:01     
1         1.489781    2.016577    0.468000  0.890000        01:00     
2         1.443647    1.968052    0.440000  0.834000        01:03     
3         1.240145    1.143606    0.750000  0.958000        01:04     
4         1.052634    0.914038    0.838000  0.988000        01:03     
/home/yangyouucb/.fastai/data/imagenette-160
epoch     train_loss  valid_loss  accuracy  top_k_accuracy  time    
0         1.725435    2.066434    0.442000  0.788000        01:02     
1         1.535589    2.368228    0.300000  0.784000        01:03     
2         1.435937    1.631471    0.524000  0.906000        01:03     
3         1.241813    1.058904    0.788000  0.972000        01:02     
4         1.050643    0.939290    0.834000  0.976000        01:03     
/home/yangyouucb/.fastai/data/imagenette-160
epoch     train_loss  valid_loss  accuracy  top_k_accuracy  time    
0         1.724825    1.999809    0.392000  0.828000        01:02     
1         1.535305    3.841298    0.298000  0.722000        01:01     
2         1.435091    1.890086    0.492000  0.868000        01:03     
3         1.250769    1.293324    0.650000  0.964000        01:05     
4         1.068820    0.917935    0.848000  0.976000        01:04     
/home/yangyouucb/.fastai/data/imagenette-160
epoch     train_loss  valid_loss  accuracy  top_k_accuracy  time    
0         1.725864    1.536595    0.578000  0.924000        01:00     
1         1.524901    2.215836    0.368000  0.844000        01:05     
2         1.436330    2.255653    0.390000  0.848000        01:03     
3         1.284757    1.081688    0.758000  0.968000        01:03     
4         1.082145    0.932800    0.838000  0.978000        01:05     
/home/yangyouucb/.fastai/data/imagenette-160
epoch     train_loss  valid_loss  accuracy  top_k_accuracy  time    
0         1.690299    1.892661    0.490000  0.880000        01:02     
1         1.471786    2.870227    0.300000  0.770000        01:01     
2         1.417125    2.497740    0.396000  0.784000        01:02     
3         1.238514    1.141321    0.740000  0.962000        01:01     
4         1.053690    0.907266    0.830000  0.988000        01:03     
/home/yangyouucb/.fastai/data/imagenette-160
epoch     train_loss  valid_loss  accuracy  top_k_accuracy  time    
0         1.704526    2.045877    0.446000  0.914000        01:02     
1         1.533672    1.791429    0.440000  0.874000        00:59     
2         1.439201    2.448821    0.418000  0.918000        01:03     
3         1.255450    1.298382    0.694000  0.980000        01:04     
4         1.064903    0.921961    0.828000  0.980000        01:04     
/home/yangyouucb/.fastai/data/imagenette-160
epoch     train_loss  valid_loss  accuracy  top_k_accuracy  time    
0         1.710285    3.829064    0.220000  0.692000        01:01     
1         1.527535    2.214855    0.388000  0.736000        01:02     
2         1.434090    2.261549    0.360000  0.778000        01:02     
3         1.269943    1.107056    0.732000  0.974000        01:03     
4         1.070802    0.947204    0.828000  0.976000        01:03     
/home/yangyouucb/.fastai/data/imagenette-160
epoch     train_loss  valid_loss  accuracy  top_k_accuracy  time    
0         1.727144    6.283000    0.166000  0.628000        01:02     
1         1.519507    1.933529    0.476000  0.820000        01:02     
2         1.432683    2.201238    0.436000  0.930000        01:03     
3         1.250349    1.177332    0.720000  0.966000        01:01     
4         1.033412    0.910494    0.856000  0.982000        01:02     
/home/yangyouucb/.fastai/data/imagenette-160
epoch     train_loss  valid_loss  accuracy  top_k_accuracy  time    
0         1.723982    2.379506    0.348000  0.768000        01:03     
1         1.511053    1.986820    0.452000  0.902000        01:02     
2         1.453224    1.641562    0.522000  0.894000        00:59     
3         1.263422    1.120887    0.746000  0.972000        00:59     
4         1.057006    0.911583    0.840000  0.984000        01:03     
[0.83  0.838 0.834 0.848 0.838 0.83  0.828 0.828 0.856 0.84 ]
mean = 0.8370000123977661, std = 0.008729261346161366, ci-95 = (0.830417674190831, 0.8435823148419143)
/home/yangyouucb/.fastai/data/imagenette-160
epoch     train_loss  valid_loss  accuracy  top_k_accuracy  time    
0         1.718528    1.855508    0.394000  0.898000        01:04     
1         1.506375    1.630412    0.536000  0.908000        01:04     
2         1.439832    1.838586    0.552000  0.862000        01:03     
3         1.261072    1.141104    0.736000  0.968000        01:04     
4         1.061449    0.906918    0.836000  0.982000        01:02     
/home/yangyouucb/.fastai/data/imagenette-160
epoch     train_loss  valid_loss  accuracy  top_k_accuracy  time    
0         1.728776    2.072404    0.398000  0.850000        01:02     
1         1.533954    1.656374    0.506000  0.934000        01:01     
2         1.453215    1.722168    0.512000  0.898000        01:03     
3         1.281048    1.247491    0.696000  0.958000        01:03     
4         1.067764    0.950125    0.812000  0.980000        01:03     
/home/yangyouucb/.fastai/data/imagenette-160
epoch     train_loss  valid_loss  accuracy  top_k_accuracy  time    
0         1.732312    2.506583    0.396000  0.846000        01:01     
1         1.513797    2.479942    0.308000  0.862000        01:03     
2         1.460631    2.398813    0.386000  0.906000        01:01     
3         1.281304    1.263789    0.670000  0.960000        01:03     
4         1.085393    0.963889    0.810000  0.982000        01:03     
/home/yangyouucb/.fastai/data/imagenette-160
epoch     train_loss  valid_loss  accuracy  top_k_accuracy  time    
0         1.712558    1.846831    0.434000  0.834000        01:02     
1         1.518543    1.681682    0.432000  0.910000        01:03     
2         1.435024    1.856511    0.498000  0.888000        01:04     
3         1.255946    1.134624    0.756000  0.958000        01:02     
4         1.061324    0.931252    0.828000  0.976000        01:01     
/home/yangyouucb/.fastai/data/imagenette-160
epoch     train_loss  valid_loss  accuracy  top_k_accuracy  time    
0         1.692583    2.494200    0.380000  0.826000        01:01     
1         1.526170    3.606130    0.260000  0.684000        01:03     
2         1.434926    1.464537    0.602000  0.944000        01:02     
3         1.263873    1.124254    0.758000  0.966000        01:03     
4         1.066955    0.943979    0.822000  0.982000        01:03     
/home/yangyouucb/.fastai/data/imagenette-160
epoch     train_loss  valid_loss  accuracy  top_k_accuracy  time    
0         1.691353    2.380574    0.384000  0.834000        01:02     
1         1.499118    1.953767    0.402000  0.856000        01:04     
2         1.432524    1.879583    0.436000  0.862000        01:03     
3         1.249771    1.133956    0.746000  0.984000        01:07     
4         1.061660    0.922054    0.828000  0.976000        01:04     
/home/yangyouucb/.fastai/data/imagenette-160
epoch     train_loss  valid_loss  accuracy  top_k_accuracy  time    
0         1.694336    2.448909    0.320000  0.788000        01:03     
1         1.518477    2.122545    0.420000  0.854000        01:01     
2         1.428138    1.483850    0.606000  0.928000        01:00     
3         1.241587    1.077358    0.788000  0.974000        01:02     
4         1.040256    0.901442    0.844000  0.980000        01:02     
/home/yangyouucb/.fastai/data/imagenette-160
epoch     train_loss  valid_loss  accuracy  top_k_accuracy  time    
0         1.686734    3.905598    0.234000  0.760000        01:02     
1         1.487670    1.701840    0.538000  0.906000        01:03     
2         1.421838    1.774016    0.510000  0.916000        01:03     
3         1.239577    1.071759    0.782000  0.968000        01:04     
4         1.037855    0.913374    0.838000  0.990000        01:05     
/home/yangyouucb/.fastai/data/imagenette-160
epoch     train_loss  valid_loss  accuracy  top_k_accuracy  time    
0         1.784632    2.269539    0.430000  0.856000        01:03     
1         1.533749    2.708254    0.388000  0.780000        01:02     
2         1.465078    2.123926    0.410000  0.864000        01:04     
3         1.281573    1.115492    0.744000  0.984000        01:05     
4         1.088825    0.937362    0.830000  0.984000        01:06     
/home/yangyouucb/.fastai/data/imagenette-160
epoch     train_loss  valid_loss  accuracy  top_k_accuracy  time    
0         1.727057    2.132633    0.420000  0.856000        01:02     
1         1.520945    3.680609    0.260000  0.710000        01:03     
2         1.439527    1.795741    0.526000  0.894000        00:58     
3         1.251486    1.171064    0.736000  0.966000        01:06     
4         1.050050    0.937843    0.828000  0.976000        01:02     
[0.836 0.812 0.81  0.828 0.822 0.828 0.844 0.838 0.83  0.828]
mean = 0.8276000022888184, std = 0.010190191678702831, ci-95 = (0.8199160638251619, 0.8352839407524748)
/home/yangyouucb/.fastai/data/imagenette-160
epoch     train_loss  valid_loss  accuracy  top_k_accuracy  time    
0         1.705737    2.415087    0.414000  0.804000        01:04     
1         1.517866    4.962833    0.228000  0.744000        01:02     
2         1.421755    2.180366    0.414000  0.878000        01:01     
3         1.243600    1.046697    0.780000  0.978000        01:05     
4         1.038782    0.911569    0.832000  0.978000        01:03     
/home/yangyouucb/.fastai/data/imagenette-160
epoch     train_loss  valid_loss  accuracy  top_k_accuracy  time    
0         1.724530    2.476736    0.386000  0.840000        01:02     
1         1.530855    1.904371    0.428000  0.866000        01:03     
2         1.442260    1.702049    0.476000  0.888000        01:03     
3         1.246746    1.191022    0.718000  0.964000        01:04     
4         1.062202    0.930984    0.836000  0.980000        01:03     
/home/yangyouucb/.fastai/data/imagenette-160
epoch     train_loss  valid_loss  accuracy  top_k_accuracy  time    
0         1.758380    2.169068    0.412000  0.788000        01:04     
1         1.557889    1.885561    0.428000  0.884000        01:03     
2         1.463418    2.423892    0.396000  0.828000        01:04     
3         1.279115    1.072324    0.780000  0.966000        01:04     
4         1.077603    0.923268    0.838000  0.978000        01:04     
/home/yangyouucb/.fastai/data/imagenette-160
epoch     train_loss  valid_loss  accuracy  top_k_accuracy  time    
0         1.723115    2.447143    0.298000  0.836000        01:04     
1         1.528923    2.161558    0.416000  0.804000        01:02     
2         1.453769    2.151107    0.460000  0.900000        01:02     
3         1.256598    1.230518    0.720000  0.958000        01:04     
4         1.087308    0.925277    0.838000  0.978000        01:03     
/home/yangyouucb/.fastai/data/imagenette-160
epoch     train_loss  valid_loss  accuracy  top_k_accuracy  time    
0         1.724350    2.472299    0.340000  0.802000        01:01     
1         1.537588    1.495328    0.590000  0.910000        01:03     
2         1.449520    2.011968    0.418000  0.778000        01:04     
3         1.269119    1.103518    0.758000  0.964000        01:04     
4         1.054033    0.919414    0.836000  0.980000        01:03     
/home/yangyouucb/.fastai/data/imagenette-160
epoch     train_loss  valid_loss  accuracy  top_k_accuracy  time    
0         1.708380    4.330312    0.250000  0.764000        01:03     
1         1.508662    1.625925    0.546000  0.906000        01:05     
2         1.436118    1.697864    0.480000  0.880000        01:02     
3         1.240746    1.118418    0.740000  0.964000        01:03     
4         1.054119    0.905190    0.846000  0.984000        01:02     
/home/yangyouucb/.fastai/data/imagenette-160
epoch     train_loss  valid_loss  accuracy  top_k_accuracy  time    
0         1.727454    1.842862    0.464000  0.890000        01:03     
1         1.526408    1.575762    0.572000  0.938000        01:03     
2         1.452514    1.477093    0.580000  0.936000        01:02     
3         1.254061    1.118583    0.766000  0.970000        01:03     
4         1.046895    0.915040    0.844000  0.976000        01:03     
/home/yangyouucb/.fastai/data/imagenette-160
epoch     train_loss  valid_loss  accuracy  top_k_accuracy  time    
0         1.721121    3.147410    0.326000  0.812000        01:02     
1         1.542262    1.693089    0.502000  0.906000        01:04     
2         1.430892    1.379906    0.626000  0.936000        01:00     
3         1.258572    1.080424    0.762000  0.964000        01:03     
4         1.062712    0.938154    0.838000  0.982000        01:04     
/home/yangyouucb/.fastai/data/imagenette-160
epoch     train_loss  valid_loss  accuracy  top_k_accuracy  time    
0         1.701329    2.755814    0.370000  0.826000        01:03     
1         1.528849    1.948692    0.412000  0.898000        01:03     
2         1.435851    1.624941    0.562000  0.908000        01:02     
3         1.270594    1.171114    0.734000  0.968000        01:03     
4         1.052757    0.943296    0.826000  0.978000        01:03     
/home/yangyouucb/.fastai/data/imagenette-160
epoch     train_loss  valid_loss  accuracy  top_k_accuracy  time    
0         1.678427    3.521846    0.240000  0.588000        00:59     
1         1.506281    3.476827    0.302000  0.876000        01:02     
2         1.431734    2.168000    0.390000  0.814000        01:04     
3         1.257020    1.174435    0.710000  0.970000        01:04     
4         1.034386    0.905433    0.836000  0.982000        01:00     
[0.832 0.836 0.838 0.838 0.836 0.846 0.844 0.838 0.826 0.836]
mean = 0.8370000123977661, std = 0.005310369655489922, ci-95 = (0.8329957096056163, 0.841004303268987)
/home/yangyouucb/.fastai/data/imagenette-160
epoch     train_loss  valid_loss  accuracy  top_k_accuracy  time    
0         1.727011    2.265569    0.372000  0.770000        01:06     
1         1.517980    2.873371    0.324000  0.778000        01:02     
2         1.462259    1.621710    0.542000  0.906000        01:02     
3         1.232956    1.208448    0.726000  0.964000        01:04     
4         1.048908    0.920544    0.844000  0.984000        01:05     
/home/yangyouucb/.fastai/data/imagenette-160
epoch     train_loss  valid_loss  accuracy  top_k_accuracy  time    
0         1.720443    3.297479    0.266000  0.704000        01:02     
1         1.518359    2.493389    0.360000  0.744000        01:03     
2         1.406167    1.384284    0.618000  0.964000        01:02     
3         1.223098    1.111571    0.758000  0.962000        01:02     
4         1.039283    0.928087    0.826000  0.978000        01:02     
/home/yangyouucb/.fastai/data/imagenette-160
epoch     train_loss  valid_loss  accuracy  top_k_accuracy  time    
0         1.729503    2.841990    0.280000  0.708000        01:03     
1         1.526140    2.765548    0.350000  0.844000        01:04     
2         1.434799    1.478963    0.576000  0.938000        01:04     
3         1.276482    1.147182    0.740000  0.970000        01:04     
4         1.066952    0.928589    0.842000  0.986000        01:04     
/home/yangyouucb/.fastai/data/imagenette-160
epoch     train_loss  valid_loss  accuracy  top_k_accuracy  time    
0         1.705213    1.867541    0.462000  0.888000        01:02     
1         1.510774    1.653652    0.504000  0.922000        01:05     
2         1.423365    3.374872    0.316000  0.848000        01:03     
3         1.249431    1.085598    0.764000  0.972000        01:04     
4         1.052713    0.909818    0.844000  0.978000        01:05     
/home/yangyouucb/.fastai/data/imagenette-160
epoch     train_loss  valid_loss  accuracy  top_k_accuracy  time    
0         1.700899    2.171662    0.382000  0.776000        01:03     
1         1.520618    1.887079    0.420000  0.864000        01:02     
2         1.410656    1.707195    0.488000  0.870000        01:05     
3         1.269583    1.108482    0.766000  0.978000        01:04     
4         1.053758    0.919595    0.826000  0.980000        01:03     
/home/yangyouucb/.fastai/data/imagenette-160
epoch     train_loss  valid_loss  accuracy  top_k_accuracy  time    
0         1.744284    1.903811    0.460000  0.854000        01:03     
1         1.535574    1.720323    0.488000  0.878000        01:03     
2         1.477931    2.107232    0.492000  0.856000        01:02     
3         1.268324    1.207266    0.724000  0.962000        01:03     
4         1.060348    0.949977    0.820000  0.976000        01:02     
/home/yangyouucb/.fastai/data/imagenette-160
epoch     train_loss  valid_loss  accuracy  top_k_accuracy  time    
0         1.687994    5.288047    0.242000  0.722000        01:04     
1         1.527792    1.664510    0.546000  0.924000        01:04     
2         1.435491    2.052931    0.398000  0.868000        01:04     
3         1.231206    1.456358    0.616000  0.930000        01:05     
4         1.043419    0.912030    0.828000  0.988000        01:05     
/home/yangyouucb/.fastai/data/imagenette-160
epoch     train_loss  valid_loss  accuracy  top_k_accuracy  time    
0         1.689772    1.883765    0.464000  0.850000        01:03     
1         1.501966    2.936607    0.412000  0.862000        01:02     
2         1.439595    2.456512    0.324000  0.856000        01:02     
3         1.250660    1.126520    0.752000  0.966000        01:03     
4         1.034734    0.908397    0.840000  0.984000        01:04     
/home/yangyouucb/.fastai/data/imagenette-160
epoch     train_loss  valid_loss  accuracy  top_k_accuracy  time    
0         1.715563    2.629923    0.384000  0.836000        01:03     
1         1.497464    2.034325    0.470000  0.888000        01:01     
2         1.416897    1.497633    0.620000  0.926000        01:02     
3         1.240250    1.335531    0.642000  0.928000        01:03     
4         1.057161    0.903640    0.850000  0.982000        00:59     
/home/yangyouucb/.fastai/data/imagenette-160
epoch     train_loss  valid_loss  accuracy  top_k_accuracy  time    
0         1.719613    6.986296    0.212000  0.702000        01:03     
1         1.539299    1.626704    0.588000  0.936000        01:02     
2         1.415153    1.683956    0.514000  0.878000        01:04     
3         1.256115    1.363861    0.648000  0.954000        01:02     
4         1.065640    0.929849    0.842000  0.976000        01:05     
[0.844 0.826 0.842 0.844 0.826 0.82  0.828 0.84  0.85  0.842]
mean = 0.836199939250946, std = 0.00965194869786501, ci-95 = (0.8289219178501779, 0.8434780679400748)
/home/yangyouucb/.fastai/data/imagenette-160
epoch     train_loss  valid_loss  accuracy  top_k_accuracy  time    
0         1.708432    2.215817    0.352000  0.836000        01:06     
1         1.484522    1.674889    0.526000  0.942000        01:03     
2         1.434095    1.694248    0.530000  0.884000        01:03     
3         1.268598    1.143681    0.748000  0.968000        01:04     
4         1.058705    0.922726    0.840000  0.978000        01:03     
/home/yangyouucb/.fastai/data/imagenette-160
epoch     train_loss  valid_loss  accuracy  top_k_accuracy  time    
0         1.725281    1.828377    0.452000  0.848000        01:01     
1         1.518050    1.729649    0.476000  0.870000        01:03     
2         1.443486    2.072030    0.460000  0.840000        01:00     
3         1.258968    1.061790    0.772000  0.976000        01:01     
4         1.052938    0.950500    0.828000  0.984000        01:03     
/home/yangyouucb/.fastai/data/imagenette-160
epoch     train_loss  valid_loss  accuracy  top_k_accuracy  time    
0         1.692706    2.455227    0.438000  0.824000        01:02     
1         1.525065    1.491190    0.596000  0.934000        01:01     
2         1.441422    1.952128    0.448000  0.866000        01:01     
3         1.268102    1.239291    0.698000  0.956000        01:04     
4         1.074907    0.941869    0.830000  0.978000        01:05     
/home/yangyouucb/.fastai/data/imagenette-160
epoch     train_loss  valid_loss  accuracy  top_k_accuracy  time    
0         1.739570    2.303107    0.422000  0.804000        01:03     
1         1.519673    2.294040    0.378000  0.812000        01:01     
2         1.436729    1.733439    0.496000  0.900000        01:01     
3         1.239241    1.067879    0.794000  0.964000        01:01     
4         1.036881    0.922680    0.836000  0.984000        01:02     
/home/yangyouucb/.fastai/data/imagenette-160
epoch     train_loss  valid_loss  accuracy  top_k_accuracy  time    
0         1.707575    2.206798    0.436000  0.856000        01:03     
1         1.499682    1.928145    0.428000  0.876000        01:03     
2         1.415976    1.728200    0.472000  0.896000        01:02     
3         1.247867    1.152799    0.728000  0.962000        01:00     
4         1.034262    0.932269    0.832000  0.982000        01:03     
/home/yangyouucb/.fastai/data/imagenette-160
epoch     train_loss  valid_loss  accuracy  top_k_accuracy  time    
0         1.688118    2.942575    0.284000  0.754000        01:02     
1         1.497963    1.812663    0.462000  0.884000        01:02     
2         1.425718    1.410623    0.660000  0.920000        01:02     
3         1.267474    1.159388    0.736000  0.966000        01:03     
4         1.064068    0.927994    0.834000  0.984000        01:03     
/home/yangyouucb/.fastai/data/imagenette-160
epoch     train_loss  valid_loss  accuracy  top_k_accuracy  time    
0         1.700536    3.691325    0.306000  0.820000        01:02     
1         1.513741    1.698390    0.512000  0.914000        01:03     
2         1.433664    1.669645    0.524000  0.876000        01:03     
3         1.255045    1.231556    0.690000  0.964000        01:02     
4         1.042286    0.923767    0.844000  0.980000        01:04     
/home/yangyouucb/.fastai/data/imagenette-160
epoch     train_loss  valid_loss  accuracy  top_k_accuracy  time    
0         1.728540    2.207415    0.366000  0.858000        01:03     
1         1.487591    2.001951    0.406000  0.808000        01:04     
2         1.419637    1.366445    0.652000  0.956000        01:03     
3         1.250345    1.142965    0.748000  0.960000        01:03     
4         1.039152    0.922851    0.842000  0.980000        01:03     
/home/yangyouucb/.fastai/data/imagenette-160
epoch     train_loss  valid_loss  accuracy  top_k_accuracy  time    
0         1.715137    2.715609    0.328000  0.806000        01:05     
1         1.519675    1.990028    0.456000  0.862000        01:00     
2         1.427071    1.530745    0.622000  0.934000        01:02     
3         1.233799    1.186010    0.730000  0.964000        00:58     
4         1.049752    0.932680    0.832000  0.984000        01:02     
/home/yangyouucb/.fastai/data/imagenette-160
epoch     train_loss  valid_loss  accuracy  top_k_accuracy  time    
0         1.702957    2.875098    0.332000  0.784000        01:02     
1         1.533851    1.808222    0.454000  0.856000        01:03     
2         1.409322    1.808280    0.474000  0.880000        01:02     
3         1.263795    1.158112    0.752000  0.960000        01:00     
4         1.035883    0.925050    0.832000  0.980000        01:01     
[0.84  0.828 0.83  0.836 0.832 0.834 0.844 0.842 0.832 0.832]
mean = 0.8349999189376831, std = 0.005079363007098436, ci-95 = (0.8311698963835065, 0.8388301083848652)
/home/yangyouucb/.fastai/data/imagenette-160
epoch     train_loss  valid_loss  accuracy  top_k_accuracy  time    
0         1.693944    1.866832    0.510000  0.834000        01:06     
1         1.528670    2.055102    0.372000  0.878000        01:01     
2         1.456001    1.631731    0.502000  0.920000        01:01     
3         1.236772    1.170431    0.748000  0.960000        00:59     
4         1.044430    0.949716    0.820000  0.980000        01:03     
/home/yangyouucb/.fastai/data/imagenette-160
epoch     train_loss  valid_loss  accuracy  top_k_accuracy  time    
0         1.695453    2.373659    0.402000  0.814000        01:01     
1         1.502157    2.211695    0.468000  0.888000        01:02     
2         1.418769    1.375526    0.654000  0.940000        01:03     
3         1.232216    1.065317    0.784000  0.974000        01:02     
4         1.054000    0.897018    0.836000  0.984000        01:02     
/home/yangyouucb/.fastai/data/imagenette-160
epoch     train_loss  valid_loss  accuracy  top_k_accuracy  time    
0         1.734955    5.300400    0.224000  0.660000        01:03     
1         1.514160    1.928615    0.408000  0.896000        01:01     
2         1.412704    2.130527    0.408000  0.866000        01:02     
3         1.268851    1.196947    0.698000  0.976000        01:02     
4         1.059655    0.907590    0.854000  0.982000        01:03     
/home/yangyouucb/.fastai/data/imagenette-160
epoch     train_loss  valid_loss  accuracy  top_k_accuracy  time    
0         1.694050    3.699749    0.272000  0.672000        01:02     
1         1.495311    4.046487    0.216000  0.656000        01:02     
2         1.412878    1.774501    0.482000  0.836000        01:02     
3         1.231326    1.156789    0.740000  0.972000        00:59     
4         1.025649    0.891299    0.844000  0.984000        01:04     
/home/yangyouucb/.fastai/data/imagenette-160
epoch     train_loss  valid_loss  accuracy  top_k_accuracy  time    
0         1.714424    2.157798    0.398000  0.816000        01:02     
1         1.499226    5.046156    0.216000  0.722000        01:01     
2         1.457074    2.750881    0.330000  0.754000        01:02     
3         1.263833    1.336544    0.670000  0.960000        01:03     
4         1.057543    0.934311    0.830000  0.976000        01:03     
/home/yangyouucb/.fastai/data/imagenette-160
epoch     train_loss  valid_loss  accuracy  top_k_accuracy  time    
0         1.717304    1.806118    0.496000  0.910000        01:00     
1         1.517028    2.587386    0.336000  0.826000        00:59     
2         1.430043    1.405782    0.600000  0.946000        01:03     
3         1.247817    1.160468    0.720000  0.972000        01:02     
4         1.040547    0.944152    0.818000  0.984000        01:04     
/home/yangyouucb/.fastai/data/imagenette-160
epoch     train_loss  valid_loss  accuracy  top_k_accuracy  time    
0         1.692775    2.195231    0.456000  0.874000        01:01     
1         1.520047    1.769821    0.490000  0.906000        01:02     
2         1.434655    1.565723    0.540000  0.912000        01:02     
3         1.255239    1.142258    0.744000  0.960000        01:00     
4         1.050133    0.939448    0.824000  0.980000        01:03     
/home/yangyouucb/.fastai/data/imagenette-160
epoch     train_loss  valid_loss  accuracy  top_k_accuracy  time    
0         1.702965    2.237598    0.440000  0.832000        01:01     
1         1.499964    2.310411    0.382000  0.862000        01:02     
2         1.423580    1.980221    0.490000  0.890000        01:02     
3         1.246681    1.104320    0.756000  0.978000        01:01     
4         1.045205    0.911427    0.834000  0.984000        01:04     
/home/yangyouucb/.fastai/data/imagenette-160
epoch     train_loss  valid_loss  accuracy  top_k_accuracy  time    
0         1.712159    3.103763    0.268000  0.688000        01:02     
1         1.555352    1.887744    0.464000  0.886000        01:02     
2         1.454107    1.862063    0.472000  0.810000        01:05     
3         1.266007    1.119806    0.754000  0.968000        01:01     
4         1.056267    0.913686    0.848000  0.980000        01:02     
/home/yangyouucb/.fastai/data/imagenette-160
epoch     train_loss  valid_loss  accuracy  top_k_accuracy  time    
0         1.718391    2.093726    0.390000  0.828000        01:02     
1         1.491542    1.476151    0.578000  0.922000        01:01     
2         1.456854    1.412398    0.612000  0.952000        01:02     
3         1.259586    1.252898    0.688000  0.968000        01:00     
4         1.058955    0.904998    0.842000  0.984000        01:04     
[0.82  0.836 0.854 0.844 0.83  0.818 0.824 0.834 0.848 0.842]
mean = 0.8350000381469727, std = 0.011497817933559418, ci-95 = (0.8263300390566334, 0.8436699537908093)
/home/yangyouucb/.fastai/data/imagenette-160
epoch     train_loss  valid_loss  accuracy  top_k_accuracy  time    
0         1.696158    2.207484    0.412000  0.852000        01:05     
1         1.520460    2.166358    0.378000  0.824000        01:01     
2         1.436857    1.733013    0.552000  0.906000        01:03     
3         1.259724    1.135930    0.746000  0.966000        01:04     
4         1.028560    0.913927    0.842000  0.974000        01:01     
/home/yangyouucb/.fastai/data/imagenette-160
epoch     train_loss  valid_loss  accuracy  top_k_accuracy  time    
0         1.707790    3.191739    0.334000  0.820000        01:01     
1         1.522716    2.116973    0.382000  0.872000        01:00     
2         1.441674    1.597950    0.556000  0.950000        01:01     
3         1.242833    1.218590    0.712000  0.948000        01:01     
4         1.064469    0.929645    0.830000  0.978000        01:04     
/home/yangyouucb/.fastai/data/imagenette-160
epoch     train_loss  valid_loss  accuracy  top_k_accuracy  time    
0         1.714331    2.622594    0.298000  0.748000        01:02     
1         1.530172    2.316596    0.376000  0.878000        01:01     
2         1.424460    1.537535    0.572000  0.928000        01:01     
3         1.257975    1.189391    0.722000  0.958000        01:03     
4         1.064173    0.941879    0.818000  0.980000        01:03     
/home/yangyouucb/.fastai/data/imagenette-160
epoch     train_loss  valid_loss  accuracy  top_k_accuracy  time    
0         1.688506    2.171002    0.418000  0.896000        01:01     
1         1.493087    1.880852    0.472000  0.894000        01:01     
2         1.424539    2.599690    0.514000  0.882000        01:02     
3         1.231338    1.156408    0.742000  0.972000        01:02     
4         1.042138    0.911946    0.838000  0.980000        01:01     
/home/yangyouucb/.fastai/data/imagenette-160
epoch     train_loss  valid_loss  accuracy  top_k_accuracy  time    
0         1.715927    3.720706    0.272000  0.812000        01:00     
1         1.509162    1.835958    0.442000  0.896000        01:04     
2         1.423815    2.284314    0.362000  0.844000        01:01     
3         1.252187    1.240893    0.688000  0.964000        01:01     
4         1.035501    0.915400    0.842000  0.984000        01:03     
/home/yangyouucb/.fastai/data/imagenette-160
epoch     train_loss  valid_loss  accuracy  top_k_accuracy  time    
0         1.713279    5.959848    0.214000  0.720000        01:02     
1         1.504013    1.645415    0.526000  0.888000        01:01     
2         1.413451    1.530582    0.556000  0.922000        01:04     
3         1.232379    1.041981    0.784000  0.974000        01:03     
4         1.023745    0.907580    0.854000  0.982000        01:03     
/home/yangyouucb/.fastai/data/imagenette-160
epoch     train_loss  valid_loss  accuracy  top_k_accuracy  time    
0         1.711502    2.169106    0.370000  0.844000        01:01     
1         1.522425    2.075248    0.484000  0.898000        01:03     
2         1.428779    1.498901    0.604000  0.940000        01:04     
3         1.253674    1.096103    0.752000  0.966000        01:01     
4         1.060889    0.922806    0.828000  0.978000        01:05     
/home/yangyouucb/.fastai/data/imagenette-160
epoch     train_loss  valid_loss  accuracy  top_k_accuracy  time    
0         1.702069    3.365130    0.280000  0.780000        01:03     
1         1.507178    1.734351    0.502000  0.922000        01:03     
2         1.426597    2.052896    0.466000  0.840000        01:03     
3         1.257207    1.177699    0.724000  0.970000        01:02     
4         1.058326    0.896685    0.866000  0.984000        01:02     
/home/yangyouucb/.fastai/data/imagenette-160
epoch     train_loss  valid_loss  accuracy  top_k_accuracy  time    
0         1.696356    2.435467    0.310000  0.820000        01:02     
1         1.505171    1.760244    0.496000  0.904000        01:02     
2         1.440986    2.474457    0.410000  0.730000        01:02     
3         1.251675    1.113145    0.758000  0.970000        01:01     
4         1.039772    0.931971    0.830000  0.982000        01:01     
/home/yangyouucb/.fastai/data/imagenette-160
epoch     train_loss  valid_loss  accuracy  top_k_accuracy  time    
0         1.724042    1.807280    0.482000  0.888000        01:03     
1         1.536336    1.846909    0.508000  0.878000        01:02     
2         1.455657    1.723790    0.482000  0.888000        01:01     
3         1.255100    1.236298    0.702000  0.962000        00:59     
4         1.048633    0.921385    0.836000  0.978000        01:01     
[0.842 0.83  0.818 0.838 0.842 0.854 0.828 0.866 0.83  0.836]
mean = 0.8384000062942505, std = 0.013047600165009499, ci-95 = (0.8285614267335975, 0.8482385739339746)
/home/yangyouucb/.fastai/data/imagenette-160
epoch     train_loss  valid_loss  accuracy  top_k_accuracy  time    
0         1.708423    3.070613    0.300000  0.838000        01:08     
1         1.540346    1.588918    0.518000  0.906000        01:01     
2         1.422079    1.687585    0.514000  0.910000        01:03     
3         1.273685    1.146376    0.758000  0.960000        01:03     
4         1.046741    0.942366    0.840000  0.980000        01:06     
/home/yangyouucb/.fastai/data/imagenette-160
epoch     train_loss  valid_loss  accuracy  top_k_accuracy  time    
0         1.702842    2.440363    0.368000  0.780000        01:02     
1         1.500518    2.267402    0.418000  0.912000        01:04     
2         1.432950    2.598950    0.370000  0.822000        01:03     
3         1.274050    1.103754    0.742000  0.980000        01:04     
4         1.063578    0.916838    0.838000  0.982000        01:02     
/home/yangyouucb/.fastai/data/imagenette-160
epoch     train_loss  valid_loss  accuracy  top_k_accuracy  time    
0         1.729661    3.107853    0.328000  0.666000        01:03     
1         1.509020    1.546044    0.574000  0.944000        01:02     
2         1.467793    1.577343    0.568000  0.938000        01:01     
3         1.268876    1.132165    0.762000  0.974000        01:04     
4         1.072653    0.937320    0.832000  0.978000        01:04     
/home/yangyouucb/.fastai/data/imagenette-160
epoch     train_loss  valid_loss  accuracy  top_k_accuracy  time    
0         1.710970    3.403529    0.228000  0.706000        01:04     
1         1.508517    2.243273    0.368000  0.862000        01:01     
2         1.418506    1.999209    0.524000  0.856000        01:03     
3         1.245576    1.286200    0.682000  0.962000        01:04     
4         1.038421    0.911921    0.846000  0.978000        01:05     
/home/yangyouucb/.fastai/data/imagenette-160
epoch     train_loss  valid_loss  accuracy  top_k_accuracy  time    
0         1.774847    1.980886    0.454000  0.868000        01:03     
1         1.534715    2.758372    0.306000  0.774000        01:04     
2         1.439739    1.529969    0.566000  0.922000        01:03     
3         1.285860    1.071553    0.780000  0.958000        01:02     
4         1.080815    0.929751    0.832000  0.980000        01:05     
/home/yangyouucb/.fastai/data/imagenette-160
epoch     train_loss  valid_loss  accuracy  top_k_accuracy  time    
0         1.729489    3.012903    0.302000  0.744000        01:03     
1         1.507869    2.345944    0.352000  0.684000        01:03     
2         1.464453    1.796589    0.506000  0.918000        01:00     
3         1.272342    1.159904    0.732000  0.972000        01:02     
4         1.085077    0.949344    0.814000  0.990000        01:04     
/home/yangyouucb/.fastai/data/imagenette-160
epoch     train_loss  valid_loss  accuracy  top_k_accuracy  time    
0         1.717071    3.532135    0.266000  0.746000        01:04     
1         1.536989    1.490375    0.592000  0.942000        01:02     
2         1.469127    1.768431    0.444000  0.900000        01:02     
3         1.252906    1.118640    0.754000  0.964000        01:04     
4         1.036749    0.915600    0.848000  0.982000        01:05     
/home/yangyouucb/.fastai/data/imagenette-160
epoch     train_loss  valid_loss  accuracy  top_k_accuracy  time    
0         1.693818    2.004161    0.392000  0.838000        01:01     
1         1.524401    2.383525    0.372000  0.838000        01:02     
2         1.427379    1.676241    0.514000  0.920000        01:01     
3         1.255697    1.103231    0.760000  0.964000        01:05     
4         1.054476    0.920179    0.842000  0.982000        01:04     
/home/yangyouucb/.fastai/data/imagenette-160
epoch     train_loss  valid_loss  accuracy  top_k_accuracy  time    
0         1.713842    2.567010    0.388000  0.848000        01:05     
1         1.476808    2.866565    0.370000  0.852000        01:02     
2         1.426907    1.698012    0.558000  0.914000        01:00     
3         1.232923    1.069343    0.788000  0.982000        01:05     
4         1.035517    0.893372    0.848000  0.982000        01:03     
/home/yangyouucb/.fastai/data/imagenette-160
epoch     train_loss  valid_loss  accuracy  top_k_accuracy  time    
0         1.689188    3.515139    0.192000  0.730000        01:03     
1         1.517718    2.176596    0.396000  0.784000        01:03     
2         1.438533    1.821313    0.556000  0.934000        01:00     
3         1.259126    1.167209    0.716000  0.968000        01:03     
4         1.057133    0.935755    0.830000  0.978000        01:03     
[0.84  0.838 0.832 0.846 0.832 0.814 0.848 0.842 0.848 0.83 ]
mean = 0.8370000123977661, std = 0.009929749183356762, ci-95 = (0.8295124495396624, 0.844487551414012)
/home/yangyouucb/.fastai/data/imagenette-160
epoch     train_loss  valid_loss  accuracy  top_k_accuracy  time    
0         1.696944    2.188076    0.402000  0.858000        01:07     
1         1.531122    2.062200    0.380000  0.872000        01:01     
2         1.424663    2.057053    0.394000  0.826000        01:03     
3         1.262151    1.132733    0.746000  0.966000        01:03     
4         1.038623    0.939353    0.828000  0.980000        01:03     
/home/yangyouucb/.fastai/data/imagenette-160
epoch     train_loss  valid_loss  accuracy  top_k_accuracy  time    
0         1.741349    1.758701    0.462000  0.894000        01:01     
1         1.520114    2.474973    0.352000  0.834000        01:02     
2         1.455838    2.421674    0.400000  0.820000        01:02     
3         1.261712    1.125683    0.752000  0.974000        01:04     
4         1.053275    0.925026    0.830000  0.982000        01:02     
/home/yangyouucb/.fastai/data/imagenette-160
epoch     train_loss  valid_loss  accuracy  top_k_accuracy  time    
0         1.736052    2.648485    0.364000  0.822000        01:03     
1         1.542382    2.080105    0.408000  0.838000        01:03     
2         1.432438    1.617464    0.544000  0.928000        01:02     
3         1.266926    1.120216    0.748000  0.960000        01:03     
4         1.045612    0.924052    0.834000  0.984000        01:02     
/home/yangyouucb/.fastai/data/imagenette-160
epoch     train_loss  valid_loss  accuracy  top_k_accuracy  time    
0         1.687118    10.947223   0.144000  0.612000        01:01     
1         1.485718    1.677157    0.554000  0.912000        01:03     
2         1.403551    1.859365    0.502000  0.924000        01:00     
3         1.241340    1.131271    0.758000  0.972000        01:02     
4         1.042775    0.902273    0.840000  0.984000        01:03     
/home/yangyouucb/.fastai/data/imagenette-160
epoch     train_loss  valid_loss  accuracy  top_k_accuracy  time    
0         1.726368    2.788041    0.274000  0.888000        01:02     
1         1.524547    1.823493    0.484000  0.858000        01:01     
2         1.453670    1.731456    0.562000  0.904000        01:00     
3         1.267600    1.162212    0.732000  0.960000        01:02     
4         1.047466    0.920226    0.828000  0.980000        01:03     
/home/yangyouucb/.fastai/data/imagenette-160
epoch     train_loss  valid_loss  accuracy  top_k_accuracy  time    
0         1.688608    2.853889    0.260000  0.820000        01:04     
1         1.497103    2.048385    0.448000  0.888000        01:00     
2         1.404719    2.267950    0.458000  0.804000        01:02     
3         1.238626    1.183794    0.736000  0.970000        01:03     
4         1.035362    0.902362    0.832000  0.984000        01:04     
/home/yangyouucb/.fastai/data/imagenette-160
epoch     train_loss  valid_loss  accuracy  top_k_accuracy  time    
0         1.719665    1.947912    0.392000  0.834000        01:01     
1         1.510220    1.573169    0.550000  0.892000        01:03     
2         1.446857    2.640550    0.354000  0.790000        01:03     
3         1.259583    1.285670    0.690000  0.970000        01:05     
4         1.043049    0.919862    0.836000  0.980000        01:03     
/home/yangyouucb/.fastai/data/imagenette-160
epoch     train_loss  valid_loss  accuracy  top_k_accuracy  time    
0         1.724432    2.914423    0.278000  0.752000        01:02     
1         1.515192    2.048201    0.422000  0.886000        01:02     
2         1.431868    1.817713    0.532000  0.938000        01:02     
3         1.252841    1.285056    0.692000  0.956000        01:02     
4         1.036126    0.916169    0.826000  0.978000        01:01     
/home/yangyouucb/.fastai/data/imagenette-160
epoch     train_loss  valid_loss  accuracy  top_k_accuracy  time    
0         1.710469    4.263255    0.300000  0.798000        00:59     
1         1.503091    2.355170    0.374000  0.896000        01:03     
2         1.412841    1.439915    0.608000  0.922000        01:01     
3         1.243522    1.143527    0.748000  0.966000        01:01     
4         1.052713    0.929349    0.834000  0.980000        01:01     
/home/yangyouucb/.fastai/data/imagenette-160
epoch     train_loss  valid_loss  accuracy  top_k_accuracy  time    
0         1.732097    2.349133    0.346000  0.860000        01:00     
1         1.520972    2.210781    0.378000  0.828000        01:01     
2         1.443241    1.618047    0.564000  0.944000        01:00     
3         1.257191    1.124019    0.748000  0.964000        01:03     
4         1.058224    0.928676    0.838000  0.978000        01:03     
[0.828 0.83  0.834 0.84  0.828 0.832 0.836 0.826 0.834 0.838]
mean = 0.8325999975204468, std = 0.004386341664940119, ci-95 = (0.8292924658665395, 0.8359075291743541)
/home/yangyouucb/.fastai/data/imagenette-160
epoch     train_loss  valid_loss  accuracy  top_k_accuracy  time    
0         1.710719    1.887411    0.484000  0.894000        01:03     
1         1.512897    1.683058    0.524000  0.882000        01:01     
2         1.432477    1.425569    0.650000  0.952000        01:01     
3         1.247974    1.163533    0.724000  0.966000        01:02     
4         1.039592    0.909515    0.854000  0.974000        01:02     
/home/yangyouucb/.fastai/data/imagenette-160
epoch     train_loss  valid_loss  accuracy  top_k_accuracy  time    
0         1.707491    2.184192    0.436000  0.842000        01:01     
1         1.528062    2.105353    0.442000  0.826000        01:01     
2         1.440193    1.519973    0.566000  0.954000        01:02     
3         1.235509    1.083680    0.778000  0.970000        01:02     
4         1.053424    0.933560    0.840000  0.982000        01:02     
/home/yangyouucb/.fastai/data/imagenette-160
epoch     train_loss  valid_loss  accuracy  top_k_accuracy  time    
0         1.720557    2.053598    0.454000  0.868000        01:00     
1         1.514090    1.859661    0.490000  0.894000        01:00     
2         1.448335    1.521370    0.550000  0.942000        00:59     
3         1.270551    1.171829    0.732000  0.968000        01:01     
4         1.056106    0.914061    0.832000  0.986000        01:01     
/home/yangyouucb/.fastai/data/imagenette-160
epoch     train_loss  valid_loss  accuracy  top_k_accuracy  time    
0         1.720115    3.863786    0.298000  0.786000        01:00     
1         1.506383    1.694690    0.552000  0.868000        01:01     
2         1.420407    2.517208    0.334000  0.786000        01:04     
3         1.261215    1.232070    0.700000  0.960000        01:02     
4         1.066698    0.924453    0.848000  0.982000        01:03     
/home/yangyouucb/.fastai/data/imagenette-160
epoch     train_loss  valid_loss  accuracy  top_k_accuracy  time    
0         1.737146    5.972066    0.216000  0.652000        01:00     
1         1.528784    2.218745    0.426000  0.862000        01:02     
2         1.453051    1.803084    0.528000  0.922000        01:03     
3         1.254582    1.058858    0.780000  0.978000        01:01     
4         1.055479    0.929382    0.824000  0.984000        01:05     
/home/yangyouucb/.fastai/data/imagenette-160
epoch     train_loss  valid_loss  accuracy  top_k_accuracy  time    
0         1.691887    1.976089    0.440000  0.910000        01:01     
1         1.508532    1.609738    0.502000  0.930000        01:01     
2         1.434830    2.031654    0.374000  0.852000        01:01     
3         1.226344    1.239489    0.696000  0.972000        01:00     
4         1.053799    0.923427    0.830000  0.986000        01:01     
/home/yangyouucb/.fastai/data/imagenette-160
epoch     train_loss  valid_loss  accuracy  top_k_accuracy  time    
0         1.710654    5.037132    0.174000  0.756000        01:03     
1         1.493635    1.518134    0.532000  0.932000        01:02     
2         1.435187    1.509698    0.616000  0.936000        01:02     
3         1.266793    1.168563    0.726000  0.968000        01:03     
4         1.062970    0.916714    0.846000  0.986000        01:01     
/home/yangyouucb/.fastai/data/imagenette-160
epoch     train_loss  valid_loss  accuracy  top_k_accuracy  time    
0         1.691074    1.761147    0.454000  0.912000        01:04     
1         1.495652    1.978121    0.440000  0.862000        01:04     
2         1.406376    1.863509    0.498000  0.864000        01:02     
3         1.227474    1.149975    0.746000  0.980000        01:02     
4         1.027581    0.912238    0.838000  0.986000        01:02     
/home/yangyouucb/.fastai/data/imagenette-160
epoch     train_loss  valid_loss  accuracy  top_k_accuracy  time    
0         1.734127    2.295632    0.412000  0.824000        01:00     
1         1.501215    2.351515    0.380000  0.752000        01:02     
2         1.455980    1.585449    0.566000  0.872000        00:59     
3         1.241214    1.122139    0.742000  0.966000        01:02     
4         1.048289    0.927908    0.834000  0.988000        01:04     
/home/yangyouucb/.fastai/data/imagenette-160
epoch     train_loss  valid_loss  accuracy  top_k_accuracy  time    
0         1.731028    3.774145    0.316000  0.718000        01:01     
1         1.514700    1.954154    0.484000  0.850000        01:01     
2         1.438239    1.568870    0.544000  0.946000        01:03     
3         1.256766    1.266022    0.664000  0.946000        01:00     
4         1.055550    0.914498    0.838000  0.982000        01:01     
[0.854 0.84  0.832 0.848 0.824 0.83  0.846 0.838 0.834 0.838]
mean = 0.8384000062942505, std = 0.008569709956645966, ci-95 = (0.8319379844680109, 0.8448620042786322)
/home/yangyouucb/.fastai/data/imagenette-160
epoch     train_loss  valid_loss  accuracy  top_k_accuracy  time    
0         1.718904    2.755911    0.344000  0.660000        01:07     
1         1.513166    2.302470    0.368000  0.806000        01:02     
2         1.447873    1.607546    0.550000  0.912000        01:01     
3         1.267763    1.395380    0.674000  0.950000        01:01     
4         1.078586    0.935724    0.818000  0.988000        01:03     
/home/yangyouucb/.fastai/data/imagenette-160
epoch     train_loss  valid_loss  accuracy  top_k_accuracy  time    
0         1.691521    3.012866    0.292000  0.732000        01:01     
1         1.500633    1.878764    0.494000  0.914000        01:02     
2         1.451546    1.818504    0.514000  0.888000        01:01     
3         1.264529    1.267400    0.704000  0.968000        01:03     
4         1.063052    0.930791    0.834000  0.982000        01:03     
/home/yangyouucb/.fastai/data/imagenette-160
epoch     train_loss  valid_loss  accuracy  top_k_accuracy  time    
0         1.700013    3.619917    0.244000  0.708000        01:03     
1         1.472700    1.557072    0.604000  0.950000        01:03     
2         1.439223    1.575819    0.626000  0.912000        01:03     
3         1.238842    1.053153    0.788000  0.974000        01:04     
4         1.029159    0.894785    0.846000  0.984000        01:04     
/home/yangyouucb/.fastai/data/imagenette-160
epoch     train_loss  valid_loss  accuracy  top_k_accuracy  time    
0         1.732064    2.262663    0.406000  0.864000        01:02     
1         1.531771    2.782001    0.386000  0.802000        01:00     
2         1.435346    1.871038    0.472000  0.912000        01:02     
3         1.254428    1.096689    0.770000  0.972000        01:04     
4         1.072519    0.943994    0.828000  0.978000        01:03     
/home/yangyouucb/.fastai/data/imagenette-160
epoch     train_loss  valid_loss  accuracy  top_k_accuracy  time    
0         1.700171    2.647053    0.328000  0.804000        01:01     
1         1.505285    1.850384    0.520000  0.854000        01:03     
2         1.425950    2.558118    0.404000  0.900000        01:03     
3         1.234403    1.236793    0.684000  0.954000        01:03     
4         1.042904    0.907194    0.838000  0.984000        01:05     
/home/yangyouucb/.fastai/data/imagenette-160
epoch     train_loss  valid_loss  accuracy  top_k_accuracy  time    
0         1.731914    2.706729    0.376000  0.738000        01:03     
1         1.527537    1.914221    0.408000  0.844000        01:00     
2         1.448047    1.623636    0.552000  0.912000        01:02     
3         1.248411    1.251881    0.688000  0.948000        01:04     
4         1.046539    0.931985    0.820000  0.980000        01:03     
/home/yangyouucb/.fastai/data/imagenette-160
epoch     train_loss  valid_loss  accuracy  top_k_accuracy  time    
0         1.704727    3.077881    0.314000  0.660000        01:00     
1         1.538080    2.542013    0.364000  0.820000        01:01     
2         1.456510    3.188241    0.356000  0.828000        01:02     
3         1.258460    1.080473    0.770000  0.976000        01:04     
4         1.065124    0.935316    0.828000  0.978000        01:03     
/home/yangyouucb/.fastai/data/imagenette-160
epoch     train_loss  valid_loss  accuracy  top_k_accuracy  time    
0         1.714328    2.491094    0.350000  0.848000        01:03     
1         1.522763    1.924337    0.470000  0.886000        01:02     
2         1.444684    1.449910    0.638000  0.918000        01:02     
3         1.273153    1.299607    0.678000  0.940000        01:01     
4         1.074570    0.931724    0.840000  0.978000        01:02     
/home/yangyouucb/.fastai/data/imagenette-160
epoch     train_loss  valid_loss  accuracy  top_k_accuracy  time    
0         1.694241    2.739757    0.318000  0.770000        01:01     
1         1.517197    1.863582    0.458000  0.876000        01:01     
2         1.442681    2.242948    0.472000  0.874000        01:02     
3         1.249116    1.175513    0.728000  0.970000        01:04     
4         1.066840    0.906695    0.850000  0.978000        01:03     
/home/yangyouucb/.fastai/data/imagenette-160
epoch     train_loss  valid_loss  accuracy  top_k_accuracy  time    
0         1.721631    2.802019    0.334000  0.786000        01:00     
1         1.538850    2.265499    0.416000  0.838000        01:02     
2         1.450142    1.445117    0.604000  0.940000        01:01     
3         1.251931    1.135066    0.742000  0.972000        01:00     
4         1.041977    0.928506    0.836000  0.980000        01:04     
[0.818 0.834 0.846 0.828 0.838 0.82  0.828 0.84  0.85  0.836]
mean = 0.8338000178337097, std = 0.009897476062178612, ci-95 = (0.8263367904760577, 0.8412632213495039)
/home/yangyouucb/.fastai/data/imagenette-160
epoch     train_loss  valid_loss  accuracy  top_k_accuracy  time    
0         1.702906    2.687591    0.324000  0.696000        01:05     
1         1.506408    1.907755    0.420000  0.868000        01:02     
2         1.432942    1.645726    0.524000  0.914000        01:02     
3         1.242199    1.236418    0.708000  0.952000        01:02     
4         1.054703    0.909225    0.848000  0.984000        01:04     
/home/yangyouucb/.fastai/data/imagenette-160
epoch     train_loss  valid_loss  accuracy  top_k_accuracy  time    
0         1.736295    3.350718    0.230000  0.716000        01:00     
1         1.549458    2.080921    0.438000  0.838000        01:03     
2         1.469284    1.836704    0.454000  0.854000        01:02     
3         1.267119    1.318021    0.666000  0.964000        01:04     
4         1.070984    0.951667    0.802000  0.982000        01:04     
/home/yangyouucb/.fastai/data/imagenette-160
epoch     train_loss  valid_loss  accuracy  top_k_accuracy  time    
0         1.730212    1.978110    0.446000  0.874000        01:01     
1         1.495935    2.287336    0.362000  0.750000        01:02     
2         1.434454    1.447078    0.620000  0.934000        01:04     
3         1.229108    1.092334    0.776000  0.974000        01:04     
4         1.046043    0.901195    0.862000  0.990000        01:04     
/home/yangyouucb/.fastai/data/imagenette-160
epoch     train_loss  valid_loss  accuracy  top_k_accuracy  time    
0         1.692087    1.753697    0.486000  0.914000        01:04     
1         1.495764    2.146668    0.434000  0.832000        01:01     
2         1.433546    2.158799    0.426000  0.896000        01:04     
3         1.245791    1.104220    0.754000  0.962000        01:03     
4         1.056873    0.925961    0.842000  0.980000        01:04     
/home/yangyouucb/.fastai/data/imagenette-160
epoch     train_loss  valid_loss  accuracy  top_k_accuracy  time    
0         1.726689    2.596875    0.366000  0.820000        01:05     
1         1.472065    2.569308    0.318000  0.802000        01:03     
2         1.426270    1.632187    0.560000  0.918000        01:02     
3         1.232533    1.150450    0.740000  0.954000        01:04     
4         1.047925    0.927215    0.844000  0.982000        01:04     
/home/yangyouucb/.fastai/data/imagenette-160
epoch     train_loss  valid_loss  accuracy  top_k_accuracy  time    
0         1.697706    7.142855    0.206000  0.550000        01:04     
1         1.475703    1.660231    0.550000  0.924000        01:02     
2         1.428663    2.370800    0.396000  0.834000        01:04     
3         1.249568    1.131529    0.748000  0.968000        01:05     
4         1.045016    0.908209    0.848000  0.976000        01:05     
/home/yangyouucb/.fastai/data/imagenette-160
epoch     train_loss  valid_loss  accuracy  top_k_accuracy  time    
0         1.768411    4.384661    0.248000  0.688000        01:03     
1         1.517619    1.732025    0.514000  0.926000        01:04     
2         1.432923    2.291827    0.408000  0.774000        01:02     
3         1.268946    1.065590    0.772000  0.968000        01:08     
4         1.071508    0.924281    0.834000  0.980000        01:01     
/home/yangyouucb/.fastai/data/imagenette-160
epoch     train_loss  valid_loss  accuracy  top_k_accuracy  time    
0         1.682482    2.267286    0.394000  0.824000        01:02     
1         1.513392    2.125432    0.460000  0.868000        01:01     
2         1.427341    1.653016    0.522000  0.916000        01:02     
3         1.238325    1.090739    0.782000  0.972000        01:03     
4         1.044635    0.916077    0.834000  0.982000        01:00     
/home/yangyouucb/.fastai/data/imagenette-160
epoch     train_loss  valid_loss  accuracy  top_k_accuracy  time    
0         1.722533    3.704725    0.254000  0.734000        01:04     
1         1.502946    1.565191    0.566000  0.918000        01:01     
2         1.439647    1.513468    0.596000  0.924000        01:04     
3         1.254764    1.126023    0.766000  0.962000        01:03     
4         1.062755    0.893346    0.858000  0.986000        01:02     
/home/yangyouucb/.fastai/data/imagenette-160
epoch     train_loss  valid_loss  accuracy  top_k_accuracy  time    
0         1.732454    3.002306    0.342000  0.722000        01:03     
1         1.543544    2.439549    0.342000  0.738000        01:03     
2         1.464522    1.649320    0.518000  0.914000        01:02     
3         1.269514    1.186058    0.694000  0.964000        01:00     
4         1.055708    0.928653    0.842000  0.978000        01:05     
[0.848 0.802 0.862 0.842 0.844 0.848 0.834 0.834 0.858 0.842]
mean = 0.8413999676704407, std = 0.01567290537059307, ci-95 = (0.8295817992790836, 0.8532181837455136)
/home/yangyouucb/.fastai/data/imagenette-160
epoch     train_loss  valid_loss  accuracy  top_k_accuracy  time    
0         1.708398    2.572171    0.418000  0.866000        01:06     
1         1.522275    1.842859    0.498000  0.892000        01:02     
2         1.425320    1.413710    0.638000  0.950000        01:00     
3         1.267717    1.172013    0.736000  0.964000        01:01     
4         1.054814    0.914354    0.842000  0.978000        01:02     
/home/yangyouucb/.fastai/data/imagenette-160
epoch     train_loss  valid_loss  accuracy  top_k_accuracy  time    
0         1.716715    2.890770    0.254000  0.736000        01:02     
1         1.493300    2.121307    0.404000  0.884000        01:02     
2         1.430189    1.883380    0.502000  0.858000        01:03     
3         1.245311    1.252848    0.704000  0.966000        01:02     
4         1.049165    0.907336    0.852000  0.986000        01:02     
/home/yangyouucb/.fastai/data/imagenette-160
epoch     train_loss  valid_loss  accuracy  top_k_accuracy  time    
0         1.710099    4.220939    0.252000  0.630000        01:01     
1         1.491147    2.148262    0.418000  0.836000        01:03     
2         1.430732    1.509629    0.608000  0.908000        01:02     
3         1.246900    1.224613    0.712000  0.960000        01:00     
4         1.060622    0.927755    0.834000  0.984000        01:02     
/home/yangyouucb/.fastai/data/imagenette-160
epoch     train_loss  valid_loss  accuracy  top_k_accuracy  time    
0         1.709979    1.983578    0.428000  0.850000        01:01     
1         1.513951    2.088343    0.356000  0.862000        01:03     
2         1.444317    1.816167    0.500000  0.900000        01:01     
3         1.272144    1.128262    0.752000  0.966000        01:01     
4         1.066198    0.937161    0.840000  0.974000        01:02     
/home/yangyouucb/.fastai/data/imagenette-160
epoch     train_loss  valid_loss  accuracy  top_k_accuracy  time    
0         1.670561    2.170807    0.382000  0.782000        01:01     
1         1.501129    1.798579    0.534000  0.902000        01:01     
2         1.412892    1.349175    0.666000  0.936000        01:04     
3         1.228399    1.187653    0.732000  0.964000        01:02     
4         1.044233    0.909232    0.848000  0.978000        01:03     
/home/yangyouucb/.fastai/data/imagenette-160
epoch     train_loss  valid_loss  accuracy  top_k_accuracy  time    
0         1.717404    2.906145    0.340000  0.762000        01:03     
1         1.525913    1.828068    0.434000  0.894000        00:59     
2         1.421408    1.653520    0.542000  0.872000        01:01     
3         1.261812    1.238645    0.712000  0.956000        01:03     
4         1.060161    0.960753    0.816000  0.978000        01:03     
/home/yangyouucb/.fastai/data/imagenette-160
epoch     train_loss  valid_loss  accuracy  top_k_accuracy  time    
0         1.693812    4.704271    0.260000  0.698000        00:59     
1         1.553690    1.990033    0.510000  0.860000        01:03     
2         1.465416    1.549577    0.560000  0.908000        01:01     
3         1.246833    1.180036    0.746000  0.964000        01:02     
4         1.065919    0.951093    0.818000  0.976000        01:01     
/home/yangyouucb/.fastai/data/imagenette-160
epoch     train_loss  valid_loss  accuracy  top_k_accuracy  time    
0         1.687710    3.194703    0.366000  0.664000        01:03     
1         1.530516    2.177781    0.354000  0.766000        00:59     
2         1.438717    1.647023    0.546000  0.904000        01:02     
3         1.242005    1.197599    0.706000  0.972000        01:02     
4         1.061483    0.918702    0.838000  0.986000        00:59     
/home/yangyouucb/.fastai/data/imagenette-160
epoch     train_loss  valid_loss  accuracy  top_k_accuracy  time    
0         1.719593    3.826429    0.284000  0.736000        01:01     
1         1.519995    2.631193    0.290000  0.796000        01:00     
2         1.454821    1.586764    0.552000  0.922000        01:02     
3         1.251861    1.131056    0.754000  0.980000        01:02     
4         1.046852    0.930817    0.832000  0.976000        01:00     
/home/yangyouucb/.fastai/data/imagenette-160
epoch     train_loss  valid_loss  accuracy  top_k_accuracy  time    
0         1.683118    2.958906    0.286000  0.720000        01:03     
1         1.509378    1.772783    0.542000  0.912000        01:01     
2         1.439979    3.359179    0.342000  0.898000        01:01     
3         1.253368    1.098004    0.758000  0.980000        01:02     
4         1.034617    0.912344    0.838000  0.982000        00:59     
[0.842 0.852 0.834 0.84  0.848 0.816 0.818 0.838 0.832 0.838]
mean = 0.835800051689148, std = 0.010970868170261383, ci-95 = (0.8275273890220831, 0.8440726070678521)
/home/yangyouucb/.fastai/data/imagenette-160
epoch     train_loss  valid_loss  accuracy  top_k_accuracy  time    
0         1.709074    3.282354    0.280000  0.648000        01:06     
1         1.529163    2.381739    0.418000  0.802000        01:02     
2         1.451288    3.063646    0.344000  0.814000        01:00     
3         1.252143    1.192179    0.738000  0.948000        01:03     
4         1.052445    0.932441    0.838000  0.978000        01:02     
/home/yangyouucb/.fastai/data/imagenette-160
epoch     train_loss  valid_loss  accuracy  top_k_accuracy  time    
0         1.725575    2.287259    0.378000  0.754000        01:02     
1         1.509181    3.314683    0.338000  0.808000        01:02     
2         1.438516    1.916207    0.438000  0.898000        01:02     
3         1.230587    1.204881    0.712000  0.956000        01:02     
4         1.053120    0.938367    0.834000  0.976000        01:03     
/home/yangyouucb/.fastai/data/imagenette-160
epoch     train_loss  valid_loss  accuracy  top_k_accuracy  time    
0         1.707909    1.921512    0.424000  0.828000        01:02     
1         1.515772    2.075747    0.454000  0.826000        01:02     
2         1.427637    2.195949    0.432000  0.868000        01:02     
3         1.239636    1.132082    0.762000  0.956000        01:01     
4         1.052221    0.927434    0.836000  0.980000        01:03     
/home/yangyouucb/.fastai/data/imagenette-160
epoch     train_loss  valid_loss  accuracy  top_k_accuracy  time    
0         1.722080    2.075955    0.376000  0.896000        01:01     
1         1.544583    1.659821    0.508000  0.908000        01:02     
2         1.431891    1.600117    0.608000  0.944000        01:03     
3         1.257419    1.174200    0.740000  0.954000        01:02     
4         1.053255    0.908376    0.860000  0.982000        01:03     
/home/yangyouucb/.fastai/data/imagenette-160
epoch     train_loss  valid_loss  accuracy  top_k_accuracy  time    
0         1.752857    2.398625    0.350000  0.816000        01:02     
1         1.518969    2.549218    0.264000  0.704000        01:01     
2         1.436423    1.475014    0.612000  0.932000        01:02     
3         1.258981    1.336170    0.656000  0.942000        01:02     
4         1.079408    0.938373    0.826000  0.986000        01:03     
/home/yangyouucb/.fastai/data/imagenette-160
epoch     train_loss  valid_loss  accuracy  top_k_accuracy  time    
0         1.713374    2.427419    0.346000  0.728000        01:01     
1         1.512628    1.671849    0.478000  0.924000        01:02     
2         1.414712    1.620212    0.510000  0.930000        01:03     
3         1.255431    1.155337    0.736000  0.960000        01:04     
4         1.047648    0.936110    0.826000  0.978000        01:02     
/home/yangyouucb/.fastai/data/imagenette-160
epoch     train_loss  valid_loss  accuracy  top_k_accuracy  time    
0         1.712343    5.418761    0.220000  0.644000        01:00     
1         1.492819    1.896564    0.470000  0.844000        01:02     
2         1.435554    1.391261    0.646000  0.944000        01:01     
3         1.232348    1.178434    0.742000  0.964000        01:02     
4         1.043579    0.933411    0.842000  0.974000        01:01     
/home/yangyouucb/.fastai/data/imagenette-160
epoch     train_loss  valid_loss  accuracy  top_k_accuracy  time    
0         1.716975    4.859023    0.236000  0.662000        01:02     
1         1.516081    1.987297    0.438000  0.852000        01:01     
2         1.427495    1.665207    0.504000  0.946000        01:01     
3         1.274891    1.141678    0.728000  0.982000        01:02     
4         1.054265    0.921297    0.834000  0.984000        00:54     
/home/yangyouucb/.fastai/data/imagenette-160
epoch     train_loss  valid_loss  accuracy  top_k_accuracy  time    
0         1.712617    2.468473    0.326000  0.804000        00:53     
1         1.514553    3.457334    0.304000  0.808000        00:44     
2         1.446580    2.408700    0.392000  0.888000        00:45     
3         1.260101    1.192005    0.724000  0.944000        00:45     
4         1.058835    0.945332    0.806000  0.976000        00:45     
/home/yangyouucb/.fastai/data/imagenette-160
epoch     train_loss  valid_loss  accuracy  top_k_accuracy  time    
0         1.722422    2.128950    0.388000  0.798000        00:44     
1         1.509302    2.259691    0.398000  0.826000        00:44     
2         1.433903    1.491951    0.582000  0.928000        00:45     
3         1.280266    1.102609    0.768000  0.962000        00:43     
4         1.073113    0.928871    0.834000  0.982000        00:35     
[0.838 0.834 0.836 0.86  0.826 0.826 0.842 0.834 0.806 0.834]
mean = 0.8335999250411987, std = 0.012924403883516788, ci-95 = (0.8238543191944486, 0.8433456739390962)
