/home/yangyouucb/.fastai/data/imagenette-160
epoch     train_loss  valid_loss  accuracy  top_k_accuracy  time    
0         1.691374    2.504151    0.340000  0.694000        01:03     
1         1.475739    2.042330    0.468000  0.914000        01:05     
2         1.314785    1.687181    0.514000  0.916000        01:11     
3         1.144897    0.998823    0.810000  0.978000        01:17     
4         0.983504    0.875393    0.864000  0.986000        01:18     
/home/yangyouucb/.fastai/data/imagenette-160
epoch     train_loss  valid_loss  accuracy  top_k_accuracy  time    
0         1.640063    2.342049    0.310000  0.802000        01:18     
1         1.456282    1.714140    0.496000  0.908000        01:21     
2         1.336572    1.387468    0.622000  0.962000        01:18     
3         1.145835    1.058653    0.788000  0.974000        01:21     
4         0.984977    0.850170    0.870000  0.986000        01:20     
/home/yangyouucb/.fastai/data/imagenette-160
epoch     train_loss  valid_loss  accuracy  top_k_accuracy  time    
0         1.676922    1.850808    0.430000  0.910000        01:16     
1         1.447057    1.604641    0.566000  0.952000        01:16     
2         1.341166    2.433800    0.324000  0.828000        01:16     
3         1.151144    1.049674    0.768000  0.976000        01:18     
4         0.987113    0.869196    0.864000  0.986000        01:20     
/home/yangyouucb/.fastai/data/imagenette-160
epoch     train_loss  valid_loss  accuracy  top_k_accuracy  time    
0         1.667797    3.508317    0.282000  0.834000        01:17     
1         1.470649    1.945544    0.430000  0.830000        01:18     
2         1.321733    1.771071    0.488000  0.872000        01:17     
3         1.153206    1.020645    0.810000  0.974000        01:17     
4         0.977864    0.883648    0.848000  0.984000        01:18     
/home/yangyouucb/.fastai/data/imagenette-160
epoch     train_loss  valid_loss  accuracy  top_k_accuracy  time    
0         1.678268    2.485616    0.320000  0.782000        01:17     
1         1.454262    1.989190    0.442000  0.924000        01:17     
2         1.338267    2.443929    0.384000  0.822000        01:18     
3         1.139374    1.019812    0.796000  0.982000        01:19     
4         0.987328    0.867695    0.860000  0.986000        01:20     
/home/yangyouucb/.fastai/data/imagenette-160
epoch     train_loss  valid_loss  accuracy  top_k_accuracy  time    
0         1.660398    5.565429    0.262000  0.774000        01:19     
1         1.461259    1.482455    0.590000  0.908000        01:19     
2         1.316746    2.600275    0.376000  0.844000        01:16     
3         1.162272    0.999030    0.824000  0.978000        01:17     
4         0.983307    0.862459    0.860000  0.984000        01:18     
/home/yangyouucb/.fastai/data/imagenette-160
epoch     train_loss  valid_loss  accuracy  top_k_accuracy  time    
Traceback (most recent call last):
  File "/opt/anaconda3/lib/python3.7/multiprocessing/queues.py", line 242, in _feed
    send_bytes(obj)
  File "/opt/anaconda3/lib/python3.7/multiprocessing/connection.py", line 200, in send_bytes
    self._send_bytes(m[offset:offset + size])
  File "/opt/anaconda3/lib/python3.7/multiprocessing/connection.py", line 404, in _send_bytes
    self._send(header + buf)
  File "/opt/anaconda3/lib/python3.7/multiprocessing/connection.py", line 368, in _send
    n = write(self._handle, buf)
BrokenPipeError: [Errno 32] Broken pipe
0         1.640522    2.873594    0.402000  0.774000        01:19     
1         1.435732    1.768685    0.456000  0.856000        01:22     
2         1.319956    1.558271    0.578000  0.916000        01:15     
3         1.141912    1.067241    0.780000  0.972000        01:19     
4         0.995454    0.884784    0.846000  0.982000        01:20     
/home/yangyouucb/.fastai/data/imagenette-160
epoch     train_loss  valid_loss  accuracy  top_k_accuracy  time    
0         1.639334    2.239296    0.452000  0.862000        01:20     
1         1.448382    1.528641    0.582000  0.928000        01:17     
2         1.335538    2.057369    0.440000  0.922000        01:18     
3         1.157819    1.098777    0.734000  0.970000        01:16     
4         0.977298    0.873546    0.860000  0.984000        01:21     
/home/yangyouucb/.fastai/data/imagenette-160
epoch     train_loss  valid_loss  accuracy  top_k_accuracy  time    
0         1.689397    3.793407    0.246000  0.822000        01:20     
1         1.485847    1.922506    0.408000  0.880000        01:17     
2         1.321908    1.497648    0.624000  0.894000        01:19     
3         1.145729    1.122629    0.760000  0.966000        01:19     
4         0.987216    0.875060    0.870000  0.986000        01:20     
/home/yangyouucb/.fastai/data/imagenette-160
epoch     train_loss  valid_loss  accuracy  top_k_accuracy  time    
0         1.646385    1.591685    0.562000  0.940000        01:17     
1         1.460236    1.632548    0.524000  0.928000        01:21     
2         1.327306    1.428112    0.608000  0.946000        01:19     
3         1.143847    1.049443    0.794000  0.978000        01:20     
4         0.994195    0.852071    0.866000  0.990000        01:20     
/home/yangyouucb/.fastai/data/imagenette-160
epoch     train_loss  valid_loss  accuracy  top_k_accuracy  time    
0         1.669994    2.364786    0.424000  0.800000        01:17     
1         1.443961    2.669348    0.346000  0.828000        01:19     
2         1.323756    1.436916    0.644000  0.942000        01:19     
3         1.147265    1.121852    0.758000  0.960000        01:20     
4         0.987168    0.850864    0.872000  0.982000        01:19     
/home/yangyouucb/.fastai/data/imagenette-160
epoch     train_loss  valid_loss  accuracy  top_k_accuracy  time    
0         1.653585    2.072313    0.430000  0.884000        01:18     
1         1.468960    1.912356    0.468000  0.864000        01:19     
2         1.338685    1.329088    0.642000  0.944000        01:16     
3         1.148573    1.001036    0.800000  0.980000        01:21     
4         0.988972    0.868666    0.862000  0.986000        01:22     
/home/yangyouucb/.fastai/data/imagenette-160
epoch     train_loss  valid_loss  accuracy  top_k_accuracy  time    
0         1.654830    2.066491    0.366000  0.870000        01:15     
1         1.417815    1.786087    0.536000  0.900000        01:19     
2         1.308711    1.936699    0.468000  0.874000        01:17     
3         1.147521    1.090710    0.776000  0.974000        01:19     
4         0.979019    0.876225    0.854000  0.986000        01:17     
/home/yangyouucb/.fastai/data/imagenette-160
epoch     train_loss  valid_loss  accuracy  top_k_accuracy  time    
0         1.660354    1.800908    0.478000  0.910000        01:18     
1         1.457818    1.513592    0.584000  0.934000        01:18     
2         1.330086    1.569947    0.532000  0.932000        01:18     
3         1.140954    1.066882    0.772000  0.974000        01:20     
4         0.977146    0.874691    0.846000  0.992000        01:20     
/home/yangyouucb/.fastai/data/imagenette-160
epoch     train_loss  valid_loss  accuracy  top_k_accuracy  time    
0         1.660050    2.700977    0.370000  0.878000        01:18     
1         1.448458    1.915291    0.452000  0.858000        01:18     
2         1.329402    1.472825    0.608000  0.942000        01:17     
3         1.135574    1.137637    0.760000  0.962000        01:17     
4         0.980876    0.875345    0.858000  0.982000        01:20     
/home/yangyouucb/.fastai/data/imagenette-160
epoch     train_loss  valid_loss  accuracy  top_k_accuracy  time    
0         1.634428    2.289047    0.446000  0.844000        01:16     
1         1.457905    1.545903    0.572000  0.916000        01:18     
2         1.325916    1.445984    0.628000  0.942000        01:18     
3         1.152661    1.058986    0.778000  0.972000        01:18     
4         0.983461    0.862274    0.860000  0.990000        01:20     
/home/yangyouucb/.fastai/data/imagenette-160
epoch     train_loss  valid_loss  accuracy  top_k_accuracy  time    
0         1.661666    1.789682    0.500000  0.902000        01:17     
1         1.431539    2.941907    0.290000  0.742000        01:23     
2         1.350145    1.410376    0.640000  0.930000        01:19     
3         1.125879    0.983303    0.814000  0.978000        01:12     
4         0.984651    0.883811    0.854000  0.986000        01:20     
/home/yangyouucb/.fastai/data/imagenette-160
epoch     train_loss  valid_loss  accuracy  top_k_accuracy  time    
0         1.677979    1.785108    0.494000  0.926000        01:14     
1         1.441967    1.940699    0.444000  0.820000        01:15     
2         1.334053    1.571371    0.590000  0.906000        01:16     
3         1.139526    1.022007    0.782000  0.986000        01:12     
4         0.970195    0.864093    0.878000  0.984000        01:16     
/home/yangyouucb/.fastai/data/imagenette-160
epoch     train_loss  valid_loss  accuracy  top_k_accuracy  time    
0         1.669971    2.118424    0.408000  0.814000        01:12     
1         1.446404    1.647195    0.542000  0.916000        01:11     
2         1.341225    1.323595    0.676000  0.960000        01:13     
3         1.146780    0.980275    0.810000  0.986000        01:16     
4         0.975538    0.877841    0.856000  0.986000        01:18     
/home/yangyouucb/.fastai/data/imagenette-160
epoch     train_loss  valid_loss  accuracy  top_k_accuracy  time    
0         1.656753    4.947756    0.274000  0.650000        01:17     
1         1.441524    2.465136    0.370000  0.822000        01:12     
2         1.312939    1.368120    0.678000  0.954000        01:14     
3         1.144350    1.097299    0.762000  0.976000        01:16     
4         0.984482    0.862572    0.866000  0.986000        01:11     
[0.864 0.87  0.864 0.848 0.86  0.86  0.846 0.86  0.87  0.866 0.872 0.862 0.854 0.846 0.858 0.86  0.854 0.878 0.856
 0.866]
mean = 0.8607000112533569, std = 0.008349253796041012, ci-95 = (0.8566909191085829, 0.8647090855167375)
