/home/yangyouucb/.fastai/data/imagewoof-160
epoch     train_loss  valid_loss  accuracy  top_k_accuracy  time    
0         2.083500    2.210067    0.290000  0.754000        00:35     
1         1.933477    2.996254    0.214000  0.804000        00:32     
2         1.801373    2.319649    0.276000  0.784000        00:33     
3         1.597945    1.663224    0.486000  0.890000        00:32     
4         1.439825    1.414798    0.614000  0.954000        00:32     
/home/yangyouucb/.fastai/data/imagewoof-160
epoch     train_loss  valid_loss  accuracy  top_k_accuracy  time    
0         2.069676    2.145712    0.282000  0.760000        00:32     
1         1.911359    2.215720    0.284000  0.770000        00:32     
2         1.782237    2.221087    0.340000  0.758000        00:32     
3         1.573636    1.714040    0.440000  0.898000        00:33     
4         1.408787    1.404699    0.610000  0.952000        00:33     
/home/yangyouucb/.fastai/data/imagewoof-160
epoch     train_loss  valid_loss  accuracy  top_k_accuracy  time    
0         2.045247    2.148692    0.280000  0.768000        00:32     
1         1.899223    1.883954    0.388000  0.870000        00:32     
2         1.788201    2.171719    0.280000  0.808000        00:32     
3         1.615353    1.721916    0.484000  0.890000        00:32     
4         1.447321    1.423545    0.608000  0.950000        00:33     
/home/yangyouucb/.fastai/data/imagewoof-160
epoch     train_loss  valid_loss  accuracy  top_k_accuracy  time    
0         2.062710    2.318111    0.258000  0.752000        00:32     
1         1.884239    2.022275    0.324000  0.838000        00:32     
2         1.790015    2.050144    0.318000  0.810000        00:33     
3         1.597899    1.697587    0.462000  0.898000        00:33     
4         1.430619    1.442658    0.576000  0.938000        00:32     
/home/yangyouucb/.fastai/data/imagewoof-160
epoch     train_loss  valid_loss  accuracy  top_k_accuracy  time    
0         2.069185    2.381488    0.206000  0.686000        00:32     
1         1.905587    2.248981    0.272000  0.824000        00:32     
2         1.786214    2.032588    0.314000  0.786000        00:32     
3         1.601187    1.609162    0.502000  0.924000        00:32     
4         1.422572    1.402088    0.622000  0.958000        00:32     
/home/yangyouucb/.fastai/data/imagewoof-160
epoch     train_loss  valid_loss  accuracy  top_k_accuracy  time    
0         2.045621    2.392937    0.198000  0.770000        00:32     
1         1.887554    2.657816    0.274000  0.708000        00:32     
2         1.792643    1.959808    0.334000  0.850000        00:32     
3         1.598434    1.516984    0.524000  0.940000        00:32     
4         1.412822    1.413003    0.610000  0.946000        00:32     
/home/yangyouucb/.fastai/data/imagewoof-160
epoch     train_loss  valid_loss  accuracy  top_k_accuracy  time    
0         2.095183    2.253007    0.252000  0.734000        00:32     
1         1.926171    2.190904    0.278000  0.768000        00:31     
2         1.776085    2.004828    0.328000  0.788000        00:32     
3         1.607023    1.812939    0.436000  0.880000        00:33     
4         1.441974    1.434118    0.594000  0.952000        00:32     
/home/yangyouucb/.fastai/data/imagewoof-160
epoch     train_loss  valid_loss  accuracy  top_k_accuracy  time    
0         2.074691    2.174116    0.296000  0.774000        00:32     
1         1.915172    1.976073    0.352000  0.826000        00:32     
2         1.818734    2.542393    0.240000  0.734000        00:32     
3         1.593041    1.724997    0.508000  0.892000        00:33     
4         1.430995    1.412780    0.604000  0.942000        00:33     
/home/yangyouucb/.fastai/data/imagewoof-160
epoch     train_loss  valid_loss  accuracy  top_k_accuracy  time    
0         2.067178    2.233362    0.260000  0.766000        00:32     
1         1.909869    1.867822    0.378000  0.868000        00:32     
2         1.785253    2.396447    0.268000  0.786000        00:32     
3         1.575949    1.554035    0.522000  0.918000        00:33     
4         1.408793    1.397639    0.622000  0.950000        00:32     
/home/yangyouucb/.fastai/data/imagewoof-160
epoch     train_loss  valid_loss  accuracy  top_k_accuracy  time    
0         2.073145    2.273791    0.236000  0.766000        00:32     
1         1.908126    2.308779    0.326000  0.790000        00:32     
2         1.804009    2.187730    0.312000  0.800000        00:32     
3         1.620436    1.622194    0.466000  0.912000        00:33     
4         1.430192    1.429136    0.604000  0.938000        00:33     
/home/yangyouucb/.fastai/data/imagewoof-160
epoch     train_loss  valid_loss  accuracy  top_k_accuracy  time    
0         2.085221    2.232259    0.254000  0.756000        00:32     
1         1.933515    2.660704    0.268000  0.764000        00:32     
2         1.797546    2.213508    0.260000  0.756000        00:33     
3         1.594833    1.556054    0.476000  0.940000        00:33     
4         1.435169    1.405793    0.604000  0.948000        00:33     
/home/yangyouucb/.fastai/data/imagewoof-160
epoch     train_loss  valid_loss  accuracy  top_k_accuracy  time    
0         2.061504    2.203880    0.298000  0.786000        00:32     
1         1.916529    1.989509    0.308000  0.864000        00:32     
2         1.772228    2.063782    0.388000  0.798000        00:32     
3         1.576054    1.610351    0.490000  0.938000        00:32     
4         1.417705    1.406664    0.622000  0.942000        00:32     
/home/yangyouucb/.fastai/data/imagewoof-160
epoch     train_loss  valid_loss  accuracy  top_k_accuracy  time    
0         2.102794    2.194537    0.272000  0.760000        00:32     
1         1.958397    2.389907    0.260000  0.784000        00:32     
2         1.846238    1.756701    0.412000  0.912000        00:32     
3         1.623678    1.639802    0.508000  0.916000        00:32     
4         1.454409    1.431059    0.594000  0.952000        00:32     
/home/yangyouucb/.fastai/data/imagewoof-160
epoch     train_loss  valid_loss  accuracy  top_k_accuracy  time    
0         2.087250    2.380798    0.220000  0.684000        00:31     
1         1.932711    2.816391    0.182000  0.660000        00:32     
2         1.788801    2.223344    0.328000  0.798000        00:32     
3         1.601698    1.649780    0.462000  0.932000        00:32     
4         1.442380    1.441769    0.592000  0.956000        00:33     
/home/yangyouucb/.fastai/data/imagewoof-160
epoch     train_loss  valid_loss  accuracy  top_k_accuracy  time    
0         2.056410    2.291120    0.230000  0.748000        00:32     
1         1.905631    2.156047    0.314000  0.750000        00:32     
2         1.752556    1.857467    0.376000  0.862000        00:32     
3         1.588233    1.612679    0.484000  0.926000        00:32     
4         1.424174    1.386345    0.624000  0.956000        00:33     
/home/yangyouucb/.fastai/data/imagewoof-160
epoch     train_loss  valid_loss  accuracy  top_k_accuracy  time    
0         2.079334    2.265833    0.230000  0.712000        00:32     
1         1.912131    2.355109    0.210000  0.690000        00:32     
2         1.802467    2.118865    0.308000  0.756000        00:32     
3         1.616661    1.670794    0.520000  0.912000        00:32     
4         1.433243    1.430097    0.598000  0.946000        00:33     
/home/yangyouucb/.fastai/data/imagewoof-160
epoch     train_loss  valid_loss  accuracy  top_k_accuracy  time    
0         2.091527    2.302077    0.220000  0.772000        00:32     
1         1.924901    2.193237    0.278000  0.756000        00:32     
2         1.792585    2.159379    0.318000  0.802000        00:32     
3         1.610849    1.647854    0.480000  0.902000        00:32     
4         1.450878    1.429266    0.600000  0.940000        00:32     
/home/yangyouucb/.fastai/data/imagewoof-160
epoch     train_loss  valid_loss  accuracy  top_k_accuracy  time    
0         2.094592    2.348762    0.196000  0.708000        00:32     
1         1.924535    2.475076    0.290000  0.758000        00:32     
2         1.782941    2.133030    0.380000  0.830000        00:32     
3         1.588837    1.614956    0.470000  0.936000        00:32     
4         1.423246    1.411303    0.618000  0.948000        00:33     
/home/yangyouucb/.fastai/data/imagewoof-160
epoch     train_loss  valid_loss  accuracy  top_k_accuracy  time    
0         2.074165    2.137793    0.244000  0.782000        00:32     
1         1.929615    2.425618    0.318000  0.770000        00:32     
2         1.815829    3.438409    0.190000  0.756000        00:32     
3         1.615694    1.621859    0.486000  0.936000        00:33     
4         1.452320    1.436670    0.598000  0.938000        00:32     
/home/yangyouucb/.fastai/data/imagewoof-160
epoch     train_loss  valid_loss  accuracy  top_k_accuracy  time    
0         2.069894    2.507672    0.238000  0.738000        00:32     
1         1.916411    1.955242    0.364000  0.828000        00:33     
2         1.771392    1.970212    0.342000  0.860000        00:32     
3         1.575500    1.584987    0.536000  0.926000        00:33     
4         1.400768    1.425121    0.594000  0.948000        00:32     
[0.614 0.61  0.608 0.576 0.622 0.61  0.594 0.604 0.622 0.604 0.604 0.622 0.594 0.592 0.624 0.598 0.6   0.618 0.598
 0.594]
mean = 0.6053999662399292, std = 0.012314221821725368, ci-95 = (0.5994870377373079, 0.6113129424262663)
