lr: 0.03; eff_lr: 0.03; size: 128; alpha: 0.999; mom: 0.9; eps: 1e-06
/home/yangyouucb/.fastai/data/imagenette-160
epoch     train_loss  valid_loss  accuracy  top_k_accuracy  time    
0         1.658279    2.443316    0.422000  0.832000        01:03     
1         1.441660    2.187428    0.384000  0.796000        01:22     
2         1.328002    1.403730    0.600000  0.936000        01:23     
3         1.152977    1.297529    0.638000  0.962000        01:20     
4         1.003075    0.870111    0.862000  0.990000        01:22     
lr: 0.03; eff_lr: 0.03; size: 128; alpha: 0.999; mom: 0.9; eps: 1e-06
/home/yangyouucb/.fastai/data/imagenette-160
epoch     train_loss  valid_loss  accuracy  top_k_accuracy  time    
0         1.656054    2.857681    0.446000  0.766000        01:18     
1         1.463644    2.933925    0.310000  0.806000        01:22     
2         1.327066    1.952871    0.458000  0.868000        01:22     
3         1.145483    1.002890    0.808000  0.980000        01:21     
4         0.980649    0.883057    0.856000  0.982000        01:20     
lr: 0.03; eff_lr: 0.03; size: 128; alpha: 0.999; mom: 0.9; eps: 1e-06
/home/yangyouucb/.fastai/data/imagenette-160
epoch     train_loss  valid_loss  accuracy  top_k_accuracy  time    
0         1.642692    3.025316    0.308000  0.684000        01:22     
1         1.438917    1.393415    0.622000  0.954000        01:19     
2         1.316312    2.522733    0.442000  0.842000        01:18     
3         1.144926    1.042688    0.780000  0.972000        01:23     
4         0.997375    0.862575    0.858000  0.986000        01:23     
lr: 0.03; eff_lr: 0.03; size: 128; alpha: 0.999; mom: 0.9; eps: 1e-06
/home/yangyouucb/.fastai/data/imagenette-160
epoch     train_loss  valid_loss  accuracy  top_k_accuracy  time    
0         1.671955    2.256238    0.416000  0.846000        01:21     
1         1.450683    1.686315    0.506000  0.874000        01:21     
2         1.340829    1.433355    0.636000  0.944000        01:22     
3         1.149740    1.077664    0.766000  0.964000        01:20     
4         0.968819    0.866281    0.864000  0.986000        01:21     
lr: 0.03; eff_lr: 0.03; size: 128; alpha: 0.999; mom: 0.9; eps: 1e-06
/home/yangyouucb/.fastai/data/imagenette-160
epoch     train_loss  valid_loss  accuracy  top_k_accuracy  time    
0         1.669238    2.029135    0.358000  0.868000        01:19     
1         1.448486    1.932146    0.486000  0.916000        01:24     
2         1.318251    1.730395    0.508000  0.924000        01:23     
3         1.152158    1.213908    0.730000  0.968000        01:20     
4         0.992435    0.874151    0.866000  0.984000        01:19     
lr: 0.03; eff_lr: 0.03; size: 128; alpha: 0.999; mom: 0.9; eps: 1e-06
/home/yangyouucb/.fastai/data/imagenette-160
epoch     train_loss  valid_loss  accuracy  top_k_accuracy  time    
0         1.651317    3.546628    0.388000  0.752000        01:20     
1         1.462924    1.755628    0.502000  0.840000        01:17     
2         1.329123    1.401915    0.634000  0.930000        01:18     
3         1.144506    1.041381    0.762000  0.988000        01:21     
4         0.989205    0.861947    0.866000  0.984000        01:22     
lr: 0.03; eff_lr: 0.03; size: 128; alpha: 0.999; mom: 0.9; eps: 1e-06
/home/yangyouucb/.fastai/data/imagenette-160
epoch     train_loss  valid_loss  accuracy  top_k_accuracy  time    
0         1.656331    2.580149    0.328000  0.858000        01:19     
1         1.454755    1.656130    0.564000  0.880000        01:23     
2         1.340669    1.518041    0.566000  0.926000        01:22     
3         1.151032    1.025148    0.788000  0.976000        01:18     
4         0.974060    0.864391    0.854000  0.988000        01:22     
lr: 0.03; eff_lr: 0.03; size: 128; alpha: 0.999; mom: 0.9; eps: 1e-06
/home/yangyouucb/.fastai/data/imagenette-160
epoch     train_loss  valid_loss  accuracy  top_k_accuracy  time    
0         1.669599    2.249973    0.416000  0.796000        01:20     
1         1.452287    2.242806    0.396000  0.818000        01:20     
2         1.331529    1.342342    0.648000  0.940000        01:22     
3         1.159591    1.042998    0.798000  0.962000        01:21     
4         0.981615    0.881329    0.846000  0.980000        01:18     
lr: 0.03; eff_lr: 0.03; size: 128; alpha: 0.999; mom: 0.9; eps: 1e-06
/home/yangyouucb/.fastai/data/imagenette-160
epoch     train_loss  valid_loss  accuracy  top_k_accuracy  time    
0         1.668597    5.566816    0.170000  0.720000        01:20     
1         1.465011    1.673603    0.488000  0.892000        01:18     
2         1.330242    1.366060    0.636000  0.942000        01:21     
3         1.161761    1.053944    0.786000  0.970000        01:19     
4         0.985322    0.879582    0.860000  0.984000        01:20     
lr: 0.03; eff_lr: 0.03; size: 128; alpha: 0.999; mom: 0.9; eps: 1e-06
/home/yangyouucb/.fastai/data/imagenette-160
epoch     train_loss  valid_loss  accuracy  top_k_accuracy  time    
0         1.674810    2.756558    0.284000  0.754000        01:20     
1         1.435630    2.256735    0.396000  0.846000        01:20     
2         1.324265    1.665822    0.556000  0.912000        01:20     
3         1.151756    1.126337    0.740000  0.970000        01:21     
4         0.981740    0.859480    0.866000  0.986000        01:18     
lr: 0.03; eff_lr: 0.03; size: 128; alpha: 0.999; mom: 0.9; eps: 1e-06
/home/yangyouucb/.fastai/data/imagenette-160
epoch     train_loss  valid_loss  accuracy  top_k_accuracy  time    
0         1.672969    2.031934    0.474000  0.848000        01:19     
1         1.467388    1.649098    0.560000  0.912000        01:22     
2         1.347956    1.534429    0.590000  0.916000        01:19     
3         1.155920    1.160394    0.744000  0.956000        01:22     
4         0.988263    0.876451    0.846000  0.984000        01:21     
lr: 0.03; eff_lr: 0.03; size: 128; alpha: 0.999; mom: 0.9; eps: 1e-06
/home/yangyouucb/.fastai/data/imagenette-160
epoch     train_loss  valid_loss  accuracy  top_k_accuracy  time    
0         1.642642    2.500895    0.406000  0.818000        01:18     
1         1.451672    1.689048    0.532000  0.928000        01:19     
2         1.329731    1.307134    0.650000  0.950000        01:22     
3         1.160063    0.975761    0.816000  0.986000        01:22     
4         1.006348    0.881708    0.854000  0.984000        01:19     
lr: 0.03; eff_lr: 0.03; size: 128; alpha: 0.999; mom: 0.9; eps: 1e-06
/home/yangyouucb/.fastai/data/imagenette-160
epoch     train_loss  valid_loss  accuracy  top_k_accuracy  time    
0         1.620780    3.132741    0.252000  0.728000        01:23     
1         1.448625    1.515306    0.576000  0.950000        01:19     
2         1.324790    1.430718    0.602000  0.940000        01:21     
3         1.133664    1.082834    0.760000  0.960000        01:24     
4         0.972266    0.855831    0.866000  0.986000        01:24     
lr: 0.03; eff_lr: 0.03; size: 128; alpha: 0.999; mom: 0.9; eps: 1e-06
/home/yangyouucb/.fastai/data/imagenette-160
epoch     train_loss  valid_loss  accuracy  top_k_accuracy  time    
0         1.674325    2.059685    0.452000  0.888000        01:21     
1         1.463632    2.190118    0.350000  0.904000        01:23     
2         1.328047    1.515824    0.602000  0.928000        01:21     
3         1.139950    1.122618    0.744000  0.958000        01:22     
4         0.976057    0.869444    0.856000  0.990000        01:23     
lr: 0.03; eff_lr: 0.03; size: 128; alpha: 0.999; mom: 0.9; eps: 1e-06
/home/yangyouucb/.fastai/data/imagenette-160
epoch     train_loss  valid_loss  accuracy  top_k_accuracy  time    
0         1.675568    1.852022    0.506000  0.894000        01:20     
1         1.472415    1.717631    0.502000  0.890000        01:20     
2         1.342535    1.313067    0.660000  0.940000        01:21     
3         1.154511    1.010346    0.798000  0.982000        01:23     
4         0.991567    0.873698    0.854000  0.984000        01:22     
lr: 0.03; eff_lr: 0.03; size: 128; alpha: 0.999; mom: 0.9; eps: 1e-06
/home/yangyouucb/.fastai/data/imagenette-160
epoch     train_loss  valid_loss  accuracy  top_k_accuracy  time    
0         1.668146    2.548075    0.336000  0.832000        01:22     
1         1.448736    2.667975    0.342000  0.764000        01:22     
2         1.322783    1.454579    0.630000  0.946000        01:20     
3         1.150972    1.085462    0.762000  0.976000        01:23     
4         0.974473    0.884640    0.856000  0.988000        01:22     
lr: 0.03; eff_lr: 0.03; size: 128; alpha: 0.999; mom: 0.9; eps: 1e-06
/home/yangyouucb/.fastai/data/imagenette-160
epoch     train_loss  valid_loss  accuracy  top_k_accuracy  time    
0         1.673855    2.007256    0.446000  0.850000        01:22     
1         1.460277    3.437563    0.368000  0.862000        01:20     
2         1.313500    1.562045    0.558000  0.924000        01:23     
3         1.149582    1.104964    0.750000  0.972000        01:21     
4         0.985962    0.854586    0.868000  0.988000        01:20     
lr: 0.03; eff_lr: 0.03; size: 128; alpha: 0.999; mom: 0.9; eps: 1e-06
/home/yangyouucb/.fastai/data/imagenette-160
epoch     train_loss  valid_loss  accuracy  top_k_accuracy  time    
0         1.659406    2.197135    0.458000  0.814000        01:20     
1         1.466743    1.658638    0.544000  0.894000        01:19     
2         1.330950    1.657500    0.546000  0.896000        01:18     
3         1.155970    1.033308    0.780000  0.978000        01:24     
4         0.980664    0.870665    0.862000  0.986000        01:22     
lr: 0.03; eff_lr: 0.03; size: 128; alpha: 0.999; mom: 0.9; eps: 1e-06
/home/yangyouucb/.fastai/data/imagenette-160
epoch     train_loss  valid_loss  accuracy  top_k_accuracy  time    
0         1.647795    3.334231    0.370000  0.742000        01:18     
1         1.453771    2.615130    0.398000  0.774000        01:20     
2         1.330568    1.240562    0.704000  0.938000        01:22     
3         1.153093    1.052823    0.782000  0.972000        01:22     
4         0.989345    0.876662    0.842000  0.986000        01:24     
lr: 0.03; eff_lr: 0.03; size: 128; alpha: 0.999; mom: 0.9; eps: 1e-06
/home/yangyouucb/.fastai/data/imagenette-160
epoch     train_loss  valid_loss  accuracy  top_k_accuracy  time    
0         1.651760    1.837167    0.484000  0.894000        01:19     
1         1.445760    2.117133    0.458000  0.862000        01:20     
2         1.322439    2.101237    0.518000  0.932000        01:21     
3         1.163885    1.063766    0.780000  0.978000        01:18     
4         0.985263    0.875407    0.846000  0.986000        01:06     
[0.862 0.856 0.858 0.864 0.866 0.866 0.854 0.846 0.86  0.866 0.846 0.854 0.866 0.856 0.854 0.856 0.868 0.862 0.842
 0.846]
mean = 0.8573999404907227, std = 0.0076446011662483215, ci-95 = (0.8537292687660012, 0.8610707254642691)
