/home/yangyouucb/.fastai/data/imagenette-160
epoch     train_loss  valid_loss  accuracy  top_k_accuracy  time    
0         1.677960    2.829240    0.362000  0.838000        01:02     
1         1.469406    1.905756    0.460000  0.922000        01:19     
2         1.326616    1.720355    0.530000  0.902000        01:20     
3         1.164516    1.022191    0.790000  0.978000        01:19     
4         0.999909    0.883323    0.846000  0.982000        01:20     
/home/yangyouucb/.fastai/data/imagenette-160
epoch     train_loss  valid_loss  accuracy  top_k_accuracy  time    
0         1.666246    1.799425    0.504000  0.884000        01:19     
1         1.436127    2.628037    0.338000  0.798000        01:18     
2         1.331885    1.450000    0.634000  0.916000        01:22     
3         1.151593    0.966590    0.814000  0.978000        01:22     
4         0.969966    0.882482    0.852000  0.980000        01:21     
/home/yangyouucb/.fastai/data/imagenette-160
epoch     train_loss  valid_loss  accuracy  top_k_accuracy  time    
0         1.633233    1.707736    0.524000  0.912000        01:23     
1         1.451032    1.509871    0.556000  0.946000        01:21     
2         1.346491    1.528438    0.580000  0.950000        01:20     
3         1.145850    1.110224    0.794000  0.960000        01:19     
4         0.999731    0.891532    0.850000  0.986000        01:18     
/home/yangyouucb/.fastai/data/imagenette-160
epoch     train_loss  valid_loss  accuracy  top_k_accuracy  time    
0         1.646460    2.594024    0.338000  0.834000        01:22     
1         1.432765    1.697147    0.518000  0.916000        01:22     
2         1.317055    1.281553    0.706000  0.948000        01:23     
3         1.134254    0.976128    0.808000  0.980000        01:18     
4         0.980152    0.853059    0.882000  0.984000        01:21     
/home/yangyouucb/.fastai/data/imagenette-160
epoch     train_loss  valid_loss  accuracy  top_k_accuracy  time    
0         1.680353    2.371207    0.384000  0.780000        01:21     
1         1.471358    1.702083    0.494000  0.884000        01:22     
2         1.358519    1.676714    0.564000  0.850000        01:21     
3         1.167867    1.290605    0.676000  0.944000        01:20     
4         0.996891    0.871197    0.868000  0.980000        01:21     
/home/yangyouucb/.fastai/data/imagenette-160
epoch     train_loss  valid_loss  accuracy  top_k_accuracy  time    
0         1.639935    3.208084    0.314000  0.736000        01:21     
1         1.453417    1.650971    0.538000  0.920000        01:22     
2         1.317980    1.534230    0.558000  0.920000        01:18     
3         1.133928    1.140764    0.740000  0.968000        01:18     
4         0.985430    0.869105    0.862000  0.990000        01:22     
/home/yangyouucb/.fastai/data/imagenette-160
epoch     train_loss  valid_loss  accuracy  top_k_accuracy  time    
0         1.646190    3.347619    0.350000  0.802000        01:17     
1         1.436739    2.110572    0.392000  0.794000        01:17     
2         1.331982    1.560983    0.570000  0.946000        01:19     
3         1.145891    1.017168    0.804000  0.968000        01:20     
4         0.970112    0.870126    0.866000  0.986000        01:20     
/home/yangyouucb/.fastai/data/imagenette-160
epoch     train_loss  valid_loss  accuracy  top_k_accuracy  time    
0         1.675535    2.029167    0.456000  0.864000        01:18     
1         1.452919    2.415776    0.372000  0.816000        01:23     
2         1.317006    1.606247    0.522000  0.896000        01:21     
3         1.162920    1.083446    0.760000  0.968000        01:24     
4         0.989551    0.861741    0.864000  0.982000        01:21     
/home/yangyouucb/.fastai/data/imagenette-160
epoch     train_loss  valid_loss  accuracy  top_k_accuracy  time    
0         1.647154    3.251971    0.272000  0.728000        01:17     
1         1.438000    1.984651    0.400000  0.908000        01:17     
2         1.307199    1.611687    0.558000  0.944000        01:22     
3         1.153949    1.014536    0.792000  0.980000        01:22     
4         0.976063    0.877832    0.862000  0.984000        01:21     
/home/yangyouucb/.fastai/data/imagenette-160
epoch     train_loss  valid_loss  accuracy  top_k_accuracy  time    
0         1.688184    2.257113    0.372000  0.826000        01:19     
1         1.470096    2.125704    0.428000  0.912000        01:21     
2         1.330832    1.635222    0.532000  0.924000        01:21     
3         1.172395    1.170142    0.740000  0.954000        01:18     
4         1.005876    0.888847    0.852000  0.978000        01:24     
/home/yangyouucb/.fastai/data/imagenette-160
epoch     train_loss  valid_loss  accuracy  top_k_accuracy  time    
0         1.678777    1.838479    0.412000  0.914000        01:20     
1         1.477358    2.566665    0.350000  0.836000        01:16     
2         1.332950    1.524419    0.584000  0.918000        01:22     
3         1.160482    1.058861    0.778000  0.976000        01:23     
4         0.975952    0.876946    0.846000  0.980000        01:21     
/home/yangyouucb/.fastai/data/imagenette-160
epoch     train_loss  valid_loss  accuracy  top_k_accuracy  time    
0         1.628886    2.795891    0.344000  0.744000        01:20     
1         1.441886    1.721391    0.506000  0.872000        01:19     
2         1.308555    1.310128    0.678000  0.956000        01:19     
3         1.139518    1.049898    0.792000  0.972000        01:19     
4         0.976417    0.871418    0.850000  0.988000        01:21     
/home/yangyouucb/.fastai/data/imagenette-160
epoch     train_loss  valid_loss  accuracy  top_k_accuracy  time    
0         1.638966    5.044981    0.200000  0.710000        01:19     
1         1.449800    1.605969    0.548000  0.932000        01:20     
2         1.335162    1.603375    0.594000  0.942000        01:22     
3         1.154472    1.093802    0.774000  0.978000        01:21     
4         0.998027    0.863274    0.868000  0.988000        01:20     
/home/yangyouucb/.fastai/data/imagenette-160
epoch     train_loss  valid_loss  accuracy  top_k_accuracy  time    
0         1.668258    1.749488    0.470000  0.910000        01:20     
1         1.464971    2.052830    0.394000  0.870000        01:21     
2         1.320197    1.680199    0.554000  0.948000        01:22     
3         1.124935    1.110583    0.754000  0.962000        01:22     
4         0.966971    0.867757    0.864000  0.986000        01:20     
/home/yangyouucb/.fastai/data/imagenette-160
epoch     train_loss  valid_loss  accuracy  top_k_accuracy  time    
0         1.646781    2.078217    0.400000  0.846000        01:20     
1         1.448599    1.448753    0.618000  0.914000        01:21     
2         1.327264    2.408456    0.356000  0.894000        01:19     
3         1.152145    1.128796    0.748000  0.968000        01:20     
4         0.977714    0.888243    0.842000  0.984000        01:23     
/home/yangyouucb/.fastai/data/imagenette-160
epoch     train_loss  valid_loss  accuracy  top_k_accuracy  time    
0         1.643312    2.525290    0.416000  0.812000        01:20     
1         1.447794    2.125944    0.426000  0.828000        01:17     
2         1.342782    1.387474    0.612000  0.956000        01:19     
3         1.166204    1.179732    0.712000  0.952000        01:23     
4         0.996448    0.884600    0.852000  0.984000        01:21     
/home/yangyouucb/.fastai/data/imagenette-160
epoch     train_loss  valid_loss  accuracy  top_k_accuracy  time    
0         1.655466    2.502398    0.382000  0.876000        01:19     
1         1.449641    1.582985    0.556000  0.940000        01:19     
2         1.336246    1.465633    0.600000  0.948000        01:24     
3         1.141109    1.038633    0.798000  0.972000        01:21     
4         0.985163    0.870859    0.856000  0.982000        01:22     
/home/yangyouucb/.fastai/data/imagenette-160
epoch     train_loss  valid_loss  accuracy  top_k_accuracy  time    
0         1.649965    2.727554    0.364000  0.796000        01:21     
1         1.464684    2.018830    0.440000  0.926000        01:21     
2         1.332619    1.540508    0.592000  0.934000        01:22     
3         1.158891    1.094159    0.772000  0.966000        01:21     
4         0.997385    0.878770    0.848000  0.982000        01:23     
/home/yangyouucb/.fastai/data/imagenette-160
epoch     train_loss  valid_loss  accuracy  top_k_accuracy  time    
0         1.635992    2.636831    0.350000  0.716000        01:18     
1         1.470781    1.600046    0.552000  0.886000        01:18     
2         1.319151    1.346909    0.668000  0.956000        01:22     
3         1.154174    1.260148    0.666000  0.968000        01:19     
4         0.993342    0.892196    0.838000  0.986000        01:21     
/home/yangyouucb/.fastai/data/imagenette-160
epoch     train_loss  valid_loss  accuracy  top_k_accuracy  time    
0         1.695952    2.974684    0.328000  0.820000        01:20     
1         1.456451    1.599364    0.526000  0.942000        01:16     
2         1.330160    1.324853    0.652000  0.960000        01:22     
3         1.148300    1.049805    0.784000  0.974000        01:21     
4         0.979832    0.854391    0.856000  0.982000        01:14     
[0.846 0.852 0.85  0.882 0.868 0.862 0.866 0.864 0.862 0.852 0.846 0.85  0.868 0.864 0.842 0.852 0.856 0.848 0.838
 0.856]
mean = 0.8562000393867493, std = 0.010409609414637089, ci-95 = (0.8512015939607773, 0.8611984132871475)
