/home/yangyouucb/.fastai/data/imagenette-160
epoch     train_loss  valid_loss  accuracy  top_k_accuracy  time    
0         1.692497    3.724378    0.238000  0.694000        01:14     
1         1.469816    4.359836    0.246000  0.784000        01:20     
2         1.321995    1.416287    0.636000  0.952000        01:17     
3         1.160764    1.026190    0.794000  0.976000        01:18     
4         0.992183    0.870543    0.862000  0.986000        01:19     
/home/yangyouucb/.fastai/data/imagenette-160
epoch     train_loss  valid_loss  accuracy  top_k_accuracy  time    
0         1.641827    1.790465    0.506000  0.878000        01:19     
1         1.446355    2.111517    0.398000  0.834000        01:20     
2         1.323004    2.203426    0.476000  0.850000        01:22     
3         1.160207    1.156912    0.732000  0.974000        01:18     
4         0.985858    0.869487    0.862000  0.986000        01:19     
/home/yangyouucb/.fastai/data/imagenette-160
epoch     train_loss  valid_loss  accuracy  top_k_accuracy  time    
0         1.676022    2.394071    0.372000  0.812000        01:19     
1         1.468350    1.366112    0.632000  0.948000        01:21     
2         1.325241    1.535106    0.578000  0.934000        01:19     
3         1.148738    0.975808    0.820000  0.984000        01:21     
4         1.004241    0.863052    0.858000  0.988000        01:16     
/home/yangyouucb/.fastai/data/imagenette-160
epoch     train_loss  valid_loss  accuracy  top_k_accuracy  time    
0         1.632452    2.616440    0.390000  0.790000        01:20     
1         1.434269    1.576978    0.566000  0.954000        01:19     
2         1.326876    1.646752    0.544000  0.920000        01:18     
3         1.148924    0.962528    0.814000  0.980000        01:21     
4         0.988497    0.868658    0.858000  0.984000        01:21     
/home/yangyouucb/.fastai/data/imagenette-160
epoch     train_loss  valid_loss  accuracy  top_k_accuracy  time    
0         1.666744    2.627639    0.394000  0.834000        01:19     
1         1.448615    1.545647    0.572000  0.936000        01:19     
2         1.322162    1.747348    0.484000  0.886000        01:21     
3         1.137169    1.111422    0.742000  0.974000        01:21     
4         0.989836    0.865611    0.854000  0.986000        01:20     
/home/yangyouucb/.fastai/data/imagenette-160
epoch     train_loss  valid_loss  accuracy  top_k_accuracy  time    
0         1.666736    3.345632    0.316000  0.744000        01:15     
1         1.438378    1.686307    0.550000  0.902000        01:20     
2         1.318427    1.551790    0.562000  0.930000        01:17     
3         1.147749    1.088996    0.790000  0.974000        01:20     
4         0.982468    0.884177    0.858000  0.986000        01:20     
/home/yangyouucb/.fastai/data/imagenette-160
epoch     train_loss  valid_loss  accuracy  top_k_accuracy  time    
0         1.663451    3.484850    0.378000  0.792000        01:19     
1         1.463659    2.056353    0.480000  0.888000        01:21     
2         1.312810    1.410855    0.628000  0.930000        01:24     
3         1.147007    1.063547    0.770000  0.974000        01:21     
4         0.989646    0.866018    0.850000  0.992000        01:13     
/home/yangyouucb/.fastai/data/imagenette-160
epoch     train_loss  valid_loss  accuracy  top_k_accuracy  time    
0         1.652635    2.251985    0.432000  0.802000        01:19     
1         1.453892    2.096394    0.464000  0.916000        01:19     
2         1.321813    1.958171    0.440000  0.874000        01:17     
3         1.150691    1.132898    0.748000  0.968000        01:18     
4         0.989480    0.882995    0.856000  0.984000        01:21     
/home/yangyouucb/.fastai/data/imagenette-160
epoch     train_loss  valid_loss  accuracy  top_k_accuracy  time    
0         1.670961    1.965486    0.484000  0.890000        01:22     
1         1.465298    1.687893    0.540000  0.894000        01:18     
2         1.337063    1.425001    0.628000  0.928000        01:19     
3         1.154522    1.090953    0.732000  0.980000        01:21     
4         0.998285    0.885024    0.850000  0.986000        01:18     
/home/yangyouucb/.fastai/data/imagenette-160
epoch     train_loss  valid_loss  accuracy  top_k_accuracy  time    
0         1.683341    2.270361    0.424000  0.894000        01:18     
1         1.464453    1.487390    0.586000  0.942000        01:19     
2         1.325634    1.464173    0.594000  0.940000        01:20     
3         1.146626    0.985037    0.824000  0.974000        01:20     
4         0.977762    0.871089    0.868000  0.990000        01:23     
/home/yangyouucb/.fastai/data/imagenette-160
epoch     train_loss  valid_loss  accuracy  top_k_accuracy  time    
0         1.664173    2.049071    0.390000  0.868000        01:19     
1         1.426758    2.241722    0.400000  0.818000        01:19     
2         1.326748    1.545151    0.552000  0.928000        01:21     
3         1.132438    1.043894    0.770000  0.978000        01:19     
4         0.987242    0.866065    0.868000  0.990000        01:20     
/home/yangyouucb/.fastai/data/imagenette-160
epoch     train_loss  valid_loss  accuracy  top_k_accuracy  time    
0         1.664745    1.991705    0.488000  0.862000        01:18     
1         1.438653    1.646964    0.534000  0.920000        01:20     
2         1.346488    1.372226    0.638000  0.946000        01:20     
3         1.139003    1.050151    0.778000  0.972000        01:20     
4         0.998354    0.880953    0.854000  0.980000        01:18     
/home/yangyouucb/.fastai/data/imagenette-160
epoch     train_loss  valid_loss  accuracy  top_k_accuracy  time    
0         1.671832    2.010462    0.482000  0.832000        01:19     
1         1.459883    1.773877    0.540000  0.894000        01:18     
2         1.324223    1.499994    0.570000  0.914000        01:17     
3         1.146925    0.969709    0.818000  0.984000        01:25     
4         0.989406    0.864997    0.862000  0.980000        01:19     
/home/yangyouucb/.fastai/data/imagenette-160
epoch     train_loss  valid_loss  accuracy  top_k_accuracy  time    
0         1.659629    3.757119    0.382000  0.874000        01:18     
1         1.448256    1.793537    0.490000  0.900000        01:17     
2         1.340569    1.609193    0.530000  0.906000        01:18     
3         1.136507    1.008387    0.802000  0.964000        01:19     
4         0.982101    0.879898    0.848000  0.986000        01:25     
/home/yangyouucb/.fastai/data/imagenette-160
epoch     train_loss  valid_loss  accuracy  top_k_accuracy  time    
0         1.649381    7.213984    0.174000  0.746000        01:16     
1         1.435241    1.677290    0.564000  0.884000        01:17     
2         1.310299    1.510716    0.574000  0.916000        01:19     
3         1.151147    1.189181    0.714000  0.974000        01:21     
4         0.991830    0.856091    0.876000  0.986000        01:17     
/home/yangyouucb/.fastai/data/imagenette-160
epoch     train_loss  valid_loss  accuracy  top_k_accuracy  time    
0         1.659408    3.174753    0.270000  0.836000        01:19     
1         1.475167    1.621772    0.540000  0.886000        01:19     
2         1.318688    1.793237    0.556000  0.910000        01:22     
3         1.163084    1.019592    0.804000  0.978000        01:18     
4         0.990180    0.877909    0.854000  0.990000        01:17     
/home/yangyouucb/.fastai/data/imagenette-160
epoch     train_loss  valid_loss  accuracy  top_k_accuracy  time    
0         1.670093    3.250024    0.342000  0.776000        01:17     
1         1.470420    1.994903    0.372000  0.810000        01:20     
2         1.343066    1.335308    0.664000  0.946000        01:21     
3         1.156938    1.057194    0.776000  0.976000        01:19     
4         0.989946    0.877440    0.858000  0.986000        01:19     
/home/yangyouucb/.fastai/data/imagenette-160
epoch     train_loss  valid_loss  accuracy  top_k_accuracy  time    
0         1.668008    2.250592    0.372000  0.812000        01:19     
1         1.429283    3.358007    0.284000  0.812000        01:19     
2         1.329044    1.546632    0.604000  0.942000        01:19     
3         1.146345    1.048715    0.780000  0.984000        01:19     
4         0.991022    0.876986    0.856000  0.988000        01:18     
/home/yangyouucb/.fastai/data/imagenette-160
epoch     train_loss  valid_loss  accuracy  top_k_accuracy  time    
0         1.657472    2.329381    0.402000  0.818000        01:20     
1         1.431622    2.191486    0.446000  0.912000        01:20     
2         1.327299    1.620029    0.576000  0.880000        01:18     
3         1.148284    1.137472    0.730000  0.974000        01:19     
4         0.986460    0.877985    0.840000  0.988000        01:22     
/home/yangyouucb/.fastai/data/imagenette-160
epoch     train_loss  valid_loss  accuracy  top_k_accuracy  time    
0         1.637640    1.936795    0.410000  0.856000        01:22     
1         1.452835    1.775706    0.550000  0.934000        01:21     
2         1.340704    2.052470    0.424000  0.876000        01:20     
3         1.146425    1.065332    0.764000  0.980000        01:20     
4         0.979544    0.881674    0.854000  0.982000        01:20     
[0.862 0.862 0.858 0.858 0.854 0.858 0.85  0.856 0.85  0.868 0.868 0.854 0.862 0.848 0.876 0.854 0.858 0.856 0.84
 0.854]
mean = 0.8572999238967896, std = 0.0077012949623167515, ci-95 = (0.8536020351393685, 0.8609979378239647)
