/home/yangyouucb/.fastai/data/imagenette-160
epoch     train_loss  valid_loss  accuracy  top_k_accuracy  time    
0         1.652806    1.799264    0.488000  0.870000        01:23     
1         1.444658    1.438566    0.596000  0.964000        01:18     
2         1.289155    1.420274    0.622000  0.954000        01:20     
3         1.149967    1.032843    0.778000  0.976000        01:19     
4         0.977529    0.850474    0.858000  0.988000        01:18     
/home/yangyouucb/.fastai/data/imagenette-160
epoch     train_loss  valid_loss  accuracy  top_k_accuracy  time    
0         1.636538    2.134905    0.454000  0.828000        01:16     
1         1.454172    1.660289    0.554000  0.920000        01:19     
2         1.335245    1.363566    0.646000  0.958000        01:21     
3         1.144929    1.169378    0.730000  0.960000        01:20     
4         0.979367    0.888026    0.846000  0.984000        01:18     
/home/yangyouucb/.fastai/data/imagenette-160
epoch     train_loss  valid_loss  accuracy  top_k_accuracy  time    
0         1.690475    2.443373    0.354000  0.812000        01:19     
1         1.463183    1.867778    0.478000  0.904000        01:19     
2         1.344954    1.345436    0.642000  0.960000        01:18     
3         1.140692    1.096214    0.774000  0.974000        01:18     
4         0.987647    0.880492    0.864000  0.990000        01:21     
/home/yangyouucb/.fastai/data/imagenette-160
epoch     train_loss  valid_loss  accuracy  top_k_accuracy  time    
0         1.646728    2.924987    0.336000  0.798000        01:21     
1         1.442989    1.855662    0.488000  0.860000        01:18     
2         1.332049    1.701957    0.532000  0.904000        01:18     
3         1.151511    0.969119    0.822000  0.976000        01:19     
4         0.989037    0.870158    0.846000  0.986000        01:21     
/home/yangyouucb/.fastai/data/imagenette-160
epoch     train_loss  valid_loss  accuracy  top_k_accuracy  time    
0         1.674465    1.804558    0.452000  0.892000        01:21     
1         1.456890    1.571045    0.572000  0.910000        01:18     
2         1.312631    1.670733    0.554000  0.902000        01:21     
3         1.151074    0.972670    0.818000  0.978000        01:18     
4         0.993757    0.884455    0.858000  0.984000        01:20     
/home/yangyouucb/.fastai/data/imagenette-160
epoch     train_loss  valid_loss  accuracy  top_k_accuracy  time    
0         1.650510    1.955054    0.492000  0.900000        01:20     
1         1.441337    2.240473    0.426000  0.842000        01:20     
2         1.311245    1.259525    0.692000  0.964000        01:19     
3         1.141893    1.069841    0.800000  0.964000        01:23     
4         0.961985    0.872381    0.860000  0.982000        01:20     
/home/yangyouucb/.fastai/data/imagenette-160
epoch     train_loss  valid_loss  accuracy  top_k_accuracy  time    
0         1.664434    2.295453    0.398000  0.836000        01:20     
1         1.466126    1.545506    0.536000  0.920000        01:20     
2         1.318063    1.954788    0.434000  0.898000        01:20     
3         1.167315    1.039985    0.798000  0.978000        01:21     
4         1.000410    0.890004    0.840000  0.986000        01:17     
/home/yangyouucb/.fastai/data/imagenette-160
epoch     train_loss  valid_loss  accuracy  top_k_accuracy  time    
0         1.676980    3.342009    0.276000  0.836000        01:20     
1         1.455594    2.059261    0.442000  0.804000        01:20     
2         1.315884    1.367566    0.632000  0.954000        01:22     
3         1.145491    1.033518    0.794000  0.976000        01:20     
4         0.995852    0.873172    0.850000  0.986000        01:19     
/home/yangyouucb/.fastai/data/imagenette-160
epoch     train_loss  valid_loss  accuracy  top_k_accuracy  time    
0         1.657786    3.512306    0.266000  0.732000        01:21     
1         1.471925    1.965506    0.478000  0.858000        01:21     
2         1.314407    1.695228    0.534000  0.934000        01:19     
3         1.136179    0.957434    0.824000  0.976000        01:22     
4         0.983479    0.868871    0.868000  0.992000        01:22     
/home/yangyouucb/.fastai/data/imagenette-160
epoch     train_loss  valid_loss  accuracy  top_k_accuracy  time    
0         1.694903    3.771051    0.284000  0.760000        01:16     
1         1.475806    1.781132    0.516000  0.890000        01:25     
2         1.325396    2.126432    0.392000  0.850000        01:21     
3         1.171392    1.068044    0.762000  0.976000        01:18     
4         1.002223    0.875427    0.852000  0.988000        01:18     
/home/yangyouucb/.fastai/data/imagenette-160
epoch     train_loss  valid_loss  accuracy  top_k_accuracy  time    
0         1.661738    2.432045    0.470000  0.870000        01:19     
1         1.469028    1.802019    0.516000  0.870000        01:20     
2         1.307186    1.614900    0.530000  0.910000        01:21     
3         1.159261    1.015584    0.810000  0.980000        01:24     
4         0.986693    0.867663    0.864000  0.982000        01:23     
/home/yangyouucb/.fastai/data/imagenette-160
epoch     train_loss  valid_loss  accuracy  top_k_accuracy  time    
0         1.632702    1.897665    0.462000  0.898000        01:18     
1         1.468237    1.725584    0.536000  0.914000        01:24     
2         1.337090    1.469560    0.604000  0.944000        01:21     
3         1.158310    1.107147    0.746000  0.966000        01:20     
4         0.984385    0.891236    0.850000  0.982000        01:21     
/home/yangyouucb/.fastai/data/imagenette-160
epoch     train_loss  valid_loss  accuracy  top_k_accuracy  time    
0         1.636414    2.813844    0.350000  0.796000        01:23     
1         1.440334    2.125059    0.396000  0.878000        01:21     
2         1.299794    1.280804    0.672000  0.952000        01:19     
3         1.148327    1.181528    0.712000  0.970000        01:17     
4         0.975821    0.855919    0.866000  0.988000        01:23     
/home/yangyouucb/.fastai/data/imagenette-160
epoch     train_loss  valid_loss  accuracy  top_k_accuracy  time    
0         1.658279    3.239766    0.320000  0.778000        01:20     
1         1.461842    2.770055    0.356000  0.740000        01:18     
2         1.317123    1.374445    0.620000  0.952000        01:20     
3         1.141491    1.013537    0.800000  0.966000        01:21     
4         0.986711    0.883554    0.842000  0.986000        01:20     
/home/yangyouucb/.fastai/data/imagenette-160
epoch     train_loss  valid_loss  accuracy  top_k_accuracy  time    
0         1.628602    2.248272    0.424000  0.852000        01:22     
1         1.414053    1.510038    0.622000  0.934000        01:21     
2         1.331116    1.616729    0.532000  0.872000        01:17     
3         1.132607    0.986755    0.816000  0.976000        01:22     
4         0.990427    0.870280    0.852000  0.984000        01:20     
/home/yangyouucb/.fastai/data/imagenette-160
epoch     train_loss  valid_loss  accuracy  top_k_accuracy  time    
0         1.668764    2.685834    0.336000  0.766000        01:22     
1         1.459421    2.087200    0.400000  0.858000        01:21     
2         1.331234    1.947356    0.494000  0.894000        01:21     
3         1.159208    1.226429    0.694000  0.966000        01:21     
4         0.983587    0.890055    0.848000  0.984000        01:20     
/home/yangyouucb/.fastai/data/imagenette-160
epoch     train_loss  valid_loss  accuracy  top_k_accuracy  time    
0         1.669802    2.178079    0.404000  0.874000        01:19     
1         1.481068    1.504665    0.566000  0.926000        01:21     
2         1.346907    1.388015    0.632000  0.954000        01:20     
3         1.153388    1.004091    0.808000  0.978000        01:20     
4         0.987730    0.861863    0.866000  0.986000        01:20     
/home/yangyouucb/.fastai/data/imagenette-160
epoch     train_loss  valid_loss  accuracy  top_k_accuracy  time    
0         1.643863    1.721993    0.528000  0.922000        01:19     
1         1.458317    1.701367    0.554000  0.910000        01:21     
2         1.316252    1.671068    0.498000  0.878000        01:22     
3         1.148235    1.014763    0.788000  0.976000        01:21     
4         0.976556    0.860950    0.852000  0.982000        01:20     
/home/yangyouucb/.fastai/data/imagenette-160
epoch     train_loss  valid_loss  accuracy  top_k_accuracy  time    
0         1.666601    3.391158    0.340000  0.740000        01:20     
1         1.471393    1.717574    0.488000  0.890000        01:20     
2         1.310755    1.964986    0.468000  0.888000        01:18     
3         1.137621    1.016711    0.798000  0.978000        01:21     
4         0.987482    0.862343    0.872000  0.980000        01:21     
/home/yangyouucb/.fastai/data/imagenette-160
epoch     train_loss  valid_loss  accuracy  top_k_accuracy  time    
0         1.637791    2.822184    0.378000  0.860000        01:17     
1         1.451665    1.904874    0.520000  0.876000        01:17     
2         1.307171    1.615108    0.562000  0.904000        01:20     
3         1.157448    1.067543    0.784000  0.970000        01:19     
4         0.994462    0.870798    0.848000  0.984000        01:08     
[0.858 0.846 0.864 0.846 0.858 0.86  0.84  0.85  0.868 0.852 0.864 0.85  0.866 0.842 0.852 0.848 0.866 0.852 0.872
 0.848]
mean = 0.8550999760627747, std = 0.009043780155479908, ci-95 = (0.8507574243294902, 0.859442575479775)
