/home/yangyouucb/.fastai/data/imagenette-160
epoch     train_loss  valid_loss  accuracy  top_k_accuracy  time    
0         1.637461    3.185819    0.306000  0.778000        01:24     
1         1.455732    1.765254    0.490000  0.944000        01:18     
2         1.338147    1.847391    0.482000  0.860000        01:21     
3         1.159692    1.129115    0.740000  0.976000        01:19     
4         1.000672    0.874426    0.864000  0.988000        01:21     
/home/yangyouucb/.fastai/data/imagenette-160
epoch     train_loss  valid_loss  accuracy  top_k_accuracy  time    
0         1.629941    2.892737    0.344000  0.808000        01:18     
1         1.425135    2.094428    0.424000  0.764000        01:18     
2         1.300138    1.355166    0.644000  0.938000        01:16     
3         1.155324    1.062845    0.782000  0.968000        01:17     
4         0.971804    0.867261    0.872000  0.984000        01:17     
/home/yangyouucb/.fastai/data/imagenette-160
epoch     train_loss  valid_loss  accuracy  top_k_accuracy  time    
0         1.693553    3.145934    0.300000  0.694000        01:20     
1         1.438141    2.351079    0.428000  0.818000        01:17     
2         1.320202    1.680659    0.508000  0.936000        01:20     
3         1.118017    1.087477    0.758000  0.970000        01:22     
4         0.964340    0.849806    0.868000  0.986000        01:21     
/home/yangyouucb/.fastai/data/imagenette-160
epoch     train_loss  valid_loss  accuracy  top_k_accuracy  time    
0         1.672564    3.460703    0.292000  0.768000        01:20     
1         1.445377    1.736486    0.504000  0.872000        01:21     
2         1.331530    1.578067    0.548000  0.952000        01:18     
3         1.153735    1.052272    0.766000  0.974000        01:23     
4         1.009181    0.882864    0.860000  0.982000        01:22     
/home/yangyouucb/.fastai/data/imagenette-160
epoch     train_loss  valid_loss  accuracy  top_k_accuracy  time    
0         1.647861    2.120184    0.434000  0.862000        01:20     
1         1.440594    1.874832    0.442000  0.888000        01:21     
2         1.333946    1.395666    0.634000  0.956000        01:20     
3         1.155305    1.074781    0.768000  0.972000        01:23     
4         0.980178    0.874939    0.858000  0.980000        01:19     
/home/yangyouucb/.fastai/data/imagenette-160
epoch     train_loss  valid_loss  accuracy  top_k_accuracy  time    
0         1.652783    6.190647    0.252000  0.666000        01:20     
1         1.433820    1.555892    0.558000  0.936000        01:20     
2         1.309835    1.499332    0.604000  0.924000        01:18     
3         1.139692    0.998223    0.772000  0.982000        01:19     
4         0.974907    0.867481    0.852000  0.986000        01:21     
/home/yangyouucb/.fastai/data/imagenette-160
epoch     train_loss  valid_loss  accuracy  top_k_accuracy  time    
0         1.662936    1.850355    0.492000  0.916000        01:22     
1         1.445904    1.536524    0.580000  0.930000        01:16     
2         1.332624    1.502050    0.584000  0.952000        01:22     
3         1.144900    1.203950    0.704000  0.958000        01:22     
4         1.003789    0.867808    0.852000  0.986000        01:18     
/home/yangyouucb/.fastai/data/imagenette-160
epoch     train_loss  valid_loss  accuracy  top_k_accuracy  time    
0         1.681260    2.184047    0.362000  0.824000        01:19     
1         1.466581    1.470953    0.616000  0.950000        01:19     
2         1.331811    1.603198    0.588000  0.938000        01:20     
3         1.146945    1.093143    0.768000  0.968000        01:19     
4         0.990433    0.877110    0.864000  0.982000        01:22     
/home/yangyouucb/.fastai/data/imagenette-160
epoch     train_loss  valid_loss  accuracy  top_k_accuracy  time    
0         1.674298    1.870059    0.444000  0.904000        01:21     
1         1.467241    1.674302    0.510000  0.880000        01:20     
2         1.328884    1.775299    0.544000  0.914000        01:20     
3         1.145721    1.041592    0.780000  0.976000        01:22     
4         0.989337    0.884923    0.854000  0.988000        01:22     
/home/yangyouucb/.fastai/data/imagenette-160
epoch     train_loss  valid_loss  accuracy  top_k_accuracy  time    
0         1.657478    3.081494    0.326000  0.788000        01:18     
1         1.428634    1.788712    0.518000  0.920000        01:18     
2         1.334146    1.281939    0.640000  0.964000        01:19     
3         1.167907    0.998767    0.810000  0.980000        01:20     
4         1.004743    0.884197    0.848000  0.986000        01:20     
/home/yangyouucb/.fastai/data/imagenette-160
epoch     train_loss  valid_loss  accuracy  top_k_accuracy  time    
0         1.619227    2.104787    0.450000  0.906000        01:19     
1         1.439039    1.498220    0.612000  0.940000        01:19     
2         1.347626    1.657315    0.496000  0.908000        01:17     
3         1.136393    1.216494    0.680000  0.962000        01:20     
4         1.000564    0.864430    0.870000  0.986000        01:20     
/home/yangyouucb/.fastai/data/imagenette-160
epoch     train_loss  valid_loss  accuracy  top_k_accuracy  time    
0         1.644974    2.670530    0.334000  0.824000        01:21     
1         1.447934    3.694463    0.296000  0.826000        01:21     
2         1.319055    1.569256    0.584000  0.884000        01:20     
3         1.156979    1.017555    0.780000  0.982000        01:22     
4         0.976523    0.861516    0.862000  0.984000        01:18     
/home/yangyouucb/.fastai/data/imagenette-160
epoch     train_loss  valid_loss  accuracy  top_k_accuracy  time    
0         1.648665    2.022856    0.458000  0.830000        01:21     
1         1.445707    2.084361    0.414000  0.856000        01:23     
2         1.325791    1.619169    0.536000  0.924000        01:19     
3         1.147277    1.048905    0.776000  0.976000        01:23     
4         0.983037    0.852749    0.862000  0.982000        01:22     
/home/yangyouucb/.fastai/data/imagenette-160
epoch     train_loss  valid_loss  accuracy  top_k_accuracy  time    
0         1.630378    2.604118    0.388000  0.844000        01:18     
1         1.442189    1.812027    0.512000  0.930000        01:18     
2         1.340166    1.483115    0.568000  0.936000        01:19     
3         1.147620    1.125876    0.720000  0.964000        01:19     
4         0.989267    0.875215    0.852000  0.990000        01:19     
/home/yangyouucb/.fastai/data/imagenette-160
epoch     train_loss  valid_loss  accuracy  top_k_accuracy  time    
0         1.656139    3.745477    0.284000  0.804000        01:19     
1         1.449258    1.618461    0.550000  0.906000        01:19     
2         1.313803    1.318838    0.664000  0.944000        01:19     
3         1.144577    1.121090    0.734000  0.972000        01:20     
4         0.976073    0.880290    0.854000  0.984000        01:21     
/home/yangyouucb/.fastai/data/imagenette-160
epoch     train_loss  valid_loss  accuracy  top_k_accuracy  time    
0         1.666316    3.188499    0.326000  0.856000        01:21     
1         1.448369    1.725470    0.534000  0.846000        01:21     
2         1.324668    1.636639    0.534000  0.898000        01:21     
3         1.137729    1.029254    0.784000  0.972000        01:20     
4         0.987630    0.874777    0.858000  0.984000        01:21     
/home/yangyouucb/.fastai/data/imagenette-160
epoch     train_loss  valid_loss  accuracy  top_k_accuracy  time    
0         1.680777    2.237971    0.430000  0.902000        01:19     
1         1.446077    1.535754    0.612000  0.934000        01:21     
2         1.333910    1.400146    0.632000  0.944000        01:21     
3         1.162860    1.159773    0.716000  0.974000        01:20     
4         0.992363    0.888731    0.842000  0.982000        01:23     
/home/yangyouucb/.fastai/data/imagenette-160
epoch     train_loss  valid_loss  accuracy  top_k_accuracy  time    
0         1.667198    2.081733    0.414000  0.898000        01:19     
1         1.460652    1.767216    0.490000  0.858000        01:19     
2         1.332869    1.520881    0.604000  0.922000        01:22     
3         1.153826    1.049786    0.782000  0.962000        01:20     
4         0.978500    0.869075    0.876000  0.990000        01:18     
/home/yangyouucb/.fastai/data/imagenette-160
epoch     train_loss  valid_loss  accuracy  top_k_accuracy  time    
0         1.670463    2.459484    0.398000  0.804000        01:21     
1         1.448738    1.551370    0.578000  0.908000        01:22     
2         1.348091    1.739064    0.522000  0.936000        01:21     
3         1.157540    1.011274    0.804000  0.980000        01:19     
4         1.006062    0.873356    0.854000  0.986000        01:21     
/home/yangyouucb/.fastai/data/imagenette-160
epoch     train_loss  valid_loss  accuracy  top_k_accuracy  time    
0         1.638221    1.742277    0.512000  0.900000        01:22     
1         1.434718    1.476251    0.624000  0.910000        01:21     
2         1.333170    1.220555    0.716000  0.972000        01:20     
3         1.148363    1.070220    0.770000  0.976000        01:19     
4         0.987150    0.855390    0.866000  0.988000        01:03     
[0.864 0.872 0.868 0.86  0.858 0.852 0.852 0.864 0.854 0.848 0.87  0.862 0.862 0.852 0.854 0.858 0.842 0.876 0.854
 0.866]
mean = 0.8593999743461609, std = 0.00839285459369421, ci-95 = (0.8553699732705164, 0.8634300111845923)
