/home/yangyouucb/.fastai/data/imagenette-160
epoch     train_loss  valid_loss  accuracy  top_k_accuracy  time    
0         1.678421    2.892126    0.350000  0.852000        01:23     
1         1.454208    1.659997    0.556000  0.940000        01:15     
2         1.317184    1.268044    0.686000  0.950000        01:20     
3         1.163275    1.108559    0.752000  0.970000        01:18     
4         0.987985    0.854156    0.854000  0.990000        01:18     
/home/yangyouucb/.fastai/data/imagenette-160
epoch     train_loss  valid_loss  accuracy  top_k_accuracy  time    
0         1.670274    3.638303    0.278000  0.682000        01:23     
1         1.467166    1.947118    0.432000  0.894000        01:19     
2         1.344843    1.813083    0.508000  0.918000        01:16     
3         1.165758    1.027005    0.780000  0.974000        01:18     
4         0.979061    0.865451    0.846000  0.988000        01:20     
/home/yangyouucb/.fastai/data/imagenette-160
epoch     train_loss  valid_loss  accuracy  top_k_accuracy  time    
0         1.698356    2.018587    0.406000  0.834000        01:18     
1         1.430654    1.749775    0.476000  0.910000        01:18     
2         1.317469    1.250802    0.696000  0.958000        01:16     
3         1.149625    1.026041    0.794000  0.962000        01:18     
4         0.983823    0.872134    0.862000  0.984000        01:21     
/home/yangyouucb/.fastai/data/imagenette-160
epoch     train_loss  valid_loss  accuracy  top_k_accuracy  time    
0         1.679150    2.274807    0.474000  0.842000        01:17     
1         1.477553    1.861978    0.448000  0.864000        01:21     
2         1.338256    1.335250    0.668000  0.952000        01:21     
3         1.167308    0.980865    0.818000  0.986000        01:21     
4         0.998088    0.889120    0.856000  0.986000        01:18     
/home/yangyouucb/.fastai/data/imagenette-160
epoch     train_loss  valid_loss  accuracy  top_k_accuracy  time    
0         1.725134    2.450920    0.442000  0.802000        01:17     
1         1.482293    1.615333    0.548000  0.906000        01:19     
2         1.315695    1.439238    0.588000  0.926000        01:21     
3         1.145478    1.118245    0.742000  0.974000        01:21     
4         0.981293    0.874699    0.842000  0.984000        01:20     
/home/yangyouucb/.fastai/data/imagenette-160
epoch     train_loss  valid_loss  accuracy  top_k_accuracy  time    
0         1.675020    1.992780    0.444000  0.882000        01:18     
1         1.450757    1.722376    0.504000  0.910000        01:21     
2         1.350570    1.639903    0.550000  0.892000        01:20     
3         1.163860    1.041142    0.786000  0.978000        01:21     
4         0.988118    0.866272    0.856000  0.992000        01:21     
/home/yangyouucb/.fastai/data/imagenette-160
epoch     train_loss  valid_loss  accuracy  top_k_accuracy  time    
0         1.645761    2.628687    0.370000  0.838000        01:18     
1         1.446126    2.683317    0.372000  0.796000        01:19     
2         1.345979    1.244041    0.700000  0.960000        01:23     
3         1.137677    1.031803    0.782000  0.978000        01:23     
Traceback (most recent call last):
  File "/opt/anaconda3/lib/python3.7/multiprocessing/queues.py", line 242, in _feed
    send_bytes(obj)
  File "/opt/anaconda3/lib/python3.7/multiprocessing/connection.py", line 200, in send_bytes
    self._send_bytes(m[offset:offset + size])
  File "/opt/anaconda3/lib/python3.7/multiprocessing/connection.py", line 404, in _send_bytes
    self._send(header + buf)
  File "/opt/anaconda3/lib/python3.7/multiprocessing/connection.py", line 368, in _send
    n = write(self._handle, buf)
BrokenPipeError: [Errno 32] Broken pipe
4         0.992645    0.861825    0.870000  0.980000        01:19     
/home/yangyouucb/.fastai/data/imagenette-160
epoch     train_loss  valid_loss  accuracy  top_k_accuracy  time    
0         1.657339    3.109906    0.356000  0.760000        01:19     
1         1.432656    2.410774    0.460000  0.808000        01:20     
2         1.324708    1.527246    0.598000  0.958000        01:20     
3         1.126131    1.102250    0.760000  0.968000        01:21     
4         0.979403    0.875215    0.858000  0.982000        01:17     
/home/yangyouucb/.fastai/data/imagenette-160
epoch     train_loss  valid_loss  accuracy  top_k_accuracy  time    
0         1.642418    2.367115    0.370000  0.808000        01:18     
1         1.447473    2.477475    0.408000  0.868000        01:21     
2         1.316470    1.592564    0.566000  0.944000        01:18     
3         1.133069    1.133893    0.746000  0.976000        01:19     
4         0.966796    0.869815    0.846000  0.988000        01:21     
/home/yangyouucb/.fastai/data/imagenette-160
epoch     train_loss  valid_loss  accuracy  top_k_accuracy  time    
0         1.654092    2.591924    0.252000  0.786000        01:17     
1         1.453293    2.473971    0.384000  0.850000        01:20     
2         1.318295    1.666413    0.532000  0.924000        01:19     
3         1.150667    1.048614    0.778000  0.972000        01:21     
4         0.980226    0.875005    0.848000  0.986000        01:20     
/home/yangyouucb/.fastai/data/imagenette-160
epoch     train_loss  valid_loss  accuracy  top_k_accuracy  time    
0         1.655311    1.996812    0.494000  0.920000        01:16     
1         1.457655    1.774894    0.488000  0.906000        01:21     
2         1.324254    1.394667    0.632000  0.952000        01:15     
3         1.143778    1.094316    0.760000  0.978000        01:20     
4         0.977347    0.873462    0.848000  0.986000        01:21     
/home/yangyouucb/.fastai/data/imagenette-160
epoch     train_loss  valid_loss  accuracy  top_k_accuracy  time    
0         1.658378    2.416778    0.402000  0.806000        01:19     
1         1.439909    2.015296    0.402000  0.834000        01:21     
2         1.317560    1.673196    0.536000  0.926000        01:20     
3         1.146042    1.060370    0.758000  0.978000        01:16     
4         0.975204    0.853316    0.866000  0.982000        01:21     
/home/yangyouucb/.fastai/data/imagenette-160
epoch     train_loss  valid_loss  accuracy  top_k_accuracy  time    
0         1.697761    2.750755    0.310000  0.804000        01:19     
1         1.469199    1.746524    0.516000  0.926000        01:21     
2         1.325902    1.344006    0.652000  0.972000        01:19     
3         1.146696    1.033499    0.798000  0.974000        01:20     
4         0.980622    0.873950    0.862000  0.986000        01:18     
/home/yangyouucb/.fastai/data/imagenette-160
epoch     train_loss  valid_loss  accuracy  top_k_accuracy  time    
0         1.647690    1.978951    0.496000  0.900000        01:21     
1         1.435032    1.809731    0.494000  0.850000        01:19     
2         1.310705    1.639675    0.546000  0.930000        01:18     
3         1.136478    1.004386    0.800000  0.982000        01:18     
4         0.981732    0.860175    0.856000  0.992000        01:18     
/home/yangyouucb/.fastai/data/imagenette-160
epoch     train_loss  valid_loss  accuracy  top_k_accuracy  time    
0         1.650366    2.213830    0.440000  0.878000        01:21     
1         1.457865    1.363186    0.646000  0.946000        01:18     
2         1.329152    1.539073    0.562000  0.892000        01:20     
3         1.149370    1.208049    0.684000  0.974000        01:23     
4         0.983245    0.878953    0.862000  0.982000        01:20     
/home/yangyouucb/.fastai/data/imagenette-160
epoch     train_loss  valid_loss  accuracy  top_k_accuracy  time    
0         1.687257    1.934307    0.456000  0.820000        01:20     
1         1.486440    1.471681    0.624000  0.942000        01:23     
2         1.320002    1.879836    0.438000  0.904000        01:23     
3         1.134729    1.038497    0.790000  0.972000        01:21     
4         1.002171    0.886634    0.852000  0.982000        01:20     
/home/yangyouucb/.fastai/data/imagenette-160
epoch     train_loss  valid_loss  accuracy  top_k_accuracy  time    
0         1.660506    3.338259    0.346000  0.810000        01:18     
1         1.441031    1.524909    0.558000  0.930000        01:18     
2         1.318307    1.334664    0.650000  0.950000        01:22     
3         1.125788    1.025836    0.802000  0.976000        01:19     
4         0.980927    0.868970    0.854000  0.988000        01:19     
/home/yangyouucb/.fastai/data/imagenette-160
epoch     train_loss  valid_loss  accuracy  top_k_accuracy  time    
0         1.677557    1.883138    0.456000  0.906000        01:16     
1         1.472466    1.906030    0.388000  0.884000        01:19     
2         1.329116    1.756873    0.510000  0.902000        01:20     
3         1.166728    1.016896    0.812000  0.980000        01:20     
4         0.983062    0.884713    0.864000  0.986000        01:23     
/home/yangyouucb/.fastai/data/imagenette-160
epoch     train_loss  valid_loss  accuracy  top_k_accuracy  time    
0         1.671941    2.311035    0.386000  0.874000        01:14     
1         1.439063    1.897507    0.482000  0.938000        01:20     
2         1.313901    1.698051    0.542000  0.888000        01:21     
3         1.142576    1.023552    0.784000  0.980000        01:21     
4         0.995470    0.880006    0.856000  0.984000        01:23     
/home/yangyouucb/.fastai/data/imagenette-160
epoch     train_loss  valid_loss  accuracy  top_k_accuracy  time    
0         1.666744    2.146573    0.472000  0.806000        01:16     
1         1.434146    1.461716    0.590000  0.924000        01:21     
2         1.336913    1.711107    0.476000  0.898000        01:21     
3         1.142681    1.145969    0.750000  0.970000        01:20     
4         0.992114    0.856253    0.852000  0.986000        01:14     
[0.854 0.846 0.862 0.856 0.842 0.856 0.87  0.858 0.846 0.848 0.848 0.866 0.862 0.856 0.862 0.852 0.854 0.864 0.856
 0.852]
mean = 0.8555000424385071, std = 0.007179831154644489, ci-95 = (0.8520524389665564, 0.8589475565034906)
