/home/yangyouucb/.fastai/data/imagenette-160
epoch     train_loss  valid_loss  accuracy  top_k_accuracy  time    
0         1.652491    2.835922    0.266000  0.780000        01:22     
1         1.459816    1.586848    0.530000  0.916000        01:18     
2         1.339524    2.153581    0.390000  0.918000        01:17     
3         1.162035    1.034383    0.796000  0.970000        01:22     
4         0.996768    0.855615    0.864000  0.986000        01:18     
/home/yangyouucb/.fastai/data/imagenette-160
epoch     train_loss  valid_loss  accuracy  top_k_accuracy  time    
0         1.647244    2.107736    0.430000  0.820000        01:19     
1         1.452453    1.758145    0.466000  0.924000        01:21     
2         1.339775    1.466406    0.604000  0.956000        01:21     
3         1.166263    1.099355    0.756000  0.974000        01:20     
4         0.980316    0.869093    0.852000  0.988000        01:20     
/home/yangyouucb/.fastai/data/imagenette-160
epoch     train_loss  valid_loss  accuracy  top_k_accuracy  time    
0         1.670483    1.992786    0.428000  0.914000        01:20     
1         1.450041    1.857831    0.482000  0.892000        01:23     
2         1.338964    1.675608    0.530000  0.884000        01:20     
3         1.151120    1.209072    0.704000  0.962000        01:20     
4         0.998292    0.894856    0.854000  0.982000        01:21     
/home/yangyouucb/.fastai/data/imagenette-160
epoch     train_loss  valid_loss  accuracy  top_k_accuracy  time    
0         1.663443    2.030040    0.420000  0.826000        01:21     
1         1.466606    1.906357    0.474000  0.908000        01:21     
2         1.354980    1.754790    0.482000  0.918000        01:20     
3         1.159074    1.207352    0.716000  0.968000        01:18     
4         0.991568    0.884032    0.852000  0.990000        01:21     
/home/yangyouucb/.fastai/data/imagenette-160
epoch     train_loss  valid_loss  accuracy  top_k_accuracy  time    
0         1.662801    3.038857    0.332000  0.798000        01:22     
1         1.463499    1.865216    0.478000  0.838000        01:21     
2         1.334508    1.560854    0.582000  0.908000        01:19     
3         1.134088    1.116904    0.764000  0.978000        01:20     
4         0.970979    0.862169    0.852000  0.982000        01:20     
/home/yangyouucb/.fastai/data/imagenette-160
epoch     train_loss  valid_loss  accuracy  top_k_accuracy  time    
0         1.666801    2.646840    0.330000  0.892000        01:21     
1         1.454628    1.348378    0.658000  0.970000        01:21     
2         1.325117    1.327071    0.666000  0.952000        01:21     
3         1.146981    1.179557    0.714000  0.970000        01:22     
4         0.967469    0.872956    0.848000  0.988000        01:22     
/home/yangyouucb/.fastai/data/imagenette-160
epoch     train_loss  valid_loss  accuracy  top_k_accuracy  time    
0         1.650571    4.724568    0.252000  0.654000        01:19     
1         1.460612    2.600574    0.348000  0.824000        01:23     
2         1.347301    1.559898    0.592000  0.920000        01:20     
3         1.158069    1.174954    0.718000  0.952000        01:24     
4         0.975133    0.868544    0.866000  0.988000        01:22     
/home/yangyouucb/.fastai/data/imagenette-160
epoch     train_loss  valid_loss  accuracy  top_k_accuracy  time    
0         1.632171    3.643202    0.326000  0.800000        01:20     
1         1.448629    1.611083    0.544000  0.920000        01:22     
2         1.328448    1.258376    0.688000  0.960000        01:23     
3         1.143194    0.988491    0.796000  0.970000        01:20     
4         0.985321    0.854160    0.866000  0.986000        01:24     
/home/yangyouucb/.fastai/data/imagenette-160
epoch     train_loss  valid_loss  accuracy  top_k_accuracy  time    
0         1.668160    3.137394    0.310000  0.636000        01:25     
1         1.477622    1.603674    0.532000  0.880000        01:15     
2         1.332303    1.731659    0.562000  0.940000        01:22     
3         1.150288    1.030422    0.788000  0.974000        01:22     
4         0.990937    0.883207    0.838000  0.984000        01:22     
/home/yangyouucb/.fastai/data/imagenette-160
epoch     train_loss  valid_loss  accuracy  top_k_accuracy  time    
0         1.653292    2.120986    0.404000  0.804000        01:19     
1         1.455336    2.496705    0.428000  0.776000        01:21     
2         1.327706    1.532953    0.606000  0.944000        01:20     
3         1.156939    1.060038    0.770000  0.978000        01:21     
4         0.991435    0.890562    0.846000  0.982000        01:20     
/home/yangyouucb/.fastai/data/imagenette-160
epoch     train_loss  valid_loss  accuracy  top_k_accuracy  time    
0         1.687436    2.211421    0.410000  0.868000        01:21     
1         1.473625    1.886258    0.480000  0.928000        01:23     
2         1.326467    1.454664    0.612000  0.922000        01:19     
3         1.164935    1.003275    0.796000  0.978000        01:21     
4         0.975801    0.878544    0.862000  0.986000        01:21     
/home/yangyouucb/.fastai/data/imagenette-160
epoch     train_loss  valid_loss  accuracy  top_k_accuracy  time    
0         1.663254    2.151152    0.394000  0.880000        01:18     
1         1.454423    2.104089    0.406000  0.838000        01:20     
2         1.341526    1.391598    0.652000  0.946000        01:18     
3         1.161623    1.067834    0.756000  0.982000        01:24     
4         0.971385    0.873853    0.862000  0.986000        01:21     
/home/yangyouucb/.fastai/data/imagenette-160
epoch     train_loss  valid_loss  accuracy  top_k_accuracy  time    
0         1.648372    1.917203    0.438000  0.864000        01:18     
1         1.440726    1.836307    0.476000  0.852000        01:19     
2         1.324352    1.525169    0.594000  0.926000        01:21     
3         1.156126    1.068920    0.756000  0.968000        01:20     
4         0.982169    0.868947    0.854000  0.988000        01:22     
/home/yangyouucb/.fastai/data/imagenette-160
epoch     train_loss  valid_loss  accuracy  top_k_accuracy  time    
0         1.652969    2.111344    0.440000  0.852000        01:22     
1         1.448703    2.198427    0.420000  0.886000        01:21     
2         1.322560    1.243684    0.708000  0.954000        01:22     
3         1.145430    1.173750    0.728000  0.964000        01:22     
4         0.974937    0.864532    0.854000  0.986000        01:21     
/home/yangyouucb/.fastai/data/imagenette-160
epoch     train_loss  valid_loss  accuracy  top_k_accuracy  time    
0         1.680202    2.229369    0.380000  0.838000        01:19     
1         1.453775    1.852569    0.458000  0.896000        01:22     
2         1.358533    1.608440    0.566000  0.918000        01:24     
3         1.140754    1.070604    0.740000  0.976000        01:22     
4         0.990132    0.874295    0.850000  0.984000        01:22     
/home/yangyouucb/.fastai/data/imagenette-160
epoch     train_loss  valid_loss  accuracy  top_k_accuracy  time    
0         1.649374    3.150849    0.290000  0.834000        01:19     
1         1.432740    1.601777    0.556000  0.912000        01:17     
2         1.328537    1.700956    0.544000  0.914000        01:22     
3         1.166014    1.068076    0.760000  0.978000        01:24     
4         0.978191    0.865919    0.856000  0.992000        01:23     
/home/yangyouucb/.fastai/data/imagenette-160
epoch     train_loss  valid_loss  accuracy  top_k_accuracy  time    
0         1.661912    2.617275    0.366000  0.856000        01:18     
1         1.442626    3.128753    0.342000  0.744000        01:20     
2         1.324064    3.525229    0.278000  0.778000        01:24     
3         1.141294    1.068714    0.772000  0.974000        01:24     
4         0.999873    0.870551    0.862000  0.986000        01:23     
/home/yangyouucb/.fastai/data/imagenette-160
epoch     train_loss  valid_loss  accuracy  top_k_accuracy  time    
0         1.651408    1.723160    0.514000  0.934000        01:21     
1         1.437732    1.761252    0.542000  0.940000        01:18     
2         1.340669    1.609281    0.510000  0.930000        01:18     
3         1.166101    0.992111    0.816000  0.968000        01:18     
4         0.995435    0.897421    0.836000  0.974000        01:23     
/home/yangyouucb/.fastai/data/imagenette-160
epoch     train_loss  valid_loss  accuracy  top_k_accuracy  time    
0         1.685406    4.162575    0.276000  0.668000        01:22     
1         1.443354    1.666633    0.524000  0.892000        01:19     
2         1.309642    1.320599    0.678000  0.950000        01:21     
3         1.138804    1.005772    0.804000  0.984000        01:23     
4         0.972652    0.854718    0.872000  0.984000        01:23     
/home/yangyouucb/.fastai/data/imagenette-160
epoch     train_loss  valid_loss  accuracy  top_k_accuracy  time    
0         1.644325    2.303607    0.422000  0.830000        01:20     
1         1.464139    1.716340    0.486000  0.898000        01:21     
2         1.323564    1.517803    0.576000  0.932000        01:20     
3         1.162682    1.004655    0.806000  0.980000        00:58     
4         0.999141    0.888705    0.852000  0.982000        00:35     
[0.864 0.852 0.854 0.852 0.852 0.848 0.866 0.866 0.838 0.846 0.862 0.862 0.854 0.854 0.85  0.856 0.862 0.836 0.872
 0.852]
mean = 0.8549000024795532, std = 0.008954881690442562, ci-95 = (0.8506001074488165, 0.859199885589361)
